<?xml version="1.0" encoding="UTF-8"?>
<testsuite xmlns:xsi="http://www.w3.org/2001/XMLSchema-instance" xsi:noNamespaceSchemaLocation="https://maven.apache.org/surefire/maven-surefire-plugin/xsd/surefire-test-report-3.0.xsd" version="3.0" name="com.joseph.service.Impl.ClientServiceImplTest$parameterizedAndRepetedTest" time="0.442" tests="7" errors="0" skipped="0" failures="0">
  <properties>
    <property name="sun.desktop" value="windows"/>
    <property name="awt.toolkit" value="sun.awt.windows.WToolkit"/>
    <property name="file.encoding.pkg" value="sun.io"/>
    <property name="java.specification.version" value="1.8"/>
    <property name="sun.cpu.isalist" value="amd64"/>
    <property name="sun.jnu.encoding" value="Cp1252"/>
    <property name="java.class.path" value="C:\Users\yassinjouao\Desktop\backup\target\test-classes;C:\Users\yassinjouao\Desktop\backup\target\classes;C:\Users\yassinjouao\.m2\repository\com\fasterxml\jackson\core\jackson-databind\2.13.0\jackson-databind-2.13.0.jar;C:\Users\yassinjouao\.m2\repository\com\fasterxml\jackson\core\jackson-core\2.13.0\jackson-core-2.13.0.jar;C:\Users\yassinjouao\.m2\repository\com\fasterxml\jackson\core\jackson-annotations\2.13.0\jackson-annotations-2.13.0.jar;C:\Users\yassinjouao\.m2\repository\org\apache\poi\poi-ooxml\3.11\poi-ooxml-3.11.jar;C:\Users\yassinjouao\.m2\repository\org\apache\poi\poi\3.11\poi-3.11.jar;C:\Users\yassinjouao\.m2\repository\commons-codec\commons-codec\1.9\commons-codec-1.9.jar;C:\Users\yassinjouao\.m2\repository\org\apache\poi\poi-ooxml-schemas\3.11\poi-ooxml-schemas-3.11.jar;C:\Users\yassinjouao\.m2\repository\org\apache\xmlbeans\xmlbeans\2.6.0\xmlbeans-2.6.0.jar;C:\Users\yassinjouao\.m2\repository\stax\stax-api\1.0.1\stax-api-1.0.1.jar;C:\Users\yassinjouao\.m2\repository\org\springframework\spring-webmvc\5.2.22.RELEASE\spring-webmvc-5.2.22.RELEASE.jar;C:\Users\yassinjouao\.m2\repository\org\springframework\spring-aop\5.2.22.RELEASE\spring-aop-5.2.22.RELEASE.jar;C:\Users\yassinjouao\.m2\repository\org\springframework\spring-beans\5.2.22.RELEASE\spring-beans-5.2.22.RELEASE.jar;C:\Users\yassinjouao\.m2\repository\org\springframework\spring-context\5.2.22.RELEASE\spring-context-5.2.22.RELEASE.jar;C:\Users\yassinjouao\.m2\repository\org\springframework\spring-core\5.2.22.RELEASE\spring-core-5.2.22.RELEASE.jar;C:\Users\yassinjouao\.m2\repository\org\springframework\spring-jcl\5.2.22.RELEASE\spring-jcl-5.2.22.RELEASE.jar;C:\Users\yassinjouao\.m2\repository\org\springframework\spring-expression\5.2.22.RELEASE\spring-expression-5.2.22.RELEASE.jar;C:\Users\yassinjouao\.m2\repository\org\springframework\spring-web\5.2.22.RELEASE\spring-web-5.2.22.RELEASE.jar;C:\Users\yassinjouao\.m2\repository\org\thymeleaf\thymeleaf-spring5\3.0.15.RELEASE\thymeleaf-spring5-3.0.15.RELEASE.jar;C:\Users\yassinjouao\.m2\repository\org\thymeleaf\thymeleaf\3.0.15.RELEASE\thymeleaf-3.0.15.RELEASE.jar;C:\Users\yassinjouao\.m2\repository\org\attoparser\attoparser\2.0.5.RELEASE\attoparser-2.0.5.RELEASE.jar;C:\Users\yassinjouao\.m2\repository\org\unbescape\unbescape\1.1.6.RELEASE\unbescape-1.1.6.RELEASE.jar;C:\Users\yassinjouao\.m2\repository\org\webjars\bootstrap\5.2.0\bootstrap-5.2.0.jar;C:\Users\yassinjouao\.m2\repository\jakarta\servlet\jakarta.servlet-api\4.0.4\jakarta.servlet-api-4.0.4.jar;C:\Users\yassinjouao\.m2\repository\org\springframework\spring-test\5.2.22.RELEASE\spring-test-5.2.22.RELEASE.jar;C:\Users\yassinjouao\.m2\repository\org\slf4j\slf4j-api\1.7.32\slf4j-api-1.7.32.jar;C:\Users\yassinjouao\.m2\repository\ch\qos\logback\logback-classic\1.2.6\logback-classic-1.2.6.jar;C:\Users\yassinjouao\.m2\repository\ch\qos\logback\logback-core\1.2.6\logback-core-1.2.6.jar;C:\Users\yassinjouao\.m2\repository\org\junit\jupiter\junit-jupiter-api\5.9.0\junit-jupiter-api-5.9.0.jar;C:\Users\yassinjouao\.m2\repository\org\opentest4j\opentest4j\1.2.0\opentest4j-1.2.0.jar;C:\Users\yassinjouao\.m2\repository\org\junit\platform\junit-platform-commons\1.9.0\junit-platform-commons-1.9.0.jar;C:\Users\yassinjouao\.m2\repository\org\apiguardian\apiguardian-api\1.1.2\apiguardian-api-1.1.2.jar;C:\Users\yassinjouao\.m2\repository\org\junit\jupiter\junit-jupiter-params\5.10.0\junit-jupiter-params-5.10.0.jar;C:\Users\yassinjouao\.m2\repository\org\junit\jupiter\junit-jupiter-engine\5.9.0\junit-jupiter-engine-5.9.0.jar;C:\Users\yassinjouao\.m2\repository\org\junit\platform\junit-platform-engine\1.9.0\junit-platform-engine-1.9.0.jar;C:\Users\yassinjouao\.m2\repository\org\hamcrest\hamcrest-core\2.2\hamcrest-core-2.2.jar;C:\Users\yassinjouao\.m2\repository\org\hamcrest\hamcrest\2.2\hamcrest-2.2.jar;C:\Users\yassinjouao\.m2\repository\com\mysql\mysql-connector-j\8.0.31\mysql-connector-j-8.0.31.jar;C:\Users\yassinjouao\.m2\repository\com\google\protobuf\protobuf-java\3.19.4\protobuf-java-3.19.4.jar;C:\Users\yassinjouao\.m2\repository\org\springframework\spring-orm\5.2.22.RELEASE\spring-orm-5.2.22.RELEASE.jar;C:\Users\yassinjouao\.m2\repository\org\springframework\spring-jdbc\5.2.22.RELEASE\spring-jdbc-5.2.22.RELEASE.jar;C:\Users\yassinjouao\.m2\repository\org\springframework\spring-tx\5.2.22.RELEASE\spring-tx-5.2.22.RELEASE.jar;C:\Users\yassinjouao\.m2\repository\org\hibernate\hibernate-entitymanager\5.2.17.Final\hibernate-entitymanager-5.2.17.Final.jar;C:\Users\yassinjouao\.m2\repository\org\jboss\logging\jboss-logging\3.3.1.Final\jboss-logging-3.3.1.Final.jar;C:\Users\yassinjouao\.m2\repository\org\hibernate\hibernate-core\5.2.17.Final\hibernate-core-5.2.17.Final.jar;C:\Users\yassinjouao\.m2\repository\antlr\antlr\2.7.7\antlr-2.7.7.jar;C:\Users\yassinjouao\.m2\repository\org\jboss\jandex\2.0.3.Final\jandex-2.0.3.Final.jar;C:\Users\yassinjouao\.m2\repository\dom4j\dom4j\1.6.1\dom4j-1.6.1.jar;C:\Users\yassinjouao\.m2\repository\org\hibernate\common\hibernate-commons-annotations\5.0.1.Final\hibernate-commons-annotations-5.0.1.Final.jar;C:\Users\yassinjouao\.m2\repository\org\hibernate\javax\persistence\hibernate-jpa-2.1-api\1.0.0.Final\hibernate-jpa-2.1-api-1.0.0.Final.jar;C:\Users\yassinjouao\.m2\repository\org\javassist\javassist\3.22.0-GA\javassist-3.22.0-GA.jar;C:\Users\yassinjouao\.m2\repository\net\bytebuddy\byte-buddy\1.6.14\byte-buddy-1.6.14.jar;C:\Users\yassinjouao\.m2\repository\org\jboss\spec\javax\transaction\jboss-transaction-api_1.2_spec\1.0.1.Final\jboss-transaction-api_1.2_spec-1.0.1.Final.jar;C:\Users\yassinjouao\.m2\repository\org\hibernate\hibernate-validator\5.4.1.Final\hibernate-validator-5.4.1.Final.jar;C:\Users\yassinjouao\.m2\repository\javax\validation\validation-api\1.1.0.Final\validation-api-1.1.0.Final.jar;C:\Users\yassinjouao\.m2\repository\com\fasterxml\classmate\1.3.1\classmate-1.3.1.jar;C:\Users\yassinjouao\.m2\repository\org\springframework\data\spring-data-jpa\2.1.0.RELEASE\spring-data-jpa-2.1.0.RELEASE.jar;C:\Users\yassinjouao\.m2\repository\org\springframework\data\spring-data-commons\2.1.0.RELEASE\spring-data-commons-2.1.0.RELEASE.jar;C:\Users\yassinjouao\.m2\repository\org\aspectj\aspectjrt\1.9.1\aspectjrt-1.9.1.jar;C:\Users\yassinjouao\.m2\repository\com\h2database\h2\2.1.214\h2-2.1.214.jar;"/>
    <property name="java.vm.vendor" value="Oracle Corporation"/>
    <property name="sun.arch.data.model" value="64"/>
    <property name="user.variant" value=""/>
    <property name="java.vendor.url" value="http://java.oracle.com/"/>
    <property name="user.timezone" value="Africa/Casablanca"/>
    <property name="java.vm.specification.version" value="1.8"/>
    <property name="os.name" value="Windows 10"/>
    <property name="user.country" value="US"/>
    <property name="sun.java.launcher" value="SUN_STANDARD"/>
    <property name="sun.boot.library.path" value="C:\Program Files\Java\jdk-1.8\jre\bin"/>
    <property name="sun.java.command" value="C:\Users\yassinjouao\AppData\Local\Temp\surefire9048561224659287692\surefirebooter-20240105102859982_3.jar C:\Users\yassinjouao\AppData\Local\Temp\surefire9048561224659287692 2024-01-05T10-28-55_009-jvmRun1 surefire-20240105102859982_1tmp surefire_0-20240105102859982_2tmp"/>
    <property name="surefire.test.class.path" value="C:\Users\yassinjouao\Desktop\backup\target\test-classes;C:\Users\yassinjouao\Desktop\backup\target\classes;C:\Users\yassinjouao\.m2\repository\com\fasterxml\jackson\core\jackson-databind\2.13.0\jackson-databind-2.13.0.jar;C:\Users\yassinjouao\.m2\repository\com\fasterxml\jackson\core\jackson-core\2.13.0\jackson-core-2.13.0.jar;C:\Users\yassinjouao\.m2\repository\com\fasterxml\jackson\core\jackson-annotations\2.13.0\jackson-annotations-2.13.0.jar;C:\Users\yassinjouao\.m2\repository\org\apache\poi\poi-ooxml\3.11\poi-ooxml-3.11.jar;C:\Users\yassinjouao\.m2\repository\org\apache\poi\poi\3.11\poi-3.11.jar;C:\Users\yassinjouao\.m2\repository\commons-codec\commons-codec\1.9\commons-codec-1.9.jar;C:\Users\yassinjouao\.m2\repository\org\apache\poi\poi-ooxml-schemas\3.11\poi-ooxml-schemas-3.11.jar;C:\Users\yassinjouao\.m2\repository\org\apache\xmlbeans\xmlbeans\2.6.0\xmlbeans-2.6.0.jar;C:\Users\yassinjouao\.m2\repository\stax\stax-api\1.0.1\stax-api-1.0.1.jar;C:\Users\yassinjouao\.m2\repository\org\springframework\spring-webmvc\5.2.22.RELEASE\spring-webmvc-5.2.22.RELEASE.jar;C:\Users\yassinjouao\.m2\repository\org\springframework\spring-aop\5.2.22.RELEASE\spring-aop-5.2.22.RELEASE.jar;C:\Users\yassinjouao\.m2\repository\org\springframework\spring-beans\5.2.22.RELEASE\spring-beans-5.2.22.RELEASE.jar;C:\Users\yassinjouao\.m2\repository\org\springframework\spring-context\5.2.22.RELEASE\spring-context-5.2.22.RELEASE.jar;C:\Users\yassinjouao\.m2\repository\org\springframework\spring-core\5.2.22.RELEASE\spring-core-5.2.22.RELEASE.jar;C:\Users\yassinjouao\.m2\repository\org\springframework\spring-jcl\5.2.22.RELEASE\spring-jcl-5.2.22.RELEASE.jar;C:\Users\yassinjouao\.m2\repository\org\springframework\spring-expression\5.2.22.RELEASE\spring-expression-5.2.22.RELEASE.jar;C:\Users\yassinjouao\.m2\repository\org\springframework\spring-web\5.2.22.RELEASE\spring-web-5.2.22.RELEASE.jar;C:\Users\yassinjouao\.m2\repository\org\thymeleaf\thymeleaf-spring5\3.0.15.RELEASE\thymeleaf-spring5-3.0.15.RELEASE.jar;C:\Users\yassinjouao\.m2\repository\org\thymeleaf\thymeleaf\3.0.15.RELEASE\thymeleaf-3.0.15.RELEASE.jar;C:\Users\yassinjouao\.m2\repository\org\attoparser\attoparser\2.0.5.RELEASE\attoparser-2.0.5.RELEASE.jar;C:\Users\yassinjouao\.m2\repository\org\unbescape\unbescape\1.1.6.RELEASE\unbescape-1.1.6.RELEASE.jar;C:\Users\yassinjouao\.m2\repository\org\webjars\bootstrap\5.2.0\bootstrap-5.2.0.jar;C:\Users\yassinjouao\.m2\repository\jakarta\servlet\jakarta.servlet-api\4.0.4\jakarta.servlet-api-4.0.4.jar;C:\Users\yassinjouao\.m2\repository\org\springframework\spring-test\5.2.22.RELEASE\spring-test-5.2.22.RELEASE.jar;C:\Users\yassinjouao\.m2\repository\org\slf4j\slf4j-api\1.7.32\slf4j-api-1.7.32.jar;C:\Users\yassinjouao\.m2\repository\ch\qos\logback\logback-classic\1.2.6\logback-classic-1.2.6.jar;C:\Users\yassinjouao\.m2\repository\ch\qos\logback\logback-core\1.2.6\logback-core-1.2.6.jar;C:\Users\yassinjouao\.m2\repository\org\junit\jupiter\junit-jupiter-api\5.9.0\junit-jupiter-api-5.9.0.jar;C:\Users\yassinjouao\.m2\repository\org\opentest4j\opentest4j\1.2.0\opentest4j-1.2.0.jar;C:\Users\yassinjouao\.m2\repository\org\junit\platform\junit-platform-commons\1.9.0\junit-platform-commons-1.9.0.jar;C:\Users\yassinjouao\.m2\repository\org\apiguardian\apiguardian-api\1.1.2\apiguardian-api-1.1.2.jar;C:\Users\yassinjouao\.m2\repository\org\junit\jupiter\junit-jupiter-params\5.10.0\junit-jupiter-params-5.10.0.jar;C:\Users\yassinjouao\.m2\repository\org\junit\jupiter\junit-jupiter-engine\5.9.0\junit-jupiter-engine-5.9.0.jar;C:\Users\yassinjouao\.m2\repository\org\junit\platform\junit-platform-engine\1.9.0\junit-platform-engine-1.9.0.jar;C:\Users\yassinjouao\.m2\repository\org\hamcrest\hamcrest-core\2.2\hamcrest-core-2.2.jar;C:\Users\yassinjouao\.m2\repository\org\hamcrest\hamcrest\2.2\hamcrest-2.2.jar;C:\Users\yassinjouao\.m2\repository\com\mysql\mysql-connector-j\8.0.31\mysql-connector-j-8.0.31.jar;C:\Users\yassinjouao\.m2\repository\com\google\protobuf\protobuf-java\3.19.4\protobuf-java-3.19.4.jar;C:\Users\yassinjouao\.m2\repository\org\springframework\spring-orm\5.2.22.RELEASE\spring-orm-5.2.22.RELEASE.jar;C:\Users\yassinjouao\.m2\repository\org\springframework\spring-jdbc\5.2.22.RELEASE\spring-jdbc-5.2.22.RELEASE.jar;C:\Users\yassinjouao\.m2\repository\org\springframework\spring-tx\5.2.22.RELEASE\spring-tx-5.2.22.RELEASE.jar;C:\Users\yassinjouao\.m2\repository\org\hibernate\hibernate-entitymanager\5.2.17.Final\hibernate-entitymanager-5.2.17.Final.jar;C:\Users\yassinjouao\.m2\repository\org\jboss\logging\jboss-logging\3.3.1.Final\jboss-logging-3.3.1.Final.jar;C:\Users\yassinjouao\.m2\repository\org\hibernate\hibernate-core\5.2.17.Final\hibernate-core-5.2.17.Final.jar;C:\Users\yassinjouao\.m2\repository\antlr\antlr\2.7.7\antlr-2.7.7.jar;C:\Users\yassinjouao\.m2\repository\org\jboss\jandex\2.0.3.Final\jandex-2.0.3.Final.jar;C:\Users\yassinjouao\.m2\repository\dom4j\dom4j\1.6.1\dom4j-1.6.1.jar;C:\Users\yassinjouao\.m2\repository\org\hibernate\common\hibernate-commons-annotations\5.0.1.Final\hibernate-commons-annotations-5.0.1.Final.jar;C:\Users\yassinjouao\.m2\repository\org\hibernate\javax\persistence\hibernate-jpa-2.1-api\1.0.0.Final\hibernate-jpa-2.1-api-1.0.0.Final.jar;C:\Users\yassinjouao\.m2\repository\org\javassist\javassist\3.22.0-GA\javassist-3.22.0-GA.jar;C:\Users\yassinjouao\.m2\repository\net\bytebuddy\byte-buddy\1.6.14\byte-buddy-1.6.14.jar;C:\Users\yassinjouao\.m2\repository\org\jboss\spec\javax\transaction\jboss-transaction-api_1.2_spec\1.0.1.Final\jboss-transaction-api_1.2_spec-1.0.1.Final.jar;C:\Users\yassinjouao\.m2\repository\org\hibernate\hibernate-validator\5.4.1.Final\hibernate-validator-5.4.1.Final.jar;C:\Users\yassinjouao\.m2\repository\javax\validation\validation-api\1.1.0.Final\validation-api-1.1.0.Final.jar;C:\Users\yassinjouao\.m2\repository\com\fasterxml\classmate\1.3.1\classmate-1.3.1.jar;C:\Users\yassinjouao\.m2\repository\org\springframework\data\spring-data-jpa\2.1.0.RELEASE\spring-data-jpa-2.1.0.RELEASE.jar;C:\Users\yassinjouao\.m2\repository\org\springframework\data\spring-data-commons\2.1.0.RELEASE\spring-data-commons-2.1.0.RELEASE.jar;C:\Users\yassinjouao\.m2\repository\org\aspectj\aspectjrt\1.9.1\aspectjrt-1.9.1.jar;C:\Users\yassinjouao\.m2\repository\com\h2database\h2\2.1.214\h2-2.1.214.jar;"/>
    <property name="sun.cpu.endian" value="little"/>
    <property name="user.home" value="C:\Users\yassinjouao"/>
    <property name="user.language" value="en"/>
    <property name="java.specification.vendor" value="Oracle Corporation"/>
    <property name="java.home" value="C:\Program Files\Java\jdk-1.8\jre"/>
    <property name="basedir" value="C:\Users\yassinjouao\Desktop\backup"/>
    <property name="file.separator" value="\"/>
    <property name="line.separator" value="&#10;"/>
    <property name="java.vm.specification.vendor" value="Oracle Corporation"/>
    <property name="java.specification.name" value="Java Platform API Specification"/>
    <property name="java.awt.graphicsenv" value="sun.awt.Win32GraphicsEnvironment"/>
    <property name="surefire.real.class.path" value="C:\Users\yassinjouao\AppData\Local\Temp\surefire9048561224659287692\surefirebooter-20240105102859982_3.jar"/>
    <property name="sun.boot.class.path" value="C:\Program Files\Java\jdk-1.8\jre\lib\resources.jar;C:\Program Files\Java\jdk-1.8\jre\lib\rt.jar;C:\Program Files\Java\jdk-1.8\jre\lib\jsse.jar;C:\Program Files\Java\jdk-1.8\jre\lib\jce.jar;C:\Program Files\Java\jdk-1.8\jre\lib\charsets.jar;C:\Program Files\Java\jdk-1.8\jre\lib\jfr.jar;C:\Program Files\Java\jdk-1.8\jre\classes"/>
    <property name="user.script" value=""/>
    <property name="sun.management.compiler" value="HotSpot 64-Bit Tiered Compilers"/>
    <property name="java.runtime.version" value="1.8.0_391-b13"/>
    <property name="user.name" value="yassinjouao"/>
    <property name="path.separator" value=";"/>
    <property name="os.version" value="10.0"/>
    <property name="java.endorsed.dirs" value="C:\Program Files\Java\jdk-1.8\jre\lib\endorsed"/>
    <property name="java.runtime.name" value="Java(TM) SE Runtime Environment"/>
    <property name="file.encoding" value="Cp1252"/>
    <property name="java.vm.name" value="Java HotSpot(TM) 64-Bit Server VM"/>
    <property name="localRepository" value="C:\Users\yassinjouao\.m2\repository"/>
    <property name="java.vendor.url.bug" value="http://bugreport.sun.com/bugreport/"/>
    <property name="java.io.tmpdir" value="C:\Users\YASSIN~1\AppData\Local\Temp\"/>
    <property name="java.version" value="1.8.0_391"/>
    <property name="user.dir" value="C:\Users\yassinjouao\Desktop\backup"/>
    <property name="os.arch" value="amd64"/>
    <property name="java.vm.specification.name" value="Java Virtual Machine Specification"/>
    <property name="java.awt.printerjob" value="sun.awt.windows.WPrinterJob"/>
    <property name="sun.os.patch.level" value=""/>
    <property name="java.library.path" value="C:\Program Files\Java\jdk-1.8\jre\bin;C:\WINDOWS\Sun\Java\bin;C:\WINDOWS\system32;C:\WINDOWS;C:\Users\yassinjouao\bin;C:\Program Files\Git\mingw64\bin;C:\Program Files\Git\usr\local\bin;C:\Program Files\Git\usr\bin;C:\Program Files\Git\usr\bin;C:\Program Files\Git\mingw64\bin;C:\Program Files\Git\usr\bin;C:\Users\yassinjouao\bin;C:\Program Files\Java\jdk-1.8\bin;C:\WINDOWS\system32;C:\WINDOWS;C:\WINDOWS\System32\Wbem;C:\WINDOWS\System32\WindowsPowerShell\v1.0;C:\WINDOWS\System32\OpenSSH;C:\Program Files\Git\cmd;C:\Program Files\nodejs;C:\Program Files\apache-maven-3.9.6\bin;C:\Program Files\Cloudflare\Cloudflare WARP;C:\Users\yassinjouao\AppData\Local\Microsoft\WindowsApps;C:\Users\yassinjouao\AppData\Local\Programs\Microsoft VS Code\bin;C:\Users\yassinjouao\go\bin;C:\Users\yassinjouao\AppData\Roaming\npm;C:\Program Files\mongosh;C:\Program Files\JetBrains\IntelliJ IDEA Community Edition 2023.3\bin;C:\Program Files\JetBrains\IntelliJ IDEA 2023.3.2\bin;C:\Users\yassinjouao\AppData\Local\JetBrains\Toolbox\scripts;C:\Program Files\Git\usr\bin\vendor_perl;C:\Program Files\Git\usr\bin\core_perl;."/>
    <property name="java.vm.info" value="mixed mode"/>
    <property name="java.vendor" value="Oracle Corporation"/>
    <property name="java.vm.version" value="25.391-b13"/>
    <property name="java.specification.maintenance.version" value="5"/>
    <property name="java.ext.dirs" value="C:\Program Files\Java\jdk-1.8\jre\lib\ext;C:\WINDOWS\Sun\Java\lib\ext"/>
    <property name="sun.io.unicode.encoding" value="UnicodeLittle"/>
    <property name="java.class.version" value="52.0"/>
  </properties>
  <testcase name="testDeleteClient" classname="com.joseph.service.Impl.ClientServiceImplTest" time="0.908">
    <system-out><![CDATA[10:29:01.609 [main] DEBUG org.springframework.test.context.BootstrapUtils - Instantiating CacheAwareContextLoaderDelegate from class [org.springframework.test.context.cache.DefaultCacheAwareContextLoaderDelegate]
10:29:01.628 [main] DEBUG org.springframework.test.context.BootstrapUtils - Instantiating BootstrapContext using constructor [public org.springframework.test.context.support.DefaultBootstrapContext(java.lang.Class,org.springframework.test.context.CacheAwareContextLoaderDelegate)]
10:29:01.672 [main] DEBUG org.springframework.test.context.BootstrapUtils - Instantiating TestContextBootstrapper for test class [com.joseph.service.Impl.ClientServiceImplTest] from class [org.springframework.test.context.support.DefaultTestContextBootstrapper]
10:29:01.716 [main] DEBUG org.springframework.test.context.support.AbstractDelegatingSmartContextLoader - Delegating to AnnotationConfigContextLoader to process context configuration [ContextConfigurationAttributes@235834f2 declaringClass = 'com.joseph.service.Impl.ClientServiceImplTest', classes = '{class com.joseph.config.PersistenceJPAConfig}', locations = '{}', inheritLocations = true, initializers = '{}', inheritInitializers = true, name = [null], contextLoaderClass = 'org.springframework.test.context.ContextLoader'].
10:29:01.754 [main] DEBUG org.springframework.test.context.support.ActiveProfilesUtils - Could not find an 'annotation declaring class' for annotation type [org.springframework.test.context.ActiveProfiles] and class [com.joseph.service.Impl.ClientServiceImplTest]
10:29:01.755 [main] DEBUG org.springframework.test.context.support.DefaultTestContextBootstrapper - @TestExecutionListeners is not present for class [com.joseph.service.Impl.ClientServiceImplTest]: using defaults.
10:29:01.756 [main] INFO org.springframework.test.context.support.DefaultTestContextBootstrapper - Loaded default TestExecutionListener class names from location [META-INF/spring.factories]: [org.springframework.test.context.web.ServletTestExecutionListener, org.springframework.test.context.support.DirtiesContextBeforeModesTestExecutionListener, org.springframework.test.context.support.DependencyInjectionTestExecutionListener, org.springframework.test.context.support.DirtiesContextTestExecutionListener, org.springframework.test.context.transaction.TransactionalTestExecutionListener, org.springframework.test.context.jdbc.SqlScriptsTestExecutionListener, org.springframework.test.context.event.EventPublishingTestExecutionListener]
10:29:01.783 [main] INFO org.springframework.test.context.support.DefaultTestContextBootstrapper - Using TestExecutionListeners: [org.springframework.test.context.web.ServletTestExecutionListener@69453e37, org.springframework.test.context.support.DirtiesContextBeforeModesTestExecutionListener@6f4a47c7, org.springframework.test.context.support.DependencyInjectionTestExecutionListener@ae13544, org.springframework.test.context.support.DirtiesContextTestExecutionListener@3d34d211, org.springframework.test.context.transaction.TransactionalTestExecutionListener@7dc0f706, org.springframework.test.context.jdbc.SqlScriptsTestExecutionListener@4009e306, org.springframework.test.context.event.EventPublishingTestExecutionListener@43c1b556]
10:29:01.787 [main] DEBUG org.springframework.test.context.support.AbstractDirtiesContextTestExecutionListener - Before test class: context [DefaultTestContext@6913c1fb testClass = ClientServiceImplTest, testInstance = [null], testMethod = [null], testException = [null], mergedContextConfiguration = [MergedContextConfiguration@66d18979 testClass = ClientServiceImplTest, locations = '{}', classes = '{class com.joseph.config.PersistenceJPAConfig}', contextInitializerClasses = '[]', activeProfiles = '{}', propertySourceLocations = '{}', propertySourceProperties = '{}', contextCustomizers = set[[empty]], contextLoader = 'org.springframework.test.context.support.DelegatingSmartContextLoader', parent = [null]], attributes = map[[empty]]], class annotated with @DirtiesContext [false] with mode [null].
10:29:01.814 [main] DEBUG org.springframework.test.context.support.DependencyInjectionTestExecutionListener - Performing dependency injection for test context [[DefaultTestContext@6913c1fb testClass = ClientServiceImplTest, testInstance = com.joseph.service.Impl.ClientServiceImplTest@4e3958e7, testMethod = [null], testException = [null], mergedContextConfiguration = [MergedContextConfiguration@66d18979 testClass = ClientServiceImplTest, locations = '{}', classes = '{class com.joseph.config.PersistenceJPAConfig}', contextInitializerClasses = '[]', activeProfiles = '{}', propertySourceLocations = '{}', propertySourceProperties = '{}', contextCustomizers = set[[empty]], contextLoader = 'org.springframework.test.context.support.DelegatingSmartContextLoader', parent = [null]], attributes = map[[empty]]]].
10:29:01.816 [main] DEBUG org.springframework.test.context.support.AbstractDelegatingSmartContextLoader - Delegating to AnnotationConfigContextLoader to load context from [MergedContextConfiguration@66d18979 testClass = ClientServiceImplTest, locations = '{}', classes = '{class com.joseph.config.PersistenceJPAConfig}', contextInitializerClasses = '[]', activeProfiles = '{}', propertySourceLocations = '{}', propertySourceProperties = '{}', contextCustomizers = set[[empty]], contextLoader = 'org.springframework.test.context.support.DelegatingSmartContextLoader', parent = [null]].
10:29:01.817 [main] DEBUG org.springframework.test.context.support.AbstractGenericContextLoader - Loading ApplicationContext for merged context configuration [[MergedContextConfiguration@66d18979 testClass = ClientServiceImplTest, locations = '{}', classes = '{class com.joseph.config.PersistenceJPAConfig}', contextInitializerClasses = '[]', activeProfiles = '{}', propertySourceLocations = '{}', propertySourceProperties = '{}', contextCustomizers = set[[empty]], contextLoader = 'org.springframework.test.context.support.DelegatingSmartContextLoader', parent = [null]]].
10:29:01.881 [main] DEBUG org.springframework.core.env.StandardEnvironment - Activating profiles []
10:29:01.881 [main] DEBUG org.springframework.test.context.support.AnnotationConfigContextLoader - Registering component classes: {class com.joseph.config.PersistenceJPAConfig}
10:29:01.969 [main] DEBUG org.springframework.context.support.GenericApplicationContext - Refreshing org.springframework.context.support.GenericApplicationContext@7c83dc97
10:29:01.989 [main] DEBUG org.springframework.beans.factory.support.DefaultListableBeanFactory - Creating shared instance of singleton bean 'org.springframework.context.annotation.internalConfigurationAnnotationProcessor'
10:29:02.117 [main] DEBUG org.springframework.context.annotation.ClassPathBeanDefinitionScanner - Identified candidate component class: file [C:\Users\yassinjouao\Desktop\backup\target\classes\com\joseph\entity\Client.class]
10:29:02.119 [main] DEBUG org.springframework.context.annotation.ClassPathBeanDefinitionScanner - Identified candidate component class: file [C:\Users\yassinjouao\Desktop\backup\target\classes\com\joseph\entity\Order.class]
10:29:02.119 [main] DEBUG org.springframework.context.annotation.ClassPathBeanDefinitionScanner - Identified candidate component class: file [C:\Users\yassinjouao\Desktop\backup\target\classes\com\joseph\entity\OrderItem.class]
10:29:02.120 [main] DEBUG org.springframework.context.annotation.ClassPathBeanDefinitionScanner - Identified candidate component class: file [C:\Users\yassinjouao\Desktop\backup\target\classes\com\joseph\entity\Product.class]
10:29:02.123 [main] DEBUG org.springframework.context.annotation.ClassPathBeanDefinitionScanner - Ignored because not a concrete top-level class: file [C:\Users\yassinjouao\Desktop\backup\target\classes\com\joseph\repository\ClientRepository.class]
10:29:02.124 [main] DEBUG org.springframework.context.annotation.ClassPathBeanDefinitionScanner - Ignored because not a concrete top-level class: file [C:\Users\yassinjouao\Desktop\backup\target\classes\com\joseph\repository\OrderItemRepository.class]
10:29:02.127 [main] DEBUG org.springframework.context.annotation.ClassPathBeanDefinitionScanner - Ignored because not a concrete top-level class: file [C:\Users\yassinjouao\Desktop\backup\target\classes\com\joseph\repository\OrderRepository.class]
10:29:02.128 [main] DEBUG org.springframework.context.annotation.ClassPathBeanDefinitionScanner - Ignored because not a concrete top-level class: file [C:\Users\yassinjouao\Desktop\backup\target\classes\com\joseph\repository\ProductRepository.class]
10:29:02.132 [main] DEBUG org.springframework.context.annotation.ClassPathBeanDefinitionScanner - Identified candidate component class: file [C:\Users\yassinjouao\Desktop\backup\target\classes\com\joseph\service\Impl\ClientServiceImpl.class]
10:29:02.133 [main] DEBUG org.springframework.context.annotation.ClassPathBeanDefinitionScanner - Identified candidate component class: file [C:\Users\yassinjouao\Desktop\backup\target\classes\com\joseph\service\Impl\OrderItemServiceImpl.class]
10:29:02.142 [main] DEBUG org.springframework.context.annotation.ClassPathBeanDefinitionScanner - Identified candidate component class: file [C:\Users\yassinjouao\Desktop\backup\target\classes\com\joseph\service\Impl\OrderServiceImpl.class]
10:29:02.143 [main] DEBUG org.springframework.context.annotation.ClassPathBeanDefinitionScanner - Identified candidate component class: file [C:\Users\yassinjouao\Desktop\backup\target\classes\com\joseph\service\Impl\ProductServiceImpl.class]
10:29:02.160 [main] DEBUG org.springframework.context.annotation.ClassPathBeanDefinitionScanner - Identified candidate component class: file [C:\Users\yassinjouao\Desktop\backup\target\classes\com\joseph\web\ClientController.class]
10:29:02.162 [main] DEBUG org.springframework.context.annotation.ClassPathBeanDefinitionScanner - Identified candidate component class: file [C:\Users\yassinjouao\Desktop\backup\target\classes\com\joseph\web\HelloController.class]
10:29:02.164 [main] DEBUG org.springframework.context.annotation.ClassPathBeanDefinitionScanner - Identified candidate component class: file [C:\Users\yassinjouao\Desktop\backup\target\classes\com\joseph\web\OrderController.class]
10:29:02.166 [main] DEBUG org.springframework.context.annotation.ClassPathBeanDefinitionScanner - Identified candidate component class: file [C:\Users\yassinjouao\Desktop\backup\target\classes\com\joseph\web\ProductController.class]
10:29:02.251 [main] INFO org.springframework.data.repository.config.RepositoryConfigurationDelegate - Bootstrapping Spring Data repositories in DEFAULT mode.
10:29:02.264 [main] DEBUG org.springframework.data.repository.config.RepositoryConfigurationDelegate - Scanning for repositories in packages com.joseph.repository.
10:29:02.275 [main] DEBUG org.springframework.data.repository.config.RepositoryComponentProvider - Identified candidate component class: file [C:\Users\yassinjouao\Desktop\backup\target\classes\com\joseph\repository\ClientRepository.class]
10:29:02.276 [main] DEBUG org.springframework.data.repository.config.RepositoryComponentProvider - Identified candidate component class: file [C:\Users\yassinjouao\Desktop\backup\target\classes\com\joseph\repository\OrderItemRepository.class]
10:29:02.276 [main] DEBUG org.springframework.data.repository.config.RepositoryComponentProvider - Identified candidate component class: file [C:\Users\yassinjouao\Desktop\backup\target\classes\com\joseph\repository\OrderRepository.class]
10:29:02.276 [main] DEBUG org.springframework.data.repository.config.RepositoryComponentProvider - Identified candidate component class: file [C:\Users\yassinjouao\Desktop\backup\target\classes\com\joseph\repository\ProductRepository.class]
10:29:02.375 [main] INFO org.springframework.data.repository.config.RepositoryConfigurationDelegate - Finished Spring Data repository scanning in 109ms. Found 4 repository interfaces.
10:29:02.551 [main] DEBUG org.springframework.beans.factory.support.DefaultListableBeanFactory - Creating shared instance of singleton bean 'emBeanDefinitionRegistrarPostProcessor'
10:29:02.559 [main] DEBUG org.springframework.beans.factory.support.DefaultListableBeanFactory - Creating shared instance of singleton bean 'org.springframework.context.event.internalEventListenerProcessor'
10:29:02.564 [main] DEBUG org.springframework.beans.factory.support.DefaultListableBeanFactory - Creating shared instance of singleton bean 'org.springframework.context.event.internalEventListenerFactory'
10:29:02.564 [main] DEBUG org.springframework.beans.factory.support.DefaultListableBeanFactory - Creating shared instance of singleton bean 'org.springframework.transaction.config.internalTransactionalEventListenerFactory'
10:29:02.571 [main] DEBUG org.springframework.beans.factory.support.DefaultListableBeanFactory - Creating shared instance of singleton bean 'org.springframework.context.annotation.internalAutowiredAnnotationProcessor'
10:29:02.573 [main] DEBUG org.springframework.beans.factory.support.DefaultListableBeanFactory - Creating shared instance of singleton bean 'org.springframework.context.annotation.internalCommonAnnotationProcessor'
10:29:02.580 [main] DEBUG org.springframework.beans.factory.support.DefaultListableBeanFactory - Creating shared instance of singleton bean 'org.springframework.context.annotation.internalPersistenceAnnotationProcessor'
10:29:02.581 [main] DEBUG org.springframework.beans.factory.support.DefaultListableBeanFactory - Creating shared instance of singleton bean 'exceptionTranslation'
10:29:02.581 [main] DEBUG org.springframework.beans.factory.support.DefaultListableBeanFactory - Creating shared instance of singleton bean 'persistenceJPAConfig'
10:29:02.639 [main] INFO org.springframework.context.support.PostProcessorRegistrationDelegate$BeanPostProcessorChecker - Bean 'persistenceJPAConfig' of type [com.joseph.config.PersistenceJPAConfig$$EnhancerBySpringCGLIB$$1dce6973] is not eligible for getting processed by all BeanPostProcessors (for example: not eligible for auto-proxying)
10:29:02.669 [main] DEBUG org.springframework.beans.factory.support.DefaultListableBeanFactory - Creating shared instance of singleton bean 'org.springframework.aop.config.internalAutoProxyCreator'
10:29:02.734 [main] DEBUG org.springframework.beans.factory.support.DefaultListableBeanFactory - Creating shared instance of singleton bean 'entityManagerFactory'
10:29:02.746 [main] DEBUG org.springframework.beans.factory.support.DefaultListableBeanFactory - Creating shared instance of singleton bean 'dataSource'
10:29:02.750 [main] DEBUG org.springframework.core.env.PropertySourcesPropertyResolver - Found key 'jdbc.driverClassName' in PropertySource 'class path resource [database.properties]' with value of type String
10:29:02.768 [main] DEBUG org.springframework.jdbc.datasource.DriverManagerDataSource - Loaded JDBC driver: com.mysql.cj.jdbc.Driver
10:29:02.769 [main] DEBUG org.springframework.core.env.PropertySourcesPropertyResolver - Found key 'jdbc.url' in PropertySource 'class path resource [database.properties]' with value of type String
10:29:02.769 [main] DEBUG org.springframework.core.env.PropertySourcesPropertyResolver - Found key 'jdbc.user' in PropertySource 'class path resource [database.properties]' with value of type String
10:29:02.769 [main] DEBUG org.springframework.core.env.PropertySourcesPropertyResolver - Found key 'jdbc.pass' in PropertySource 'class path resource [database.properties]' with value of type String
10:29:02.772 [main] DEBUG org.springframework.beans.factory.support.DefaultListableBeanFactory - Creating shared instance of singleton bean 'org.springframework.transaction.config.internalTransactionAdvisor'
10:29:02.772 [main] DEBUG org.springframework.beans.factory.support.DefaultListableBeanFactory - Creating shared instance of singleton bean 'org.springframework.transaction.annotation.ProxyTransactionManagementConfiguration'
10:29:02.801 [main] DEBUG org.springframework.beans.factory.support.DefaultListableBeanFactory - Creating shared instance of singleton bean 'transactionAttributeSource'
10:29:02.803 [main] DEBUG org.springframework.beans.factory.support.DefaultListableBeanFactory - Creating shared instance of singleton bean 'transactionInterceptor'
10:29:02.804 [main] DEBUG org.springframework.beans.factory.support.DefaultListableBeanFactory - Autowiring by type from bean name 'transactionInterceptor' via factory method to bean named 'transactionAttributeSource'
10:29:02.816 [main] DEBUG org.springframework.beans.factory.support.DefaultListableBeanFactory - Autowiring by type from bean name 'org.springframework.transaction.config.internalTransactionAdvisor' via factory method to bean named 'transactionAttributeSource'
10:29:02.816 [main] DEBUG org.springframework.beans.factory.support.DefaultListableBeanFactory - Autowiring by type from bean name 'org.springframework.transaction.config.internalTransactionAdvisor' via factory method to bean named 'transactionInterceptor'
10:29:02.896 [main] DEBUG org.jboss.logging - Logging Provider: org.jboss.logging.Slf4jLoggerProvider
10:29:02.899 [main] DEBUG org.springframework.core.env.PropertySourcesPropertyResolver - Found key 'hibernate.hbm2ddl.auto' in PropertySource 'class path resource [database.properties]' with value of type String
10:29:02.899 [main] DEBUG org.springframework.core.env.PropertySourcesPropertyResolver - Found key 'hibernate.dialect' in PropertySource 'class path resource [database.properties]' with value of type String
10:29:02.900 [main] DEBUG org.springframework.core.env.PropertySourcesPropertyResolver - Found key 'hibernate.cache.use_second_level_cache' in PropertySource 'class path resource [database.properties]' with value of type String
10:29:02.900 [main] DEBUG org.springframework.core.env.PropertySourcesPropertyResolver - Found key 'hibernate.cache.use_query_cache' in PropertySource 'class path resource [database.properties]' with value of type String
10:29:02.924 [main] DEBUG org.springframework.orm.jpa.LocalContainerEntityManagerFactoryBean - Building JPA container EntityManagerFactory for persistence unit 'default'
10:29:02.959 [main] DEBUG org.hibernate.jpa.internal.util.LogHelper - PersistenceUnitInfo [
	name: default
	persistence provider classname: null
	classloader: sun.misc.Launcher$AppClassLoader@42a57993
	excludeUnlistedClasses: true
	JTA datasource: null
	Non JTA datasource: org.springframework.jdbc.datasource.DriverManagerDataSource@5911e990
	Transaction type: RESOURCE_LOCAL
	PU root URL: file:/C:/Users/yassinjouao/Desktop/backup/target/test-classes/
	Shared Cache Mode: UNSPECIFIED
	Validation Mode: AUTO
	Jar files URLs []
	Managed classes names [
		com.joseph.entity.Client
		com.joseph.entity.Order
		com.joseph.entity.OrderItem
		com.joseph.entity.Product]
	Mapping files names []
	Properties []
10:29:02.987 [main] DEBUG org.hibernate.integrator.internal.IntegratorServiceImpl - Adding Integrator [org.hibernate.cfg.beanvalidation.BeanValidationIntegrator].
10:29:02.990 [main] DEBUG org.hibernate.integrator.internal.IntegratorServiceImpl - Adding Integrator [org.hibernate.secure.spi.JaccIntegrator].
10:29:03.000 [main] DEBUG org.hibernate.integrator.internal.IntegratorServiceImpl - Adding Integrator [org.hibernate.cache.internal.CollectionCacheInvalidator].
10:29:03.001 [main] DEBUG org.hibernate.integrator.internal.IntegratorServiceImpl - Adding Integrator [org.hibernate.jpa.event.spi.JpaIntegrator].
10:29:03.178 [main] INFO org.hibernate.Version - HHH000412: Hibernate Core {5.2.17.Final}
10:29:03.180 [main] INFO org.hibernate.cfg.Environment - HHH000206: hibernate.properties not found
10:29:03.203 [main] DEBUG org.hibernate.service.spi.ServiceBinding - Overriding existing service binding [org.hibernate.secure.spi.JaccService]
10:29:03.248 [main] DEBUG org.hibernate.cache.internal.RegionFactoryInitiator - Cache region factory : org.hibernate.cache.internal.NoCachingRegionFactory
10:29:03.262 [main] INFO org.hibernate.annotations.common.Version - HCANN000001: Hibernate Commons Annotations {5.0.1.Final}
10:29:03.380 [main] DEBUG org.hibernate.type.BasicTypeRegistry - Adding type registration boolean -> org.hibernate.type.BooleanType@6063d80a
10:29:03.381 [main] DEBUG org.hibernate.type.BasicTypeRegistry - Adding type registration boolean -> org.hibernate.type.BooleanType@6063d80a
10:29:03.381 [main] DEBUG org.hibernate.type.BasicTypeRegistry - Adding type registration java.lang.Boolean -> org.hibernate.type.BooleanType@6063d80a
10:29:03.382 [main] DEBUG org.hibernate.type.BasicTypeRegistry - Adding type registration numeric_boolean -> org.hibernate.type.NumericBooleanType@24f360b2
10:29:03.385 [main] DEBUG org.hibernate.type.BasicTypeRegistry - Adding type registration true_false -> org.hibernate.type.TrueFalseType@476aac9
10:29:03.387 [main] DEBUG org.hibernate.type.BasicTypeRegistry - Adding type registration yes_no -> org.hibernate.type.YesNoType@1eba372c
10:29:03.389 [main] DEBUG org.hibernate.type.BasicTypeRegistry - Adding type registration byte -> org.hibernate.type.ByteType@4b21844c
10:29:03.389 [main] DEBUG org.hibernate.type.BasicTypeRegistry - Adding type registration byte -> org.hibernate.type.ByteType@4b21844c
10:29:03.389 [main] DEBUG org.hibernate.type.BasicTypeRegistry - Adding type registration java.lang.Byte -> org.hibernate.type.ByteType@4b21844c
10:29:03.391 [main] DEBUG org.hibernate.type.BasicTypeRegistry - Adding type registration character -> org.hibernate.type.CharacterType@455351c4
10:29:03.391 [main] DEBUG org.hibernate.type.BasicTypeRegistry - Adding type registration char -> org.hibernate.type.CharacterType@455351c4
10:29:03.394 [main] DEBUG org.hibernate.type.BasicTypeRegistry - Adding type registration java.lang.Character -> org.hibernate.type.CharacterType@455351c4
10:29:03.396 [main] DEBUG org.hibernate.type.BasicTypeRegistry - Adding type registration short -> org.hibernate.type.ShortType@379ab47b
10:29:03.397 [main] DEBUG org.hibernate.type.BasicTypeRegistry - Adding type registration short -> org.hibernate.type.ShortType@379ab47b
10:29:03.397 [main] DEBUG org.hibernate.type.BasicTypeRegistry - Adding type registration java.lang.Short -> org.hibernate.type.ShortType@379ab47b
10:29:03.398 [main] DEBUG org.hibernate.type.BasicTypeRegistry - Adding type registration integer -> org.hibernate.type.IntegerType@459f7aa3
10:29:03.399 [main] DEBUG org.hibernate.type.BasicTypeRegistry - Adding type registration int -> org.hibernate.type.IntegerType@459f7aa3
10:29:03.399 [main] DEBUG org.hibernate.type.BasicTypeRegistry - Adding type registration java.lang.Integer -> org.hibernate.type.IntegerType@459f7aa3
10:29:03.401 [main] DEBUG org.hibernate.type.BasicTypeRegistry - Adding type registration long -> org.hibernate.type.LongType@2f4854d6
10:29:03.402 [main] DEBUG org.hibernate.type.BasicTypeRegistry - Adding type registration long -> org.hibernate.type.LongType@2f4854d6
10:29:03.402 [main] DEBUG org.hibernate.type.BasicTypeRegistry - Adding type registration java.lang.Long -> org.hibernate.type.LongType@2f4854d6
10:29:03.405 [main] DEBUG org.hibernate.type.BasicTypeRegistry - Adding type registration float -> org.hibernate.type.FloatType@6691490c
10:29:03.405 [main] DEBUG org.hibernate.type.BasicTypeRegistry - Adding type registration float -> org.hibernate.type.FloatType@6691490c
10:29:03.406 [main] DEBUG org.hibernate.type.BasicTypeRegistry - Adding type registration java.lang.Float -> org.hibernate.type.FloatType@6691490c
10:29:03.409 [main] DEBUG org.hibernate.type.BasicTypeRegistry - Adding type registration double -> org.hibernate.type.DoubleType@11389053
10:29:03.410 [main] DEBUG org.hibernate.type.BasicTypeRegistry - Adding type registration double -> org.hibernate.type.DoubleType@11389053
10:29:03.410 [main] DEBUG org.hibernate.type.BasicTypeRegistry - Adding type registration java.lang.Double -> org.hibernate.type.DoubleType@11389053
10:29:03.412 [main] DEBUG org.hibernate.type.BasicTypeRegistry - Adding type registration big_decimal -> org.hibernate.type.BigDecimalType@7df587ef
10:29:03.412 [main] DEBUG org.hibernate.type.BasicTypeRegistry - Adding type registration java.math.BigDecimal -> org.hibernate.type.BigDecimalType@7df587ef
10:29:03.414 [main] DEBUG org.hibernate.type.BasicTypeRegistry - Adding type registration big_integer -> org.hibernate.type.BigIntegerType@560cbf1a
10:29:03.414 [main] DEBUG org.hibernate.type.BasicTypeRegistry - Adding type registration java.math.BigInteger -> org.hibernate.type.BigIntegerType@560cbf1a
10:29:03.416 [main] DEBUG org.hibernate.type.BasicTypeRegistry - Adding type registration string -> org.hibernate.type.StringType@7e094740
10:29:03.416 [main] DEBUG org.hibernate.type.BasicTypeRegistry - Adding type registration java.lang.String -> org.hibernate.type.StringType@7e094740
10:29:03.419 [main] DEBUG org.hibernate.type.BasicTypeRegistry - Adding type registration nstring -> org.hibernate.type.StringNVarcharType@3591009c
10:29:03.421 [main] DEBUG org.hibernate.type.BasicTypeRegistry - Adding type registration ncharacter -> org.hibernate.type.CharacterNCharType@758f4f03
10:29:03.423 [main] DEBUG org.hibernate.type.BasicTypeRegistry - Adding type registration url -> org.hibernate.type.UrlType@9cd25ff
10:29:03.423 [main] DEBUG org.hibernate.type.BasicTypeRegistry - Adding type registration java.net.URL -> org.hibernate.type.UrlType@9cd25ff
10:29:03.425 [main] DEBUG org.hibernate.type.BasicTypeRegistry - Adding type registration Duration -> org.hibernate.type.DurationType@2de366bb
10:29:03.428 [main] DEBUG org.hibernate.type.BasicTypeRegistry - Adding type registration java.time.Duration -> org.hibernate.type.DurationType@2de366bb
10:29:03.442 [main] DEBUG org.hibernate.type.BasicTypeRegistry - Adding type registration Instant -> org.hibernate.type.InstantType@78461bc4
10:29:03.442 [main] DEBUG org.hibernate.type.BasicTypeRegistry - Adding type registration java.time.Instant -> org.hibernate.type.InstantType@78461bc4
10:29:03.444 [main] DEBUG org.hibernate.type.BasicTypeRegistry - Adding type registration LocalDateTime -> org.hibernate.type.LocalDateTimeType@3d6300e8
10:29:03.444 [main] DEBUG org.hibernate.type.BasicTypeRegistry - Adding type registration java.time.LocalDateTime -> org.hibernate.type.LocalDateTimeType@3d6300e8
10:29:03.447 [main] DEBUG org.hibernate.type.BasicTypeRegistry - Adding type registration LocalDate -> org.hibernate.type.LocalDateType@410954b
10:29:03.447 [main] DEBUG org.hibernate.type.BasicTypeRegistry - Adding type registration java.time.LocalDate -> org.hibernate.type.LocalDateType@410954b
10:29:03.449 [main] DEBUG org.hibernate.type.BasicTypeRegistry - Adding type registration LocalTime -> org.hibernate.type.LocalTimeType@1cf2fed4
10:29:03.450 [main] DEBUG org.hibernate.type.BasicTypeRegistry - Adding type registration java.time.LocalTime -> org.hibernate.type.LocalTimeType@1cf2fed4
10:29:03.453 [main] DEBUG org.hibernate.type.BasicTypeRegistry - Adding type registration OffsetDateTime -> org.hibernate.type.OffsetDateTimeType@5b800468
10:29:03.453 [main] DEBUG org.hibernate.type.BasicTypeRegistry - Adding type registration java.time.OffsetDateTime -> org.hibernate.type.OffsetDateTimeType@5b800468
10:29:03.455 [main] DEBUG org.hibernate.type.BasicTypeRegistry - Adding type registration OffsetTime -> org.hibernate.type.OffsetTimeType@6815c5f2
10:29:03.455 [main] DEBUG org.hibernate.type.BasicTypeRegistry - Adding type registration java.time.OffsetTime -> org.hibernate.type.OffsetTimeType@6815c5f2
10:29:03.459 [main] DEBUG org.hibernate.type.BasicTypeRegistry - Adding type registration ZonedDateTime -> org.hibernate.type.ZonedDateTimeType@1a2e2935
10:29:03.459 [main] DEBUG org.hibernate.type.BasicTypeRegistry - Adding type registration java.time.ZonedDateTime -> org.hibernate.type.ZonedDateTimeType@1a2e2935
10:29:03.461 [main] DEBUG org.hibernate.type.BasicTypeRegistry - Adding type registration date -> org.hibernate.type.DateType@37cd92d6
10:29:03.462 [main] DEBUG org.hibernate.type.BasicTypeRegistry - Adding type registration java.sql.Date -> org.hibernate.type.DateType@37cd92d6
10:29:03.464 [main] DEBUG org.hibernate.type.BasicTypeRegistry - Adding type registration time -> org.hibernate.type.TimeType@3deb2326
10:29:03.464 [main] DEBUG org.hibernate.type.BasicTypeRegistry - Adding type registration java.sql.Time -> org.hibernate.type.TimeType@3deb2326
10:29:03.466 [main] DEBUG org.hibernate.type.BasicTypeRegistry - Adding type registration timestamp -> org.hibernate.type.TimestampType@27cf3151
10:29:03.466 [main] DEBUG org.hibernate.type.BasicTypeRegistry - Adding type registration java.sql.Timestamp -> org.hibernate.type.TimestampType@27cf3151
10:29:03.466 [main] DEBUG org.hibernate.type.BasicTypeRegistry - Adding type registration java.util.Date -> org.hibernate.type.TimestampType@27cf3151
10:29:03.469 [main] DEBUG org.hibernate.type.BasicTypeRegistry - Adding type registration dbtimestamp -> org.hibernate.type.DbTimestampType@4108fa66
10:29:03.471 [main] DEBUG org.hibernate.type.BasicTypeRegistry - Adding type registration calendar -> org.hibernate.type.CalendarType@200a26bc
10:29:03.471 [main] DEBUG org.hibernate.type.BasicTypeRegistry - Adding type registration java.util.Calendar -> org.hibernate.type.CalendarType@200a26bc
10:29:03.471 [main] DEBUG org.hibernate.type.BasicTypeRegistry - Adding type registration java.util.GregorianCalendar -> org.hibernate.type.CalendarType@200a26bc
10:29:03.472 [main] DEBUG org.hibernate.type.BasicTypeRegistry - Adding type registration calendar_date -> org.hibernate.type.CalendarDateType@655a5d9c
10:29:03.474 [main] DEBUG org.hibernate.type.BasicTypeRegistry - Adding type registration locale -> org.hibernate.type.LocaleType@77cf3f8b
10:29:03.474 [main] DEBUG org.hibernate.type.BasicTypeRegistry - Adding type registration java.util.Locale -> org.hibernate.type.LocaleType@77cf3f8b
10:29:03.475 [main] DEBUG org.hibernate.type.BasicTypeRegistry - Adding type registration currency -> org.hibernate.type.CurrencyType@7d61eccf
10:29:03.475 [main] DEBUG org.hibernate.type.BasicTypeRegistry - Adding type registration java.util.Currency -> org.hibernate.type.CurrencyType@7d61eccf
10:29:03.476 [main] DEBUG org.hibernate.type.BasicTypeRegistry - Adding type registration timezone -> org.hibernate.type.TimeZoneType@2427e004
10:29:03.477 [main] DEBUG org.hibernate.type.BasicTypeRegistry - Adding type registration java.util.TimeZone -> org.hibernate.type.TimeZoneType@2427e004
10:29:03.478 [main] DEBUG org.hibernate.type.BasicTypeRegistry - Adding type registration class -> org.hibernate.type.ClassType@2f66e802
10:29:03.479 [main] DEBUG org.hibernate.type.BasicTypeRegistry - Adding type registration java.lang.Class -> org.hibernate.type.ClassType@2f66e802
10:29:03.482 [main] DEBUG org.hibernate.type.BasicTypeRegistry - Adding type registration uuid-binary -> org.hibernate.type.UUIDBinaryType@5400db36
10:29:03.482 [main] DEBUG org.hibernate.type.BasicTypeRegistry - Adding type registration java.util.UUID -> org.hibernate.type.UUIDBinaryType@5400db36
10:29:03.483 [main] DEBUG org.hibernate.type.BasicTypeRegistry - Adding type registration uuid-char -> org.hibernate.type.UUIDCharType@8ab78bc
10:29:03.484 [main] DEBUG org.hibernate.type.BasicTypeRegistry - Adding type registration binary -> org.hibernate.type.BinaryType@23c388c2
10:29:03.484 [main] DEBUG org.hibernate.type.BasicTypeRegistry - Adding type registration byte[] -> org.hibernate.type.BinaryType@23c388c2
10:29:03.484 [main] DEBUG org.hibernate.type.BasicTypeRegistry - Adding type registration [B -> org.hibernate.type.BinaryType@23c388c2
10:29:03.486 [main] DEBUG org.hibernate.type.BasicTypeRegistry - Adding type registration wrapper-binary -> org.hibernate.type.WrapperBinaryType@5ca17ab0
10:29:03.487 [main] DEBUG org.hibernate.type.BasicTypeRegistry - Adding type registration Byte[] -> org.hibernate.type.WrapperBinaryType@5ca17ab0
10:29:03.487 [main] DEBUG org.hibernate.type.BasicTypeRegistry - Adding type registration [Ljava.lang.Byte; -> org.hibernate.type.WrapperBinaryType@5ca17ab0
10:29:03.489 [main] DEBUG org.hibernate.type.BasicTypeRegistry - Adding type registration row_version -> org.hibernate.type.RowVersionType@2db2dd9d
10:29:03.490 [main] DEBUG org.hibernate.type.BasicTypeRegistry - Adding type registration image -> org.hibernate.type.ImageType@560513ce
10:29:03.492 [main] DEBUG org.hibernate.type.BasicTypeRegistry - Adding type registration characters -> org.hibernate.type.CharArrayType@6d6bc158
10:29:03.493 [main] DEBUG org.hibernate.type.BasicTypeRegistry - Adding type registration char[] -> org.hibernate.type.CharArrayType@6d6bc158
10:29:03.493 [main] DEBUG org.hibernate.type.BasicTypeRegistry - Adding type registration [C -> org.hibernate.type.CharArrayType@6d6bc158
10:29:03.495 [main] DEBUG org.hibernate.type.BasicTypeRegistry - Adding type registration wrapper-characters -> org.hibernate.type.CharacterArrayType@fff25f1
10:29:03.495 [main] DEBUG org.hibernate.type.BasicTypeRegistry - Adding type registration [Ljava.lang.Character; -> org.hibernate.type.CharacterArrayType@fff25f1
10:29:03.496 [main] DEBUG org.hibernate.type.BasicTypeRegistry - Adding type registration Character[] -> org.hibernate.type.CharacterArrayType@fff25f1
10:29:03.497 [main] DEBUG org.hibernate.type.BasicTypeRegistry - Adding type registration text -> org.hibernate.type.TextType@51768776
10:29:03.500 [main] DEBUG org.hibernate.type.BasicTypeRegistry - Adding type registration ntext -> org.hibernate.type.NTextType@2e8ab815
10:29:03.509 [main] DEBUG org.hibernate.type.BasicTypeRegistry - Adding type registration blob -> org.hibernate.type.BlobType@50305a
10:29:03.509 [main] DEBUG org.hibernate.type.BasicTypeRegistry - Adding type registration java.sql.Blob -> org.hibernate.type.BlobType@50305a
10:29:03.511 [main] DEBUG org.hibernate.type.BasicTypeRegistry - Adding type registration materialized_blob -> org.hibernate.type.MaterializedBlobType@41200e0c
10:29:03.522 [main] DEBUG org.hibernate.type.BasicTypeRegistry - Adding type registration clob -> org.hibernate.type.ClobType@5d8445d7
10:29:03.523 [main] DEBUG org.hibernate.type.BasicTypeRegistry - Adding type registration java.sql.Clob -> org.hibernate.type.ClobType@5d8445d7
10:29:03.528 [main] DEBUG org.hibernate.type.BasicTypeRegistry - Adding type registration nclob -> org.hibernate.type.NClobType@5bd1ceca
10:29:03.528 [main] DEBUG org.hibernate.type.BasicTypeRegistry - Adding type registration java.sql.NClob -> org.hibernate.type.NClobType@5bd1ceca
10:29:03.529 [main] DEBUG org.hibernate.type.BasicTypeRegistry - Adding type registration materialized_clob -> org.hibernate.type.MaterializedClobType@596df867
10:29:03.529 [main] DEBUG org.hibernate.type.BasicTypeRegistry - Adding type registration materialized_nclob -> org.hibernate.type.MaterializedNClobType@344344fa
10:29:03.532 [main] DEBUG org.hibernate.type.BasicTypeRegistry - Adding type registration serializable -> org.hibernate.type.SerializableType@1827a871
10:29:03.537 [main] DEBUG org.hibernate.type.BasicTypeRegistry - Adding type registration object -> org.hibernate.type.ObjectType@70e0accd
10:29:03.538 [main] DEBUG org.hibernate.type.BasicTypeRegistry - Adding type registration java.lang.Object -> org.hibernate.type.ObjectType@70e0accd
10:29:03.539 [main] DEBUG org.hibernate.type.BasicTypeRegistry - Adding type registration imm_date -> org.hibernate.type.AdaptedImmutableType@3aacf32a
10:29:03.539 [main] DEBUG org.hibernate.type.BasicTypeRegistry - Adding type registration imm_time -> org.hibernate.type.AdaptedImmutableType@4fdfa676
10:29:03.539 [main] DEBUG org.hibernate.type.BasicTypeRegistry - Adding type registration imm_timestamp -> org.hibernate.type.AdaptedImmutableType@82c57b3
10:29:03.539 [main] DEBUG org.hibernate.type.BasicTypeRegistry - Adding type registration imm_dbtimestamp -> org.hibernate.type.AdaptedImmutableType@5be82d43
10:29:03.539 [main] DEBUG org.hibernate.type.BasicTypeRegistry - Adding type registration imm_calendar -> org.hibernate.type.AdaptedImmutableType@600b0b7
10:29:03.539 [main] DEBUG org.hibernate.type.BasicTypeRegistry - Adding type registration imm_calendar_date -> org.hibernate.type.AdaptedImmutableType@345e5a17
10:29:03.539 [main] DEBUG org.hibernate.type.BasicTypeRegistry - Adding type registration imm_binary -> org.hibernate.type.AdaptedImmutableType@5ea502e0
10:29:03.539 [main] DEBUG org.hibernate.type.BasicTypeRegistry - Adding type registration imm_serializable -> org.hibernate.type.AdaptedImmutableType@443dbe42
10:29:03.552 [main] DEBUG org.springframework.jdbc.datasource.DriverManagerDataSource - Creating new JDBC DriverManager Connection to [jdbc:mysql://localhost:3306/testcraftcore?useSSL=false&useTimezone=true&serverTimezone=UTC]
10:29:03.864 [main] DEBUG org.hibernate.engine.jdbc.env.internal.JdbcEnvironmentInitiator - Database ->
       name : MySQL
    version : 5.5.5-10.4.32-MariaDB
      major : 5
      minor : 5
10:29:03.864 [main] DEBUG org.hibernate.engine.jdbc.env.internal.JdbcEnvironmentInitiator - Driver ->
       name : MySQL Connector/J
    version : mysql-connector-j-8.0.31 (Revision: 0c86fc148d567b62266c2302bdad0f1e7a7e4eba)
      major : 8
      minor : 0
10:29:03.864 [main] DEBUG org.hibernate.engine.jdbc.env.internal.JdbcEnvironmentInitiator - JDBC version : 4.2
10:29:03.895 [main] INFO org.hibernate.dialect.Dialect - HHH000400: Using dialect: org.hibernate.dialect.MySQL5Dialect
10:29:03.995 [main] DEBUG org.hibernate.engine.jdbc.env.spi.IdentifierHelperBuilder - JDBC driver metadata reported database stores quoted identifiers in more than one case
10:29:04.002 [main] DEBUG org.hibernate.engine.jdbc.env.spi.IdentifierHelperBuilder - IdentifierCaseStrategy for both quoted and unquoted identifiers was set to the same strategy [LOWER]; that will likely lead to problems in schema update and validation if using quoted identifiers
10:29:04.647 [main] DEBUG org.hibernate.id.factory.internal.DefaultIdentifierGeneratorFactory - Registering IdentifierGenerator strategy [uuid2] -> [org.hibernate.id.UUIDGenerator]
10:29:04.648 [main] DEBUG org.hibernate.id.factory.internal.DefaultIdentifierGeneratorFactory - Registering IdentifierGenerator strategy [guid] -> [org.hibernate.id.GUIDGenerator]
10:29:04.649 [main] DEBUG org.hibernate.id.factory.internal.DefaultIdentifierGeneratorFactory - Registering IdentifierGenerator strategy [uuid] -> [org.hibernate.id.UUIDHexGenerator]
10:29:04.649 [main] DEBUG org.hibernate.id.factory.internal.DefaultIdentifierGeneratorFactory - Registering IdentifierGenerator strategy [uuid.hex] -> [org.hibernate.id.UUIDHexGenerator]
10:29:04.650 [main] DEBUG org.hibernate.id.factory.internal.DefaultIdentifierGeneratorFactory - Registering IdentifierGenerator strategy [assigned] -> [org.hibernate.id.Assigned]
10:29:04.653 [main] DEBUG org.hibernate.id.factory.internal.DefaultIdentifierGeneratorFactory - Registering IdentifierGenerator strategy [identity] -> [org.hibernate.id.IdentityGenerator]
10:29:04.654 [main] DEBUG org.hibernate.id.factory.internal.DefaultIdentifierGeneratorFactory - Registering IdentifierGenerator strategy [select] -> [org.hibernate.id.SelectGenerator]
10:29:04.657 [main] DEBUG org.hibernate.id.factory.internal.DefaultIdentifierGeneratorFactory - Registering IdentifierGenerator strategy [sequence] -> [org.hibernate.id.enhanced.SequenceStyleGenerator]
10:29:04.659 [main] DEBUG org.hibernate.id.factory.internal.DefaultIdentifierGeneratorFactory - Registering IdentifierGenerator strategy [seqhilo] -> [org.hibernate.id.SequenceHiLoGenerator]
10:29:04.660 [main] DEBUG org.hibernate.id.factory.internal.DefaultIdentifierGeneratorFactory - Registering IdentifierGenerator strategy [increment] -> [org.hibernate.id.IncrementGenerator]
10:29:04.661 [main] DEBUG org.hibernate.id.factory.internal.DefaultIdentifierGeneratorFactory - Registering IdentifierGenerator strategy [foreign] -> [org.hibernate.id.ForeignGenerator]
10:29:04.663 [main] DEBUG org.hibernate.id.factory.internal.DefaultIdentifierGeneratorFactory - Registering IdentifierGenerator strategy [sequence-identity] -> [org.hibernate.id.SequenceIdentityGenerator]
10:29:04.663 [main] DEBUG org.hibernate.id.factory.internal.DefaultIdentifierGeneratorFactory - Registering IdentifierGenerator strategy [enhanced-sequence] -> [org.hibernate.id.enhanced.SequenceStyleGenerator]
10:29:04.665 [main] DEBUG org.hibernate.id.factory.internal.DefaultIdentifierGeneratorFactory - Registering IdentifierGenerator strategy [enhanced-table] -> [org.hibernate.id.enhanced.TableGenerator]
10:29:04.735 [main] DEBUG org.hibernate.boot.model.relational.Namespace - Created database namespace [logicalName=Name{catalog=null, schema=null}, physicalName=Name{catalog=null, schema=null}]
10:29:04.775 [main] DEBUG org.hibernate.cfg.AnnotationBinder - Binding entity from annotated class: com.joseph.entity.Client
10:29:04.819 [main] DEBUG org.hibernate.cfg.Ejb3Column - Binding column: Ejb3DiscriminatorColumn{logicalColumnName'DTYPE', discriminatorTypeName='string'}
10:29:04.827 [main] DEBUG org.hibernate.cfg.annotations.EntityBinder - Import with entity name Client
10:29:04.831 [main] DEBUG org.hibernate.cfg.annotations.EntityBinder - Bind entity com.joseph.entity.Client on table client
10:29:04.863 [main] DEBUG org.hibernate.cfg.Ejb3Column - Binding column: Ejb3Column{table=org.hibernate.mapping.Table(client), mappingColumn=idclient, insertable=true, updatable=true, unique=false}
10:29:04.868 [main] DEBUG org.hibernate.cfg.annotations.PropertyBinder - MetadataSourceProcessor property idclient with lazy=false
10:29:04.870 [main] DEBUG org.hibernate.cfg.AbstractPropertyHolder - Attempting to locate auto-apply AttributeConverter for property [com.joseph.entity.Client:idclient]
10:29:04.872 [main] DEBUG org.hibernate.cfg.annotations.SimpleValueBinder - building SimpleValue for idclient
10:29:04.874 [main] DEBUG org.hibernate.cfg.annotations.PropertyBinder - Building property idclient
10:29:04.878 [main] DEBUG org.hibernate.cfg.Ejb3Column - Binding column: Ejb3Column{table=org.hibernate.mapping.Table(client), mappingColumn=emailclient, insertable=true, updatable=true, unique=false}
10:29:04.878 [main] DEBUG org.hibernate.cfg.annotations.PropertyBinder - MetadataSourceProcessor property emailclient with lazy=false
10:29:04.878 [main] DEBUG org.hibernate.cfg.AbstractPropertyHolder - Attempting to locate auto-apply AttributeConverter for property [com.joseph.entity.Client:emailclient]
10:29:04.879 [main] DEBUG org.hibernate.cfg.annotations.SimpleValueBinder - building SimpleValue for emailclient
10:29:04.879 [main] DEBUG org.hibernate.cfg.annotations.PropertyBinder - Building property emailclient
10:29:04.879 [main] DEBUG org.hibernate.cfg.Ejb3Column - Binding column: Ejb3Column{table=org.hibernate.mapping.Table(client), mappingColumn=nameclient, insertable=true, updatable=true, unique=false}
10:29:04.879 [main] DEBUG org.hibernate.cfg.annotations.PropertyBinder - MetadataSourceProcessor property nameclient with lazy=false
10:29:04.879 [main] DEBUG org.hibernate.cfg.AbstractPropertyHolder - Attempting to locate auto-apply AttributeConverter for property [com.joseph.entity.Client:nameclient]
10:29:04.879 [main] DEBUG org.hibernate.cfg.annotations.SimpleValueBinder - building SimpleValue for nameclient
10:29:04.879 [main] DEBUG org.hibernate.cfg.annotations.PropertyBinder - Building property nameclient
10:29:04.882 [main] DEBUG org.hibernate.cfg.Ejb3Column - Binding column: Ejb3JoinColumn{logicalColumnName='null', referencedColumn='null', mappedBy='client'}
10:29:04.885 [main] DEBUG org.hibernate.cfg.Ejb3Column - Binding column: Ejb3Column{table=org.hibernate.mapping.Table(client), mappingColumn=orders, insertable=true, updatable=true, unique=false}
10:29:04.887 [main] DEBUG org.hibernate.cfg.Ejb3Column - Binding column: Ejb3Column{table=org.hibernate.mapping.Table(client), mappingColumn=null, insertable=true, updatable=true, unique=false}
10:29:04.898 [main] DEBUG org.hibernate.cfg.Ejb3Column - Binding column: Ejb3Column{table=org.hibernate.mapping.Table(client), mappingColumn=element, insertable=true, updatable=true, unique=false}
10:29:04.899 [main] DEBUG org.hibernate.cfg.Ejb3Column - Binding column: Ejb3Column{table=org.hibernate.mapping.Table(client), mappingColumn=orders_KEY, insertable=true, updatable=true, unique=false}
10:29:04.900 [main] DEBUG org.hibernate.cfg.Ejb3Column - Binding column: Ejb3JoinColumn{logicalColumnName='orders_KEY', referencedColumn='null', mappedBy='null'}
10:29:04.901 [main] DEBUG org.hibernate.cfg.Ejb3Column - Binding column: Ejb3JoinColumn{logicalColumnName='null', referencedColumn='null', mappedBy='client'}
10:29:04.901 [main] DEBUG org.hibernate.cfg.Ejb3Column - Binding column: Ejb3JoinColumn{logicalColumnName='null', referencedColumn='null', mappedBy='client'}
10:29:04.902 [main] DEBUG org.hibernate.cfg.annotations.CollectionBinder - Collection role: com.joseph.entity.Client.orders
10:29:04.906 [main] DEBUG org.hibernate.cfg.annotations.PropertyBinder - Building property orders
10:29:04.907 [main] DEBUG org.hibernate.cfg.AnnotationBinder - Binding entity from annotated class: com.joseph.entity.Order
10:29:04.907 [main] DEBUG org.hibernate.cfg.Ejb3Column - Binding column: Ejb3DiscriminatorColumn{logicalColumnName'DTYPE', discriminatorTypeName='string'}
10:29:04.907 [main] DEBUG org.hibernate.cfg.annotations.EntityBinder - Import with entity name Order
10:29:04.907 [main] DEBUG org.hibernate.cfg.annotations.EntityBinder - Bind entity com.joseph.entity.Order on table order_table
10:29:04.917 [main] DEBUG org.hibernate.cfg.Ejb3Column - Binding column: Ejb3Column{table=org.hibernate.mapping.Table(order_table), mappingColumn=idorder, insertable=true, updatable=true, unique=false}
10:29:04.917 [main] DEBUG org.hibernate.cfg.annotations.PropertyBinder - MetadataSourceProcessor property idorder with lazy=false
10:29:04.917 [main] DEBUG org.hibernate.cfg.AbstractPropertyHolder - Attempting to locate auto-apply AttributeConverter for property [com.joseph.entity.Order:idorder]
10:29:04.917 [main] DEBUG org.hibernate.cfg.annotations.SimpleValueBinder - building SimpleValue for idorder
10:29:04.917 [main] DEBUG org.hibernate.cfg.annotations.PropertyBinder - Building property idorder
10:29:04.917 [main] DEBUG org.hibernate.cfg.Ejb3Column - Binding column: Ejb3JoinColumn{logicalColumnName='idclient', referencedColumn='', mappedBy=''}
10:29:04.918 [main] DEBUG org.hibernate.cfg.Ejb3Column - Binding column: Ejb3Column{table=org.hibernate.mapping.Table(order_table), mappingColumn=client, insertable=true, updatable=true, unique=false}
10:29:04.920 [main] DEBUG org.hibernate.cfg.annotations.PropertyBinder - Building property client
10:29:04.920 [main] DEBUG org.hibernate.cfg.Ejb3Column - Binding column: Ejb3Column{table=org.hibernate.mapping.Table(order_table), mappingColumn=dateorder, insertable=true, updatable=true, unique=false}
10:29:04.920 [main] DEBUG org.hibernate.cfg.annotations.PropertyBinder - MetadataSourceProcessor property dateorder with lazy=false
10:29:04.920 [main] DEBUG org.hibernate.cfg.AbstractPropertyHolder - Attempting to locate auto-apply AttributeConverter for property [com.joseph.entity.Order:dateorder]
10:29:04.921 [main] DEBUG org.hibernate.cfg.annotations.SimpleValueBinder - building SimpleValue for dateorder
10:29:04.921 [main] DEBUG org.hibernate.cfg.annotations.PropertyBinder - Building property dateorder
10:29:04.921 [main] DEBUG org.hibernate.cfg.Ejb3Column - Binding column: Ejb3JoinColumn{logicalColumnName='null', referencedColumn='null', mappedBy='order'}
10:29:04.921 [main] DEBUG org.hibernate.cfg.Ejb3Column - Binding column: Ejb3Column{table=org.hibernate.mapping.Table(order_table), mappingColumn=orderItems, insertable=true, updatable=true, unique=false}
10:29:04.921 [main] DEBUG org.hibernate.cfg.Ejb3Column - Binding column: Ejb3Column{table=org.hibernate.mapping.Table(order_table), mappingColumn=null, insertable=true, updatable=true, unique=false}
10:29:04.921 [main] DEBUG org.hibernate.cfg.Ejb3Column - Binding column: Ejb3Column{table=org.hibernate.mapping.Table(order_table), mappingColumn=element, insertable=true, updatable=true, unique=false}
10:29:04.921 [main] DEBUG org.hibernate.cfg.Ejb3Column - Binding column: Ejb3Column{table=org.hibernate.mapping.Table(order_table), mappingColumn=orderItems_KEY, insertable=true, updatable=true, unique=false}
10:29:04.921 [main] DEBUG org.hibernate.cfg.Ejb3Column - Binding column: Ejb3JoinColumn{logicalColumnName='orderItems_KEY', referencedColumn='null', mappedBy='null'}
10:29:04.922 [main] DEBUG org.hibernate.cfg.Ejb3Column - Binding column: Ejb3JoinColumn{logicalColumnName='null', referencedColumn='null', mappedBy='order'}
10:29:04.922 [main] DEBUG org.hibernate.cfg.Ejb3Column - Binding column: Ejb3JoinColumn{logicalColumnName='null', referencedColumn='null', mappedBy='order'}
10:29:04.922 [main] DEBUG org.hibernate.cfg.annotations.CollectionBinder - Collection role: com.joseph.entity.Order.orderItems
10:29:04.922 [main] DEBUG org.hibernate.cfg.annotations.PropertyBinder - Building property orderItems
10:29:04.922 [main] DEBUG org.hibernate.cfg.Ejb3Column - Binding column: Ejb3Column{table=org.hibernate.mapping.Table(order_table), mappingColumn=statusorder, insertable=true, updatable=true, unique=false}
10:29:04.922 [main] DEBUG org.hibernate.cfg.annotations.PropertyBinder - MetadataSourceProcessor property statusorder with lazy=false
10:29:04.922 [main] DEBUG org.hibernate.cfg.AbstractPropertyHolder - Attempting to locate auto-apply AttributeConverter for property [com.joseph.entity.Order:statusorder]
10:29:04.925 [main] DEBUG org.hibernate.cfg.annotations.SimpleValueBinder - building SimpleValue for statusorder
10:29:04.925 [main] DEBUG org.hibernate.cfg.annotations.PropertyBinder - Building property statusorder
10:29:04.925 [main] DEBUG org.hibernate.cfg.Ejb3Column - Binding column: Ejb3Column{table=org.hibernate.mapping.Table(order_table), mappingColumn=totalorder, insertable=true, updatable=true, unique=false}
10:29:04.925 [main] DEBUG org.hibernate.cfg.annotations.PropertyBinder - MetadataSourceProcessor property totalorder with lazy=false
10:29:04.925 [main] DEBUG org.hibernate.cfg.AbstractPropertyHolder - Attempting to locate auto-apply AttributeConverter for property [com.joseph.entity.Order:totalorder]
10:29:04.925 [main] DEBUG org.hibernate.cfg.annotations.SimpleValueBinder - building SimpleValue for totalorder
10:29:04.925 [main] DEBUG org.hibernate.cfg.annotations.PropertyBinder - Building property totalorder
10:29:04.926 [main] DEBUG org.hibernate.cfg.AnnotationBinder - Binding entity from annotated class: com.joseph.entity.OrderItem
10:29:04.926 [main] DEBUG org.hibernate.cfg.Ejb3Column - Binding column: Ejb3DiscriminatorColumn{logicalColumnName'DTYPE', discriminatorTypeName='string'}
10:29:04.926 [main] DEBUG org.hibernate.cfg.annotations.EntityBinder - Import with entity name OrderItem
10:29:04.926 [main] DEBUG org.hibernate.cfg.annotations.EntityBinder - Bind entity com.joseph.entity.OrderItem on table orderitems
10:29:04.927 [main] DEBUG org.hibernate.cfg.Ejb3Column - Binding column: Ejb3Column{table=org.hibernate.mapping.Table(orderitems), mappingColumn=id, insertable=true, updatable=true, unique=false}
10:29:04.927 [main] DEBUG org.hibernate.cfg.annotations.PropertyBinder - MetadataSourceProcessor property id with lazy=false
10:29:04.927 [main] DEBUG org.hibernate.cfg.AbstractPropertyHolder - Attempting to locate auto-apply AttributeConverter for property [com.joseph.entity.OrderItem:id]
10:29:04.927 [main] DEBUG org.hibernate.cfg.annotations.SimpleValueBinder - building SimpleValue for id
10:29:04.928 [main] DEBUG org.hibernate.cfg.annotations.PropertyBinder - Building property id
10:29:04.928 [main] DEBUG org.hibernate.cfg.Ejb3Column - Binding column: Ejb3JoinColumn{logicalColumnName='idorder', referencedColumn='', mappedBy=''}
10:29:04.929 [main] DEBUG org.hibernate.cfg.Ejb3Column - Binding column: Ejb3Column{table=org.hibernate.mapping.Table(orderitems), mappingColumn=order, insertable=true, updatable=true, unique=false}
10:29:04.929 [main] DEBUG org.hibernate.cfg.annotations.PropertyBinder - Building property order
10:29:04.929 [main] DEBUG org.hibernate.cfg.Ejb3Column - Binding column: Ejb3JoinColumn{logicalColumnName='idproduct', referencedColumn='', mappedBy=''}
10:29:04.929 [main] DEBUG org.hibernate.cfg.Ejb3Column - Binding column: Ejb3Column{table=org.hibernate.mapping.Table(orderitems), mappingColumn=product, insertable=true, updatable=true, unique=false}
10:29:04.929 [main] DEBUG org.hibernate.cfg.annotations.PropertyBinder - Building property product
10:29:04.929 [main] DEBUG org.hibernate.cfg.Ejb3Column - Binding column: Ejb3Column{table=org.hibernate.mapping.Table(orderitems), mappingColumn=quantity, insertable=true, updatable=true, unique=false}
10:29:04.930 [main] DEBUG org.hibernate.cfg.annotations.PropertyBinder - MetadataSourceProcessor property quantity with lazy=false
10:29:04.930 [main] DEBUG org.hibernate.cfg.AbstractPropertyHolder - Attempting to locate auto-apply AttributeConverter for property [com.joseph.entity.OrderItem:quantity]
10:29:04.930 [main] DEBUG org.hibernate.cfg.annotations.SimpleValueBinder - building SimpleValue for quantity
10:29:04.930 [main] DEBUG org.hibernate.cfg.annotations.PropertyBinder - Building property quantity
10:29:04.930 [main] DEBUG org.hibernate.cfg.AnnotationBinder - Binding entity from annotated class: com.joseph.entity.Product
10:29:04.930 [main] DEBUG org.hibernate.cfg.Ejb3Column - Binding column: Ejb3DiscriminatorColumn{logicalColumnName'DTYPE', discriminatorTypeName='string'}
10:29:04.930 [main] DEBUG org.hibernate.cfg.annotations.EntityBinder - Import with entity name Product
10:29:04.932 [main] DEBUG org.hibernate.cfg.annotations.EntityBinder - Bind entity com.joseph.entity.Product on table Product
10:29:04.934 [main] DEBUG org.hibernate.cfg.Ejb3Column - Binding column: Ejb3Column{table=org.hibernate.mapping.Table(Product), mappingColumn=idproduct, insertable=true, updatable=true, unique=false}
10:29:04.934 [main] DEBUG org.hibernate.cfg.annotations.PropertyBinder - MetadataSourceProcessor property idproduct with lazy=false
10:29:04.934 [main] DEBUG org.hibernate.cfg.AbstractPropertyHolder - Attempting to locate auto-apply AttributeConverter for property [com.joseph.entity.Product:idproduct]
10:29:04.934 [main] DEBUG org.hibernate.cfg.annotations.SimpleValueBinder - building SimpleValue for idproduct
10:29:04.934 [main] DEBUG org.hibernate.cfg.annotations.PropertyBinder - Building property idproduct
10:29:04.934 [main] DEBUG org.hibernate.cfg.Ejb3Column - Binding column: Ejb3Column{table=org.hibernate.mapping.Table(Product), mappingColumn=nameproduct, insertable=true, updatable=true, unique=false}
10:29:04.934 [main] DEBUG org.hibernate.cfg.annotations.PropertyBinder - MetadataSourceProcessor property nameproduct with lazy=false
10:29:04.934 [main] DEBUG org.hibernate.cfg.AbstractPropertyHolder - Attempting to locate auto-apply AttributeConverter for property [com.joseph.entity.Product:nameproduct]
10:29:04.935 [main] DEBUG org.hibernate.cfg.annotations.SimpleValueBinder - building SimpleValue for nameproduct
10:29:04.935 [main] DEBUG org.hibernate.cfg.annotations.PropertyBinder - Building property nameproduct
10:29:04.935 [main] DEBUG org.hibernate.cfg.Ejb3Column - Binding column: Ejb3JoinColumn{logicalColumnName='null', referencedColumn='null', mappedBy='product'}
10:29:04.935 [main] DEBUG org.hibernate.cfg.Ejb3Column - Binding column: Ejb3Column{table=org.hibernate.mapping.Table(Product), mappingColumn=orderItems, insertable=true, updatable=true, unique=false}
10:29:04.935 [main] DEBUG org.hibernate.cfg.Ejb3Column - Binding column: Ejb3Column{table=org.hibernate.mapping.Table(Product), mappingColumn=null, insertable=true, updatable=true, unique=false}
10:29:04.935 [main] DEBUG org.hibernate.cfg.Ejb3Column - Binding column: Ejb3Column{table=org.hibernate.mapping.Table(Product), mappingColumn=element, insertable=true, updatable=true, unique=false}
10:29:04.935 [main] DEBUG org.hibernate.cfg.Ejb3Column - Binding column: Ejb3Column{table=org.hibernate.mapping.Table(Product), mappingColumn=orderItems_KEY, insertable=true, updatable=true, unique=false}
10:29:04.935 [main] DEBUG org.hibernate.cfg.Ejb3Column - Binding column: Ejb3JoinColumn{logicalColumnName='orderItems_KEY', referencedColumn='null', mappedBy='null'}
10:29:04.936 [main] DEBUG org.hibernate.cfg.Ejb3Column - Binding column: Ejb3JoinColumn{logicalColumnName='null', referencedColumn='null', mappedBy='product'}
10:29:04.936 [main] DEBUG org.hibernate.cfg.Ejb3Column - Binding column: Ejb3JoinColumn{logicalColumnName='null', referencedColumn='null', mappedBy='product'}
10:29:04.936 [main] DEBUG org.hibernate.cfg.annotations.CollectionBinder - Collection role: com.joseph.entity.Product.orderItems
10:29:04.936 [main] DEBUG org.hibernate.cfg.annotations.PropertyBinder - Building property orderItems
10:29:04.936 [main] DEBUG org.hibernate.cfg.Ejb3Column - Binding column: Ejb3Column{table=org.hibernate.mapping.Table(Product), mappingColumn=priceproduct, insertable=true, updatable=true, unique=false}
10:29:04.936 [main] DEBUG org.hibernate.cfg.annotations.PropertyBinder - MetadataSourceProcessor property priceproduct with lazy=false
10:29:04.936 [main] DEBUG org.hibernate.cfg.AbstractPropertyHolder - Attempting to locate auto-apply AttributeConverter for property [com.joseph.entity.Product:priceproduct]
10:29:04.936 [main] DEBUG org.hibernate.cfg.annotations.SimpleValueBinder - building SimpleValue for priceproduct
10:29:04.936 [main] DEBUG org.hibernate.cfg.annotations.PropertyBinder - Building property priceproduct
10:29:04.937 [main] DEBUG org.hibernate.cfg.Ejb3Column - Binding column: Ejb3Column{table=org.hibernate.mapping.Table(Product), mappingColumn=stockproduct, insertable=true, updatable=true, unique=false}
10:29:04.937 [main] DEBUG org.hibernate.cfg.annotations.PropertyBinder - MetadataSourceProcessor property stockproduct with lazy=false
10:29:04.937 [main] DEBUG org.hibernate.cfg.AbstractPropertyHolder - Attempting to locate auto-apply AttributeConverter for property [com.joseph.entity.Product:stockproduct]
10:29:04.937 [main] DEBUG org.hibernate.cfg.annotations.SimpleValueBinder - building SimpleValue for stockproduct
10:29:04.937 [main] DEBUG org.hibernate.cfg.annotations.PropertyBinder - Building property stockproduct
10:29:04.938 [main] DEBUG org.hibernate.cfg.annotations.SimpleValueBinder - Starting fillSimpleValue for idclient
10:29:04.938 [main] DEBUG org.hibernate.cfg.annotations.SimpleValueBinder - Starting fillSimpleValue for emailclient
10:29:04.938 [main] DEBUG org.hibernate.cfg.annotations.SimpleValueBinder - Starting fillSimpleValue for nameclient
10:29:04.938 [main] DEBUG org.hibernate.cfg.annotations.SimpleValueBinder - Starting fillSimpleValue for idorder
10:29:04.938 [main] DEBUG org.hibernate.cfg.annotations.SimpleValueBinder - Starting fillSimpleValue for dateorder
10:29:04.939 [main] DEBUG org.hibernate.cfg.annotations.SimpleValueBinder - Starting fillSimpleValue for statusorder
10:29:04.939 [main] DEBUG org.hibernate.cfg.annotations.SimpleValueBinder - Starting fillSimpleValue for totalorder
10:29:04.939 [main] DEBUG org.hibernate.cfg.annotations.SimpleValueBinder - Starting fillSimpleValue for id
10:29:04.940 [main] DEBUG org.hibernate.cfg.annotations.SimpleValueBinder - Starting fillSimpleValue for quantity
10:29:04.940 [main] DEBUG org.hibernate.cfg.annotations.SimpleValueBinder - Starting fillSimpleValue for idproduct
10:29:04.940 [main] DEBUG org.hibernate.cfg.annotations.SimpleValueBinder - Starting fillSimpleValue for nameproduct
10:29:04.940 [main] DEBUG org.hibernate.cfg.annotations.SimpleValueBinder - Starting fillSimpleValue for priceproduct
10:29:04.940 [main] DEBUG org.hibernate.cfg.annotations.SimpleValueBinder - Starting fillSimpleValue for stockproduct
10:29:04.945 [main] DEBUG org.hibernate.mapping.PrimaryKey - Forcing column [idclient] to be non-null as it is part of the primary key for table [client]
10:29:04.945 [main] DEBUG org.hibernate.mapping.PrimaryKey - Forcing column [idorder] to be non-null as it is part of the primary key for table [order_table]
10:29:04.945 [main] DEBUG org.hibernate.mapping.PrimaryKey - Forcing column [id] to be non-null as it is part of the primary key for table [orderitems]
10:29:04.945 [main] DEBUG org.hibernate.mapping.PrimaryKey - Forcing column [idproduct] to be non-null as it is part of the primary key for table [product]
10:29:04.945 [main] DEBUG org.hibernate.cfg.CollectionSecondPass - Second pass for collection: com.joseph.entity.Client.orders
10:29:04.947 [main] DEBUG org.hibernate.cfg.annotations.CollectionBinder - Binding a OneToMany: com.joseph.entity.Client.orders through a foreign key
10:29:04.948 [main] DEBUG org.hibernate.cfg.annotations.CollectionBinder - Mapping collection: com.joseph.entity.Client.orders -> order_table
10:29:04.949 [main] DEBUG org.hibernate.cfg.annotations.TableBinder - Retrieving property com.joseph.entity.Order.client
10:29:04.949 [main] DEBUG org.hibernate.cfg.CollectionSecondPass - Mapped collection key: idclient, one-to-many: com.joseph.entity.Order
10:29:04.949 [main] DEBUG org.hibernate.cfg.CollectionSecondPass - Second pass for collection: com.joseph.entity.Order.orderItems
10:29:04.949 [main] DEBUG org.hibernate.cfg.annotations.CollectionBinder - Binding a OneToMany: com.joseph.entity.Order.orderItems through a foreign key
10:29:04.949 [main] DEBUG org.hibernate.cfg.annotations.CollectionBinder - Mapping collection: com.joseph.entity.Order.orderItems -> orderitems
10:29:04.949 [main] DEBUG org.hibernate.cfg.annotations.TableBinder - Retrieving property com.joseph.entity.OrderItem.order
10:29:04.950 [main] DEBUG org.hibernate.cfg.CollectionSecondPass - Mapped collection key: idorder, one-to-many: com.joseph.entity.OrderItem
10:29:04.950 [main] DEBUG org.hibernate.cfg.CollectionSecondPass - Second pass for collection: com.joseph.entity.Product.orderItems
10:29:04.950 [main] DEBUG org.hibernate.cfg.annotations.CollectionBinder - Binding a OneToMany: com.joseph.entity.Product.orderItems through a foreign key
10:29:04.950 [main] DEBUG org.hibernate.cfg.annotations.CollectionBinder - Mapping collection: com.joseph.entity.Product.orderItems -> orderitems
10:29:04.950 [main] DEBUG org.hibernate.cfg.annotations.TableBinder - Retrieving property com.joseph.entity.OrderItem.product
10:29:04.950 [main] DEBUG org.hibernate.cfg.CollectionSecondPass - Mapped collection key: idproduct, one-to-many: com.joseph.entity.OrderItem
10:29:04.950 [main] DEBUG org.hibernate.boot.internal.InFlightMetadataCollectorImpl - Resolving reference to class: com.joseph.entity.Client
10:29:04.954 [main] DEBUG org.hibernate.boot.internal.InFlightMetadataCollectorImpl - Resolving reference to class: com.joseph.entity.Order
10:29:04.955 [main] DEBUG org.hibernate.boot.internal.InFlightMetadataCollectorImpl - Resolving reference to class: com.joseph.entity.Product
10:29:04.956 [main] DEBUG org.hibernate.boot.internal.InFlightMetadataCollectorImpl - Resolving reference to class: com.joseph.entity.Client
10:29:04.957 [main] DEBUG org.hibernate.boot.internal.InFlightMetadataCollectorImpl - Resolving reference to class: com.joseph.entity.Order
10:29:04.957 [main] DEBUG org.hibernate.boot.internal.InFlightMetadataCollectorImpl - Resolving reference to class: com.joseph.entity.Product
10:29:05.018 [main] DEBUG org.hibernate.internal.SessionFactoryImpl - Building session factory
10:29:05.019 [main] DEBUG org.hibernate.cfg.Settings - SessionFactory name : null
10:29:05.019 [main] DEBUG org.hibernate.cfg.Settings - Automatic flush during beforeCompletion(): enabled
10:29:05.020 [main] DEBUG org.hibernate.cfg.Settings - Automatic session close at end of transaction: disabled
10:29:05.020 [main] DEBUG org.hibernate.cfg.Settings - Statistics: disabled
10:29:05.020 [main] DEBUG org.hibernate.cfg.Settings - Deleted entity synthetic identifier rollback: disabled
10:29:05.020 [main] DEBUG org.hibernate.cfg.Settings - Default entity-mode: pojo
10:29:05.020 [main] DEBUG org.hibernate.cfg.Settings - Check Nullability in Core (should be disabled when Bean Validation is on): enabled
10:29:05.020 [main] DEBUG org.hibernate.cfg.Settings - Allow initialization of lazy state outside session : disabled
10:29:05.020 [main] DEBUG org.hibernate.cfg.Settings - Using BatchFetchStyle : LEGACY
10:29:05.020 [main] DEBUG org.hibernate.cfg.Settings - Default batch fetch size: -1
10:29:05.020 [main] DEBUG org.hibernate.cfg.Settings - Maximum outer join fetch depth: 2
10:29:05.021 [main] DEBUG org.hibernate.cfg.Settings - Default null ordering: NONE
10:29:05.021 [main] DEBUG org.hibernate.cfg.Settings - Order SQL updates by primary key: disabled
10:29:05.021 [main] DEBUG org.hibernate.cfg.Settings - Order SQL inserts for batching: disabled
10:29:05.021 [main] DEBUG org.hibernate.cfg.Settings - multi-tenancy strategy : NONE
10:29:05.021 [main] DEBUG org.hibernate.cfg.Settings - JTA Track by Thread: enabled
10:29:05.021 [main] DEBUG org.hibernate.cfg.Settings - Query language substitutions: {}
10:29:05.021 [main] DEBUG org.hibernate.cfg.Settings - JPA query language strict compliance: disabled
10:29:05.021 [main] DEBUG org.hibernate.cfg.Settings - Named query checking : enabled
10:29:05.021 [main] DEBUG org.hibernate.cfg.Settings - Second-level cache: disabled
10:29:05.021 [main] DEBUG org.hibernate.cfg.Settings - Second-level query cache: disabled
10:29:05.021 [main] DEBUG org.hibernate.cfg.Settings - Second-level query cache factory: null
10:29:05.022 [main] DEBUG org.hibernate.cfg.Settings - Second-level cache region prefix: null
10:29:05.022 [main] DEBUG org.hibernate.cfg.Settings - Optimize second-level cache for minimal puts: disabled
10:29:05.022 [main] DEBUG org.hibernate.cfg.Settings - Structured second-level cache entries: disabled
10:29:05.022 [main] DEBUG org.hibernate.cfg.Settings - Second-level cache direct-reference entries: disabled
10:29:05.022 [main] DEBUG org.hibernate.cfg.Settings - Automatic eviction of collection cache: disabled
10:29:05.022 [main] DEBUG org.hibernate.cfg.Settings - JDBC batch size: 15
10:29:05.022 [main] DEBUG org.hibernate.cfg.Settings - JDBC batch updates for versioned data: enabled
10:29:05.022 [main] DEBUG org.hibernate.cfg.Settings - Scrollable result sets: enabled
10:29:05.022 [main] DEBUG org.hibernate.cfg.Settings - Wrap result sets: disabled
10:29:05.022 [main] DEBUG org.hibernate.cfg.Settings - JDBC3 getGeneratedKeys(): enabled
10:29:05.023 [main] DEBUG org.hibernate.cfg.Settings - JDBC result set fetch size: null
10:29:05.023 [main] DEBUG org.hibernate.cfg.Settings - Connection release mode: ON_CLOSE
10:29:05.023 [main] DEBUG org.hibernate.cfg.Settings - Generate SQL with comments: disabled
10:29:05.113 [main] DEBUG org.hibernate.internal.SessionFactoryImpl - Session factory constructed with filter configurations : {}
10:29:05.113 [main] DEBUG org.hibernate.internal.SessionFactoryImpl - Instantiating session factory with properties: {sun.desktop=windows, awt.toolkit=sun.awt.windows.WToolkit, file.encoding.pkg=sun.io, java.specification.version=1.8, hibernate.connection.handling_mode=DELAYED_ACQUISITION_AND_HOLD, sun.cpu.isalist=amd64, sun.jnu.encoding=Cp1252, hibernate.dialect=org.hibernate.dialect.MySQL5Dialect, java.class.path=C:\Users\yassinjouao\Desktop\backup\target\test-classes;C:\Users\yassinjouao\Desktop\backup\target\classes;C:\Users\yassinjouao\.m2\repository\com\fasterxml\jackson\core\jackson-databind\2.13.0\jackson-databind-2.13.0.jar;C:\Users\yassinjouao\.m2\repository\com\fasterxml\jackson\core\jackson-core\2.13.0\jackson-core-2.13.0.jar;C:\Users\yassinjouao\.m2\repository\com\fasterxml\jackson\core\jackson-annotations\2.13.0\jackson-annotations-2.13.0.jar;C:\Users\yassinjouao\.m2\repository\org\apache\poi\poi-ooxml\3.11\poi-ooxml-3.11.jar;C:\Users\yassinjouao\.m2\repository\org\apache\poi\poi\3.11\poi-3.11.jar;C:\Users\yassinjouao\.m2\repository\commons-codec\commons-codec\1.9\commons-codec-1.9.jar;C:\Users\yassinjouao\.m2\repository\org\apache\poi\poi-ooxml-schemas\3.11\poi-ooxml-schemas-3.11.jar;C:\Users\yassinjouao\.m2\repository\org\apache\xmlbeans\xmlbeans\2.6.0\xmlbeans-2.6.0.jar;C:\Users\yassinjouao\.m2\repository\stax\stax-api\1.0.1\stax-api-1.0.1.jar;C:\Users\yassinjouao\.m2\repository\org\springframework\spring-webmvc\5.2.22.RELEASE\spring-webmvc-5.2.22.RELEASE.jar;C:\Users\yassinjouao\.m2\repository\org\springframework\spring-aop\5.2.22.RELEASE\spring-aop-5.2.22.RELEASE.jar;C:\Users\yassinjouao\.m2\repository\org\springframework\spring-beans\5.2.22.RELEASE\spring-beans-5.2.22.RELEASE.jar;C:\Users\yassinjouao\.m2\repository\org\springframework\spring-context\5.2.22.RELEASE\spring-context-5.2.22.RELEASE.jar;C:\Users\yassinjouao\.m2\repository\org\springframework\spring-core\5.2.22.RELEASE\spring-core-5.2.22.RELEASE.jar;C:\Users\yassinjouao\.m2\repository\org\springframework\spring-jcl\5.2.22.RELEASE\spring-jcl-5.2.22.RELEASE.jar;C:\Users\yassinjouao\.m2\repository\org\springframework\spring-expression\5.2.22.RELEASE\spring-expression-5.2.22.RELEASE.jar;C:\Users\yassinjouao\.m2\repository\org\springframework\spring-web\5.2.22.RELEASE\spring-web-5.2.22.RELEASE.jar;C:\Users\yassinjouao\.m2\repository\org\thymeleaf\thymeleaf-spring5\3.0.15.RELEASE\thymeleaf-spring5-3.0.15.RELEASE.jar;C:\Users\yassinjouao\.m2\repository\org\thymeleaf\thymeleaf\3.0.15.RELEASE\thymeleaf-3.0.15.RELEASE.jar;C:\Users\yassinjouao\.m2\repository\org\attoparser\attoparser\2.0.5.RELEASE\attoparser-2.0.5.RELEASE.jar;C:\Users\yassinjouao\.m2\repository\org\unbescape\unbescape\1.1.6.RELEASE\unbescape-1.1.6.RELEASE.jar;C:\Users\yassinjouao\.m2\repository\org\webjars\bootstrap\5.2.0\bootstrap-5.2.0.jar;C:\Users\yassinjouao\.m2\repository\jakarta\servlet\jakarta.servlet-api\4.0.4\jakarta.servlet-api-4.0.4.jar;C:\Users\yassinjouao\.m2\repository\org\springframework\spring-test\5.2.22.RELEASE\spring-test-5.2.22.RELEASE.jar;C:\Users\yassinjouao\.m2\repository\org\slf4j\slf4j-api\1.7.32\slf4j-api-1.7.32.jar;C:\Users\yassinjouao\.m2\repository\ch\qos\logback\logback-classic\1.2.6\logback-classic-1.2.6.jar;C:\Users\yassinjouao\.m2\repository\ch\qos\logback\logback-core\1.2.6\logback-core-1.2.6.jar;C:\Users\yassinjouao\.m2\repository\org\junit\jupiter\junit-jupiter-api\5.9.0\junit-jupiter-api-5.9.0.jar;C:\Users\yassinjouao\.m2\repository\org\opentest4j\opentest4j\1.2.0\opentest4j-1.2.0.jar;C:\Users\yassinjouao\.m2\repository\org\junit\platform\junit-platform-commons\1.9.0\junit-platform-commons-1.9.0.jar;C:\Users\yassinjouao\.m2\repository\org\apiguardian\apiguardian-api\1.1.2\apiguardian-api-1.1.2.jar;C:\Users\yassinjouao\.m2\repository\org\junit\jupiter\junit-jupiter-params\5.10.0\junit-jupiter-params-5.10.0.jar;C:\Users\yassinjouao\.m2\repository\org\junit\jupiter\junit-jupiter-engine\5.9.0\junit-jupiter-engine-5.9.0.jar;C:\Users\yassinjouao\.m2\repository\org\junit\platform\junit-platform-engine\1.9.0\junit-platform-engine-1.9.0.jar;C:\Users\yassinjouao\.m2\repository\org\hamcrest\hamcrest-core\2.2\hamcrest-core-2.2.jar;C:\Users\yassinjouao\.m2\repository\org\hamcrest\hamcrest\2.2\hamcrest-2.2.jar;C:\Users\yassinjouao\.m2\repository\com\mysql\mysql-connector-j\8.0.31\mysql-connector-j-8.0.31.jar;C:\Users\yassinjouao\.m2\repository\com\google\protobuf\protobuf-java\3.19.4\protobuf-java-3.19.4.jar;C:\Users\yassinjouao\.m2\repository\org\springframework\spring-orm\5.2.22.RELEASE\spring-orm-5.2.22.RELEASE.jar;C:\Users\yassinjouao\.m2\repository\org\springframework\spring-jdbc\5.2.22.RELEASE\spring-jdbc-5.2.22.RELEASE.jar;C:\Users\yassinjouao\.m2\repository\org\springframework\spring-tx\5.2.22.RELEASE\spring-tx-5.2.22.RELEASE.jar;C:\Users\yassinjouao\.m2\repository\org\hibernate\hibernate-entitymanager\5.2.17.Final\hibernate-entitymanager-5.2.17.Final.jar;C:\Users\yassinjouao\.m2\repository\org\jboss\logging\jboss-logging\3.3.1.Final\jboss-logging-3.3.1.Final.jar;C:\Users\yassinjouao\.m2\repository\org\hibernate\hibernate-core\5.2.17.Final\hibernate-core-5.2.17.Final.jar;C:\Users\yassinjouao\.m2\repository\antlr\antlr\2.7.7\antlr-2.7.7.jar;C:\Users\yassinjouao\.m2\repository\org\jboss\jandex\2.0.3.Final\jandex-2.0.3.Final.jar;C:\Users\yassinjouao\.m2\repository\dom4j\dom4j\1.6.1\dom4j-1.6.1.jar;C:\Users\yassinjouao\.m2\repository\org\hibernate\common\hibernate-commons-annotations\5.0.1.Final\hibernate-commons-annotations-5.0.1.Final.jar;C:\Users\yassinjouao\.m2\repository\org\hibernate\javax\persistence\hibernate-jpa-2.1-api\1.0.0.Final\hibernate-jpa-2.1-api-1.0.0.Final.jar;C:\Users\yassinjouao\.m2\repository\org\javassist\javassist\3.22.0-GA\javassist-3.22.0-GA.jar;C:\Users\yassinjouao\.m2\repository\net\bytebuddy\byte-buddy\1.6.14\byte-buddy-1.6.14.jar;C:\Users\yassinjouao\.m2\repository\org\jboss\spec\javax\transaction\jboss-transaction-api_1.2_spec\1.0.1.Final\jboss-transaction-api_1.2_spec-1.0.1.Final.jar;C:\Users\yassinjouao\.m2\repository\org\hibernate\hibernate-validator\5.4.1.Final\hibernate-validator-5.4.1.Final.jar;C:\Users\yassinjouao\.m2\repository\javax\validation\validation-api\1.1.0.Final\validation-api-1.1.0.Final.jar;C:\Users\yassinjouao\.m2\repository\com\fasterxml\classmate\1.3.1\classmate-1.3.1.jar;C:\Users\yassinjouao\.m2\repository\org\springframework\data\spring-data-jpa\2.1.0.RELEASE\spring-data-jpa-2.1.0.RELEASE.jar;C:\Users\yassinjouao\.m2\repository\org\springframework\data\spring-data-commons\2.1.0.RELEASE\spring-data-commons-2.1.0.RELEASE.jar;C:\Users\yassinjouao\.m2\repository\org\aspectj\aspectjrt\1.9.1\aspectjrt-1.9.1.jar;C:\Users\yassinjouao\.m2\repository\com\h2database\h2\2.1.214\h2-2.1.214.jar;, java.vm.vendor=Oracle Corporation, sun.arch.data.model=64, user.variant=, java.vendor.url=http://java.oracle.com/, user.timezone=Africa/Casablanca, os.name=Windows 10, java.vm.specification.version=1.8, javax.persistence.validation.mode=AUTO, user.country=US, sun.java.launcher=SUN_STANDARD, sun.boot.library.path=C:\Program Files\Java\jdk-1.8\jre\bin, sun.java.command=C:\Users\yassinjouao\AppData\Local\Temp\surefire9048561224659287692\surefirebooter-20240105102859982_3.jar C:\Users\yassinjouao\AppData\Local\Temp\surefire9048561224659287692 2024-01-05T10-28-55_009-jvmRun1 surefire-20240105102859982_1tmp surefire_0-20240105102859982_2tmp, javax.persistence.sharedCache.mode=UNSPECIFIED, surefire.test.class.path=C:\Users\yassinjouao\Desktop\backup\target\test-classes;C:\Users\yassinjouao\Desktop\backup\target\classes;C:\Users\yassinjouao\.m2\repository\com\fasterxml\jackson\core\jackson-databind\2.13.0\jackson-databind-2.13.0.jar;C:\Users\yassinjouao\.m2\repository\com\fasterxml\jackson\core\jackson-core\2.13.0\jackson-core-2.13.0.jar;C:\Users\yassinjouao\.m2\repository\com\fasterxml\jackson\core\jackson-annotations\2.13.0\jackson-annotations-2.13.0.jar;C:\Users\yassinjouao\.m2\repository\org\apache\poi\poi-ooxml\3.11\poi-ooxml-3.11.jar;C:\Users\yassinjouao\.m2\repository\org\apache\poi\poi\3.11\poi-3.11.jar;C:\Users\yassinjouao\.m2\repository\commons-codec\commons-codec\1.9\commons-codec-1.9.jar;C:\Users\yassinjouao\.m2\repository\org\apache\poi\poi-ooxml-schemas\3.11\poi-ooxml-schemas-3.11.jar;C:\Users\yassinjouao\.m2\repository\org\apache\xmlbeans\xmlbeans\2.6.0\xmlbeans-2.6.0.jar;C:\Users\yassinjouao\.m2\repository\stax\stax-api\1.0.1\stax-api-1.0.1.jar;C:\Users\yassinjouao\.m2\repository\org\springframework\spring-webmvc\5.2.22.RELEASE\spring-webmvc-5.2.22.RELEASE.jar;C:\Users\yassinjouao\.m2\repository\org\springframework\spring-aop\5.2.22.RELEASE\spring-aop-5.2.22.RELEASE.jar;C:\Users\yassinjouao\.m2\repository\org\springframework\spring-beans\5.2.22.RELEASE\spring-beans-5.2.22.RELEASE.jar;C:\Users\yassinjouao\.m2\repository\org\springframework\spring-context\5.2.22.RELEASE\spring-context-5.2.22.RELEASE.jar;C:\Users\yassinjouao\.m2\repository\org\springframework\spring-core\5.2.22.RELEASE\spring-core-5.2.22.RELEASE.jar;C:\Users\yassinjouao\.m2\repository\org\springframework\spring-jcl\5.2.22.RELEASE\spring-jcl-5.2.22.RELEASE.jar;C:\Users\yassinjouao\.m2\repository\org\springframework\spring-expression\5.2.22.RELEASE\spring-expression-5.2.22.RELEASE.jar;C:\Users\yassinjouao\.m2\repository\org\springframework\spring-web\5.2.22.RELEASE\spring-web-5.2.22.RELEASE.jar;C:\Users\yassinjouao\.m2\repository\org\thymeleaf\thymeleaf-spring5\3.0.15.RELEASE\thymeleaf-spring5-3.0.15.RELEASE.jar;C:\Users\yassinjouao\.m2\repository\org\thymeleaf\thymeleaf\3.0.15.RELEASE\thymeleaf-3.0.15.RELEASE.jar;C:\Users\yassinjouao\.m2\repository\org\attoparser\attoparser\2.0.5.RELEASE\attoparser-2.0.5.RELEASE.jar;C:\Users\yassinjouao\.m2\repository\org\unbescape\unbescape\1.1.6.RELEASE\unbescape-1.1.6.RELEASE.jar;C:\Users\yassinjouao\.m2\repository\org\webjars\bootstrap\5.2.0\bootstrap-5.2.0.jar;C:\Users\yassinjouao\.m2\repository\jakarta\servlet\jakarta.servlet-api\4.0.4\jakarta.servlet-api-4.0.4.jar;C:\Users\yassinjouao\.m2\repository\org\springframework\spring-test\5.2.22.RELEASE\spring-test-5.2.22.RELEASE.jar;C:\Users\yassinjouao\.m2\repository\org\slf4j\slf4j-api\1.7.32\slf4j-api-1.7.32.jar;C:\Users\yassinjouao\.m2\repository\ch\qos\logback\logback-classic\1.2.6\logback-classic-1.2.6.jar;C:\Users\yassinjouao\.m2\repository\ch\qos\logback\logback-core\1.2.6\logback-core-1.2.6.jar;C:\Users\yassinjouao\.m2\repository\org\junit\jupiter\junit-jupiter-api\5.9.0\junit-jupiter-api-5.9.0.jar;C:\Users\yassinjouao\.m2\repository\org\opentest4j\opentest4j\1.2.0\opentest4j-1.2.0.jar;C:\Users\yassinjouao\.m2\repository\org\junit\platform\junit-platform-commons\1.9.0\junit-platform-commons-1.9.0.jar;C:\Users\yassinjouao\.m2\repository\org\apiguardian\apiguardian-api\1.1.2\apiguardian-api-1.1.2.jar;C:\Users\yassinjouao\.m2\repository\org\junit\jupiter\junit-jupiter-params\5.10.0\junit-jupiter-params-5.10.0.jar;C:\Users\yassinjouao\.m2\repository\org\junit\jupiter\junit-jupiter-engine\5.9.0\junit-jupiter-engine-5.9.0.jar;C:\Users\yassinjouao\.m2\repository\org\junit\platform\junit-platform-engine\1.9.0\junit-platform-engine-1.9.0.jar;C:\Users\yassinjouao\.m2\repository\org\hamcrest\hamcrest-core\2.2\hamcrest-core-2.2.jar;C:\Users\yassinjouao\.m2\repository\org\hamcrest\hamcrest\2.2\hamcrest-2.2.jar;C:\Users\yassinjouao\.m2\repository\com\mysql\mysql-connector-j\8.0.31\mysql-connector-j-8.0.31.jar;C:\Users\yassinjouao\.m2\repository\com\google\protobuf\protobuf-java\3.19.4\protobuf-java-3.19.4.jar;C:\Users\yassinjouao\.m2\repository\org\springframework\spring-orm\5.2.22.RELEASE\spring-orm-5.2.22.RELEASE.jar;C:\Users\yassinjouao\.m2\repository\org\springframework\spring-jdbc\5.2.22.RELEASE\spring-jdbc-5.2.22.RELEASE.jar;C:\Users\yassinjouao\.m2\repository\org\springframework\spring-tx\5.2.22.RELEASE\spring-tx-5.2.22.RELEASE.jar;C:\Users\yassinjouao\.m2\repository\org\hibernate\hibernate-entitymanager\5.2.17.Final\hibernate-entitymanager-5.2.17.Final.jar;C:\Users\yassinjouao\.m2\repository\org\jboss\logging\jboss-logging\3.3.1.Final\jboss-logging-3.3.1.Final.jar;C:\Users\yassinjouao\.m2\repository\org\hibernate\hibernate-core\5.2.17.Final\hibernate-core-5.2.17.Final.jar;C:\Users\yassinjouao\.m2\repository\antlr\antlr\2.7.7\antlr-2.7.7.jar;C:\Users\yassinjouao\.m2\repository\org\jboss\jandex\2.0.3.Final\jandex-2.0.3.Final.jar;C:\Users\yassinjouao\.m2\repository\dom4j\dom4j\1.6.1\dom4j-1.6.1.jar;C:\Users\yassinjouao\.m2\repository\org\hibernate\common\hibernate-commons-annotations\5.0.1.Final\hibernate-commons-annotations-5.0.1.Final.jar;C:\Users\yassinjouao\.m2\repository\org\hibernate\javax\persistence\hibernate-jpa-2.1-api\1.0.0.Final\hibernate-jpa-2.1-api-1.0.0.Final.jar;C:\Users\yassinjouao\.m2\repository\org\javassist\javassist\3.22.0-GA\javassist-3.22.0-GA.jar;C:\Users\yassinjouao\.m2\repository\net\bytebuddy\byte-buddy\1.6.14\byte-buddy-1.6.14.jar;C:\Users\yassinjouao\.m2\repository\org\jboss\spec\javax\transaction\jboss-transaction-api_1.2_spec\1.0.1.Final\jboss-transaction-api_1.2_spec-1.0.1.Final.jar;C:\Users\yassinjouao\.m2\repository\org\hibernate\hibernate-validator\5.4.1.Final\hibernate-validator-5.4.1.Final.jar;C:\Users\yassinjouao\.m2\repository\javax\validation\validation-api\1.1.0.Final\validation-api-1.1.0.Final.jar;C:\Users\yassinjouao\.m2\repository\com\fasterxml\classmate\1.3.1\classmate-1.3.1.jar;C:\Users\yassinjouao\.m2\repository\org\springframework\data\spring-data-jpa\2.1.0.RELEASE\spring-data-jpa-2.1.0.RELEASE.jar;C:\Users\yassinjouao\.m2\repository\org\springframework\data\spring-data-commons\2.1.0.RELEASE\spring-data-commons-2.1.0.RELEASE.jar;C:\Users\yassinjouao\.m2\repository\org\aspectj\aspectjrt\1.9.1\aspectjrt-1.9.1.jar;C:\Users\yassinjouao\.m2\repository\com\h2database\h2\2.1.214\h2-2.1.214.jar;, sun.cpu.endian=little, user.home=C:\Users\yassinjouao, user.language=en, java.specification.vendor=Oracle Corporation, java.home=C:\Program Files\Java\jdk-1.8\jre, basedir=C:\Users\yassinjouao\Desktop\backup, file.separator=\, line.separator=
, java.vm.specification.vendor=Oracle Corporation, java.specification.name=Java Platform API Specification, hibernate.transaction.coordinator_class=class org.hibernate.resource.transaction.backend.jdbc.internal.JdbcResourceLocalTransactionCoordinatorBuilderImpl, java.awt.graphicsenv=sun.awt.Win32GraphicsEnvironment, surefire.real.class.path=C:\Users\yassinjouao\AppData\Local\Temp\surefire9048561224659287692\surefirebooter-20240105102859982_3.jar, sun.boot.class.path=C:\Program Files\Java\jdk-1.8\jre\lib\resources.jar;C:\Program Files\Java\jdk-1.8\jre\lib\rt.jar;C:\Program Files\Java\jdk-1.8\jre\lib\jsse.jar;C:\Program Files\Java\jdk-1.8\jre\lib\jce.jar;C:\Program Files\Java\jdk-1.8\jre\lib\charsets.jar;C:\Program Files\Java\jdk-1.8\jre\lib\jfr.jar;C:\Program Files\Java\jdk-1.8\jre\classes, hibernate.hbm2ddl.auto=update, user.script=, sun.management.compiler=HotSpot 64-Bit Tiered Compilers, java.runtime.version=1.8.0_391-b13, hibernate.cache.use_query_cache=false, user.name=yassinjouao, path.separator=;, os.version=10.0, java.endorsed.dirs=C:\Program Files\Java\jdk-1.8\jre\lib\endorsed, java.runtime.name=Java(TM) SE Runtime Environment, hibernate.ejb.persistenceUnitName=default, file.encoding=Cp1252, java.vm.name=Java HotSpot(TM) 64-Bit Server VM, localRepository=C:\Users\yassinjouao\.m2\repository, java.vendor.url.bug=http://bugreport.sun.com/bugreport/, java.io.tmpdir=C:\Users\YASSIN~1\AppData\Local\Temp\, java.version=1.8.0_391, user.dir=C:\Users\yassinjouao\Desktop\backup, os.arch=amd64, java.vm.specification.name=Java Virtual Machine Specification, java.awt.printerjob=sun.awt.windows.WPrinterJob, sun.os.patch.level=, hibernate.boot.CfgXmlAccessService.key=org.hibernate.boot.cfgxml.spi.LoadedConfig@6d2dc9d2, hibernate.cache.use_second_level_cache=false, java.library.path=C:\Program Files\Java\jdk-1.8\jre\bin;C:\WINDOWS\Sun\Java\bin;C:\WINDOWS\system32;C:\WINDOWS;C:\Users\yassinjouao\bin;C:\Program Files\Git\mingw64\bin;C:\Program Files\Git\usr\local\bin;C:\Program Files\Git\usr\bin;C:\Program Files\Git\usr\bin;C:\Program Files\Git\mingw64\bin;C:\Program Files\Git\usr\bin;C:\Users\yassinjouao\bin;C:\Program Files\Java\jdk-1.8\bin;C:\WINDOWS\system32;C:\WINDOWS;C:\WINDOWS\System32\Wbem;C:\WINDOWS\System32\WindowsPowerShell\v1.0;C:\WINDOWS\System32\OpenSSH;C:\Program Files\Git\cmd;C:\Program Files\nodejs;C:\Program Files\apache-maven-3.9.6\bin;C:\Program Files\Cloudflare\Cloudflare WARP;C:\Users\yassinjouao\AppData\Local\Microsoft\WindowsApps;C:\Users\yassinjouao\AppData\Local\Programs\Microsoft VS Code\bin;C:\Users\yassinjouao\go\bin;C:\Users\yassinjouao\AppData\Roaming\npm;C:\Program Files\mongosh;C:\Program Files\JetBrains\IntelliJ IDEA Community Edition 2023.3\bin;C:\Program Files\JetBrains\IntelliJ IDEA 2023.3.2\bin;C:\Users\yassinjouao\AppData\Local\JetBrains\Toolbox\scripts;C:\Program Files\Git\usr\bin\vendor_perl;C:\Program Files\Git\usr\bin\core_perl;., java.vm.info=mixed mode, java.vendor=Oracle Corporation, java.vm.version=25.391-b13, hibernate.bytecode.use_reflection_optimizer=false, java.specification.maintenance.version=5, hibernate.connection.datasource=org.springframework.jdbc.datasource.DriverManagerDataSource@5911e990, java.ext.dirs=C:\Program Files\Java\jdk-1.8\jre\lib\ext;C:\WINDOWS\Sun\Java\lib\ext, sun.io.unicode.encoding=UnicodeLittle, java.class.version=52.0}
10:29:05.158 [main] INFO org.hibernate.validator.internal.util.Version - HV000001: Hibernate Validator 5.4.1.Final
10:29:05.188 [main] DEBUG org.hibernate.validator.internal.engine.resolver.DefaultTraversableResolver - Found javax.persistence.Persistence on classpath containing 'getPersistenceUtil'. Assuming JPA 2 environment. Trying to instantiate JPA aware TraversableResolver
10:29:05.190 [main] DEBUG org.hibernate.validator.internal.engine.resolver.DefaultTraversableResolver - Instantiated JPA aware TraversableResolver of type org.hibernate.validator.internal.engine.resolver.JPATraversableResolver.
10:29:05.193 [main] DEBUG org.hibernate.validator.internal.xml.ValidationXmlParser - Trying to load META-INF/validation.xml for XML based Validator configuration.
10:29:05.195 [main] DEBUG org.hibernate.validator.internal.xml.ResourceLoaderHelper - Trying to load META-INF/validation.xml via TCCL
10:29:05.195 [main] DEBUG org.hibernate.validator.internal.xml.ResourceLoaderHelper - Trying to load META-INF/validation.xml via Hibernate Validator's class loader
10:29:05.196 [main] DEBUG org.hibernate.validator.internal.xml.ValidationXmlParser - No META-INF/validation.xml found. Using annotation based configuration only.
10:29:05.213 [main] DEBUG org.hibernate.cfg.beanvalidation.TypeSafeActivator - Unable to acquire Bean Validation ValidatorFactory, skipping activation
10:29:05.213 [main] DEBUG org.hibernate.secure.spi.JaccIntegrator - Skipping JACC integration as it was not enabled
10:29:05.220 [main] DEBUG org.hibernate.engine.spi.CascadeStyles - External cascade style registration [persist : STYLE_PERSIST_SKIPLAZY] overrode base registration [STYLE_PERSIST]
10:29:05.242 [main] DEBUG org.hibernate.internal.SessionFactoryImpl - Instantiated session factory
10:29:05.298 [main] DEBUG org.hibernate.boot.internal.ClassLoaderAccessImpl - Not known whether passed class name [com.joseph.entity.Client] is safe
10:29:05.298 [main] DEBUG org.hibernate.boot.internal.ClassLoaderAccessImpl - No temp ClassLoader provided; using live ClassLoader for loading potentially unsafe class : com.joseph.entity.Client
10:29:05.317 [main] DEBUG org.hibernate.boot.internal.ClassLoaderAccessImpl - Not known whether passed class name [com.joseph.entity.Client] is safe
10:29:05.317 [main] DEBUG org.hibernate.boot.internal.ClassLoaderAccessImpl - No temp ClassLoader provided; using live ClassLoader for loading potentially unsafe class : com.joseph.entity.Client
10:29:05.366 [main] DEBUG org.hibernate.boot.internal.ClassLoaderAccessImpl - Not known whether passed class name [com.joseph.entity.Order] is safe
10:29:05.366 [main] DEBUG org.hibernate.boot.internal.ClassLoaderAccessImpl - No temp ClassLoader provided; using live ClassLoader for loading potentially unsafe class : com.joseph.entity.Order
10:29:05.380 [main] DEBUG org.hibernate.boot.internal.ClassLoaderAccessImpl - Not known whether passed class name [com.joseph.entity.Order] is safe
10:29:05.380 [main] DEBUG org.hibernate.boot.internal.ClassLoaderAccessImpl - No temp ClassLoader provided; using live ClassLoader for loading potentially unsafe class : com.joseph.entity.Order
10:29:05.388 [main] DEBUG org.hibernate.boot.internal.ClassLoaderAccessImpl - Not known whether passed class name [com.joseph.entity.Product] is safe
10:29:05.388 [main] DEBUG org.hibernate.boot.internal.ClassLoaderAccessImpl - No temp ClassLoader provided; using live ClassLoader for loading potentially unsafe class : com.joseph.entity.Product
10:29:05.389 [main] DEBUG org.hibernate.boot.internal.ClassLoaderAccessImpl - Not known whether passed class name [com.joseph.entity.Product] is safe
10:29:05.389 [main] DEBUG org.hibernate.boot.internal.ClassLoaderAccessImpl - No temp ClassLoader provided; using live ClassLoader for loading potentially unsafe class : com.joseph.entity.Product
10:29:05.394 [main] DEBUG org.hibernate.boot.internal.ClassLoaderAccessImpl - Not known whether passed class name [com.joseph.entity.OrderItem] is safe
10:29:05.394 [main] DEBUG org.hibernate.boot.internal.ClassLoaderAccessImpl - No temp ClassLoader provided; using live ClassLoader for loading potentially unsafe class : com.joseph.entity.OrderItem
10:29:05.394 [main] DEBUG org.hibernate.boot.internal.ClassLoaderAccessImpl - Not known whether passed class name [com.joseph.entity.OrderItem] is safe
10:29:05.394 [main] DEBUG org.hibernate.boot.internal.ClassLoaderAccessImpl - No temp ClassLoader provided; using live ClassLoader for loading potentially unsafe class : com.joseph.entity.OrderItem
10:29:05.414 [main] DEBUG org.hibernate.persister.collection.AbstractCollectionPersister - Static SQL for collection: com.joseph.entity.Order.orderItems
10:29:05.414 [main] DEBUG org.hibernate.persister.collection.AbstractCollectionPersister -  Row insert: update orderitems set idorder=? where id=?
10:29:05.414 [main] DEBUG org.hibernate.persister.collection.AbstractCollectionPersister -  Row update: update orderitems set  where id=?
10:29:05.414 [main] DEBUG org.hibernate.persister.collection.AbstractCollectionPersister -  Row delete: update orderitems set idorder=null where idorder=? and id=?
10:29:05.414 [main] DEBUG org.hibernate.persister.collection.AbstractCollectionPersister -  One-shot delete: update orderitems set idorder=null where idorder=?
10:29:05.415 [main] DEBUG org.hibernate.persister.collection.AbstractCollectionPersister - Static SQL for collection: com.joseph.entity.Product.orderItems
10:29:05.415 [main] DEBUG org.hibernate.persister.collection.AbstractCollectionPersister -  Row insert: update orderitems set idproduct=? where id=?
10:29:05.415 [main] DEBUG org.hibernate.persister.collection.AbstractCollectionPersister -  Row update: update orderitems set  where id=?
10:29:05.415 [main] DEBUG org.hibernate.persister.collection.AbstractCollectionPersister -  Row delete: update orderitems set idproduct=null where idproduct=? and id=?
10:29:05.416 [main] DEBUG org.hibernate.persister.collection.AbstractCollectionPersister -  One-shot delete: update orderitems set idproduct=null where idproduct=?
10:29:05.416 [main] DEBUG org.hibernate.persister.collection.AbstractCollectionPersister - Static SQL for collection: com.joseph.entity.Client.orders
10:29:05.416 [main] DEBUG org.hibernate.persister.collection.AbstractCollectionPersister -  Row insert: update order_table set idclient=? where idorder=?
10:29:05.416 [main] DEBUG org.hibernate.persister.collection.AbstractCollectionPersister -  Row update: update order_table set  where idorder=?
10:29:05.416 [main] DEBUG org.hibernate.persister.collection.AbstractCollectionPersister -  Row delete: update order_table set idclient=null where idclient=? and idorder=?
10:29:05.416 [main] DEBUG org.hibernate.persister.collection.AbstractCollectionPersister -  One-shot delete: update order_table set idclient=null where idclient=?
10:29:05.424 [main] DEBUG org.hibernate.persister.entity.AbstractEntityPersister - Static SQL for entity: com.joseph.entity.Client
10:29:05.425 [main] DEBUG org.hibernate.persister.entity.AbstractEntityPersister -  Version select: select idclient from client where idclient =?
10:29:05.425 [main] DEBUG org.hibernate.persister.entity.AbstractEntityPersister -  Snapshot select: select client_.idclient, client_.emailclient as emailcli2_0_, client_.nameclient as nameclie3_0_ from client client_ where client_.idclient=?
10:29:05.425 [main] DEBUG org.hibernate.persister.entity.AbstractEntityPersister -  Insert 0: insert into client (emailclient, nameclient, idclient) values (?, ?, ?)
10:29:05.425 [main] DEBUG org.hibernate.persister.entity.AbstractEntityPersister -  Update 0: update client set emailclient=?, nameclient=? where idclient=?
10:29:05.425 [main] DEBUG org.hibernate.persister.entity.AbstractEntityPersister -  Delete 0: delete from client where idclient=?
10:29:05.425 [main] DEBUG org.hibernate.persister.entity.AbstractEntityPersister -  Identity insert: insert into client (emailclient, nameclient) values (?, ?)
10:29:05.460 [main] DEBUG org.hibernate.loader.plan.build.internal.spaces.QuerySpacesImpl - Adding QuerySpace : uid = <gen:0> -> org.hibernate.loader.plan.build.internal.spaces.EntityQuerySpaceImpl@3727f0ee]
10:29:05.461 [main] DEBUG org.hibernate.persister.walking.spi.MetamodelGraphWalker - Visiting attribute path : emailclient
10:29:05.462 [main] DEBUG org.hibernate.persister.walking.spi.MetamodelGraphWalker - Visiting attribute path : nameclient
10:29:05.462 [main] DEBUG org.hibernate.persister.walking.spi.MetamodelGraphWalker - Visiting attribute path : orders
10:29:05.469 [main] DEBUG org.hibernate.loader.plan.build.internal.spaces.QuerySpacesImpl - Adding QuerySpace : uid = <gen:1> -> org.hibernate.loader.plan.build.internal.spaces.CollectionQuerySpaceImpl@a0db585]
10:29:05.471 [main] DEBUG org.hibernate.loader.plan.build.internal.spaces.QuerySpacesImpl - Adding QuerySpace : uid = <gen:2> -> org.hibernate.loader.plan.build.internal.spaces.EntityQuerySpaceImpl@5527b211]
10:29:05.472 [main] DEBUG org.hibernate.loader.plan.build.internal.FetchStyleLoadPlanBuildingAssociationVisitationStrategy - Building LoadPlan...
10:29:05.492 [main] DEBUG org.hibernate.loader.plan.exec.internal.LoadQueryJoinAndFetchProcessor - processing queryspace <gen:0>
10:29:05.498 [main] DEBUG org.hibernate.loader.plan.build.spi.LoadPlanTreePrinter - LoadPlan(entity=com.joseph.entity.Client)
    - Returns
       - EntityReturnImpl(entity=com.joseph.entity.Client, querySpaceUid=<gen:0>, path=com.joseph.entity.Client)
          - CollectionAttributeFetchImpl(collection=com.joseph.entity.Client.orders, querySpaceUid=<gen:1>, path=com.joseph.entity.Client.orders)
             - (collection element) CollectionFetchableElementEntityGraph(entity=com.joseph.entity.Order, querySpaceUid=<gen:2>, path=com.joseph.entity.Client.orders.<elements>)
    - QuerySpaces
       - EntityQuerySpaceImpl(uid=<gen:0>, entity=com.joseph.entity.Client)
          - SQL table alias mapping - client0_
          - alias suffix - 0_
          - suffixed key columns - {idclient1_0_0_}

10:29:05.502 [main] DEBUG org.hibernate.loader.entity.plan.EntityLoader - Static select for entity com.joseph.entity.Client [NONE]: select client0_.idclient as idclient1_0_0_, client0_.emailclient as emailcli2_0_0_, client0_.nameclient as nameclie3_0_0_ from client client0_ where client0_.idclient=?
10:29:05.502 [main] DEBUG org.hibernate.loader.plan.build.internal.spaces.QuerySpacesImpl - Adding QuerySpace : uid = <gen:0> -> org.hibernate.loader.plan.build.internal.spaces.EntityQuerySpaceImpl@212dfd39]
10:29:05.502 [main] DEBUG org.hibernate.persister.walking.spi.MetamodelGraphWalker - Visiting attribute path : emailclient
10:29:05.502 [main] DEBUG org.hibernate.persister.walking.spi.MetamodelGraphWalker - Visiting attribute path : nameclient
10:29:05.502 [main] DEBUG org.hibernate.persister.walking.spi.MetamodelGraphWalker - Visiting attribute path : orders
10:29:05.503 [main] DEBUG org.hibernate.loader.plan.build.internal.spaces.QuerySpacesImpl - Adding QuerySpace : uid = <gen:1> -> org.hibernate.loader.plan.build.internal.spaces.CollectionQuerySpaceImpl@65d57e4e]
10:29:05.503 [main] DEBUG org.hibernate.loader.plan.build.internal.spaces.QuerySpacesImpl - Adding QuerySpace : uid = <gen:2> -> org.hibernate.loader.plan.build.internal.spaces.EntityQuerySpaceImpl@6daf7d37]
10:29:05.503 [main] DEBUG org.hibernate.loader.plan.build.internal.FetchStyleLoadPlanBuildingAssociationVisitationStrategy - Building LoadPlan...
10:29:05.503 [main] DEBUG org.hibernate.loader.plan.exec.internal.LoadQueryJoinAndFetchProcessor - processing queryspace <gen:0>
10:29:05.503 [main] DEBUG org.hibernate.loader.plan.build.spi.LoadPlanTreePrinter - LoadPlan(entity=com.joseph.entity.Client)
    - Returns
       - EntityReturnImpl(entity=com.joseph.entity.Client, querySpaceUid=<gen:0>, path=com.joseph.entity.Client)
          - CollectionAttributeFetchImpl(collection=com.joseph.entity.Client.orders, querySpaceUid=<gen:1>, path=com.joseph.entity.Client.orders)
             - (collection element) CollectionFetchableElementEntityGraph(entity=com.joseph.entity.Order, querySpaceUid=<gen:2>, path=com.joseph.entity.Client.orders.<elements>)
    - QuerySpaces
       - EntityQuerySpaceImpl(uid=<gen:0>, entity=com.joseph.entity.Client)
          - SQL table alias mapping - client0_
          - alias suffix - 0_
          - suffixed key columns - {idclient1_0_0_}

10:29:05.504 [main] DEBUG org.hibernate.loader.entity.plan.EntityLoader - Static select for entity com.joseph.entity.Client [READ]: select client0_.idclient as idclient1_0_0_, client0_.emailclient as emailcli2_0_0_, client0_.nameclient as nameclie3_0_0_ from client client0_ where client0_.idclient=?
10:29:05.504 [main] DEBUG org.hibernate.loader.plan.build.internal.spaces.QuerySpacesImpl - Adding QuerySpace : uid = <gen:0> -> org.hibernate.loader.plan.build.internal.spaces.EntityQuerySpaceImpl@23a5818e]
10:29:05.504 [main] DEBUG org.hibernate.persister.walking.spi.MetamodelGraphWalker - Visiting attribute path : emailclient
10:29:05.504 [main] DEBUG org.hibernate.persister.walking.spi.MetamodelGraphWalker - Visiting attribute path : nameclient
10:29:05.504 [main] DEBUG org.hibernate.persister.walking.spi.MetamodelGraphWalker - Visiting attribute path : orders
10:29:05.504 [main] DEBUG org.hibernate.loader.plan.build.internal.spaces.QuerySpacesImpl - Adding QuerySpace : uid = <gen:1> -> org.hibernate.loader.plan.build.internal.spaces.CollectionQuerySpaceImpl@9fc9f91]
10:29:05.504 [main] DEBUG org.hibernate.loader.plan.build.internal.spaces.QuerySpacesImpl - Adding QuerySpace : uid = <gen:2> -> org.hibernate.loader.plan.build.internal.spaces.EntityQuerySpaceImpl@1fac1d5c]
10:29:05.504 [main] DEBUG org.hibernate.loader.plan.build.internal.FetchStyleLoadPlanBuildingAssociationVisitationStrategy - Building LoadPlan...
10:29:05.504 [main] DEBUG org.hibernate.loader.plan.exec.internal.LoadQueryJoinAndFetchProcessor - processing queryspace <gen:0>
10:29:05.505 [main] DEBUG org.hibernate.loader.plan.build.spi.LoadPlanTreePrinter - LoadPlan(entity=com.joseph.entity.Client)
    - Returns
       - EntityReturnImpl(entity=com.joseph.entity.Client, querySpaceUid=<gen:0>, path=com.joseph.entity.Client)
          - CollectionAttributeFetchImpl(collection=com.joseph.entity.Client.orders, querySpaceUid=<gen:1>, path=com.joseph.entity.Client.orders)
             - (collection element) CollectionFetchableElementEntityGraph(entity=com.joseph.entity.Order, querySpaceUid=<gen:2>, path=com.joseph.entity.Client.orders.<elements>)
    - QuerySpaces
       - EntityQuerySpaceImpl(uid=<gen:0>, entity=com.joseph.entity.Client)
          - SQL table alias mapping - client0_
          - alias suffix - 0_
          - suffixed key columns - {idclient1_0_0_}

10:29:05.505 [main] DEBUG org.hibernate.loader.entity.plan.EntityLoader - Static select for entity com.joseph.entity.Client [UPGRADE]: select client0_.idclient as idclient1_0_0_, client0_.emailclient as emailcli2_0_0_, client0_.nameclient as nameclie3_0_0_ from client client0_ where client0_.idclient=? for update
10:29:05.505 [main] DEBUG org.hibernate.loader.plan.build.internal.spaces.QuerySpacesImpl - Adding QuerySpace : uid = <gen:0> -> org.hibernate.loader.plan.build.internal.spaces.EntityQuerySpaceImpl@108a46d6]
10:29:05.505 [main] DEBUG org.hibernate.persister.walking.spi.MetamodelGraphWalker - Visiting attribute path : emailclient
10:29:05.505 [main] DEBUG org.hibernate.persister.walking.spi.MetamodelGraphWalker - Visiting attribute path : nameclient
10:29:05.505 [main] DEBUG org.hibernate.persister.walking.spi.MetamodelGraphWalker - Visiting attribute path : orders
10:29:05.506 [main] DEBUG org.hibernate.loader.plan.build.internal.spaces.QuerySpacesImpl - Adding QuerySpace : uid = <gen:1> -> org.hibernate.loader.plan.build.internal.spaces.CollectionQuerySpaceImpl@17690e14]
10:29:05.506 [main] DEBUG org.hibernate.loader.plan.build.internal.spaces.QuerySpacesImpl - Adding QuerySpace : uid = <gen:2> -> org.hibernate.loader.plan.build.internal.spaces.EntityQuerySpaceImpl@6850b758]
10:29:05.506 [main] DEBUG org.hibernate.loader.plan.build.internal.FetchStyleLoadPlanBuildingAssociationVisitationStrategy - Building LoadPlan...
10:29:05.506 [main] DEBUG org.hibernate.loader.plan.exec.internal.LoadQueryJoinAndFetchProcessor - processing queryspace <gen:0>
10:29:05.506 [main] DEBUG org.hibernate.loader.plan.build.spi.LoadPlanTreePrinter - LoadPlan(entity=com.joseph.entity.Client)
    - Returns
       - EntityReturnImpl(entity=com.joseph.entity.Client, querySpaceUid=<gen:0>, path=com.joseph.entity.Client)
          - CollectionAttributeFetchImpl(collection=com.joseph.entity.Client.orders, querySpaceUid=<gen:1>, path=com.joseph.entity.Client.orders)
             - (collection element) CollectionFetchableElementEntityGraph(entity=com.joseph.entity.Order, querySpaceUid=<gen:2>, path=com.joseph.entity.Client.orders.<elements>)
    - QuerySpaces
       - EntityQuerySpaceImpl(uid=<gen:0>, entity=com.joseph.entity.Client)
          - SQL table alias mapping - client0_
          - alias suffix - 0_
          - suffixed key columns - {idclient1_0_0_}

10:29:05.506 [main] DEBUG org.hibernate.loader.entity.plan.EntityLoader - Static select for entity com.joseph.entity.Client [UPGRADE_NOWAIT]: select client0_.idclient as idclient1_0_0_, client0_.emailclient as emailcli2_0_0_, client0_.nameclient as nameclie3_0_0_ from client client0_ where client0_.idclient=? for update
10:29:05.507 [main] DEBUG org.hibernate.loader.plan.build.internal.spaces.QuerySpacesImpl - Adding QuerySpace : uid = <gen:0> -> org.hibernate.loader.plan.build.internal.spaces.EntityQuerySpaceImpl@2a2ef072]
10:29:05.507 [main] DEBUG org.hibernate.persister.walking.spi.MetamodelGraphWalker - Visiting attribute path : emailclient
10:29:05.507 [main] DEBUG org.hibernate.persister.walking.spi.MetamodelGraphWalker - Visiting attribute path : nameclient
10:29:05.507 [main] DEBUG org.hibernate.persister.walking.spi.MetamodelGraphWalker - Visiting attribute path : orders
10:29:05.507 [main] DEBUG org.hibernate.loader.plan.build.internal.spaces.QuerySpacesImpl - Adding QuerySpace : uid = <gen:1> -> org.hibernate.loader.plan.build.internal.spaces.CollectionQuerySpaceImpl@2f00f851]
10:29:05.507 [main] DEBUG org.hibernate.loader.plan.build.internal.spaces.QuerySpacesImpl - Adding QuerySpace : uid = <gen:2> -> org.hibernate.loader.plan.build.internal.spaces.EntityQuerySpaceImpl@4207609e]
10:29:05.507 [main] DEBUG org.hibernate.loader.plan.build.internal.FetchStyleLoadPlanBuildingAssociationVisitationStrategy - Building LoadPlan...
10:29:05.507 [main] DEBUG org.hibernate.loader.plan.exec.internal.LoadQueryJoinAndFetchProcessor - processing queryspace <gen:0>
10:29:05.508 [main] DEBUG org.hibernate.loader.plan.build.spi.LoadPlanTreePrinter - LoadPlan(entity=com.joseph.entity.Client)
    - Returns
       - EntityReturnImpl(entity=com.joseph.entity.Client, querySpaceUid=<gen:0>, path=com.joseph.entity.Client)
          - CollectionAttributeFetchImpl(collection=com.joseph.entity.Client.orders, querySpaceUid=<gen:1>, path=com.joseph.entity.Client.orders)
             - (collection element) CollectionFetchableElementEntityGraph(entity=com.joseph.entity.Order, querySpaceUid=<gen:2>, path=com.joseph.entity.Client.orders.<elements>)
    - QuerySpaces
       - EntityQuerySpaceImpl(uid=<gen:0>, entity=com.joseph.entity.Client)
          - SQL table alias mapping - client0_
          - alias suffix - 0_
          - suffixed key columns - {idclient1_0_0_}

10:29:05.508 [main] DEBUG org.hibernate.loader.entity.plan.EntityLoader - Static select for entity com.joseph.entity.Client [UPGRADE_SKIPLOCKED]: select client0_.idclient as idclient1_0_0_, client0_.emailclient as emailcli2_0_0_, client0_.nameclient as nameclie3_0_0_ from client client0_ where client0_.idclient=? for update
10:29:05.508 [main] DEBUG org.hibernate.loader.plan.build.internal.spaces.QuerySpacesImpl - Adding QuerySpace : uid = <gen:0> -> org.hibernate.loader.plan.build.internal.spaces.EntityQuerySpaceImpl@1f77b5cc]
10:29:05.508 [main] DEBUG org.hibernate.persister.walking.spi.MetamodelGraphWalker - Visiting attribute path : emailclient
10:29:05.508 [main] DEBUG org.hibernate.persister.walking.spi.MetamodelGraphWalker - Visiting attribute path : nameclient
10:29:05.509 [main] DEBUG org.hibernate.persister.walking.spi.MetamodelGraphWalker - Visiting attribute path : orders
10:29:05.509 [main] DEBUG org.hibernate.loader.plan.build.internal.spaces.QuerySpacesImpl - Adding QuerySpace : uid = <gen:1> -> org.hibernate.loader.plan.build.internal.spaces.CollectionQuerySpaceImpl@75961f16]
10:29:05.509 [main] DEBUG org.hibernate.loader.plan.build.internal.spaces.QuerySpacesImpl - Adding QuerySpace : uid = <gen:2> -> org.hibernate.loader.plan.build.internal.spaces.EntityQuerySpaceImpl@c6c82aa]
10:29:05.509 [main] DEBUG org.hibernate.loader.plan.build.internal.FetchStyleLoadPlanBuildingAssociationVisitationStrategy - Building LoadPlan...
10:29:05.509 [main] DEBUG org.hibernate.loader.plan.exec.internal.LoadQueryJoinAndFetchProcessor - processing queryspace <gen:0>
10:29:05.509 [main] DEBUG org.hibernate.loader.plan.build.spi.LoadPlanTreePrinter - LoadPlan(entity=com.joseph.entity.Client)
    - Returns
       - EntityReturnImpl(entity=com.joseph.entity.Client, querySpaceUid=<gen:0>, path=com.joseph.entity.Client)
          - CollectionAttributeFetchImpl(collection=com.joseph.entity.Client.orders, querySpaceUid=<gen:1>, path=com.joseph.entity.Client.orders)
             - (collection element) CollectionFetchableElementEntityGraph(entity=com.joseph.entity.Order, querySpaceUid=<gen:2>, path=com.joseph.entity.Client.orders.<elements>)
    - QuerySpaces
       - EntityQuerySpaceImpl(uid=<gen:0>, entity=com.joseph.entity.Client)
          - SQL table alias mapping - client0_
          - alias suffix - 0_
          - suffixed key columns - {idclient1_0_0_}

10:29:05.510 [main] DEBUG org.hibernate.loader.entity.plan.EntityLoader - Static select for entity com.joseph.entity.Client [FORCE]: select client0_.idclient as idclient1_0_0_, client0_.emailclient as emailcli2_0_0_, client0_.nameclient as nameclie3_0_0_ from client client0_ where client0_.idclient=? for update
10:29:05.510 [main] DEBUG org.hibernate.loader.plan.build.internal.spaces.QuerySpacesImpl - Adding QuerySpace : uid = <gen:0> -> org.hibernate.loader.plan.build.internal.spaces.EntityQuerySpaceImpl@2e179f3e]
10:29:05.510 [main] DEBUG org.hibernate.persister.walking.spi.MetamodelGraphWalker - Visiting attribute path : emailclient
10:29:05.510 [main] DEBUG org.hibernate.persister.walking.spi.MetamodelGraphWalker - Visiting attribute path : nameclient
10:29:05.510 [main] DEBUG org.hibernate.persister.walking.spi.MetamodelGraphWalker - Visiting attribute path : orders
10:29:05.510 [main] DEBUG org.hibernate.loader.plan.build.internal.spaces.QuerySpacesImpl - Adding QuerySpace : uid = <gen:1> -> org.hibernate.loader.plan.build.internal.spaces.CollectionQuerySpaceImpl@534c6767]
10:29:05.510 [main] DEBUG org.hibernate.loader.plan.build.internal.spaces.QuerySpacesImpl - Adding QuerySpace : uid = <gen:2> -> org.hibernate.loader.plan.build.internal.spaces.EntityQuerySpaceImpl@3bddc676]
10:29:05.510 [main] DEBUG org.hibernate.loader.plan.build.internal.FetchStyleLoadPlanBuildingAssociationVisitationStrategy - Building LoadPlan...
10:29:05.510 [main] DEBUG org.hibernate.loader.plan.exec.internal.LoadQueryJoinAndFetchProcessor - processing queryspace <gen:0>
10:29:05.511 [main] DEBUG org.hibernate.loader.plan.build.spi.LoadPlanTreePrinter - LoadPlan(entity=com.joseph.entity.Client)
    - Returns
       - EntityReturnImpl(entity=com.joseph.entity.Client, querySpaceUid=<gen:0>, path=com.joseph.entity.Client)
          - CollectionAttributeFetchImpl(collection=com.joseph.entity.Client.orders, querySpaceUid=<gen:1>, path=com.joseph.entity.Client.orders)
             - (collection element) CollectionFetchableElementEntityGraph(entity=com.joseph.entity.Order, querySpaceUid=<gen:2>, path=com.joseph.entity.Client.orders.<elements>)
    - QuerySpaces
       - EntityQuerySpaceImpl(uid=<gen:0>, entity=com.joseph.entity.Client)
          - SQL table alias mapping - client0_
          - alias suffix - 0_
          - suffixed key columns - {idclient1_0_0_}

10:29:05.511 [main] DEBUG org.hibernate.loader.entity.plan.EntityLoader - Static select for entity com.joseph.entity.Client [PESSIMISTIC_READ]: select client0_.idclient as idclient1_0_0_, client0_.emailclient as emailcli2_0_0_, client0_.nameclient as nameclie3_0_0_ from client client0_ where client0_.idclient=? lock in share mode
10:29:05.511 [main] DEBUG org.hibernate.loader.plan.build.internal.spaces.QuerySpacesImpl - Adding QuerySpace : uid = <gen:0> -> org.hibernate.loader.plan.build.internal.spaces.EntityQuerySpaceImpl@29a1505c]
10:29:05.511 [main] DEBUG org.hibernate.persister.walking.spi.MetamodelGraphWalker - Visiting attribute path : emailclient
10:29:05.511 [main] DEBUG org.hibernate.persister.walking.spi.MetamodelGraphWalker - Visiting attribute path : nameclient
10:29:05.511 [main] DEBUG org.hibernate.persister.walking.spi.MetamodelGraphWalker - Visiting attribute path : orders
10:29:05.511 [main] DEBUG org.hibernate.loader.plan.build.internal.spaces.QuerySpacesImpl - Adding QuerySpace : uid = <gen:1> -> org.hibernate.loader.plan.build.internal.spaces.CollectionQuerySpaceImpl@320a8ebf]
10:29:05.511 [main] DEBUG org.hibernate.loader.plan.build.internal.spaces.QuerySpacesImpl - Adding QuerySpace : uid = <gen:2> -> org.hibernate.loader.plan.build.internal.spaces.EntityQuerySpaceImpl@67b100fe]
10:29:05.511 [main] DEBUG org.hibernate.loader.plan.build.internal.FetchStyleLoadPlanBuildingAssociationVisitationStrategy - Building LoadPlan...
10:29:05.512 [main] DEBUG org.hibernate.loader.plan.exec.internal.LoadQueryJoinAndFetchProcessor - processing queryspace <gen:0>
10:29:05.512 [main] DEBUG org.hibernate.loader.plan.build.spi.LoadPlanTreePrinter - LoadPlan(entity=com.joseph.entity.Client)
    - Returns
       - EntityReturnImpl(entity=com.joseph.entity.Client, querySpaceUid=<gen:0>, path=com.joseph.entity.Client)
          - CollectionAttributeFetchImpl(collection=com.joseph.entity.Client.orders, querySpaceUid=<gen:1>, path=com.joseph.entity.Client.orders)
             - (collection element) CollectionFetchableElementEntityGraph(entity=com.joseph.entity.Order, querySpaceUid=<gen:2>, path=com.joseph.entity.Client.orders.<elements>)
    - QuerySpaces
       - EntityQuerySpaceImpl(uid=<gen:0>, entity=com.joseph.entity.Client)
          - SQL table alias mapping - client0_
          - alias suffix - 0_
          - suffixed key columns - {idclient1_0_0_}

10:29:05.512 [main] DEBUG org.hibernate.loader.entity.plan.EntityLoader - Static select for entity com.joseph.entity.Client [PESSIMISTIC_WRITE]: select client0_.idclient as idclient1_0_0_, client0_.emailclient as emailcli2_0_0_, client0_.nameclient as nameclie3_0_0_ from client client0_ where client0_.idclient=? for update
10:29:05.512 [main] DEBUG org.hibernate.loader.plan.build.internal.spaces.QuerySpacesImpl - Adding QuerySpace : uid = <gen:0> -> org.hibernate.loader.plan.build.internal.spaces.EntityQuerySpaceImpl@44b18fe4]
10:29:05.512 [main] DEBUG org.hibernate.persister.walking.spi.MetamodelGraphWalker - Visiting attribute path : emailclient
10:29:05.512 [main] DEBUG org.hibernate.persister.walking.spi.MetamodelGraphWalker - Visiting attribute path : nameclient
10:29:05.512 [main] DEBUG org.hibernate.persister.walking.spi.MetamodelGraphWalker - Visiting attribute path : orders
10:29:05.513 [main] DEBUG org.hibernate.loader.plan.build.internal.spaces.QuerySpacesImpl - Adding QuerySpace : uid = <gen:1> -> org.hibernate.loader.plan.build.internal.spaces.CollectionQuerySpaceImpl@4d3ca6c7]
10:29:05.513 [main] DEBUG org.hibernate.loader.plan.build.internal.spaces.QuerySpacesImpl - Adding QuerySpace : uid = <gen:2> -> org.hibernate.loader.plan.build.internal.spaces.EntityQuerySpaceImpl@22e5f96e]
10:29:05.513 [main] DEBUG org.hibernate.loader.plan.build.internal.FetchStyleLoadPlanBuildingAssociationVisitationStrategy - Building LoadPlan...
10:29:05.513 [main] DEBUG org.hibernate.loader.plan.exec.internal.LoadQueryJoinAndFetchProcessor - processing queryspace <gen:0>
10:29:05.513 [main] DEBUG org.hibernate.loader.plan.build.spi.LoadPlanTreePrinter - LoadPlan(entity=com.joseph.entity.Client)
    - Returns
       - EntityReturnImpl(entity=com.joseph.entity.Client, querySpaceUid=<gen:0>, path=com.joseph.entity.Client)
          - CollectionAttributeFetchImpl(collection=com.joseph.entity.Client.orders, querySpaceUid=<gen:1>, path=com.joseph.entity.Client.orders)
             - (collection element) CollectionFetchableElementEntityGraph(entity=com.joseph.entity.Order, querySpaceUid=<gen:2>, path=com.joseph.entity.Client.orders.<elements>)
    - QuerySpaces
       - EntityQuerySpaceImpl(uid=<gen:0>, entity=com.joseph.entity.Client)
          - SQL table alias mapping - client0_
          - alias suffix - 0_
          - suffixed key columns - {idclient1_0_0_}

10:29:05.513 [main] DEBUG org.hibernate.loader.entity.plan.EntityLoader - Static select for entity com.joseph.entity.Client [PESSIMISTIC_FORCE_INCREMENT]: select client0_.idclient as idclient1_0_0_, client0_.emailclient as emailcli2_0_0_, client0_.nameclient as nameclie3_0_0_ from client client0_ where client0_.idclient=? for update
10:29:05.513 [main] DEBUG org.hibernate.loader.plan.build.internal.spaces.QuerySpacesImpl - Adding QuerySpace : uid = <gen:0> -> org.hibernate.loader.plan.build.internal.spaces.EntityQuerySpaceImpl@6a638c79]
10:29:05.513 [main] DEBUG org.hibernate.persister.walking.spi.MetamodelGraphWalker - Visiting attribute path : emailclient
10:29:05.513 [main] DEBUG org.hibernate.persister.walking.spi.MetamodelGraphWalker - Visiting attribute path : nameclient
10:29:05.513 [main] DEBUG org.hibernate.persister.walking.spi.MetamodelGraphWalker - Visiting attribute path : orders
10:29:05.514 [main] DEBUG org.hibernate.loader.plan.build.internal.spaces.QuerySpacesImpl - Adding QuerySpace : uid = <gen:1> -> org.hibernate.loader.plan.build.internal.spaces.CollectionQuerySpaceImpl@44b194fe]
10:29:05.514 [main] DEBUG org.hibernate.loader.plan.build.internal.spaces.QuerySpacesImpl - Adding QuerySpace : uid = <gen:2> -> org.hibernate.loader.plan.build.internal.spaces.EntityQuerySpaceImpl@49122b8f]
10:29:05.514 [main] DEBUG org.hibernate.loader.plan.build.internal.FetchStyleLoadPlanBuildingAssociationVisitationStrategy - Building LoadPlan...
10:29:05.514 [main] DEBUG org.hibernate.loader.plan.exec.internal.LoadQueryJoinAndFetchProcessor - processing queryspace <gen:0>
10:29:05.514 [main] DEBUG org.hibernate.loader.plan.build.spi.LoadPlanTreePrinter - LoadPlan(entity=com.joseph.entity.Client)
    - Returns
       - EntityReturnImpl(entity=com.joseph.entity.Client, querySpaceUid=<gen:0>, path=com.joseph.entity.Client)
          - CollectionAttributeFetchImpl(collection=com.joseph.entity.Client.orders, querySpaceUid=<gen:1>, path=com.joseph.entity.Client.orders)
             - (collection element) CollectionFetchableElementEntityGraph(entity=com.joseph.entity.Order, querySpaceUid=<gen:2>, path=com.joseph.entity.Client.orders.<elements>)
    - QuerySpaces
       - EntityQuerySpaceImpl(uid=<gen:0>, entity=com.joseph.entity.Client)
          - SQL table alias mapping - client0_
          - alias suffix - 0_
          - suffixed key columns - {idclient1_0_0_}

10:29:05.514 [main] DEBUG org.hibernate.loader.entity.plan.EntityLoader - Static select for entity com.joseph.entity.Client [OPTIMISTIC]: select client0_.idclient as idclient1_0_0_, client0_.emailclient as emailcli2_0_0_, client0_.nameclient as nameclie3_0_0_ from client client0_ where client0_.idclient=?
10:29:05.514 [main] DEBUG org.hibernate.loader.plan.build.internal.spaces.QuerySpacesImpl - Adding QuerySpace : uid = <gen:0> -> org.hibernate.loader.plan.build.internal.spaces.EntityQuerySpaceImpl@3fe46690]
10:29:05.514 [main] DEBUG org.hibernate.persister.walking.spi.MetamodelGraphWalker - Visiting attribute path : emailclient
10:29:05.514 [main] DEBUG org.hibernate.persister.walking.spi.MetamodelGraphWalker - Visiting attribute path : nameclient
10:29:05.514 [main] DEBUG org.hibernate.persister.walking.spi.MetamodelGraphWalker - Visiting attribute path : orders
10:29:05.515 [main] DEBUG org.hibernate.loader.plan.build.internal.spaces.QuerySpacesImpl - Adding QuerySpace : uid = <gen:1> -> org.hibernate.loader.plan.build.internal.spaces.CollectionQuerySpaceImpl@3b4d50b]
10:29:05.515 [main] DEBUG org.hibernate.loader.plan.build.internal.spaces.QuerySpacesImpl - Adding QuerySpace : uid = <gen:2> -> org.hibernate.loader.plan.build.internal.spaces.EntityQuerySpaceImpl@5b22d8a1]
10:29:05.515 [main] DEBUG org.hibernate.loader.plan.build.internal.FetchStyleLoadPlanBuildingAssociationVisitationStrategy - Building LoadPlan...
10:29:05.515 [main] DEBUG org.hibernate.loader.plan.exec.internal.LoadQueryJoinAndFetchProcessor - processing queryspace <gen:0>
10:29:05.515 [main] DEBUG org.hibernate.loader.plan.build.spi.LoadPlanTreePrinter - LoadPlan(entity=com.joseph.entity.Client)
    - Returns
       - EntityReturnImpl(entity=com.joseph.entity.Client, querySpaceUid=<gen:0>, path=com.joseph.entity.Client)
          - CollectionAttributeFetchImpl(collection=com.joseph.entity.Client.orders, querySpaceUid=<gen:1>, path=com.joseph.entity.Client.orders)
             - (collection element) CollectionFetchableElementEntityGraph(entity=com.joseph.entity.Order, querySpaceUid=<gen:2>, path=com.joseph.entity.Client.orders.<elements>)
    - QuerySpaces
       - EntityQuerySpaceImpl(uid=<gen:0>, entity=com.joseph.entity.Client)
          - SQL table alias mapping - client0_
          - alias suffix - 0_
          - suffixed key columns - {idclient1_0_0_}

10:29:05.516 [main] DEBUG org.hibernate.loader.entity.plan.EntityLoader - Static select for entity com.joseph.entity.Client [OPTIMISTIC_FORCE_INCREMENT]: select client0_.idclient as idclient1_0_0_, client0_.emailclient as emailcli2_0_0_, client0_.nameclient as nameclie3_0_0_ from client client0_ where client0_.idclient=?
10:29:05.536 [main] DEBUG org.hibernate.loader.Loader - Static select for action ACTION_MERGE on entity com.joseph.entity.Client: select client0_.idclient as idclient1_0_1_, client0_.emailclient as emailcli2_0_1_, client0_.nameclient as nameclie3_0_1_, orders1_.idclient as idclient5_1_3_, orders1_.idorder as idorder1_1_3_, orders1_.idorder as idorder1_1_0_, orders1_.idclient as idclient5_1_0_, orders1_.dateorder as dateorde2_1_0_, orders1_.statusorder as statusor3_1_0_, orders1_.totalorder as totalord4_1_0_ from client client0_ left outer join order_table orders1_ on client0_.idclient=orders1_.idclient where client0_.idclient=?
10:29:05.537 [main] DEBUG org.hibernate.loader.Loader - Static select for action ACTION_REFRESH on entity com.joseph.entity.Client: select client0_.idclient as idclient1_0_1_, client0_.emailclient as emailcli2_0_1_, client0_.nameclient as nameclie3_0_1_, orders1_.idclient as idclient5_1_3_, orders1_.idorder as idorder1_1_3_, orders1_.idorder as idorder1_1_0_, orders1_.idclient as idclient5_1_0_, orders1_.dateorder as dateorde2_1_0_, orders1_.statusorder as statusor3_1_0_, orders1_.totalorder as totalord4_1_0_ from client client0_ left outer join order_table orders1_ on client0_.idclient=orders1_.idclient where client0_.idclient=?
10:29:05.537 [main] DEBUG org.hibernate.persister.entity.AbstractEntityPersister - Static SQL for entity: com.joseph.entity.Order
10:29:05.537 [main] DEBUG org.hibernate.persister.entity.AbstractEntityPersister -  Version select: select idorder from order_table where idorder =?
10:29:05.537 [main] DEBUG org.hibernate.persister.entity.AbstractEntityPersister -  Snapshot select: select order_.idorder, order_.idclient as idclient5_1_, order_.dateorder as dateorde2_1_, order_.statusorder as statusor3_1_, order_.totalorder as totalord4_1_ from order_table order_ where order_.idorder=?
10:29:05.537 [main] DEBUG org.hibernate.persister.entity.AbstractEntityPersister -  Insert 0: insert into order_table (idclient, dateorder, statusorder, totalorder, idorder) values (?, ?, ?, ?, ?)
10:29:05.537 [main] DEBUG org.hibernate.persister.entity.AbstractEntityPersister -  Update 0: update order_table set idclient=?, dateorder=?, statusorder=?, totalorder=? where idorder=?
10:29:05.537 [main] DEBUG org.hibernate.persister.entity.AbstractEntityPersister -  Delete 0: delete from order_table where idorder=?
10:29:05.537 [main] DEBUG org.hibernate.persister.entity.AbstractEntityPersister -  Identity insert: insert into order_table (idclient, dateorder, statusorder, totalorder) values (?, ?, ?, ?)
10:29:05.537 [main] DEBUG org.hibernate.loader.plan.build.internal.spaces.QuerySpacesImpl - Adding QuerySpace : uid = <gen:0> -> org.hibernate.loader.plan.build.internal.spaces.EntityQuerySpaceImpl@1442f788]
10:29:05.537 [main] DEBUG org.hibernate.persister.walking.spi.MetamodelGraphWalker - Visiting attribute path : client
10:29:05.538 [main] DEBUG org.hibernate.loader.plan.build.internal.spaces.QuerySpacesImpl - Adding QuerySpace : uid = <gen:1> -> org.hibernate.loader.plan.build.internal.spaces.EntityQuerySpaceImpl@1c7f96b1]
10:29:05.540 [main] DEBUG org.hibernate.persister.walking.spi.MetamodelGraphWalker - Visiting attribute path : client.emailclient
10:29:05.540 [main] DEBUG org.hibernate.persister.walking.spi.MetamodelGraphWalker - Visiting attribute path : client.nameclient
10:29:05.540 [main] DEBUG org.hibernate.persister.walking.spi.MetamodelGraphWalker - Visiting attribute path : client.orders
10:29:05.540 [main] DEBUG org.hibernate.persister.walking.spi.MetamodelGraphWalker - Property path deemed to be circular : client.orders
10:29:05.541 [main] DEBUG org.hibernate.persister.walking.spi.MetamodelGraphWalker - Visiting attribute path : dateorder
10:29:05.541 [main] DEBUG org.hibernate.persister.walking.spi.MetamodelGraphWalker - Visiting attribute path : orderItems
10:29:05.541 [main] DEBUG org.hibernate.loader.plan.build.internal.spaces.QuerySpacesImpl - Adding QuerySpace : uid = <gen:2> -> org.hibernate.loader.plan.build.internal.spaces.CollectionQuerySpaceImpl@188cbcde]
10:29:05.541 [main] DEBUG org.hibernate.loader.plan.build.internal.spaces.QuerySpacesImpl - Adding QuerySpace : uid = <gen:3> -> org.hibernate.loader.plan.build.internal.spaces.EntityQuerySpaceImpl@4ee6291f]
10:29:05.541 [main] DEBUG org.hibernate.persister.walking.spi.MetamodelGraphWalker - Visiting attribute path : statusorder
10:29:05.541 [main] DEBUG org.hibernate.persister.walking.spi.MetamodelGraphWalker - Visiting attribute path : totalorder
10:29:05.541 [main] DEBUG org.hibernate.loader.plan.build.internal.FetchStyleLoadPlanBuildingAssociationVisitationStrategy - Building LoadPlan...
10:29:05.541 [main] DEBUG org.hibernate.loader.plan.exec.internal.LoadQueryJoinAndFetchProcessor - processing queryspace <gen:0>
10:29:05.542 [main] DEBUG org.hibernate.loader.plan.build.spi.LoadPlanTreePrinter - LoadPlan(entity=com.joseph.entity.Order)
    - Returns
       - EntityReturnImpl(entity=com.joseph.entity.Order, querySpaceUid=<gen:0>, path=com.joseph.entity.Order)
          - EntityAttributeFetchImpl(entity=com.joseph.entity.Client, querySpaceUid=<gen:1>, path=com.joseph.entity.Order.client)
          - CollectionAttributeFetchImpl(collection=com.joseph.entity.Order.orderItems, querySpaceUid=<gen:2>, path=com.joseph.entity.Order.orderItems)
             - (collection element) CollectionFetchableElementEntityGraph(entity=com.joseph.entity.OrderItem, querySpaceUid=<gen:3>, path=com.joseph.entity.Order.orderItems.<elements>)
    - QuerySpaces
       - EntityQuerySpaceImpl(uid=<gen:0>, entity=com.joseph.entity.Order)
          - SQL table alias mapping - order0_
          - alias suffix - 0_
          - suffixed key columns - {idorder1_1_0_}
          - JOIN (JoinDefinedByMetadata(client)) : <gen:0> -> <gen:1>
             - EntityQuerySpaceImpl(uid=<gen:1>, entity=com.joseph.entity.Client)
                - SQL table alias mapping - client1_
                - alias suffix - 1_
                - suffixed key columns - {idclient1_0_1_}

10:29:05.542 [main] DEBUG org.hibernate.loader.entity.plan.EntityLoader - Static select for entity com.joseph.entity.Order [NONE]: select order0_.idorder as idorder1_1_0_, order0_.idclient as idclient5_1_0_, order0_.dateorder as dateorde2_1_0_, order0_.statusorder as statusor3_1_0_, order0_.totalorder as totalord4_1_0_, client1_.idclient as idclient1_0_1_, client1_.emailclient as emailcli2_0_1_, client1_.nameclient as nameclie3_0_1_ from order_table order0_ left outer join client client1_ on order0_.idclient=client1_.idclient where order0_.idorder=?
10:29:05.542 [main] DEBUG org.hibernate.loader.plan.build.internal.spaces.QuerySpacesImpl - Adding QuerySpace : uid = <gen:0> -> org.hibernate.loader.plan.build.internal.spaces.EntityQuerySpaceImpl@2b03d52f]
10:29:05.542 [main] DEBUG org.hibernate.persister.walking.spi.MetamodelGraphWalker - Visiting attribute path : client
10:29:05.542 [main] DEBUG org.hibernate.loader.plan.build.internal.spaces.QuerySpacesImpl - Adding QuerySpace : uid = <gen:1> -> org.hibernate.loader.plan.build.internal.spaces.EntityQuerySpaceImpl@4af70944]
10:29:05.543 [main] DEBUG org.hibernate.persister.walking.spi.MetamodelGraphWalker - Visiting attribute path : client.emailclient
10:29:05.543 [main] DEBUG org.hibernate.persister.walking.spi.MetamodelGraphWalker - Visiting attribute path : client.nameclient
10:29:05.543 [main] DEBUG org.hibernate.persister.walking.spi.MetamodelGraphWalker - Visiting attribute path : client.orders
10:29:05.543 [main] DEBUG org.hibernate.persister.walking.spi.MetamodelGraphWalker - Property path deemed to be circular : client.orders
10:29:05.543 [main] DEBUG org.hibernate.persister.walking.spi.MetamodelGraphWalker - Visiting attribute path : dateorder
10:29:05.543 [main] DEBUG org.hibernate.persister.walking.spi.MetamodelGraphWalker - Visiting attribute path : orderItems
10:29:05.543 [main] DEBUG org.hibernate.loader.plan.build.internal.spaces.QuerySpacesImpl - Adding QuerySpace : uid = <gen:2> -> org.hibernate.loader.plan.build.internal.spaces.CollectionQuerySpaceImpl@397ef2]
10:29:05.543 [main] DEBUG org.hibernate.loader.plan.build.internal.spaces.QuerySpacesImpl - Adding QuerySpace : uid = <gen:3> -> org.hibernate.loader.plan.build.internal.spaces.EntityQuerySpaceImpl@36a6bea6]
10:29:05.543 [main] DEBUG org.hibernate.persister.walking.spi.MetamodelGraphWalker - Visiting attribute path : statusorder
10:29:05.543 [main] DEBUG org.hibernate.persister.walking.spi.MetamodelGraphWalker - Visiting attribute path : totalorder
10:29:05.543 [main] DEBUG org.hibernate.loader.plan.build.internal.FetchStyleLoadPlanBuildingAssociationVisitationStrategy - Building LoadPlan...
10:29:05.543 [main] DEBUG org.hibernate.loader.plan.exec.internal.LoadQueryJoinAndFetchProcessor - processing queryspace <gen:0>
10:29:05.544 [main] DEBUG org.hibernate.loader.plan.build.spi.LoadPlanTreePrinter - LoadPlan(entity=com.joseph.entity.Order)
    - Returns
       - EntityReturnImpl(entity=com.joseph.entity.Order, querySpaceUid=<gen:0>, path=com.joseph.entity.Order)
          - EntityAttributeFetchImpl(entity=com.joseph.entity.Client, querySpaceUid=<gen:1>, path=com.joseph.entity.Order.client)
          - CollectionAttributeFetchImpl(collection=com.joseph.entity.Order.orderItems, querySpaceUid=<gen:2>, path=com.joseph.entity.Order.orderItems)
             - (collection element) CollectionFetchableElementEntityGraph(entity=com.joseph.entity.OrderItem, querySpaceUid=<gen:3>, path=com.joseph.entity.Order.orderItems.<elements>)
    - QuerySpaces
       - EntityQuerySpaceImpl(uid=<gen:0>, entity=com.joseph.entity.Order)
          - SQL table alias mapping - order0_
          - alias suffix - 0_
          - suffixed key columns - {idorder1_1_0_}
          - JOIN (JoinDefinedByMetadata(client)) : <gen:0> -> <gen:1>
             - EntityQuerySpaceImpl(uid=<gen:1>, entity=com.joseph.entity.Client)
                - SQL table alias mapping - client1_
                - alias suffix - 1_
                - suffixed key columns - {idclient1_0_1_}

10:29:05.544 [main] DEBUG org.hibernate.loader.entity.plan.EntityLoader - Static select for entity com.joseph.entity.Order [READ]: select order0_.idorder as idorder1_1_0_, order0_.idclient as idclient5_1_0_, order0_.dateorder as dateorde2_1_0_, order0_.statusorder as statusor3_1_0_, order0_.totalorder as totalord4_1_0_, client1_.idclient as idclient1_0_1_, client1_.emailclient as emailcli2_0_1_, client1_.nameclient as nameclie3_0_1_ from order_table order0_ left outer join client client1_ on order0_.idclient=client1_.idclient where order0_.idorder=?
10:29:05.544 [main] DEBUG org.hibernate.loader.plan.build.internal.spaces.QuerySpacesImpl - Adding QuerySpace : uid = <gen:0> -> org.hibernate.loader.plan.build.internal.spaces.EntityQuerySpaceImpl@44e93c1f]
10:29:05.544 [main] DEBUG org.hibernate.persister.walking.spi.MetamodelGraphWalker - Visiting attribute path : client
10:29:05.545 [main] DEBUG org.hibernate.loader.plan.build.internal.spaces.QuerySpacesImpl - Adding QuerySpace : uid = <gen:1> -> org.hibernate.loader.plan.build.internal.spaces.EntityQuerySpaceImpl@9b21bd3]
10:29:05.545 [main] DEBUG org.hibernate.persister.walking.spi.MetamodelGraphWalker - Visiting attribute path : dateorder
10:29:05.545 [main] DEBUG org.hibernate.persister.walking.spi.MetamodelGraphWalker - Visiting attribute path : orderItems
10:29:05.545 [main] DEBUG org.hibernate.loader.plan.build.internal.spaces.QuerySpacesImpl - Adding QuerySpace : uid = <gen:2> -> org.hibernate.loader.plan.build.internal.spaces.CollectionQuerySpaceImpl@a62c7cd]
10:29:05.545 [main] DEBUG org.hibernate.loader.plan.build.internal.spaces.QuerySpacesImpl - Adding QuerySpace : uid = <gen:3> -> org.hibernate.loader.plan.build.internal.spaces.EntityQuerySpaceImpl@7661b5a]
10:29:05.545 [main] DEBUG org.hibernate.persister.walking.spi.MetamodelGraphWalker - Visiting attribute path : statusorder
10:29:05.545 [main] DEBUG org.hibernate.persister.walking.spi.MetamodelGraphWalker - Visiting attribute path : totalorder
10:29:05.545 [main] DEBUG org.hibernate.loader.plan.build.internal.FetchStyleLoadPlanBuildingAssociationVisitationStrategy - Building LoadPlan...
10:29:05.545 [main] DEBUG org.hibernate.loader.plan.exec.internal.LoadQueryJoinAndFetchProcessor - processing queryspace <gen:0>
10:29:05.546 [main] DEBUG org.hibernate.loader.plan.build.spi.LoadPlanTreePrinter - LoadPlan(entity=com.joseph.entity.Order)
    - Returns
       - EntityReturnImpl(entity=com.joseph.entity.Order, querySpaceUid=<gen:0>, path=com.joseph.entity.Order)
          - EntityAttributeFetchImpl(entity=com.joseph.entity.Client, querySpaceUid=<gen:1>, path=com.joseph.entity.Order.client)
          - CollectionAttributeFetchImpl(collection=com.joseph.entity.Order.orderItems, querySpaceUid=<gen:2>, path=com.joseph.entity.Order.orderItems)
             - (collection element) CollectionFetchableElementEntityGraph(entity=com.joseph.entity.OrderItem, querySpaceUid=<gen:3>, path=com.joseph.entity.Order.orderItems.<elements>)
    - QuerySpaces
       - EntityQuerySpaceImpl(uid=<gen:0>, entity=com.joseph.entity.Order)
          - SQL table alias mapping - order0_
          - alias suffix - 0_
          - suffixed key columns - {idorder1_1_0_}

10:29:05.546 [main] DEBUG org.hibernate.loader.entity.plan.EntityLoader - Static select for entity com.joseph.entity.Order [UPGRADE]: select order0_.idorder as idorder1_1_0_, order0_.idclient as idclient5_1_0_, order0_.dateorder as dateorde2_1_0_, order0_.statusorder as statusor3_1_0_, order0_.totalorder as totalord4_1_0_ from order_table order0_ where order0_.idorder=? for update
10:29:05.546 [main] DEBUG org.hibernate.loader.plan.build.internal.spaces.QuerySpacesImpl - Adding QuerySpace : uid = <gen:0> -> org.hibernate.loader.plan.build.internal.spaces.EntityQuerySpaceImpl@7c36db44]
10:29:05.546 [main] DEBUG org.hibernate.persister.walking.spi.MetamodelGraphWalker - Visiting attribute path : client
10:29:05.546 [main] DEBUG org.hibernate.loader.plan.build.internal.spaces.QuerySpacesImpl - Adding QuerySpace : uid = <gen:1> -> org.hibernate.loader.plan.build.internal.spaces.EntityQuerySpaceImpl@7903d448]
10:29:05.546 [main] DEBUG org.hibernate.persister.walking.spi.MetamodelGraphWalker - Visiting attribute path : dateorder
10:29:05.546 [main] DEBUG org.hibernate.persister.walking.spi.MetamodelGraphWalker - Visiting attribute path : orderItems
10:29:05.546 [main] DEBUG org.hibernate.loader.plan.build.internal.spaces.QuerySpacesImpl - Adding QuerySpace : uid = <gen:2> -> org.hibernate.loader.plan.build.internal.spaces.CollectionQuerySpaceImpl@4e08acf9]
10:29:05.547 [main] DEBUG org.hibernate.loader.plan.build.internal.spaces.QuerySpacesImpl - Adding QuerySpace : uid = <gen:3> -> org.hibernate.loader.plan.build.internal.spaces.EntityQuerySpaceImpl@42ea287]
10:29:05.547 [main] DEBUG org.hibernate.persister.walking.spi.MetamodelGraphWalker - Visiting attribute path : statusorder
10:29:05.547 [main] DEBUG org.hibernate.persister.walking.spi.MetamodelGraphWalker - Visiting attribute path : totalorder
10:29:05.547 [main] DEBUG org.hibernate.loader.plan.build.internal.FetchStyleLoadPlanBuildingAssociationVisitationStrategy - Building LoadPlan...
10:29:05.547 [main] DEBUG org.hibernate.loader.plan.exec.internal.LoadQueryJoinAndFetchProcessor - processing queryspace <gen:0>
10:29:05.548 [main] DEBUG org.hibernate.loader.plan.build.spi.LoadPlanTreePrinter - LoadPlan(entity=com.joseph.entity.Order)
    - Returns
       - EntityReturnImpl(entity=com.joseph.entity.Order, querySpaceUid=<gen:0>, path=com.joseph.entity.Order)
          - EntityAttributeFetchImpl(entity=com.joseph.entity.Client, querySpaceUid=<gen:1>, path=com.joseph.entity.Order.client)
          - CollectionAttributeFetchImpl(collection=com.joseph.entity.Order.orderItems, querySpaceUid=<gen:2>, path=com.joseph.entity.Order.orderItems)
             - (collection element) CollectionFetchableElementEntityGraph(entity=com.joseph.entity.OrderItem, querySpaceUid=<gen:3>, path=com.joseph.entity.Order.orderItems.<elements>)
    - QuerySpaces
       - EntityQuerySpaceImpl(uid=<gen:0>, entity=com.joseph.entity.Order)
          - SQL table alias mapping - order0_
          - alias suffix - 0_
          - suffixed key columns - {idorder1_1_0_}

10:29:05.548 [main] DEBUG org.hibernate.loader.entity.plan.EntityLoader - Static select for entity com.joseph.entity.Order [UPGRADE_NOWAIT]: select order0_.idorder as idorder1_1_0_, order0_.idclient as idclient5_1_0_, order0_.dateorder as dateorde2_1_0_, order0_.statusorder as statusor3_1_0_, order0_.totalorder as totalord4_1_0_ from order_table order0_ where order0_.idorder=? for update
10:29:05.549 [main] DEBUG org.hibernate.loader.plan.build.internal.spaces.QuerySpacesImpl - Adding QuerySpace : uid = <gen:0> -> org.hibernate.loader.plan.build.internal.spaces.EntityQuerySpaceImpl@78cd163b]
10:29:05.549 [main] DEBUG org.hibernate.persister.walking.spi.MetamodelGraphWalker - Visiting attribute path : client
10:29:05.549 [main] DEBUG org.hibernate.loader.plan.build.internal.spaces.QuerySpacesImpl - Adding QuerySpace : uid = <gen:1> -> org.hibernate.loader.plan.build.internal.spaces.EntityQuerySpaceImpl@14ef2482]
10:29:05.549 [main] DEBUG org.hibernate.persister.walking.spi.MetamodelGraphWalker - Visiting attribute path : dateorder
10:29:05.549 [main] DEBUG org.hibernate.persister.walking.spi.MetamodelGraphWalker - Visiting attribute path : orderItems
10:29:05.549 [main] DEBUG org.hibernate.loader.plan.build.internal.spaces.QuerySpacesImpl - Adding QuerySpace : uid = <gen:2> -> org.hibernate.loader.plan.build.internal.spaces.CollectionQuerySpaceImpl@65a48602]
10:29:05.549 [main] DEBUG org.hibernate.loader.plan.build.internal.spaces.QuerySpacesImpl - Adding QuerySpace : uid = <gen:3> -> org.hibernate.loader.plan.build.internal.spaces.EntityQuerySpaceImpl@75483843]
10:29:05.549 [main] DEBUG org.hibernate.persister.walking.spi.MetamodelGraphWalker - Visiting attribute path : statusorder
10:29:05.549 [main] DEBUG org.hibernate.persister.walking.spi.MetamodelGraphWalker - Visiting attribute path : totalorder
10:29:05.550 [main] DEBUG org.hibernate.loader.plan.build.internal.FetchStyleLoadPlanBuildingAssociationVisitationStrategy - Building LoadPlan...
10:29:05.550 [main] DEBUG org.hibernate.loader.plan.exec.internal.LoadQueryJoinAndFetchProcessor - processing queryspace <gen:0>
10:29:05.551 [main] DEBUG org.hibernate.loader.plan.build.spi.LoadPlanTreePrinter - LoadPlan(entity=com.joseph.entity.Order)
    - Returns
       - EntityReturnImpl(entity=com.joseph.entity.Order, querySpaceUid=<gen:0>, path=com.joseph.entity.Order)
          - EntityAttributeFetchImpl(entity=com.joseph.entity.Client, querySpaceUid=<gen:1>, path=com.joseph.entity.Order.client)
          - CollectionAttributeFetchImpl(collection=com.joseph.entity.Order.orderItems, querySpaceUid=<gen:2>, path=com.joseph.entity.Order.orderItems)
             - (collection element) CollectionFetchableElementEntityGraph(entity=com.joseph.entity.OrderItem, querySpaceUid=<gen:3>, path=com.joseph.entity.Order.orderItems.<elements>)
    - QuerySpaces
       - EntityQuerySpaceImpl(uid=<gen:0>, entity=com.joseph.entity.Order)
          - SQL table alias mapping - order0_
          - alias suffix - 0_
          - suffixed key columns - {idorder1_1_0_}

10:29:05.551 [main] DEBUG org.hibernate.loader.entity.plan.EntityLoader - Static select for entity com.joseph.entity.Order [UPGRADE_SKIPLOCKED]: select order0_.idorder as idorder1_1_0_, order0_.idclient as idclient5_1_0_, order0_.dateorder as dateorde2_1_0_, order0_.statusorder as statusor3_1_0_, order0_.totalorder as totalord4_1_0_ from order_table order0_ where order0_.idorder=? for update
10:29:05.551 [main] DEBUG org.hibernate.loader.plan.build.internal.spaces.QuerySpacesImpl - Adding QuerySpace : uid = <gen:0> -> org.hibernate.loader.plan.build.internal.spaces.EntityQuerySpaceImpl@336206d8]
10:29:05.551 [main] DEBUG org.hibernate.persister.walking.spi.MetamodelGraphWalker - Visiting attribute path : client
10:29:05.551 [main] DEBUG org.hibernate.loader.plan.build.internal.spaces.QuerySpacesImpl - Adding QuerySpace : uid = <gen:1> -> org.hibernate.loader.plan.build.internal.spaces.EntityQuerySpaceImpl@1f11f64e]
10:29:05.551 [main] DEBUG org.hibernate.persister.walking.spi.MetamodelGraphWalker - Visiting attribute path : dateorder
10:29:05.551 [main] DEBUG org.hibernate.persister.walking.spi.MetamodelGraphWalker - Visiting attribute path : orderItems
10:29:05.552 [main] DEBUG org.hibernate.loader.plan.build.internal.spaces.QuerySpacesImpl - Adding QuerySpace : uid = <gen:2> -> org.hibernate.loader.plan.build.internal.spaces.CollectionQuerySpaceImpl@2b2f5fcf]
10:29:05.552 [main] DEBUG org.hibernate.loader.plan.build.internal.spaces.QuerySpacesImpl - Adding QuerySpace : uid = <gen:3> -> org.hibernate.loader.plan.build.internal.spaces.EntityQuerySpaceImpl@858d8b4]
10:29:05.552 [main] DEBUG org.hibernate.persister.walking.spi.MetamodelGraphWalker - Visiting attribute path : statusorder
10:29:05.552 [main] DEBUG org.hibernate.persister.walking.spi.MetamodelGraphWalker - Visiting attribute path : totalorder
10:29:05.552 [main] DEBUG org.hibernate.loader.plan.build.internal.FetchStyleLoadPlanBuildingAssociationVisitationStrategy - Building LoadPlan...
10:29:05.552 [main] DEBUG org.hibernate.loader.plan.exec.internal.LoadQueryJoinAndFetchProcessor - processing queryspace <gen:0>
10:29:05.552 [main] DEBUG org.hibernate.loader.plan.build.spi.LoadPlanTreePrinter - LoadPlan(entity=com.joseph.entity.Order)
    - Returns
       - EntityReturnImpl(entity=com.joseph.entity.Order, querySpaceUid=<gen:0>, path=com.joseph.entity.Order)
          - EntityAttributeFetchImpl(entity=com.joseph.entity.Client, querySpaceUid=<gen:1>, path=com.joseph.entity.Order.client)
          - CollectionAttributeFetchImpl(collection=com.joseph.entity.Order.orderItems, querySpaceUid=<gen:2>, path=com.joseph.entity.Order.orderItems)
             - (collection element) CollectionFetchableElementEntityGraph(entity=com.joseph.entity.OrderItem, querySpaceUid=<gen:3>, path=com.joseph.entity.Order.orderItems.<elements>)
    - QuerySpaces
       - EntityQuerySpaceImpl(uid=<gen:0>, entity=com.joseph.entity.Order)
          - SQL table alias mapping - order0_
          - alias suffix - 0_
          - suffixed key columns - {idorder1_1_0_}

10:29:05.552 [main] DEBUG org.hibernate.loader.entity.plan.EntityLoader - Static select for entity com.joseph.entity.Order [FORCE]: select order0_.idorder as idorder1_1_0_, order0_.idclient as idclient5_1_0_, order0_.dateorder as dateorde2_1_0_, order0_.statusorder as statusor3_1_0_, order0_.totalorder as totalord4_1_0_ from order_table order0_ where order0_.idorder=? for update
10:29:05.553 [main] DEBUG org.hibernate.loader.plan.build.internal.spaces.QuerySpacesImpl - Adding QuerySpace : uid = <gen:0> -> org.hibernate.loader.plan.build.internal.spaces.EntityQuerySpaceImpl@711d1a52]
10:29:05.553 [main] DEBUG org.hibernate.persister.walking.spi.MetamodelGraphWalker - Visiting attribute path : client
10:29:05.553 [main] DEBUG org.hibernate.loader.plan.build.internal.spaces.QuerySpacesImpl - Adding QuerySpace : uid = <gen:1> -> org.hibernate.loader.plan.build.internal.spaces.EntityQuerySpaceImpl@302edb74]
10:29:05.553 [main] DEBUG org.hibernate.persister.walking.spi.MetamodelGraphWalker - Visiting attribute path : dateorder
10:29:05.553 [main] DEBUG org.hibernate.persister.walking.spi.MetamodelGraphWalker - Visiting attribute path : orderItems
10:29:05.553 [main] DEBUG org.hibernate.loader.plan.build.internal.spaces.QuerySpacesImpl - Adding QuerySpace : uid = <gen:2> -> org.hibernate.loader.plan.build.internal.spaces.CollectionQuerySpaceImpl@7efd28bd]
10:29:05.553 [main] DEBUG org.hibernate.loader.plan.build.internal.spaces.QuerySpacesImpl - Adding QuerySpace : uid = <gen:3> -> org.hibernate.loader.plan.build.internal.spaces.EntityQuerySpaceImpl@672b72ba]
10:29:05.553 [main] DEBUG org.hibernate.persister.walking.spi.MetamodelGraphWalker - Visiting attribute path : statusorder
10:29:05.553 [main] DEBUG org.hibernate.persister.walking.spi.MetamodelGraphWalker - Visiting attribute path : totalorder
10:29:05.553 [main] DEBUG org.hibernate.loader.plan.build.internal.FetchStyleLoadPlanBuildingAssociationVisitationStrategy - Building LoadPlan...
10:29:05.554 [main] DEBUG org.hibernate.loader.plan.exec.internal.LoadQueryJoinAndFetchProcessor - processing queryspace <gen:0>
10:29:05.555 [main] DEBUG org.hibernate.loader.plan.build.spi.LoadPlanTreePrinter - LoadPlan(entity=com.joseph.entity.Order)
    - Returns
       - EntityReturnImpl(entity=com.joseph.entity.Order, querySpaceUid=<gen:0>, path=com.joseph.entity.Order)
          - EntityAttributeFetchImpl(entity=com.joseph.entity.Client, querySpaceUid=<gen:1>, path=com.joseph.entity.Order.client)
          - CollectionAttributeFetchImpl(collection=com.joseph.entity.Order.orderItems, querySpaceUid=<gen:2>, path=com.joseph.entity.Order.orderItems)
             - (collection element) CollectionFetchableElementEntityGraph(entity=com.joseph.entity.OrderItem, querySpaceUid=<gen:3>, path=com.joseph.entity.Order.orderItems.<elements>)
    - QuerySpaces
       - EntityQuerySpaceImpl(uid=<gen:0>, entity=com.joseph.entity.Order)
          - SQL table alias mapping - order0_
          - alias suffix - 0_
          - suffixed key columns - {idorder1_1_0_}

10:29:05.556 [main] DEBUG org.hibernate.loader.entity.plan.EntityLoader - Static select for entity com.joseph.entity.Order [PESSIMISTIC_READ]: select order0_.idorder as idorder1_1_0_, order0_.idclient as idclient5_1_0_, order0_.dateorder as dateorde2_1_0_, order0_.statusorder as statusor3_1_0_, order0_.totalorder as totalord4_1_0_ from order_table order0_ where order0_.idorder=? lock in share mode
10:29:05.557 [main] DEBUG org.hibernate.loader.plan.build.internal.spaces.QuerySpacesImpl - Adding QuerySpace : uid = <gen:0> -> org.hibernate.loader.plan.build.internal.spaces.EntityQuerySpaceImpl@7718a40f]
10:29:05.560 [main] DEBUG org.hibernate.persister.walking.spi.MetamodelGraphWalker - Visiting attribute path : client
10:29:05.560 [main] DEBUG org.hibernate.loader.plan.build.internal.spaces.QuerySpacesImpl - Adding QuerySpace : uid = <gen:1> -> org.hibernate.loader.plan.build.internal.spaces.EntityQuerySpaceImpl@26844abb]
10:29:05.560 [main] DEBUG org.hibernate.persister.walking.spi.MetamodelGraphWalker - Visiting attribute path : dateorder
10:29:05.560 [main] DEBUG org.hibernate.persister.walking.spi.MetamodelGraphWalker - Visiting attribute path : orderItems
10:29:05.560 [main] DEBUG org.hibernate.loader.plan.build.internal.spaces.QuerySpacesImpl - Adding QuerySpace : uid = <gen:2> -> org.hibernate.loader.plan.build.internal.spaces.CollectionQuerySpaceImpl@1a865273]
10:29:05.560 [main] DEBUG org.hibernate.loader.plan.build.internal.spaces.QuerySpacesImpl - Adding QuerySpace : uid = <gen:3> -> org.hibernate.loader.plan.build.internal.spaces.EntityQuerySpaceImpl@288ca5f0]
10:29:05.561 [main] DEBUG org.hibernate.persister.walking.spi.MetamodelGraphWalker - Visiting attribute path : statusorder
10:29:05.561 [main] DEBUG org.hibernate.persister.walking.spi.MetamodelGraphWalker - Visiting attribute path : totalorder
10:29:05.561 [main] DEBUG org.hibernate.loader.plan.build.internal.FetchStyleLoadPlanBuildingAssociationVisitationStrategy - Building LoadPlan...
10:29:05.561 [main] DEBUG org.hibernate.loader.plan.exec.internal.LoadQueryJoinAndFetchProcessor - processing queryspace <gen:0>
10:29:05.562 [main] DEBUG org.hibernate.loader.plan.build.spi.LoadPlanTreePrinter - LoadPlan(entity=com.joseph.entity.Order)
    - Returns
       - EntityReturnImpl(entity=com.joseph.entity.Order, querySpaceUid=<gen:0>, path=com.joseph.entity.Order)
          - EntityAttributeFetchImpl(entity=com.joseph.entity.Client, querySpaceUid=<gen:1>, path=com.joseph.entity.Order.client)
          - CollectionAttributeFetchImpl(collection=com.joseph.entity.Order.orderItems, querySpaceUid=<gen:2>, path=com.joseph.entity.Order.orderItems)
             - (collection element) CollectionFetchableElementEntityGraph(entity=com.joseph.entity.OrderItem, querySpaceUid=<gen:3>, path=com.joseph.entity.Order.orderItems.<elements>)
    - QuerySpaces
       - EntityQuerySpaceImpl(uid=<gen:0>, entity=com.joseph.entity.Order)
          - SQL table alias mapping - order0_
          - alias suffix - 0_
          - suffixed key columns - {idorder1_1_0_}

10:29:05.562 [main] DEBUG org.hibernate.loader.entity.plan.EntityLoader - Static select for entity com.joseph.entity.Order [PESSIMISTIC_WRITE]: select order0_.idorder as idorder1_1_0_, order0_.idclient as idclient5_1_0_, order0_.dateorder as dateorde2_1_0_, order0_.statusorder as statusor3_1_0_, order0_.totalorder as totalord4_1_0_ from order_table order0_ where order0_.idorder=? for update
10:29:05.562 [main] DEBUG org.hibernate.loader.plan.build.internal.spaces.QuerySpacesImpl - Adding QuerySpace : uid = <gen:0> -> org.hibernate.loader.plan.build.internal.spaces.EntityQuerySpaceImpl@4068102e]
10:29:05.563 [main] DEBUG org.hibernate.persister.walking.spi.MetamodelGraphWalker - Visiting attribute path : client
10:29:05.563 [main] DEBUG org.hibernate.loader.plan.build.internal.spaces.QuerySpacesImpl - Adding QuerySpace : uid = <gen:1> -> org.hibernate.loader.plan.build.internal.spaces.EntityQuerySpaceImpl@6c008c24]
10:29:05.563 [main] DEBUG org.hibernate.persister.walking.spi.MetamodelGraphWalker - Visiting attribute path : dateorder
10:29:05.563 [main] DEBUG org.hibernate.persister.walking.spi.MetamodelGraphWalker - Visiting attribute path : orderItems
10:29:05.563 [main] DEBUG org.hibernate.loader.plan.build.internal.spaces.QuerySpacesImpl - Adding QuerySpace : uid = <gen:2> -> org.hibernate.loader.plan.build.internal.spaces.CollectionQuerySpaceImpl@216e0771]
10:29:05.563 [main] DEBUG org.hibernate.loader.plan.build.internal.spaces.QuerySpacesImpl - Adding QuerySpace : uid = <gen:3> -> org.hibernate.loader.plan.build.internal.spaces.EntityQuerySpaceImpl@21079a12]
10:29:05.563 [main] DEBUG org.hibernate.persister.walking.spi.MetamodelGraphWalker - Visiting attribute path : statusorder
10:29:05.563 [main] DEBUG org.hibernate.persister.walking.spi.MetamodelGraphWalker - Visiting attribute path : totalorder
10:29:05.563 [main] DEBUG org.hibernate.loader.plan.build.internal.FetchStyleLoadPlanBuildingAssociationVisitationStrategy - Building LoadPlan...
10:29:05.564 [main] DEBUG org.hibernate.loader.plan.exec.internal.LoadQueryJoinAndFetchProcessor - processing queryspace <gen:0>
10:29:05.565 [main] DEBUG org.hibernate.loader.plan.build.spi.LoadPlanTreePrinter - LoadPlan(entity=com.joseph.entity.Order)
    - Returns
       - EntityReturnImpl(entity=com.joseph.entity.Order, querySpaceUid=<gen:0>, path=com.joseph.entity.Order)
          - EntityAttributeFetchImpl(entity=com.joseph.entity.Client, querySpaceUid=<gen:1>, path=com.joseph.entity.Order.client)
          - CollectionAttributeFetchImpl(collection=com.joseph.entity.Order.orderItems, querySpaceUid=<gen:2>, path=com.joseph.entity.Order.orderItems)
             - (collection element) CollectionFetchableElementEntityGraph(entity=com.joseph.entity.OrderItem, querySpaceUid=<gen:3>, path=com.joseph.entity.Order.orderItems.<elements>)
    - QuerySpaces
       - EntityQuerySpaceImpl(uid=<gen:0>, entity=com.joseph.entity.Order)
          - SQL table alias mapping - order0_
          - alias suffix - 0_
          - suffixed key columns - {idorder1_1_0_}

10:29:05.565 [main] DEBUG org.hibernate.loader.entity.plan.EntityLoader - Static select for entity com.joseph.entity.Order [PESSIMISTIC_FORCE_INCREMENT]: select order0_.idorder as idorder1_1_0_, order0_.idclient as idclient5_1_0_, order0_.dateorder as dateorde2_1_0_, order0_.statusorder as statusor3_1_0_, order0_.totalorder as totalord4_1_0_ from order_table order0_ where order0_.idorder=? for update
10:29:05.565 [main] DEBUG org.hibernate.loader.plan.build.internal.spaces.QuerySpacesImpl - Adding QuerySpace : uid = <gen:0> -> org.hibernate.loader.plan.build.internal.spaces.EntityQuerySpaceImpl@fcc6023]
10:29:05.566 [main] DEBUG org.hibernate.persister.walking.spi.MetamodelGraphWalker - Visiting attribute path : client
10:29:05.566 [main] DEBUG org.hibernate.loader.plan.build.internal.spaces.QuerySpacesImpl - Adding QuerySpace : uid = <gen:1> -> org.hibernate.loader.plan.build.internal.spaces.EntityQuerySpaceImpl@36417a54]
10:29:05.566 [main] DEBUG org.hibernate.persister.walking.spi.MetamodelGraphWalker - Visiting attribute path : dateorder
10:29:05.566 [main] DEBUG org.hibernate.persister.walking.spi.MetamodelGraphWalker - Visiting attribute path : orderItems
10:29:05.566 [main] DEBUG org.hibernate.loader.plan.build.internal.spaces.QuerySpacesImpl - Adding QuerySpace : uid = <gen:2> -> org.hibernate.loader.plan.build.internal.spaces.CollectionQuerySpaceImpl@2b8bb184]
10:29:05.566 [main] DEBUG org.hibernate.loader.plan.build.internal.spaces.QuerySpacesImpl - Adding QuerySpace : uid = <gen:3> -> org.hibernate.loader.plan.build.internal.spaces.EntityQuerySpaceImpl@472a11ae]
10:29:05.566 [main] DEBUG org.hibernate.persister.walking.spi.MetamodelGraphWalker - Visiting attribute path : statusorder
10:29:05.566 [main] DEBUG org.hibernate.persister.walking.spi.MetamodelGraphWalker - Visiting attribute path : totalorder
10:29:05.567 [main] DEBUG org.hibernate.loader.plan.build.internal.FetchStyleLoadPlanBuildingAssociationVisitationStrategy - Building LoadPlan...
10:29:05.567 [main] DEBUG org.hibernate.loader.plan.exec.internal.LoadQueryJoinAndFetchProcessor - processing queryspace <gen:0>
10:29:05.567 [main] DEBUG org.hibernate.loader.plan.build.spi.LoadPlanTreePrinter - LoadPlan(entity=com.joseph.entity.Order)
    - Returns
       - EntityReturnImpl(entity=com.joseph.entity.Order, querySpaceUid=<gen:0>, path=com.joseph.entity.Order)
          - EntityAttributeFetchImpl(entity=com.joseph.entity.Client, querySpaceUid=<gen:1>, path=com.joseph.entity.Order.client)
          - CollectionAttributeFetchImpl(collection=com.joseph.entity.Order.orderItems, querySpaceUid=<gen:2>, path=com.joseph.entity.Order.orderItems)
             - (collection element) CollectionFetchableElementEntityGraph(entity=com.joseph.entity.OrderItem, querySpaceUid=<gen:3>, path=com.joseph.entity.Order.orderItems.<elements>)
    - QuerySpaces
       - EntityQuerySpaceImpl(uid=<gen:0>, entity=com.joseph.entity.Order)
          - SQL table alias mapping - order0_
          - alias suffix - 0_
          - suffixed key columns - {idorder1_1_0_}

10:29:05.567 [main] DEBUG org.hibernate.loader.entity.plan.EntityLoader - Static select for entity com.joseph.entity.Order [OPTIMISTIC]: select order0_.idorder as idorder1_1_0_, order0_.idclient as idclient5_1_0_, order0_.dateorder as dateorde2_1_0_, order0_.statusorder as statusor3_1_0_, order0_.totalorder as totalord4_1_0_ from order_table order0_ where order0_.idorder=?
10:29:05.568 [main] DEBUG org.hibernate.loader.plan.build.internal.spaces.QuerySpacesImpl - Adding QuerySpace : uid = <gen:0> -> org.hibernate.loader.plan.build.internal.spaces.EntityQuerySpaceImpl@dc79225]
10:29:05.568 [main] DEBUG org.hibernate.persister.walking.spi.MetamodelGraphWalker - Visiting attribute path : client
10:29:05.568 [main] DEBUG org.hibernate.loader.plan.build.internal.spaces.QuerySpacesImpl - Adding QuerySpace : uid = <gen:1> -> org.hibernate.loader.plan.build.internal.spaces.EntityQuerySpaceImpl@46185a1b]
10:29:05.568 [main] DEBUG org.hibernate.persister.walking.spi.MetamodelGraphWalker - Visiting attribute path : dateorder
10:29:05.568 [main] DEBUG org.hibernate.persister.walking.spi.MetamodelGraphWalker - Visiting attribute path : orderItems
10:29:05.568 [main] DEBUG org.hibernate.loader.plan.build.internal.spaces.QuerySpacesImpl - Adding QuerySpace : uid = <gen:2> -> org.hibernate.loader.plan.build.internal.spaces.CollectionQuerySpaceImpl@51288417]
10:29:05.568 [main] DEBUG org.hibernate.loader.plan.build.internal.spaces.QuerySpacesImpl - Adding QuerySpace : uid = <gen:3> -> org.hibernate.loader.plan.build.internal.spaces.EntityQuerySpaceImpl@60cf62ad]
10:29:05.568 [main] DEBUG org.hibernate.persister.walking.spi.MetamodelGraphWalker - Visiting attribute path : statusorder
10:29:05.568 [main] DEBUG org.hibernate.persister.walking.spi.MetamodelGraphWalker - Visiting attribute path : totalorder
10:29:05.568 [main] DEBUG org.hibernate.loader.plan.build.internal.FetchStyleLoadPlanBuildingAssociationVisitationStrategy - Building LoadPlan...
10:29:05.568 [main] DEBUG org.hibernate.loader.plan.exec.internal.LoadQueryJoinAndFetchProcessor - processing queryspace <gen:0>
10:29:05.569 [main] DEBUG org.hibernate.loader.plan.build.spi.LoadPlanTreePrinter - LoadPlan(entity=com.joseph.entity.Order)
    - Returns
       - EntityReturnImpl(entity=com.joseph.entity.Order, querySpaceUid=<gen:0>, path=com.joseph.entity.Order)
          - EntityAttributeFetchImpl(entity=com.joseph.entity.Client, querySpaceUid=<gen:1>, path=com.joseph.entity.Order.client)
          - CollectionAttributeFetchImpl(collection=com.joseph.entity.Order.orderItems, querySpaceUid=<gen:2>, path=com.joseph.entity.Order.orderItems)
             - (collection element) CollectionFetchableElementEntityGraph(entity=com.joseph.entity.OrderItem, querySpaceUid=<gen:3>, path=com.joseph.entity.Order.orderItems.<elements>)
    - QuerySpaces
       - EntityQuerySpaceImpl(uid=<gen:0>, entity=com.joseph.entity.Order)
          - SQL table alias mapping - order0_
          - alias suffix - 0_
          - suffixed key columns - {idorder1_1_0_}

10:29:05.569 [main] DEBUG org.hibernate.loader.entity.plan.EntityLoader - Static select for entity com.joseph.entity.Order [OPTIMISTIC_FORCE_INCREMENT]: select order0_.idorder as idorder1_1_0_, order0_.idclient as idclient5_1_0_, order0_.dateorder as dateorde2_1_0_, order0_.statusorder as statusor3_1_0_, order0_.totalorder as totalord4_1_0_ from order_table order0_ where order0_.idorder=?
10:29:05.570 [main] DEBUG org.hibernate.loader.Loader - Static select for action ACTION_MERGE on entity com.joseph.entity.Order: select order0_.idorder as idorder1_1_1_, order0_.idclient as idclient5_1_1_, order0_.dateorder as dateorde2_1_1_, order0_.statusorder as statusor3_1_1_, order0_.totalorder as totalord4_1_1_, orderitems1_.idorder as idorder3_2_3_, orderitems1_.id as id1_2_3_, orderitems1_.id as id1_2_0_, orderitems1_.idorder as idorder3_2_0_, orderitems1_.idproduct as idproduc4_2_0_, orderitems1_.quantity as quantity2_2_0_ from order_table order0_ left outer join orderitems orderitems1_ on order0_.idorder=orderitems1_.idorder where order0_.idorder=?
10:29:05.570 [main] DEBUG org.hibernate.loader.Loader - Static select for action ACTION_REFRESH on entity com.joseph.entity.Order: select order0_.idorder as idorder1_1_1_, order0_.idclient as idclient5_1_1_, order0_.dateorder as dateorde2_1_1_, order0_.statusorder as statusor3_1_1_, order0_.totalorder as totalord4_1_1_, orderitems1_.idorder as idorder3_2_3_, orderitems1_.id as id1_2_3_, orderitems1_.id as id1_2_0_, orderitems1_.idorder as idorder3_2_0_, orderitems1_.idproduct as idproduc4_2_0_, orderitems1_.quantity as quantity2_2_0_ from order_table order0_ left outer join orderitems orderitems1_ on order0_.idorder=orderitems1_.idorder where order0_.idorder=?
10:29:05.571 [main] DEBUG org.hibernate.persister.entity.AbstractEntityPersister - Static SQL for entity: com.joseph.entity.Product
10:29:05.571 [main] DEBUG org.hibernate.persister.entity.AbstractEntityPersister -  Version select: select idproduct from Product where idproduct =?
10:29:05.571 [main] DEBUG org.hibernate.persister.entity.AbstractEntityPersister -  Snapshot select: select product_.idproduct, product_.nameproduct as nameprod2_3_, product_.priceproduct as pricepro3_3_, product_.stockproduct as stockpro4_3_ from Product product_ where product_.idproduct=?
10:29:05.571 [main] DEBUG org.hibernate.persister.entity.AbstractEntityPersister -  Insert 0: insert into Product (nameproduct, priceproduct, stockproduct, idproduct) values (?, ?, ?, ?)
10:29:05.571 [main] DEBUG org.hibernate.persister.entity.AbstractEntityPersister -  Update 0: update Product set nameproduct=?, priceproduct=?, stockproduct=? where idproduct=?
10:29:05.571 [main] DEBUG org.hibernate.persister.entity.AbstractEntityPersister -  Delete 0: delete from Product where idproduct=?
10:29:05.571 [main] DEBUG org.hibernate.persister.entity.AbstractEntityPersister -  Identity insert: insert into Product (nameproduct, priceproduct, stockproduct) values (?, ?, ?)
10:29:05.571 [main] DEBUG org.hibernate.loader.plan.build.internal.spaces.QuerySpacesImpl - Adding QuerySpace : uid = <gen:0> -> org.hibernate.loader.plan.build.internal.spaces.EntityQuerySpaceImpl@1e0895f5]
10:29:05.572 [main] DEBUG org.hibernate.persister.walking.spi.MetamodelGraphWalker - Visiting attribute path : nameproduct
10:29:05.572 [main] DEBUG org.hibernate.persister.walking.spi.MetamodelGraphWalker - Visiting attribute path : orderItems
10:29:05.572 [main] DEBUG org.hibernate.loader.plan.build.internal.spaces.QuerySpacesImpl - Adding QuerySpace : uid = <gen:1> -> org.hibernate.loader.plan.build.internal.spaces.CollectionQuerySpaceImpl@fd9ebde]
10:29:05.572 [main] DEBUG org.hibernate.loader.plan.build.internal.spaces.QuerySpacesImpl - Adding QuerySpace : uid = <gen:2> -> org.hibernate.loader.plan.build.internal.spaces.EntityQuerySpaceImpl@14982a82]
10:29:05.572 [main] DEBUG org.hibernate.persister.walking.spi.MetamodelGraphWalker - Visiting attribute path : priceproduct
10:29:05.572 [main] DEBUG org.hibernate.persister.walking.spi.MetamodelGraphWalker - Visiting attribute path : stockproduct
10:29:05.572 [main] DEBUG org.hibernate.loader.plan.build.internal.FetchStyleLoadPlanBuildingAssociationVisitationStrategy - Building LoadPlan...
10:29:05.573 [main] DEBUG org.hibernate.loader.plan.exec.internal.LoadQueryJoinAndFetchProcessor - processing queryspace <gen:0>
10:29:05.573 [main] DEBUG org.hibernate.loader.plan.build.spi.LoadPlanTreePrinter - LoadPlan(entity=com.joseph.entity.Product)
    - Returns
       - EntityReturnImpl(entity=com.joseph.entity.Product, querySpaceUid=<gen:0>, path=com.joseph.entity.Product)
          - CollectionAttributeFetchImpl(collection=com.joseph.entity.Product.orderItems, querySpaceUid=<gen:1>, path=com.joseph.entity.Product.orderItems)
             - (collection element) CollectionFetchableElementEntityGraph(entity=com.joseph.entity.OrderItem, querySpaceUid=<gen:2>, path=com.joseph.entity.Product.orderItems.<elements>)
    - QuerySpaces
       - EntityQuerySpaceImpl(uid=<gen:0>, entity=com.joseph.entity.Product)
          - SQL table alias mapping - product0_
          - alias suffix - 0_
          - suffixed key columns - {idproduc1_3_0_}

10:29:05.574 [main] DEBUG org.hibernate.loader.entity.plan.EntityLoader - Static select for entity com.joseph.entity.Product [NONE]: select product0_.idproduct as idproduc1_3_0_, product0_.nameproduct as nameprod2_3_0_, product0_.priceproduct as pricepro3_3_0_, product0_.stockproduct as stockpro4_3_0_ from Product product0_ where product0_.idproduct=?
10:29:05.574 [main] DEBUG org.hibernate.loader.plan.build.internal.spaces.QuerySpacesImpl - Adding QuerySpace : uid = <gen:0> -> org.hibernate.loader.plan.build.internal.spaces.EntityQuerySpaceImpl@4ee5b2d9]
10:29:05.574 [main] DEBUG org.hibernate.persister.walking.spi.MetamodelGraphWalker - Visiting attribute path : nameproduct
10:29:05.574 [main] DEBUG org.hibernate.persister.walking.spi.MetamodelGraphWalker - Visiting attribute path : orderItems
10:29:05.574 [main] DEBUG org.hibernate.loader.plan.build.internal.spaces.QuerySpacesImpl - Adding QuerySpace : uid = <gen:1> -> org.hibernate.loader.plan.build.internal.spaces.CollectionQuerySpaceImpl@323f3c96]
10:29:05.574 [main] DEBUG org.hibernate.loader.plan.build.internal.spaces.QuerySpacesImpl - Adding QuerySpace : uid = <gen:2> -> org.hibernate.loader.plan.build.internal.spaces.EntityQuerySpaceImpl@6726cc69]
10:29:05.574 [main] DEBUG org.hibernate.persister.walking.spi.MetamodelGraphWalker - Visiting attribute path : priceproduct
10:29:05.574 [main] DEBUG org.hibernate.persister.walking.spi.MetamodelGraphWalker - Visiting attribute path : stockproduct
10:29:05.574 [main] DEBUG org.hibernate.loader.plan.build.internal.FetchStyleLoadPlanBuildingAssociationVisitationStrategy - Building LoadPlan...
10:29:05.575 [main] DEBUG org.hibernate.loader.plan.exec.internal.LoadQueryJoinAndFetchProcessor - processing queryspace <gen:0>
10:29:05.575 [main] DEBUG org.hibernate.loader.plan.build.spi.LoadPlanTreePrinter - LoadPlan(entity=com.joseph.entity.Product)
    - Returns
       - EntityReturnImpl(entity=com.joseph.entity.Product, querySpaceUid=<gen:0>, path=com.joseph.entity.Product)
          - CollectionAttributeFetchImpl(collection=com.joseph.entity.Product.orderItems, querySpaceUid=<gen:1>, path=com.joseph.entity.Product.orderItems)
             - (collection element) CollectionFetchableElementEntityGraph(entity=com.joseph.entity.OrderItem, querySpaceUid=<gen:2>, path=com.joseph.entity.Product.orderItems.<elements>)
    - QuerySpaces
       - EntityQuerySpaceImpl(uid=<gen:0>, entity=com.joseph.entity.Product)
          - SQL table alias mapping - product0_
          - alias suffix - 0_
          - suffixed key columns - {idproduc1_3_0_}

10:29:05.575 [main] DEBUG org.hibernate.loader.entity.plan.EntityLoader - Static select for entity com.joseph.entity.Product [READ]: select product0_.idproduct as idproduc1_3_0_, product0_.nameproduct as nameprod2_3_0_, product0_.priceproduct as pricepro3_3_0_, product0_.stockproduct as stockpro4_3_0_ from Product product0_ where product0_.idproduct=?
10:29:05.575 [main] DEBUG org.hibernate.loader.plan.build.internal.spaces.QuerySpacesImpl - Adding QuerySpace : uid = <gen:0> -> org.hibernate.loader.plan.build.internal.spaces.EntityQuerySpaceImpl@4b6d92e]
10:29:05.575 [main] DEBUG org.hibernate.persister.walking.spi.MetamodelGraphWalker - Visiting attribute path : nameproduct
10:29:05.575 [main] DEBUG org.hibernate.persister.walking.spi.MetamodelGraphWalker - Visiting attribute path : orderItems
10:29:05.575 [main] DEBUG org.hibernate.loader.plan.build.internal.spaces.QuerySpacesImpl - Adding QuerySpace : uid = <gen:1> -> org.hibernate.loader.plan.build.internal.spaces.CollectionQuerySpaceImpl@7899de11]
10:29:05.575 [main] DEBUG org.hibernate.loader.plan.build.internal.spaces.QuerySpacesImpl - Adding QuerySpace : uid = <gen:2> -> org.hibernate.loader.plan.build.internal.spaces.EntityQuerySpaceImpl@290d10ef]
10:29:05.576 [main] DEBUG org.hibernate.persister.walking.spi.MetamodelGraphWalker - Visiting attribute path : priceproduct
10:29:05.576 [main] DEBUG org.hibernate.persister.walking.spi.MetamodelGraphWalker - Visiting attribute path : stockproduct
10:29:05.576 [main] DEBUG org.hibernate.loader.plan.build.internal.FetchStyleLoadPlanBuildingAssociationVisitationStrategy - Building LoadPlan...
10:29:05.576 [main] DEBUG org.hibernate.loader.plan.exec.internal.LoadQueryJoinAndFetchProcessor - processing queryspace <gen:0>
10:29:05.577 [main] DEBUG org.hibernate.loader.plan.build.spi.LoadPlanTreePrinter - LoadPlan(entity=com.joseph.entity.Product)
    - Returns
       - EntityReturnImpl(entity=com.joseph.entity.Product, querySpaceUid=<gen:0>, path=com.joseph.entity.Product)
          - CollectionAttributeFetchImpl(collection=com.joseph.entity.Product.orderItems, querySpaceUid=<gen:1>, path=com.joseph.entity.Product.orderItems)
             - (collection element) CollectionFetchableElementEntityGraph(entity=com.joseph.entity.OrderItem, querySpaceUid=<gen:2>, path=com.joseph.entity.Product.orderItems.<elements>)
    - QuerySpaces
       - EntityQuerySpaceImpl(uid=<gen:0>, entity=com.joseph.entity.Product)
          - SQL table alias mapping - product0_
          - alias suffix - 0_
          - suffixed key columns - {idproduc1_3_0_}

10:29:05.577 [main] DEBUG org.hibernate.loader.entity.plan.EntityLoader - Static select for entity com.joseph.entity.Product [UPGRADE]: select product0_.idproduct as idproduc1_3_0_, product0_.nameproduct as nameprod2_3_0_, product0_.priceproduct as pricepro3_3_0_, product0_.stockproduct as stockpro4_3_0_ from Product product0_ where product0_.idproduct=? for update
10:29:05.577 [main] DEBUG org.hibernate.loader.plan.build.internal.spaces.QuerySpacesImpl - Adding QuerySpace : uid = <gen:0> -> org.hibernate.loader.plan.build.internal.spaces.EntityQuerySpaceImpl@1bc0d349]
10:29:05.577 [main] DEBUG org.hibernate.persister.walking.spi.MetamodelGraphWalker - Visiting attribute path : nameproduct
10:29:05.577 [main] DEBUG org.hibernate.persister.walking.spi.MetamodelGraphWalker - Visiting attribute path : orderItems
10:29:05.577 [main] DEBUG org.hibernate.loader.plan.build.internal.spaces.QuerySpacesImpl - Adding QuerySpace : uid = <gen:1> -> org.hibernate.loader.plan.build.internal.spaces.CollectionQuerySpaceImpl@5292ceca]
10:29:05.577 [main] DEBUG org.hibernate.loader.plan.build.internal.spaces.QuerySpacesImpl - Adding QuerySpace : uid = <gen:2> -> org.hibernate.loader.plan.build.internal.spaces.EntityQuerySpaceImpl@13d9261f]
10:29:05.577 [main] DEBUG org.hibernate.persister.walking.spi.MetamodelGraphWalker - Visiting attribute path : priceproduct
10:29:05.577 [main] DEBUG org.hibernate.persister.walking.spi.MetamodelGraphWalker - Visiting attribute path : stockproduct
10:29:05.577 [main] DEBUG org.hibernate.loader.plan.build.internal.FetchStyleLoadPlanBuildingAssociationVisitationStrategy - Building LoadPlan...
10:29:05.578 [main] DEBUG org.hibernate.loader.plan.exec.internal.LoadQueryJoinAndFetchProcessor - processing queryspace <gen:0>
10:29:05.578 [main] DEBUG org.hibernate.loader.plan.build.spi.LoadPlanTreePrinter - LoadPlan(entity=com.joseph.entity.Product)
    - Returns
       - EntityReturnImpl(entity=com.joseph.entity.Product, querySpaceUid=<gen:0>, path=com.joseph.entity.Product)
          - CollectionAttributeFetchImpl(collection=com.joseph.entity.Product.orderItems, querySpaceUid=<gen:1>, path=com.joseph.entity.Product.orderItems)
             - (collection element) CollectionFetchableElementEntityGraph(entity=com.joseph.entity.OrderItem, querySpaceUid=<gen:2>, path=com.joseph.entity.Product.orderItems.<elements>)
    - QuerySpaces
       - EntityQuerySpaceImpl(uid=<gen:0>, entity=com.joseph.entity.Product)
          - SQL table alias mapping - product0_
          - alias suffix - 0_
          - suffixed key columns - {idproduc1_3_0_}

10:29:05.578 [main] DEBUG org.hibernate.loader.entity.plan.EntityLoader - Static select for entity com.joseph.entity.Product [UPGRADE_NOWAIT]: select product0_.idproduct as idproduc1_3_0_, product0_.nameproduct as nameprod2_3_0_, product0_.priceproduct as pricepro3_3_0_, product0_.stockproduct as stockpro4_3_0_ from Product product0_ where product0_.idproduct=? for update
10:29:05.578 [main] DEBUG org.hibernate.loader.plan.build.internal.spaces.QuerySpacesImpl - Adding QuerySpace : uid = <gen:0> -> org.hibernate.loader.plan.build.internal.spaces.EntityQuerySpaceImpl@e9ef5b6]
10:29:05.578 [main] DEBUG org.hibernate.persister.walking.spi.MetamodelGraphWalker - Visiting attribute path : nameproduct
10:29:05.578 [main] DEBUG org.hibernate.persister.walking.spi.MetamodelGraphWalker - Visiting attribute path : orderItems
10:29:05.579 [main] DEBUG org.hibernate.loader.plan.build.internal.spaces.QuerySpacesImpl - Adding QuerySpace : uid = <gen:1> -> org.hibernate.loader.plan.build.internal.spaces.CollectionQuerySpaceImpl@4110765e]
10:29:05.579 [main] DEBUG org.hibernate.loader.plan.build.internal.spaces.QuerySpacesImpl - Adding QuerySpace : uid = <gen:2> -> org.hibernate.loader.plan.build.internal.spaces.EntityQuerySpaceImpl@1ba359bd]
10:29:05.579 [main] DEBUG org.hibernate.persister.walking.spi.MetamodelGraphWalker - Visiting attribute path : priceproduct
10:29:05.579 [main] DEBUG org.hibernate.persister.walking.spi.MetamodelGraphWalker - Visiting attribute path : stockproduct
10:29:05.579 [main] DEBUG org.hibernate.loader.plan.build.internal.FetchStyleLoadPlanBuildingAssociationVisitationStrategy - Building LoadPlan...
10:29:05.579 [main] DEBUG org.hibernate.loader.plan.exec.internal.LoadQueryJoinAndFetchProcessor - processing queryspace <gen:0>
10:29:05.580 [main] DEBUG org.hibernate.loader.plan.build.spi.LoadPlanTreePrinter - LoadPlan(entity=com.joseph.entity.Product)
    - Returns
       - EntityReturnImpl(entity=com.joseph.entity.Product, querySpaceUid=<gen:0>, path=com.joseph.entity.Product)
          - CollectionAttributeFetchImpl(collection=com.joseph.entity.Product.orderItems, querySpaceUid=<gen:1>, path=com.joseph.entity.Product.orderItems)
             - (collection element) CollectionFetchableElementEntityGraph(entity=com.joseph.entity.OrderItem, querySpaceUid=<gen:2>, path=com.joseph.entity.Product.orderItems.<elements>)
    - QuerySpaces
       - EntityQuerySpaceImpl(uid=<gen:0>, entity=com.joseph.entity.Product)
          - SQL table alias mapping - product0_
          - alias suffix - 0_
          - suffixed key columns - {idproduc1_3_0_}

10:29:05.580 [main] DEBUG org.hibernate.loader.entity.plan.EntityLoader - Static select for entity com.joseph.entity.Product [UPGRADE_SKIPLOCKED]: select product0_.idproduct as idproduc1_3_0_, product0_.nameproduct as nameprod2_3_0_, product0_.priceproduct as pricepro3_3_0_, product0_.stockproduct as stockpro4_3_0_ from Product product0_ where product0_.idproduct=? for update
10:29:05.580 [main] DEBUG org.hibernate.loader.plan.build.internal.spaces.QuerySpacesImpl - Adding QuerySpace : uid = <gen:0> -> org.hibernate.loader.plan.build.internal.spaces.EntityQuerySpaceImpl@62e93c3a]
10:29:05.580 [main] DEBUG org.hibernate.persister.walking.spi.MetamodelGraphWalker - Visiting attribute path : nameproduct
10:29:05.580 [main] DEBUG org.hibernate.persister.walking.spi.MetamodelGraphWalker - Visiting attribute path : orderItems
10:29:05.581 [main] DEBUG org.hibernate.loader.plan.build.internal.spaces.QuerySpacesImpl - Adding QuerySpace : uid = <gen:1> -> org.hibernate.loader.plan.build.internal.spaces.CollectionQuerySpaceImpl@25d93198]
10:29:05.581 [main] DEBUG org.hibernate.loader.plan.build.internal.spaces.QuerySpacesImpl - Adding QuerySpace : uid = <gen:2> -> org.hibernate.loader.plan.build.internal.spaces.EntityQuerySpaceImpl@2436ea2f]
10:29:05.582 [main] DEBUG org.hibernate.persister.walking.spi.MetamodelGraphWalker - Visiting attribute path : priceproduct
10:29:05.582 [main] DEBUG org.hibernate.persister.walking.spi.MetamodelGraphWalker - Visiting attribute path : stockproduct
10:29:05.583 [main] DEBUG org.hibernate.loader.plan.build.internal.FetchStyleLoadPlanBuildingAssociationVisitationStrategy - Building LoadPlan...
10:29:05.583 [main] DEBUG org.hibernate.loader.plan.exec.internal.LoadQueryJoinAndFetchProcessor - processing queryspace <gen:0>
10:29:05.583 [main] DEBUG org.hibernate.loader.plan.build.spi.LoadPlanTreePrinter - LoadPlan(entity=com.joseph.entity.Product)
    - Returns
       - EntityReturnImpl(entity=com.joseph.entity.Product, querySpaceUid=<gen:0>, path=com.joseph.entity.Product)
          - CollectionAttributeFetchImpl(collection=com.joseph.entity.Product.orderItems, querySpaceUid=<gen:1>, path=com.joseph.entity.Product.orderItems)
             - (collection element) CollectionFetchableElementEntityGraph(entity=com.joseph.entity.OrderItem, querySpaceUid=<gen:2>, path=com.joseph.entity.Product.orderItems.<elements>)
    - QuerySpaces
       - EntityQuerySpaceImpl(uid=<gen:0>, entity=com.joseph.entity.Product)
          - SQL table alias mapping - product0_
          - alias suffix - 0_
          - suffixed key columns - {idproduc1_3_0_}

10:29:05.583 [main] DEBUG org.hibernate.loader.entity.plan.EntityLoader - Static select for entity com.joseph.entity.Product [FORCE]: select product0_.idproduct as idproduc1_3_0_, product0_.nameproduct as nameprod2_3_0_, product0_.priceproduct as pricepro3_3_0_, product0_.stockproduct as stockpro4_3_0_ from Product product0_ where product0_.idproduct=? for update
10:29:05.583 [main] DEBUG org.hibernate.loader.plan.build.internal.spaces.QuerySpacesImpl - Adding QuerySpace : uid = <gen:0> -> org.hibernate.loader.plan.build.internal.spaces.EntityQuerySpaceImpl@f951a7f]
10:29:05.584 [main] DEBUG org.hibernate.persister.walking.spi.MetamodelGraphWalker - Visiting attribute path : nameproduct
10:29:05.584 [main] DEBUG org.hibernate.persister.walking.spi.MetamodelGraphWalker - Visiting attribute path : orderItems
10:29:05.584 [main] DEBUG org.hibernate.loader.plan.build.internal.spaces.QuerySpacesImpl - Adding QuerySpace : uid = <gen:1> -> org.hibernate.loader.plan.build.internal.spaces.CollectionQuerySpaceImpl@4c777e7b]
10:29:05.584 [main] DEBUG org.hibernate.loader.plan.build.internal.spaces.QuerySpacesImpl - Adding QuerySpace : uid = <gen:2> -> org.hibernate.loader.plan.build.internal.spaces.EntityQuerySpaceImpl@5f038248]
10:29:05.584 [main] DEBUG org.hibernate.persister.walking.spi.MetamodelGraphWalker - Visiting attribute path : priceproduct
10:29:05.584 [main] DEBUG org.hibernate.persister.walking.spi.MetamodelGraphWalker - Visiting attribute path : stockproduct
10:29:05.584 [main] DEBUG org.hibernate.loader.plan.build.internal.FetchStyleLoadPlanBuildingAssociationVisitationStrategy - Building LoadPlan...
10:29:05.584 [main] DEBUG org.hibernate.loader.plan.exec.internal.LoadQueryJoinAndFetchProcessor - processing queryspace <gen:0>
10:29:05.585 [main] DEBUG org.hibernate.loader.plan.build.spi.LoadPlanTreePrinter - LoadPlan(entity=com.joseph.entity.Product)
    - Returns
       - EntityReturnImpl(entity=com.joseph.entity.Product, querySpaceUid=<gen:0>, path=com.joseph.entity.Product)
          - CollectionAttributeFetchImpl(collection=com.joseph.entity.Product.orderItems, querySpaceUid=<gen:1>, path=com.joseph.entity.Product.orderItems)
             - (collection element) CollectionFetchableElementEntityGraph(entity=com.joseph.entity.OrderItem, querySpaceUid=<gen:2>, path=com.joseph.entity.Product.orderItems.<elements>)
    - QuerySpaces
       - EntityQuerySpaceImpl(uid=<gen:0>, entity=com.joseph.entity.Product)
          - SQL table alias mapping - product0_
          - alias suffix - 0_
          - suffixed key columns - {idproduc1_3_0_}

10:29:05.585 [main] DEBUG org.hibernate.loader.entity.plan.EntityLoader - Static select for entity com.joseph.entity.Product [PESSIMISTIC_READ]: select product0_.idproduct as idproduc1_3_0_, product0_.nameproduct as nameprod2_3_0_, product0_.priceproduct as pricepro3_3_0_, product0_.stockproduct as stockpro4_3_0_ from Product product0_ where product0_.idproduct=? lock in share mode
10:29:05.585 [main] DEBUG org.hibernate.loader.plan.build.internal.spaces.QuerySpacesImpl - Adding QuerySpace : uid = <gen:0> -> org.hibernate.loader.plan.build.internal.spaces.EntityQuerySpaceImpl@78e22d35]
10:29:05.585 [main] DEBUG org.hibernate.persister.walking.spi.MetamodelGraphWalker - Visiting attribute path : nameproduct
10:29:05.585 [main] DEBUG org.hibernate.persister.walking.spi.MetamodelGraphWalker - Visiting attribute path : orderItems
10:29:05.585 [main] DEBUG org.hibernate.loader.plan.build.internal.spaces.QuerySpacesImpl - Adding QuerySpace : uid = <gen:1> -> org.hibernate.loader.plan.build.internal.spaces.CollectionQuerySpaceImpl@59f93db8]
10:29:05.586 [main] DEBUG org.hibernate.loader.plan.build.internal.spaces.QuerySpacesImpl - Adding QuerySpace : uid = <gen:2> -> org.hibernate.loader.plan.build.internal.spaces.EntityQuerySpaceImpl@1aabf50d]
10:29:05.586 [main] DEBUG org.hibernate.persister.walking.spi.MetamodelGraphWalker - Visiting attribute path : priceproduct
10:29:05.586 [main] DEBUG org.hibernate.persister.walking.spi.MetamodelGraphWalker - Visiting attribute path : stockproduct
10:29:05.586 [main] DEBUG org.hibernate.loader.plan.build.internal.FetchStyleLoadPlanBuildingAssociationVisitationStrategy - Building LoadPlan...
10:29:05.586 [main] DEBUG org.hibernate.loader.plan.exec.internal.LoadQueryJoinAndFetchProcessor - processing queryspace <gen:0>
10:29:05.586 [main] DEBUG org.hibernate.loader.plan.build.spi.LoadPlanTreePrinter - LoadPlan(entity=com.joseph.entity.Product)
    - Returns
       - EntityReturnImpl(entity=com.joseph.entity.Product, querySpaceUid=<gen:0>, path=com.joseph.entity.Product)
          - CollectionAttributeFetchImpl(collection=com.joseph.entity.Product.orderItems, querySpaceUid=<gen:1>, path=com.joseph.entity.Product.orderItems)
             - (collection element) CollectionFetchableElementEntityGraph(entity=com.joseph.entity.OrderItem, querySpaceUid=<gen:2>, path=com.joseph.entity.Product.orderItems.<elements>)
    - QuerySpaces
       - EntityQuerySpaceImpl(uid=<gen:0>, entity=com.joseph.entity.Product)
          - SQL table alias mapping - product0_
          - alias suffix - 0_
          - suffixed key columns - {idproduc1_3_0_}

10:29:05.587 [main] DEBUG org.hibernate.loader.entity.plan.EntityLoader - Static select for entity com.joseph.entity.Product [PESSIMISTIC_WRITE]: select product0_.idproduct as idproduc1_3_0_, product0_.nameproduct as nameprod2_3_0_, product0_.priceproduct as pricepro3_3_0_, product0_.stockproduct as stockpro4_3_0_ from Product product0_ where product0_.idproduct=? for update
10:29:05.587 [main] DEBUG org.hibernate.loader.plan.build.internal.spaces.QuerySpacesImpl - Adding QuerySpace : uid = <gen:0> -> org.hibernate.loader.plan.build.internal.spaces.EntityQuerySpaceImpl@73c9e8e8]
10:29:05.587 [main] DEBUG org.hibernate.persister.walking.spi.MetamodelGraphWalker - Visiting attribute path : nameproduct
10:29:05.587 [main] DEBUG org.hibernate.persister.walking.spi.MetamodelGraphWalker - Visiting attribute path : orderItems
10:29:05.587 [main] DEBUG org.hibernate.loader.plan.build.internal.spaces.QuerySpacesImpl - Adding QuerySpace : uid = <gen:1> -> org.hibernate.loader.plan.build.internal.spaces.CollectionQuerySpaceImpl@1deceb67]
10:29:05.587 [main] DEBUG org.hibernate.loader.plan.build.internal.spaces.QuerySpacesImpl - Adding QuerySpace : uid = <gen:2> -> org.hibernate.loader.plan.build.internal.spaces.EntityQuerySpaceImpl@582a764a]
10:29:05.587 [main] DEBUG org.hibernate.persister.walking.spi.MetamodelGraphWalker - Visiting attribute path : priceproduct
10:29:05.587 [main] DEBUG org.hibernate.persister.walking.spi.MetamodelGraphWalker - Visiting attribute path : stockproduct
10:29:05.588 [main] DEBUG org.hibernate.loader.plan.build.internal.FetchStyleLoadPlanBuildingAssociationVisitationStrategy - Building LoadPlan...
10:29:05.588 [main] DEBUG org.hibernate.loader.plan.exec.internal.LoadQueryJoinAndFetchProcessor - processing queryspace <gen:0>
10:29:05.588 [main] DEBUG org.hibernate.loader.plan.build.spi.LoadPlanTreePrinter - LoadPlan(entity=com.joseph.entity.Product)
    - Returns
       - EntityReturnImpl(entity=com.joseph.entity.Product, querySpaceUid=<gen:0>, path=com.joseph.entity.Product)
          - CollectionAttributeFetchImpl(collection=com.joseph.entity.Product.orderItems, querySpaceUid=<gen:1>, path=com.joseph.entity.Product.orderItems)
             - (collection element) CollectionFetchableElementEntityGraph(entity=com.joseph.entity.OrderItem, querySpaceUid=<gen:2>, path=com.joseph.entity.Product.orderItems.<elements>)
    - QuerySpaces
       - EntityQuerySpaceImpl(uid=<gen:0>, entity=com.joseph.entity.Product)
          - SQL table alias mapping - product0_
          - alias suffix - 0_
          - suffixed key columns - {idproduc1_3_0_}

10:29:05.588 [main] DEBUG org.hibernate.loader.entity.plan.EntityLoader - Static select for entity com.joseph.entity.Product [PESSIMISTIC_FORCE_INCREMENT]: select product0_.idproduct as idproduc1_3_0_, product0_.nameproduct as nameprod2_3_0_, product0_.priceproduct as pricepro3_3_0_, product0_.stockproduct as stockpro4_3_0_ from Product product0_ where product0_.idproduct=? for update
10:29:05.588 [main] DEBUG org.hibernate.loader.plan.build.internal.spaces.QuerySpacesImpl - Adding QuerySpace : uid = <gen:0> -> org.hibernate.loader.plan.build.internal.spaces.EntityQuerySpaceImpl@64984b0f]
10:29:05.588 [main] DEBUG org.hibernate.persister.walking.spi.MetamodelGraphWalker - Visiting attribute path : nameproduct
10:29:05.588 [main] DEBUG org.hibernate.persister.walking.spi.MetamodelGraphWalker - Visiting attribute path : orderItems
10:29:05.588 [main] DEBUG org.hibernate.loader.plan.build.internal.spaces.QuerySpacesImpl - Adding QuerySpace : uid = <gen:1> -> org.hibernate.loader.plan.build.internal.spaces.CollectionQuerySpaceImpl@53ec2968]
10:29:05.589 [main] DEBUG org.hibernate.loader.plan.build.internal.spaces.QuerySpacesImpl - Adding QuerySpace : uid = <gen:2> -> org.hibernate.loader.plan.build.internal.spaces.EntityQuerySpaceImpl@58ff8d79]
10:29:05.589 [main] DEBUG org.hibernate.persister.walking.spi.MetamodelGraphWalker - Visiting attribute path : priceproduct
10:29:05.589 [main] DEBUG org.hibernate.persister.walking.spi.MetamodelGraphWalker - Visiting attribute path : stockproduct
10:29:05.589 [main] DEBUG org.hibernate.loader.plan.build.internal.FetchStyleLoadPlanBuildingAssociationVisitationStrategy - Building LoadPlan...
10:29:05.589 [main] DEBUG org.hibernate.loader.plan.exec.internal.LoadQueryJoinAndFetchProcessor - processing queryspace <gen:0>
10:29:05.589 [main] DEBUG org.hibernate.loader.plan.build.spi.LoadPlanTreePrinter - LoadPlan(entity=com.joseph.entity.Product)
    - Returns
       - EntityReturnImpl(entity=com.joseph.entity.Product, querySpaceUid=<gen:0>, path=com.joseph.entity.Product)
          - CollectionAttributeFetchImpl(collection=com.joseph.entity.Product.orderItems, querySpaceUid=<gen:1>, path=com.joseph.entity.Product.orderItems)
             - (collection element) CollectionFetchableElementEntityGraph(entity=com.joseph.entity.OrderItem, querySpaceUid=<gen:2>, path=com.joseph.entity.Product.orderItems.<elements>)
    - QuerySpaces
       - EntityQuerySpaceImpl(uid=<gen:0>, entity=com.joseph.entity.Product)
          - SQL table alias mapping - product0_
          - alias suffix - 0_
          - suffixed key columns - {idproduc1_3_0_}

10:29:05.589 [main] DEBUG org.hibernate.loader.entity.plan.EntityLoader - Static select for entity com.joseph.entity.Product [OPTIMISTIC]: select product0_.idproduct as idproduc1_3_0_, product0_.nameproduct as nameprod2_3_0_, product0_.priceproduct as pricepro3_3_0_, product0_.stockproduct as stockpro4_3_0_ from Product product0_ where product0_.idproduct=?
10:29:05.589 [main] DEBUG org.hibernate.loader.plan.build.internal.spaces.QuerySpacesImpl - Adding QuerySpace : uid = <gen:0> -> org.hibernate.loader.plan.build.internal.spaces.EntityQuerySpaceImpl@7e19755a]
10:29:05.589 [main] DEBUG org.hibernate.persister.walking.spi.MetamodelGraphWalker - Visiting attribute path : nameproduct
10:29:05.589 [main] DEBUG org.hibernate.persister.walking.spi.MetamodelGraphWalker - Visiting attribute path : orderItems
10:29:05.590 [main] DEBUG org.hibernate.loader.plan.build.internal.spaces.QuerySpacesImpl - Adding QuerySpace : uid = <gen:1> -> org.hibernate.loader.plan.build.internal.spaces.CollectionQuerySpaceImpl@6f49d153]
10:29:05.590 [main] DEBUG org.hibernate.loader.plan.build.internal.spaces.QuerySpacesImpl - Adding QuerySpace : uid = <gen:2> -> org.hibernate.loader.plan.build.internal.spaces.EntityQuerySpaceImpl@4b790d86]
10:29:05.590 [main] DEBUG org.hibernate.persister.walking.spi.MetamodelGraphWalker - Visiting attribute path : priceproduct
10:29:05.590 [main] DEBUG org.hibernate.persister.walking.spi.MetamodelGraphWalker - Visiting attribute path : stockproduct
10:29:05.590 [main] DEBUG org.hibernate.loader.plan.build.internal.FetchStyleLoadPlanBuildingAssociationVisitationStrategy - Building LoadPlan...
10:29:05.590 [main] DEBUG org.hibernate.loader.plan.exec.internal.LoadQueryJoinAndFetchProcessor - processing queryspace <gen:0>
10:29:05.590 [main] DEBUG org.hibernate.loader.plan.build.spi.LoadPlanTreePrinter - LoadPlan(entity=com.joseph.entity.Product)
    - Returns
       - EntityReturnImpl(entity=com.joseph.entity.Product, querySpaceUid=<gen:0>, path=com.joseph.entity.Product)
          - CollectionAttributeFetchImpl(collection=com.joseph.entity.Product.orderItems, querySpaceUid=<gen:1>, path=com.joseph.entity.Product.orderItems)
             - (collection element) CollectionFetchableElementEntityGraph(entity=com.joseph.entity.OrderItem, querySpaceUid=<gen:2>, path=com.joseph.entity.Product.orderItems.<elements>)
    - QuerySpaces
       - EntityQuerySpaceImpl(uid=<gen:0>, entity=com.joseph.entity.Product)
          - SQL table alias mapping - product0_
          - alias suffix - 0_
          - suffixed key columns - {idproduc1_3_0_}

10:29:05.590 [main] DEBUG org.hibernate.loader.entity.plan.EntityLoader - Static select for entity com.joseph.entity.Product [OPTIMISTIC_FORCE_INCREMENT]: select product0_.idproduct as idproduc1_3_0_, product0_.nameproduct as nameprod2_3_0_, product0_.priceproduct as pricepro3_3_0_, product0_.stockproduct as stockpro4_3_0_ from Product product0_ where product0_.idproduct=?
10:29:05.591 [main] DEBUG org.hibernate.loader.Loader - Static select for action ACTION_MERGE on entity com.joseph.entity.Product: select product0_.idproduct as idproduc1_3_1_, product0_.nameproduct as nameprod2_3_1_, product0_.priceproduct as pricepro3_3_1_, product0_.stockproduct as stockpro4_3_1_, orderitems1_.idproduct as idproduc4_2_3_, orderitems1_.id as id1_2_3_, orderitems1_.id as id1_2_0_, orderitems1_.idorder as idorder3_2_0_, orderitems1_.idproduct as idproduc4_2_0_, orderitems1_.quantity as quantity2_2_0_ from Product product0_ left outer join orderitems orderitems1_ on product0_.idproduct=orderitems1_.idproduct where product0_.idproduct=?
10:29:05.591 [main] DEBUG org.hibernate.loader.Loader - Static select for action ACTION_REFRESH on entity com.joseph.entity.Product: select product0_.idproduct as idproduc1_3_1_, product0_.nameproduct as nameprod2_3_1_, product0_.priceproduct as pricepro3_3_1_, product0_.stockproduct as stockpro4_3_1_, orderitems1_.idproduct as idproduc4_2_3_, orderitems1_.id as id1_2_3_, orderitems1_.id as id1_2_0_, orderitems1_.idorder as idorder3_2_0_, orderitems1_.idproduct as idproduc4_2_0_, orderitems1_.quantity as quantity2_2_0_ from Product product0_ left outer join orderitems orderitems1_ on product0_.idproduct=orderitems1_.idproduct where product0_.idproduct=?
10:29:05.591 [main] DEBUG org.hibernate.persister.entity.AbstractEntityPersister - Static SQL for entity: com.joseph.entity.OrderItem
10:29:05.591 [main] DEBUG org.hibernate.persister.entity.AbstractEntityPersister -  Version select: select id from orderitems where id =?
10:29:05.591 [main] DEBUG org.hibernate.persister.entity.AbstractEntityPersister -  Snapshot select: select orderitem_.id, orderitem_.idorder as idorder3_2_, orderitem_.idproduct as idproduc4_2_, orderitem_.quantity as quantity2_2_ from orderitems orderitem_ where orderitem_.id=?
10:29:05.591 [main] DEBUG org.hibernate.persister.entity.AbstractEntityPersister -  Insert 0: insert into orderitems (idorder, idproduct, quantity, id) values (?, ?, ?, ?)
10:29:05.591 [main] DEBUG org.hibernate.persister.entity.AbstractEntityPersister -  Update 0: update orderitems set idorder=?, idproduct=?, quantity=? where id=?
10:29:05.591 [main] DEBUG org.hibernate.persister.entity.AbstractEntityPersister -  Delete 0: delete from orderitems where id=?
10:29:05.591 [main] DEBUG org.hibernate.persister.entity.AbstractEntityPersister -  Identity insert: insert into orderitems (idorder, idproduct, quantity) values (?, ?, ?)
10:29:05.591 [main] DEBUG org.hibernate.loader.plan.build.internal.spaces.QuerySpacesImpl - Adding QuerySpace : uid = <gen:0> -> org.hibernate.loader.plan.build.internal.spaces.EntityQuerySpaceImpl@7e7f0216]
10:29:05.591 [main] DEBUG org.hibernate.persister.walking.spi.MetamodelGraphWalker - Visiting attribute path : order
10:29:05.591 [main] DEBUG org.hibernate.loader.plan.build.internal.spaces.QuerySpacesImpl - Adding QuerySpace : uid = <gen:1> -> org.hibernate.loader.plan.build.internal.spaces.EntityQuerySpaceImpl@62db3891]
10:29:05.591 [main] DEBUG org.hibernate.persister.walking.spi.MetamodelGraphWalker - Visiting attribute path : order.client
10:29:05.592 [main] DEBUG org.hibernate.loader.plan.build.internal.spaces.QuerySpacesImpl - Adding QuerySpace : uid = <gen:2> -> org.hibernate.loader.plan.build.internal.spaces.EntityQuerySpaceImpl@6724cdec]
10:29:05.592 [main] DEBUG org.hibernate.persister.walking.spi.MetamodelGraphWalker - Visiting attribute path : order.client.emailclient
10:29:05.592 [main] DEBUG org.hibernate.persister.walking.spi.MetamodelGraphWalker - Visiting attribute path : order.client.nameclient
10:29:05.592 [main] DEBUG org.hibernate.persister.walking.spi.MetamodelGraphWalker - Visiting attribute path : order.client.orders
10:29:05.592 [main] DEBUG org.hibernate.persister.walking.spi.MetamodelGraphWalker - Property path deemed to be circular : order.client.orders
10:29:05.592 [main] DEBUG org.hibernate.persister.walking.spi.MetamodelGraphWalker - Visiting attribute path : order.dateorder
10:29:05.592 [main] DEBUG org.hibernate.persister.walking.spi.MetamodelGraphWalker - Visiting attribute path : order.orderItems
10:29:05.592 [main] DEBUG org.hibernate.persister.walking.spi.MetamodelGraphWalker - Property path deemed to be circular : order.orderItems
10:29:05.592 [main] DEBUG org.hibernate.persister.walking.spi.MetamodelGraphWalker - Visiting attribute path : order.statusorder
10:29:05.592 [main] DEBUG org.hibernate.persister.walking.spi.MetamodelGraphWalker - Visiting attribute path : order.totalorder
10:29:05.592 [main] DEBUG org.hibernate.persister.walking.spi.MetamodelGraphWalker - Visiting attribute path : product
10:29:05.592 [main] DEBUG org.hibernate.loader.plan.build.internal.spaces.QuerySpacesImpl - Adding QuerySpace : uid = <gen:3> -> org.hibernate.loader.plan.build.internal.spaces.EntityQuerySpaceImpl@52e04737]
10:29:05.592 [main] DEBUG org.hibernate.persister.walking.spi.MetamodelGraphWalker - Visiting attribute path : product.nameproduct
10:29:05.592 [main] DEBUG org.hibernate.persister.walking.spi.MetamodelGraphWalker - Visiting attribute path : product.orderItems
10:29:05.592 [main] DEBUG org.hibernate.persister.walking.spi.MetamodelGraphWalker - Property path deemed to be circular : product.orderItems
10:29:05.592 [main] DEBUG org.hibernate.persister.walking.spi.MetamodelGraphWalker - Visiting attribute path : product.priceproduct
10:29:05.592 [main] DEBUG org.hibernate.persister.walking.spi.MetamodelGraphWalker - Visiting attribute path : product.stockproduct
10:29:05.592 [main] DEBUG org.hibernate.persister.walking.spi.MetamodelGraphWalker - Visiting attribute path : quantity
10:29:05.593 [main] DEBUG org.hibernate.loader.plan.build.internal.FetchStyleLoadPlanBuildingAssociationVisitationStrategy - Building LoadPlan...
10:29:05.593 [main] DEBUG org.hibernate.loader.plan.exec.internal.LoadQueryJoinAndFetchProcessor - processing queryspace <gen:0>
10:29:05.595 [main] DEBUG org.hibernate.loader.plan.build.spi.LoadPlanTreePrinter - LoadPlan(entity=com.joseph.entity.OrderItem)
    - Returns
       - EntityReturnImpl(entity=com.joseph.entity.OrderItem, querySpaceUid=<gen:0>, path=com.joseph.entity.OrderItem)
          - EntityAttributeFetchImpl(entity=com.joseph.entity.Order, querySpaceUid=<gen:1>, path=com.joseph.entity.OrderItem.order)
             - EntityAttributeFetchImpl(entity=com.joseph.entity.Client, querySpaceUid=<gen:2>, path=com.joseph.entity.OrderItem.order.client)
          - EntityAttributeFetchImpl(entity=com.joseph.entity.Product, querySpaceUid=<gen:3>, path=com.joseph.entity.OrderItem.product)
    - QuerySpaces
       - EntityQuerySpaceImpl(uid=<gen:0>, entity=com.joseph.entity.OrderItem)
          - SQL table alias mapping - orderitem0_
          - alias suffix - 0_
          - suffixed key columns - {id1_2_0_}
          - JOIN (JoinDefinedByMetadata(order)) : <gen:0> -> <gen:1>
             - EntityQuerySpaceImpl(uid=<gen:1>, entity=com.joseph.entity.Order)
                - SQL table alias mapping - order1_
                - alias suffix - 1_
                - suffixed key columns - {idorder1_1_1_}
                - JOIN (JoinDefinedByMetadata(client)) : <gen:1> -> <gen:2>
                   - EntityQuerySpaceImpl(uid=<gen:2>, entity=com.joseph.entity.Client)
                      - SQL table alias mapping - client2_
                      - alias suffix - 2_
                      - suffixed key columns - {idclient1_0_2_}
          - JOIN (JoinDefinedByMetadata(product)) : <gen:0> -> <gen:3>
             - EntityQuerySpaceImpl(uid=<gen:3>, entity=com.joseph.entity.Product)
                - SQL table alias mapping - product3_
                - alias suffix - 3_
                - suffixed key columns - {idproduc1_3_3_}

10:29:05.596 [main] DEBUG org.hibernate.loader.entity.plan.EntityLoader - Static select for entity com.joseph.entity.OrderItem [NONE]: select orderitem0_.id as id1_2_0_, orderitem0_.idorder as idorder3_2_0_, orderitem0_.idproduct as idproduc4_2_0_, orderitem0_.quantity as quantity2_2_0_, order1_.idorder as idorder1_1_1_, order1_.idclient as idclient5_1_1_, order1_.dateorder as dateorde2_1_1_, order1_.statusorder as statusor3_1_1_, order1_.totalorder as totalord4_1_1_, client2_.idclient as idclient1_0_2_, client2_.emailclient as emailcli2_0_2_, client2_.nameclient as nameclie3_0_2_, product3_.idproduct as idproduc1_3_3_, product3_.nameproduct as nameprod2_3_3_, product3_.priceproduct as pricepro3_3_3_, product3_.stockproduct as stockpro4_3_3_ from orderitems orderitem0_ left outer join order_table order1_ on orderitem0_.idorder=order1_.idorder left outer join client client2_ on order1_.idclient=client2_.idclient left outer join Product product3_ on orderitem0_.idproduct=product3_.idproduct where orderitem0_.id=?
10:29:05.596 [main] DEBUG org.hibernate.loader.plan.build.internal.spaces.QuerySpacesImpl - Adding QuerySpace : uid = <gen:0> -> org.hibernate.loader.plan.build.internal.spaces.EntityQuerySpaceImpl@1a4d1ab7]
10:29:05.596 [main] DEBUG org.hibernate.persister.walking.spi.MetamodelGraphWalker - Visiting attribute path : order
10:29:05.596 [main] DEBUG org.hibernate.loader.plan.build.internal.spaces.QuerySpacesImpl - Adding QuerySpace : uid = <gen:1> -> org.hibernate.loader.plan.build.internal.spaces.EntityQuerySpaceImpl@4674d90]
10:29:05.596 [main] DEBUG org.hibernate.persister.walking.spi.MetamodelGraphWalker - Visiting attribute path : order.client
10:29:05.596 [main] DEBUG org.hibernate.loader.plan.build.internal.spaces.QuerySpacesImpl - Adding QuerySpace : uid = <gen:2> -> org.hibernate.loader.plan.build.internal.spaces.EntityQuerySpaceImpl@1292071f]
10:29:05.597 [main] DEBUG org.hibernate.persister.walking.spi.MetamodelGraphWalker - Visiting attribute path : order.client.emailclient
10:29:05.597 [main] DEBUG org.hibernate.persister.walking.spi.MetamodelGraphWalker - Visiting attribute path : order.client.nameclient
10:29:05.597 [main] DEBUG org.hibernate.persister.walking.spi.MetamodelGraphWalker - Visiting attribute path : order.client.orders
10:29:05.597 [main] DEBUG org.hibernate.persister.walking.spi.MetamodelGraphWalker - Property path deemed to be circular : order.client.orders
10:29:05.597 [main] DEBUG org.hibernate.persister.walking.spi.MetamodelGraphWalker - Visiting attribute path : order.dateorder
10:29:05.597 [main] DEBUG org.hibernate.persister.walking.spi.MetamodelGraphWalker - Visiting attribute path : order.orderItems
10:29:05.597 [main] DEBUG org.hibernate.persister.walking.spi.MetamodelGraphWalker - Property path deemed to be circular : order.orderItems
10:29:05.597 [main] DEBUG org.hibernate.persister.walking.spi.MetamodelGraphWalker - Visiting attribute path : order.statusorder
10:29:05.597 [main] DEBUG org.hibernate.persister.walking.spi.MetamodelGraphWalker - Visiting attribute path : order.totalorder
10:29:05.597 [main] DEBUG org.hibernate.persister.walking.spi.MetamodelGraphWalker - Visiting attribute path : product
10:29:05.597 [main] DEBUG org.hibernate.loader.plan.build.internal.spaces.QuerySpacesImpl - Adding QuerySpace : uid = <gen:3> -> org.hibernate.loader.plan.build.internal.spaces.EntityQuerySpaceImpl@b606cb6]
10:29:05.597 [main] DEBUG org.hibernate.persister.walking.spi.MetamodelGraphWalker - Visiting attribute path : product.nameproduct
10:29:05.598 [main] DEBUG org.hibernate.persister.walking.spi.MetamodelGraphWalker - Visiting attribute path : product.orderItems
10:29:05.598 [main] DEBUG org.hibernate.persister.walking.spi.MetamodelGraphWalker - Property path deemed to be circular : product.orderItems
10:29:05.598 [main] DEBUG org.hibernate.persister.walking.spi.MetamodelGraphWalker - Visiting attribute path : product.priceproduct
10:29:05.598 [main] DEBUG org.hibernate.persister.walking.spi.MetamodelGraphWalker - Visiting attribute path : product.stockproduct
10:29:05.598 [main] DEBUG org.hibernate.persister.walking.spi.MetamodelGraphWalker - Visiting attribute path : quantity
10:29:05.598 [main] DEBUG org.hibernate.loader.plan.build.internal.FetchStyleLoadPlanBuildingAssociationVisitationStrategy - Building LoadPlan...
10:29:05.598 [main] DEBUG org.hibernate.loader.plan.exec.internal.LoadQueryJoinAndFetchProcessor - processing queryspace <gen:0>
10:29:05.600 [main] DEBUG org.hibernate.loader.plan.build.spi.LoadPlanTreePrinter - LoadPlan(entity=com.joseph.entity.OrderItem)
    - Returns
       - EntityReturnImpl(entity=com.joseph.entity.OrderItem, querySpaceUid=<gen:0>, path=com.joseph.entity.OrderItem)
          - EntityAttributeFetchImpl(entity=com.joseph.entity.Order, querySpaceUid=<gen:1>, path=com.joseph.entity.OrderItem.order)
             - EntityAttributeFetchImpl(entity=com.joseph.entity.Client, querySpaceUid=<gen:2>, path=com.joseph.entity.OrderItem.order.client)
          - EntityAttributeFetchImpl(entity=com.joseph.entity.Product, querySpaceUid=<gen:3>, path=com.joseph.entity.OrderItem.product)
    - QuerySpaces
       - EntityQuerySpaceImpl(uid=<gen:0>, entity=com.joseph.entity.OrderItem)
          - SQL table alias mapping - orderitem0_
          - alias suffix - 0_
          - suffixed key columns - {id1_2_0_}
          - JOIN (JoinDefinedByMetadata(order)) : <gen:0> -> <gen:1>
             - EntityQuerySpaceImpl(uid=<gen:1>, entity=com.joseph.entity.Order)
                - SQL table alias mapping - order1_
                - alias suffix - 1_
                - suffixed key columns - {idorder1_1_1_}
                - JOIN (JoinDefinedByMetadata(client)) : <gen:1> -> <gen:2>
                   - EntityQuerySpaceImpl(uid=<gen:2>, entity=com.joseph.entity.Client)
                      - SQL table alias mapping - client2_
                      - alias suffix - 2_
                      - suffixed key columns - {idclient1_0_2_}
          - JOIN (JoinDefinedByMetadata(product)) : <gen:0> -> <gen:3>
             - EntityQuerySpaceImpl(uid=<gen:3>, entity=com.joseph.entity.Product)
                - SQL table alias mapping - product3_
                - alias suffix - 3_
                - suffixed key columns - {idproduc1_3_3_}

10:29:05.600 [main] DEBUG org.hibernate.loader.entity.plan.EntityLoader - Static select for entity com.joseph.entity.OrderItem [READ]: select orderitem0_.id as id1_2_0_, orderitem0_.idorder as idorder3_2_0_, orderitem0_.idproduct as idproduc4_2_0_, orderitem0_.quantity as quantity2_2_0_, order1_.idorder as idorder1_1_1_, order1_.idclient as idclient5_1_1_, order1_.dateorder as dateorde2_1_1_, order1_.statusorder as statusor3_1_1_, order1_.totalorder as totalord4_1_1_, client2_.idclient as idclient1_0_2_, client2_.emailclient as emailcli2_0_2_, client2_.nameclient as nameclie3_0_2_, product3_.idproduct as idproduc1_3_3_, product3_.nameproduct as nameprod2_3_3_, product3_.priceproduct as pricepro3_3_3_, product3_.stockproduct as stockpro4_3_3_ from orderitems orderitem0_ left outer join order_table order1_ on orderitem0_.idorder=order1_.idorder left outer join client client2_ on order1_.idclient=client2_.idclient left outer join Product product3_ on orderitem0_.idproduct=product3_.idproduct where orderitem0_.id=?
10:29:05.600 [main] DEBUG org.hibernate.loader.plan.build.internal.spaces.QuerySpacesImpl - Adding QuerySpace : uid = <gen:0> -> org.hibernate.loader.plan.build.internal.spaces.EntityQuerySpaceImpl@2819c460]
10:29:05.600 [main] DEBUG org.hibernate.persister.walking.spi.MetamodelGraphWalker - Visiting attribute path : order
10:29:05.600 [main] DEBUG org.hibernate.loader.plan.build.internal.spaces.QuerySpacesImpl - Adding QuerySpace : uid = <gen:1> -> org.hibernate.loader.plan.build.internal.spaces.EntityQuerySpaceImpl@38bb9d7a]
10:29:05.600 [main] DEBUG org.hibernate.persister.walking.spi.MetamodelGraphWalker - Visiting attribute path : product
10:29:05.600 [main] DEBUG org.hibernate.loader.plan.build.internal.spaces.QuerySpacesImpl - Adding QuerySpace : uid = <gen:2> -> org.hibernate.loader.plan.build.internal.spaces.EntityQuerySpaceImpl@1e8ab90f]
10:29:05.600 [main] DEBUG org.hibernate.persister.walking.spi.MetamodelGraphWalker - Visiting attribute path : quantity
10:29:05.600 [main] DEBUG org.hibernate.loader.plan.build.internal.FetchStyleLoadPlanBuildingAssociationVisitationStrategy - Building LoadPlan...
10:29:05.601 [main] DEBUG org.hibernate.loader.plan.exec.internal.LoadQueryJoinAndFetchProcessor - processing queryspace <gen:0>
10:29:05.601 [main] DEBUG org.hibernate.loader.plan.build.spi.LoadPlanTreePrinter - LoadPlan(entity=com.joseph.entity.OrderItem)
    - Returns
       - EntityReturnImpl(entity=com.joseph.entity.OrderItem, querySpaceUid=<gen:0>, path=com.joseph.entity.OrderItem)
          - EntityAttributeFetchImpl(entity=com.joseph.entity.Order, querySpaceUid=<gen:1>, path=com.joseph.entity.OrderItem.order)
          - EntityAttributeFetchImpl(entity=com.joseph.entity.Product, querySpaceUid=<gen:2>, path=com.joseph.entity.OrderItem.product)
    - QuerySpaces
       - EntityQuerySpaceImpl(uid=<gen:0>, entity=com.joseph.entity.OrderItem)
          - SQL table alias mapping - orderitem0_
          - alias suffix - 0_
          - suffixed key columns - {id1_2_0_}

10:29:05.601 [main] DEBUG org.hibernate.loader.entity.plan.EntityLoader - Static select for entity com.joseph.entity.OrderItem [UPGRADE]: select orderitem0_.id as id1_2_0_, orderitem0_.idorder as idorder3_2_0_, orderitem0_.idproduct as idproduc4_2_0_, orderitem0_.quantity as quantity2_2_0_ from orderitems orderitem0_ where orderitem0_.id=? for update
10:29:05.601 [main] DEBUG org.hibernate.loader.plan.build.internal.spaces.QuerySpacesImpl - Adding QuerySpace : uid = <gen:0> -> org.hibernate.loader.plan.build.internal.spaces.EntityQuerySpaceImpl@78d6447a]
10:29:05.601 [main] DEBUG org.hibernate.persister.walking.spi.MetamodelGraphWalker - Visiting attribute path : order
10:29:05.601 [main] DEBUG org.hibernate.loader.plan.build.internal.spaces.QuerySpacesImpl - Adding QuerySpace : uid = <gen:1> -> org.hibernate.loader.plan.build.internal.spaces.EntityQuerySpaceImpl@1e469dfd]
10:29:05.601 [main] DEBUG org.hibernate.persister.walking.spi.MetamodelGraphWalker - Visiting attribute path : product
10:29:05.601 [main] DEBUG org.hibernate.loader.plan.build.internal.spaces.QuerySpacesImpl - Adding QuerySpace : uid = <gen:2> -> org.hibernate.loader.plan.build.internal.spaces.EntityQuerySpaceImpl@554f0dfb]
10:29:05.602 [main] DEBUG org.hibernate.persister.walking.spi.MetamodelGraphWalker - Visiting attribute path : quantity
10:29:05.602 [main] DEBUG org.hibernate.loader.plan.build.internal.FetchStyleLoadPlanBuildingAssociationVisitationStrategy - Building LoadPlan...
10:29:05.602 [main] DEBUG org.hibernate.loader.plan.exec.internal.LoadQueryJoinAndFetchProcessor - processing queryspace <gen:0>
10:29:05.602 [main] DEBUG org.hibernate.loader.plan.build.spi.LoadPlanTreePrinter - LoadPlan(entity=com.joseph.entity.OrderItem)
    - Returns
       - EntityReturnImpl(entity=com.joseph.entity.OrderItem, querySpaceUid=<gen:0>, path=com.joseph.entity.OrderItem)
          - EntityAttributeFetchImpl(entity=com.joseph.entity.Order, querySpaceUid=<gen:1>, path=com.joseph.entity.OrderItem.order)
          - EntityAttributeFetchImpl(entity=com.joseph.entity.Product, querySpaceUid=<gen:2>, path=com.joseph.entity.OrderItem.product)
    - QuerySpaces
       - EntityQuerySpaceImpl(uid=<gen:0>, entity=com.joseph.entity.OrderItem)
          - SQL table alias mapping - orderitem0_
          - alias suffix - 0_
          - suffixed key columns - {id1_2_0_}

10:29:05.602 [main] DEBUG org.hibernate.loader.entity.plan.EntityLoader - Static select for entity com.joseph.entity.OrderItem [UPGRADE_NOWAIT]: select orderitem0_.id as id1_2_0_, orderitem0_.idorder as idorder3_2_0_, orderitem0_.idproduct as idproduc4_2_0_, orderitem0_.quantity as quantity2_2_0_ from orderitems orderitem0_ where orderitem0_.id=? for update
10:29:05.602 [main] DEBUG org.hibernate.loader.plan.build.internal.spaces.QuerySpacesImpl - Adding QuerySpace : uid = <gen:0> -> org.hibernate.loader.plan.build.internal.spaces.EntityQuerySpaceImpl@1f7076bc]
10:29:05.602 [main] DEBUG org.hibernate.persister.walking.spi.MetamodelGraphWalker - Visiting attribute path : order
10:29:05.602 [main] DEBUG org.hibernate.loader.plan.build.internal.spaces.QuerySpacesImpl - Adding QuerySpace : uid = <gen:1> -> org.hibernate.loader.plan.build.internal.spaces.EntityQuerySpaceImpl@5b9396d3]
10:29:05.602 [main] DEBUG org.hibernate.persister.walking.spi.MetamodelGraphWalker - Visiting attribute path : product
10:29:05.602 [main] DEBUG org.hibernate.loader.plan.build.internal.spaces.QuerySpacesImpl - Adding QuerySpace : uid = <gen:2> -> org.hibernate.loader.plan.build.internal.spaces.EntityQuerySpaceImpl@761e788f]
10:29:05.602 [main] DEBUG org.hibernate.persister.walking.spi.MetamodelGraphWalker - Visiting attribute path : quantity
10:29:05.602 [main] DEBUG org.hibernate.loader.plan.build.internal.FetchStyleLoadPlanBuildingAssociationVisitationStrategy - Building LoadPlan...
10:29:05.603 [main] DEBUG org.hibernate.loader.plan.exec.internal.LoadQueryJoinAndFetchProcessor - processing queryspace <gen:0>
10:29:05.603 [main] DEBUG org.hibernate.loader.plan.build.spi.LoadPlanTreePrinter - LoadPlan(entity=com.joseph.entity.OrderItem)
    - Returns
       - EntityReturnImpl(entity=com.joseph.entity.OrderItem, querySpaceUid=<gen:0>, path=com.joseph.entity.OrderItem)
          - EntityAttributeFetchImpl(entity=com.joseph.entity.Order, querySpaceUid=<gen:1>, path=com.joseph.entity.OrderItem.order)
          - EntityAttributeFetchImpl(entity=com.joseph.entity.Product, querySpaceUid=<gen:2>, path=com.joseph.entity.OrderItem.product)
    - QuerySpaces
       - EntityQuerySpaceImpl(uid=<gen:0>, entity=com.joseph.entity.OrderItem)
          - SQL table alias mapping - orderitem0_
          - alias suffix - 0_
          - suffixed key columns - {id1_2_0_}

10:29:05.603 [main] DEBUG org.hibernate.loader.entity.plan.EntityLoader - Static select for entity com.joseph.entity.OrderItem [UPGRADE_SKIPLOCKED]: select orderitem0_.id as id1_2_0_, orderitem0_.idorder as idorder3_2_0_, orderitem0_.idproduct as idproduc4_2_0_, orderitem0_.quantity as quantity2_2_0_ from orderitems orderitem0_ where orderitem0_.id=? for update
10:29:05.603 [main] DEBUG org.hibernate.loader.plan.build.internal.spaces.QuerySpacesImpl - Adding QuerySpace : uid = <gen:0> -> org.hibernate.loader.plan.build.internal.spaces.EntityQuerySpaceImpl@6a472566]
10:29:05.603 [main] DEBUG org.hibernate.persister.walking.spi.MetamodelGraphWalker - Visiting attribute path : order
10:29:05.603 [main] DEBUG org.hibernate.loader.plan.build.internal.spaces.QuerySpacesImpl - Adding QuerySpace : uid = <gen:1> -> org.hibernate.loader.plan.build.internal.spaces.EntityQuerySpaceImpl@5e65afb6]
10:29:05.603 [main] DEBUG org.hibernate.persister.walking.spi.MetamodelGraphWalker - Visiting attribute path : product
10:29:05.603 [main] DEBUG org.hibernate.loader.plan.build.internal.spaces.QuerySpacesImpl - Adding QuerySpace : uid = <gen:2> -> org.hibernate.loader.plan.build.internal.spaces.EntityQuerySpaceImpl@5b3a7ef5]
10:29:05.603 [main] DEBUG org.hibernate.persister.walking.spi.MetamodelGraphWalker - Visiting attribute path : quantity
10:29:05.603 [main] DEBUG org.hibernate.loader.plan.build.internal.FetchStyleLoadPlanBuildingAssociationVisitationStrategy - Building LoadPlan...
10:29:05.603 [main] DEBUG org.hibernate.loader.plan.exec.internal.LoadQueryJoinAndFetchProcessor - processing queryspace <gen:0>
10:29:05.604 [main] DEBUG org.hibernate.loader.plan.build.spi.LoadPlanTreePrinter - LoadPlan(entity=com.joseph.entity.OrderItem)
    - Returns
       - EntityReturnImpl(entity=com.joseph.entity.OrderItem, querySpaceUid=<gen:0>, path=com.joseph.entity.OrderItem)
          - EntityAttributeFetchImpl(entity=com.joseph.entity.Order, querySpaceUid=<gen:1>, path=com.joseph.entity.OrderItem.order)
          - EntityAttributeFetchImpl(entity=com.joseph.entity.Product, querySpaceUid=<gen:2>, path=com.joseph.entity.OrderItem.product)
    - QuerySpaces
       - EntityQuerySpaceImpl(uid=<gen:0>, entity=com.joseph.entity.OrderItem)
          - SQL table alias mapping - orderitem0_
          - alias suffix - 0_
          - suffixed key columns - {id1_2_0_}

10:29:05.604 [main] DEBUG org.hibernate.loader.entity.plan.EntityLoader - Static select for entity com.joseph.entity.OrderItem [FORCE]: select orderitem0_.id as id1_2_0_, orderitem0_.idorder as idorder3_2_0_, orderitem0_.idproduct as idproduc4_2_0_, orderitem0_.quantity as quantity2_2_0_ from orderitems orderitem0_ where orderitem0_.id=? for update
10:29:05.604 [main] DEBUG org.hibernate.loader.plan.build.internal.spaces.QuerySpacesImpl - Adding QuerySpace : uid = <gen:0> -> org.hibernate.loader.plan.build.internal.spaces.EntityQuerySpaceImpl@8851ce1]
10:29:05.604 [main] DEBUG org.hibernate.persister.walking.spi.MetamodelGraphWalker - Visiting attribute path : order
10:29:05.604 [main] DEBUG org.hibernate.loader.plan.build.internal.spaces.QuerySpacesImpl - Adding QuerySpace : uid = <gen:1> -> org.hibernate.loader.plan.build.internal.spaces.EntityQuerySpaceImpl@5ef6fd7f]
10:29:05.604 [main] DEBUG org.hibernate.persister.walking.spi.MetamodelGraphWalker - Visiting attribute path : product
10:29:05.604 [main] DEBUG org.hibernate.loader.plan.build.internal.spaces.QuerySpacesImpl - Adding QuerySpace : uid = <gen:2> -> org.hibernate.loader.plan.build.internal.spaces.EntityQuerySpaceImpl@5633ed82]
10:29:05.604 [main] DEBUG org.hibernate.persister.walking.spi.MetamodelGraphWalker - Visiting attribute path : quantity
10:29:05.604 [main] DEBUG org.hibernate.loader.plan.build.internal.FetchStyleLoadPlanBuildingAssociationVisitationStrategy - Building LoadPlan...
10:29:05.604 [main] DEBUG org.hibernate.loader.plan.exec.internal.LoadQueryJoinAndFetchProcessor - processing queryspace <gen:0>
10:29:05.605 [main] DEBUG org.hibernate.loader.plan.build.spi.LoadPlanTreePrinter - LoadPlan(entity=com.joseph.entity.OrderItem)
    - Returns
       - EntityReturnImpl(entity=com.joseph.entity.OrderItem, querySpaceUid=<gen:0>, path=com.joseph.entity.OrderItem)
          - EntityAttributeFetchImpl(entity=com.joseph.entity.Order, querySpaceUid=<gen:1>, path=com.joseph.entity.OrderItem.order)
          - EntityAttributeFetchImpl(entity=com.joseph.entity.Product, querySpaceUid=<gen:2>, path=com.joseph.entity.OrderItem.product)
    - QuerySpaces
       - EntityQuerySpaceImpl(uid=<gen:0>, entity=com.joseph.entity.OrderItem)
          - SQL table alias mapping - orderitem0_
          - alias suffix - 0_
          - suffixed key columns - {id1_2_0_}

10:29:05.605 [main] DEBUG org.hibernate.loader.entity.plan.EntityLoader - Static select for entity com.joseph.entity.OrderItem [PESSIMISTIC_READ]: select orderitem0_.id as id1_2_0_, orderitem0_.idorder as idorder3_2_0_, orderitem0_.idproduct as idproduc4_2_0_, orderitem0_.quantity as quantity2_2_0_ from orderitems orderitem0_ where orderitem0_.id=? lock in share mode
10:29:05.605 [main] DEBUG org.hibernate.loader.plan.build.internal.spaces.QuerySpacesImpl - Adding QuerySpace : uid = <gen:0> -> org.hibernate.loader.plan.build.internal.spaces.EntityQuerySpaceImpl@767191b1]
10:29:05.605 [main] DEBUG org.hibernate.persister.walking.spi.MetamodelGraphWalker - Visiting attribute path : order
10:29:05.605 [main] DEBUG org.hibernate.loader.plan.build.internal.spaces.QuerySpacesImpl - Adding QuerySpace : uid = <gen:1> -> org.hibernate.loader.plan.build.internal.spaces.EntityQuerySpaceImpl@5d21202d]
10:29:05.605 [main] DEBUG org.hibernate.persister.walking.spi.MetamodelGraphWalker - Visiting attribute path : product
10:29:05.605 [main] DEBUG org.hibernate.loader.plan.build.internal.spaces.QuerySpacesImpl - Adding QuerySpace : uid = <gen:2> -> org.hibernate.loader.plan.build.internal.spaces.EntityQuerySpaceImpl@14b789f6]
10:29:05.605 [main] DEBUG org.hibernate.persister.walking.spi.MetamodelGraphWalker - Visiting attribute path : quantity
10:29:05.605 [main] DEBUG org.hibernate.loader.plan.build.internal.FetchStyleLoadPlanBuildingAssociationVisitationStrategy - Building LoadPlan...
10:29:05.605 [main] DEBUG org.hibernate.loader.plan.exec.internal.LoadQueryJoinAndFetchProcessor - processing queryspace <gen:0>
10:29:05.605 [main] DEBUG org.hibernate.loader.plan.build.spi.LoadPlanTreePrinter - LoadPlan(entity=com.joseph.entity.OrderItem)
    - Returns
       - EntityReturnImpl(entity=com.joseph.entity.OrderItem, querySpaceUid=<gen:0>, path=com.joseph.entity.OrderItem)
          - EntityAttributeFetchImpl(entity=com.joseph.entity.Order, querySpaceUid=<gen:1>, path=com.joseph.entity.OrderItem.order)
          - EntityAttributeFetchImpl(entity=com.joseph.entity.Product, querySpaceUid=<gen:2>, path=com.joseph.entity.OrderItem.product)
    - QuerySpaces
       - EntityQuerySpaceImpl(uid=<gen:0>, entity=com.joseph.entity.OrderItem)
          - SQL table alias mapping - orderitem0_
          - alias suffix - 0_
          - suffixed key columns - {id1_2_0_}

10:29:05.605 [main] DEBUG org.hibernate.loader.entity.plan.EntityLoader - Static select for entity com.joseph.entity.OrderItem [PESSIMISTIC_WRITE]: select orderitem0_.id as id1_2_0_, orderitem0_.idorder as idorder3_2_0_, orderitem0_.idproduct as idproduc4_2_0_, orderitem0_.quantity as quantity2_2_0_ from orderitems orderitem0_ where orderitem0_.id=? for update
10:29:05.605 [main] DEBUG org.hibernate.loader.plan.build.internal.spaces.QuerySpacesImpl - Adding QuerySpace : uid = <gen:0> -> org.hibernate.loader.plan.build.internal.spaces.EntityQuerySpaceImpl@6eb17ec8]
10:29:05.605 [main] DEBUG org.hibernate.persister.walking.spi.MetamodelGraphWalker - Visiting attribute path : order
10:29:05.605 [main] DEBUG org.hibernate.loader.plan.build.internal.spaces.QuerySpacesImpl - Adding QuerySpace : uid = <gen:1> -> org.hibernate.loader.plan.build.internal.spaces.EntityQuerySpaceImpl@277bf091]
10:29:05.605 [main] DEBUG org.hibernate.persister.walking.spi.MetamodelGraphWalker - Visiting attribute path : product
10:29:05.606 [main] DEBUG org.hibernate.loader.plan.build.internal.spaces.QuerySpacesImpl - Adding QuerySpace : uid = <gen:2> -> org.hibernate.loader.plan.build.internal.spaces.EntityQuerySpaceImpl@fab35b1]
10:29:05.606 [main] DEBUG org.hibernate.persister.walking.spi.MetamodelGraphWalker - Visiting attribute path : quantity
10:29:05.606 [main] DEBUG org.hibernate.loader.plan.build.internal.FetchStyleLoadPlanBuildingAssociationVisitationStrategy - Building LoadPlan...
10:29:05.606 [main] DEBUG org.hibernate.loader.plan.exec.internal.LoadQueryJoinAndFetchProcessor - processing queryspace <gen:0>
10:29:05.606 [main] DEBUG org.hibernate.loader.plan.build.spi.LoadPlanTreePrinter - LoadPlan(entity=com.joseph.entity.OrderItem)
    - Returns
       - EntityReturnImpl(entity=com.joseph.entity.OrderItem, querySpaceUid=<gen:0>, path=com.joseph.entity.OrderItem)
          - EntityAttributeFetchImpl(entity=com.joseph.entity.Order, querySpaceUid=<gen:1>, path=com.joseph.entity.OrderItem.order)
          - EntityAttributeFetchImpl(entity=com.joseph.entity.Product, querySpaceUid=<gen:2>, path=com.joseph.entity.OrderItem.product)
    - QuerySpaces
       - EntityQuerySpaceImpl(uid=<gen:0>, entity=com.joseph.entity.OrderItem)
          - SQL table alias mapping - orderitem0_
          - alias suffix - 0_
          - suffixed key columns - {id1_2_0_}

10:29:05.606 [main] DEBUG org.hibernate.loader.entity.plan.EntityLoader - Static select for entity com.joseph.entity.OrderItem [PESSIMISTIC_FORCE_INCREMENT]: select orderitem0_.id as id1_2_0_, orderitem0_.idorder as idorder3_2_0_, orderitem0_.idproduct as idproduc4_2_0_, orderitem0_.quantity as quantity2_2_0_ from orderitems orderitem0_ where orderitem0_.id=? for update
10:29:05.606 [main] DEBUG org.hibernate.loader.plan.build.internal.spaces.QuerySpacesImpl - Adding QuerySpace : uid = <gen:0> -> org.hibernate.loader.plan.build.internal.spaces.EntityQuerySpaceImpl@6a094db2]
10:29:05.606 [main] DEBUG org.hibernate.persister.walking.spi.MetamodelGraphWalker - Visiting attribute path : order
10:29:05.606 [main] DEBUG org.hibernate.loader.plan.build.internal.spaces.QuerySpacesImpl - Adding QuerySpace : uid = <gen:1> -> org.hibernate.loader.plan.build.internal.spaces.EntityQuerySpaceImpl@1dba4e06]
10:29:05.607 [main] DEBUG org.hibernate.persister.walking.spi.MetamodelGraphWalker - Visiting attribute path : product
10:29:05.607 [main] DEBUG org.hibernate.loader.plan.build.internal.spaces.QuerySpacesImpl - Adding QuerySpace : uid = <gen:2> -> org.hibernate.loader.plan.build.internal.spaces.EntityQuerySpaceImpl@4beaf6bd]
10:29:05.607 [main] DEBUG org.hibernate.persister.walking.spi.MetamodelGraphWalker - Visiting attribute path : quantity
10:29:05.607 [main] DEBUG org.hibernate.loader.plan.build.internal.FetchStyleLoadPlanBuildingAssociationVisitationStrategy - Building LoadPlan...
10:29:05.607 [main] DEBUG org.hibernate.loader.plan.exec.internal.LoadQueryJoinAndFetchProcessor - processing queryspace <gen:0>
10:29:05.607 [main] DEBUG org.hibernate.loader.plan.build.spi.LoadPlanTreePrinter - LoadPlan(entity=com.joseph.entity.OrderItem)
    - Returns
       - EntityReturnImpl(entity=com.joseph.entity.OrderItem, querySpaceUid=<gen:0>, path=com.joseph.entity.OrderItem)
          - EntityAttributeFetchImpl(entity=com.joseph.entity.Order, querySpaceUid=<gen:1>, path=com.joseph.entity.OrderItem.order)
          - EntityAttributeFetchImpl(entity=com.joseph.entity.Product, querySpaceUid=<gen:2>, path=com.joseph.entity.OrderItem.product)
    - QuerySpaces
       - EntityQuerySpaceImpl(uid=<gen:0>, entity=com.joseph.entity.OrderItem)
          - SQL table alias mapping - orderitem0_
          - alias suffix - 0_
          - suffixed key columns - {id1_2_0_}

10:29:05.607 [main] DEBUG org.hibernate.loader.entity.plan.EntityLoader - Static select for entity com.joseph.entity.OrderItem [OPTIMISTIC]: select orderitem0_.id as id1_2_0_, orderitem0_.idorder as idorder3_2_0_, orderitem0_.idproduct as idproduc4_2_0_, orderitem0_.quantity as quantity2_2_0_ from orderitems orderitem0_ where orderitem0_.id=?
10:29:05.607 [main] DEBUG org.hibernate.loader.plan.build.internal.spaces.QuerySpacesImpl - Adding QuerySpace : uid = <gen:0> -> org.hibernate.loader.plan.build.internal.spaces.EntityQuerySpaceImpl@6b2e46af]
10:29:05.607 [main] DEBUG org.hibernate.persister.walking.spi.MetamodelGraphWalker - Visiting attribute path : order
10:29:05.607 [main] DEBUG org.hibernate.loader.plan.build.internal.spaces.QuerySpacesImpl - Adding QuerySpace : uid = <gen:1> -> org.hibernate.loader.plan.build.internal.spaces.EntityQuerySpaceImpl@2f37f1f9]
10:29:05.607 [main] DEBUG org.hibernate.persister.walking.spi.MetamodelGraphWalker - Visiting attribute path : product
10:29:05.607 [main] DEBUG org.hibernate.loader.plan.build.internal.spaces.QuerySpacesImpl - Adding QuerySpace : uid = <gen:2> -> org.hibernate.loader.plan.build.internal.spaces.EntityQuerySpaceImpl@3374b5bc]
10:29:05.607 [main] DEBUG org.hibernate.persister.walking.spi.MetamodelGraphWalker - Visiting attribute path : quantity
10:29:05.607 [main] DEBUG org.hibernate.loader.plan.build.internal.FetchStyleLoadPlanBuildingAssociationVisitationStrategy - Building LoadPlan...
10:29:05.608 [main] DEBUG org.hibernate.loader.plan.exec.internal.LoadQueryJoinAndFetchProcessor - processing queryspace <gen:0>
10:29:05.608 [main] DEBUG org.hibernate.loader.plan.build.spi.LoadPlanTreePrinter - LoadPlan(entity=com.joseph.entity.OrderItem)
    - Returns
       - EntityReturnImpl(entity=com.joseph.entity.OrderItem, querySpaceUid=<gen:0>, path=com.joseph.entity.OrderItem)
          - EntityAttributeFetchImpl(entity=com.joseph.entity.Order, querySpaceUid=<gen:1>, path=com.joseph.entity.OrderItem.order)
          - EntityAttributeFetchImpl(entity=com.joseph.entity.Product, querySpaceUid=<gen:2>, path=com.joseph.entity.OrderItem.product)
    - QuerySpaces
       - EntityQuerySpaceImpl(uid=<gen:0>, entity=com.joseph.entity.OrderItem)
          - SQL table alias mapping - orderitem0_
          - alias suffix - 0_
          - suffixed key columns - {id1_2_0_}

10:29:05.608 [main] DEBUG org.hibernate.loader.entity.plan.EntityLoader - Static select for entity com.joseph.entity.OrderItem [OPTIMISTIC_FORCE_INCREMENT]: select orderitem0_.id as id1_2_0_, orderitem0_.idorder as idorder3_2_0_, orderitem0_.idproduct as idproduc4_2_0_, orderitem0_.quantity as quantity2_2_0_ from orderitems orderitem0_ where orderitem0_.id=?
10:29:05.608 [main] DEBUG org.hibernate.loader.Loader - Static select for action ACTION_MERGE on entity com.joseph.entity.OrderItem: select orderitem0_.id as id1_2_0_, orderitem0_.idorder as idorder3_2_0_, orderitem0_.idproduct as idproduc4_2_0_, orderitem0_.quantity as quantity2_2_0_ from orderitems orderitem0_ where orderitem0_.id=?
10:29:05.608 [main] DEBUG org.hibernate.loader.Loader - Static select for action ACTION_REFRESH on entity com.joseph.entity.OrderItem: select orderitem0_.id as id1_2_0_, orderitem0_.idorder as idorder3_2_0_, orderitem0_.idproduct as idproduc4_2_0_, orderitem0_.quantity as quantity2_2_0_ from orderitems orderitem0_ where orderitem0_.id=?
10:29:05.614 [main] DEBUG org.hibernate.loader.plan.build.internal.spaces.QuerySpacesImpl - Adding QuerySpace : uid = <gen:0> -> org.hibernate.loader.plan.build.internal.spaces.CollectionQuerySpaceImpl@1e58512c]
10:29:05.614 [main] DEBUG org.hibernate.loader.plan.build.internal.spaces.QuerySpacesImpl - Adding QuerySpace : uid = <gen:1> -> org.hibernate.loader.plan.build.internal.spaces.EntityQuerySpaceImpl@210308d5]
10:29:05.615 [main] DEBUG org.hibernate.persister.walking.spi.MetamodelGraphWalker - Visiting attribute path : order
10:29:05.616 [main] DEBUG org.hibernate.persister.walking.spi.MetamodelGraphWalker - Property path deemed to be circular : order
10:29:05.616 [main] DEBUG org.hibernate.persister.walking.spi.MetamodelGraphWalker - Visiting attribute path : product
10:29:05.616 [main] DEBUG org.hibernate.loader.plan.build.internal.spaces.QuerySpacesImpl - Adding QuerySpace : uid = <gen:2> -> org.hibernate.loader.plan.build.internal.spaces.EntityQuerySpaceImpl@6ede46f6]
10:29:05.616 [main] DEBUG org.hibernate.persister.walking.spi.MetamodelGraphWalker - Visiting attribute path : product.nameproduct
10:29:05.616 [main] DEBUG org.hibernate.persister.walking.spi.MetamodelGraphWalker - Visiting attribute path : product.orderItems
10:29:05.616 [main] DEBUG org.hibernate.persister.walking.spi.MetamodelGraphWalker - Property path deemed to be circular : product.orderItems
10:29:05.616 [main] DEBUG org.hibernate.persister.walking.spi.MetamodelGraphWalker - Visiting attribute path : product.priceproduct
10:29:05.616 [main] DEBUG org.hibernate.persister.walking.spi.MetamodelGraphWalker - Visiting attribute path : product.stockproduct
10:29:05.616 [main] DEBUG org.hibernate.persister.walking.spi.MetamodelGraphWalker - Visiting attribute path : quantity
10:29:05.616 [main] DEBUG org.hibernate.loader.plan.build.internal.FetchStyleLoadPlanBuildingAssociationVisitationStrategy - Building LoadPlan...
10:29:05.628 [main] DEBUG org.hibernate.loader.plan.exec.internal.LoadQueryJoinAndFetchProcessor - processing queryspace <gen:0>
10:29:05.630 [main] DEBUG org.hibernate.loader.plan.build.spi.LoadPlanTreePrinter - LoadPlan(collection=com.joseph.entity.Order.orderItems)
    - Returns
       - CollectionReturnImpl(collection=com.joseph.entity.Order.orderItems, querySpaceUid=<gen:0>, path=[com.joseph.entity.Order.orderItems])
          - (collection element) CollectionFetchableElementEntityGraph(entity=com.joseph.entity.OrderItem, querySpaceUid=<gen:1>, path=[com.joseph.entity.Order.orderItems].<elements>)
             - EntityAttributeFetchImpl(entity=com.joseph.entity.Product, querySpaceUid=<gen:2>, path=[com.joseph.entity.Order.orderItems].<elements>.product)
    - QuerySpaces
       - CollectionQuerySpaceImpl(uid=<gen:0>, collection=com.joseph.entity.Order.orderItems)
          - SQL table alias mapping - orderitems0_
          - alias suffix - 0_
          - suffixed key columns - {idorder3_2_0_}
          - entity-element alias suffix - 1_
          - 1_entity-element suffixed key columns - id1_2_1_
          - JOIN (JoinDefinedByMetadata(elements)) : <gen:0> -> <gen:1>
             - EntityQuerySpaceImpl(uid=<gen:1>, entity=com.joseph.entity.OrderItem)
                - SQL table alias mapping - orderitems0_
                - alias suffix - 1_
                - suffixed key columns - {id1_2_1_}
                - JOIN (JoinDefinedByMetadata(product)) : <gen:1> -> <gen:2>
                   - EntityQuerySpaceImpl(uid=<gen:2>, entity=com.joseph.entity.Product)
                      - SQL table alias mapping - product1_
                      - alias suffix - 2_
                      - suffixed key columns - {idproduc1_3_2_}

10:29:05.631 [main] DEBUG org.hibernate.loader.collection.plan.CollectionLoader - Static select for collection com.joseph.entity.Order.orderItems: select orderitems0_.idorder as idorder3_2_0_, orderitems0_.id as id1_2_0_, orderitems0_.id as id1_2_1_, orderitems0_.idorder as idorder3_2_1_, orderitems0_.idproduct as idproduc4_2_1_, orderitems0_.quantity as quantity2_2_1_, product1_.idproduct as idproduc1_3_2_, product1_.nameproduct as nameprod2_3_2_, product1_.priceproduct as pricepro3_3_2_, product1_.stockproduct as stockpro4_3_2_ from orderitems orderitems0_ left outer join Product product1_ on orderitems0_.idproduct=product1_.idproduct where orderitems0_.idorder=?
10:29:05.631 [main] DEBUG org.hibernate.loader.plan.build.internal.spaces.QuerySpacesImpl - Adding QuerySpace : uid = <gen:0> -> org.hibernate.loader.plan.build.internal.spaces.CollectionQuerySpaceImpl@5fa23c]
10:29:05.631 [main] DEBUG org.hibernate.loader.plan.build.internal.spaces.QuerySpacesImpl - Adding QuerySpace : uid = <gen:1> -> org.hibernate.loader.plan.build.internal.spaces.EntityQuerySpaceImpl@558756be]
10:29:05.631 [main] DEBUG org.hibernate.persister.walking.spi.MetamodelGraphWalker - Visiting attribute path : order
10:29:05.631 [main] DEBUG org.hibernate.loader.plan.build.internal.spaces.QuerySpacesImpl - Adding QuerySpace : uid = <gen:2> -> org.hibernate.loader.plan.build.internal.spaces.EntityQuerySpaceImpl@102ecc22]
10:29:05.631 [main] DEBUG org.hibernate.persister.walking.spi.MetamodelGraphWalker - Visiting attribute path : order.client
10:29:05.631 [main] DEBUG org.hibernate.loader.plan.build.internal.spaces.QuerySpacesImpl - Adding QuerySpace : uid = <gen:3> -> org.hibernate.loader.plan.build.internal.spaces.EntityQuerySpaceImpl@26dc9bd5]
10:29:05.632 [main] DEBUG org.hibernate.persister.walking.spi.MetamodelGraphWalker - Visiting attribute path : order.client.emailclient
10:29:05.632 [main] DEBUG org.hibernate.persister.walking.spi.MetamodelGraphWalker - Visiting attribute path : order.client.nameclient
10:29:05.632 [main] DEBUG org.hibernate.persister.walking.spi.MetamodelGraphWalker - Visiting attribute path : order.client.orders
10:29:05.632 [main] DEBUG org.hibernate.persister.walking.spi.MetamodelGraphWalker - Property path deemed to be circular : order.client.orders
10:29:05.632 [main] DEBUG org.hibernate.persister.walking.spi.MetamodelGraphWalker - Visiting attribute path : order.dateorder
10:29:05.632 [main] DEBUG org.hibernate.persister.walking.spi.MetamodelGraphWalker - Visiting attribute path : order.orderItems
10:29:05.632 [main] DEBUG org.hibernate.persister.walking.spi.MetamodelGraphWalker - Property path deemed to be circular : order.orderItems
10:29:05.632 [main] DEBUG org.hibernate.persister.walking.spi.MetamodelGraphWalker - Visiting attribute path : order.statusorder
10:29:05.632 [main] DEBUG org.hibernate.persister.walking.spi.MetamodelGraphWalker - Visiting attribute path : order.totalorder
10:29:05.632 [main] DEBUG org.hibernate.persister.walking.spi.MetamodelGraphWalker - Visiting attribute path : product
10:29:05.632 [main] DEBUG org.hibernate.persister.walking.spi.MetamodelGraphWalker - Property path deemed to be circular : product
10:29:05.632 [main] DEBUG org.hibernate.persister.walking.spi.MetamodelGraphWalker - Visiting attribute path : quantity
10:29:05.632 [main] DEBUG org.hibernate.loader.plan.build.internal.FetchStyleLoadPlanBuildingAssociationVisitationStrategy - Building LoadPlan...
10:29:05.632 [main] DEBUG org.hibernate.loader.plan.exec.internal.LoadQueryJoinAndFetchProcessor - processing queryspace <gen:0>
10:29:05.633 [main] DEBUG org.hibernate.loader.plan.build.spi.LoadPlanTreePrinter - LoadPlan(collection=com.joseph.entity.Product.orderItems)
    - Returns
       - CollectionReturnImpl(collection=com.joseph.entity.Product.orderItems, querySpaceUid=<gen:0>, path=[com.joseph.entity.Product.orderItems])
          - (collection element) CollectionFetchableElementEntityGraph(entity=com.joseph.entity.OrderItem, querySpaceUid=<gen:1>, path=[com.joseph.entity.Product.orderItems].<elements>)
             - EntityAttributeFetchImpl(entity=com.joseph.entity.Order, querySpaceUid=<gen:2>, path=[com.joseph.entity.Product.orderItems].<elements>.order)
                - EntityAttributeFetchImpl(entity=com.joseph.entity.Client, querySpaceUid=<gen:3>, path=[com.joseph.entity.Product.orderItems].<elements>.order.client)
    - QuerySpaces
       - CollectionQuerySpaceImpl(uid=<gen:0>, collection=com.joseph.entity.Product.orderItems)
          - SQL table alias mapping - orderitems0_
          - alias suffix - 0_
          - suffixed key columns - {idproduc4_2_0_}
          - entity-element alias suffix - 1_
          - 1_entity-element suffixed key columns - id1_2_1_
          - JOIN (JoinDefinedByMetadata(elements)) : <gen:0> -> <gen:1>
             - EntityQuerySpaceImpl(uid=<gen:1>, entity=com.joseph.entity.OrderItem)
                - SQL table alias mapping - orderitems0_
                - alias suffix - 1_
                - suffixed key columns - {id1_2_1_}
                - JOIN (JoinDefinedByMetadata(order)) : <gen:1> -> <gen:2>
                   - EntityQuerySpaceImpl(uid=<gen:2>, entity=com.joseph.entity.Order)
                      - SQL table alias mapping - order1_
                      - alias suffix - 2_
                      - suffixed key columns - {idorder1_1_2_}
                      - JOIN (JoinDefinedByMetadata(client)) : <gen:2> -> <gen:3>
                         - EntityQuerySpaceImpl(uid=<gen:3>, entity=com.joseph.entity.Client)
                            - SQL table alias mapping - client2_
                            - alias suffix - 3_
                            - suffixed key columns - {idclient1_0_3_}

10:29:05.633 [main] DEBUG org.hibernate.loader.collection.plan.CollectionLoader - Static select for collection com.joseph.entity.Product.orderItems: select orderitems0_.idproduct as idproduc4_2_0_, orderitems0_.id as id1_2_0_, orderitems0_.id as id1_2_1_, orderitems0_.idorder as idorder3_2_1_, orderitems0_.idproduct as idproduc4_2_1_, orderitems0_.quantity as quantity2_2_1_, order1_.idorder as idorder1_1_2_, order1_.idclient as idclient5_1_2_, order1_.dateorder as dateorde2_1_2_, order1_.statusorder as statusor3_1_2_, order1_.totalorder as totalord4_1_2_, client2_.idclient as idclient1_0_3_, client2_.emailclient as emailcli2_0_3_, client2_.nameclient as nameclie3_0_3_ from orderitems orderitems0_ left outer join order_table order1_ on orderitems0_.idorder=order1_.idorder left outer join client client2_ on order1_.idclient=client2_.idclient where orderitems0_.idproduct=?
10:29:05.634 [main] DEBUG org.hibernate.loader.plan.build.internal.spaces.QuerySpacesImpl - Adding QuerySpace : uid = <gen:0> -> org.hibernate.loader.plan.build.internal.spaces.CollectionQuerySpaceImpl@43045f9f]
10:29:05.634 [main] DEBUG org.hibernate.loader.plan.build.internal.spaces.QuerySpacesImpl - Adding QuerySpace : uid = <gen:1> -> org.hibernate.loader.plan.build.internal.spaces.EntityQuerySpaceImpl@2643d762]
10:29:05.634 [main] DEBUG org.hibernate.persister.walking.spi.MetamodelGraphWalker - Visiting attribute path : client
10:29:05.634 [main] DEBUG org.hibernate.persister.walking.spi.MetamodelGraphWalker - Property path deemed to be circular : client
10:29:05.634 [main] DEBUG org.hibernate.persister.walking.spi.MetamodelGraphWalker - Visiting attribute path : dateorder
10:29:05.634 [main] DEBUG org.hibernate.persister.walking.spi.MetamodelGraphWalker - Visiting attribute path : orderItems
10:29:05.634 [main] DEBUG org.hibernate.loader.plan.build.internal.spaces.QuerySpacesImpl - Adding QuerySpace : uid = <gen:2> -> org.hibernate.loader.plan.build.internal.spaces.CollectionQuerySpaceImpl@4eba373c]
10:29:05.634 [main] DEBUG org.hibernate.loader.plan.build.internal.spaces.QuerySpacesImpl - Adding QuerySpace : uid = <gen:3> -> org.hibernate.loader.plan.build.internal.spaces.EntityQuerySpaceImpl@767a014e]
10:29:05.634 [main] DEBUG org.hibernate.persister.walking.spi.MetamodelGraphWalker - Visiting attribute path : statusorder
10:29:05.634 [main] DEBUG org.hibernate.persister.walking.spi.MetamodelGraphWalker - Visiting attribute path : totalorder
10:29:05.634 [main] DEBUG org.hibernate.loader.plan.build.internal.FetchStyleLoadPlanBuildingAssociationVisitationStrategy - Building LoadPlan...
10:29:05.635 [main] DEBUG org.hibernate.loader.plan.exec.internal.LoadQueryJoinAndFetchProcessor - processing queryspace <gen:0>
10:29:05.635 [main] DEBUG org.hibernate.loader.plan.build.spi.LoadPlanTreePrinter - LoadPlan(collection=com.joseph.entity.Client.orders)
    - Returns
       - CollectionReturnImpl(collection=com.joseph.entity.Client.orders, querySpaceUid=<gen:0>, path=[com.joseph.entity.Client.orders])
          - (collection element) CollectionFetchableElementEntityGraph(entity=com.joseph.entity.Order, querySpaceUid=<gen:1>, path=[com.joseph.entity.Client.orders].<elements>)
             - CollectionAttributeFetchImpl(collection=com.joseph.entity.Order.orderItems, querySpaceUid=<gen:2>, path=[com.joseph.entity.Client.orders].<elements>.orderItems)
                - (collection element) CollectionFetchableElementEntityGraph(entity=com.joseph.entity.OrderItem, querySpaceUid=<gen:3>, path=[com.joseph.entity.Client.orders].<elements>.orderItems.<elements>)
    - QuerySpaces
       - CollectionQuerySpaceImpl(uid=<gen:0>, collection=com.joseph.entity.Client.orders)
          - SQL table alias mapping - orders0_
          - alias suffix - 0_
          - suffixed key columns - {idclient5_1_0_}
          - entity-element alias suffix - 1_
          - 1_entity-element suffixed key columns - idorder1_1_1_
          - JOIN (JoinDefinedByMetadata(elements)) : <gen:0> -> <gen:1>
             - EntityQuerySpaceImpl(uid=<gen:1>, entity=com.joseph.entity.Order)
                - SQL table alias mapping - orders0_
                - alias suffix - 1_
                - suffixed key columns - {idorder1_1_1_}

10:29:05.635 [main] DEBUG org.hibernate.loader.collection.plan.CollectionLoader - Static select for collection com.joseph.entity.Client.orders: select orders0_.idclient as idclient5_1_0_, orders0_.idorder as idorder1_1_0_, orders0_.idorder as idorder1_1_1_, orders0_.idclient as idclient5_1_1_, orders0_.dateorder as dateorde2_1_1_, orders0_.statusorder as statusor3_1_1_, orders0_.totalorder as totalord4_1_1_ from order_table orders0_ where orders0_.idclient=?
10:29:05.705 [main] DEBUG org.springframework.jdbc.datasource.DriverManagerDataSource - Creating new JDBC DriverManager Connection to [jdbc:mysql://localhost:3306/testcraftcore?useSSL=false&useTimezone=true&serverTimezone=UTC]
10:29:05.819 [main] DEBUG org.hibernate.mapping.Table - No alter strings for table : client
10:29:05.819 [main] DEBUG org.hibernate.mapping.Table - No alter strings for table : order_table
10:29:05.819 [main] DEBUG org.hibernate.mapping.Table - No alter strings for table : orderitems
10:29:05.819 [main] DEBUG org.hibernate.mapping.Table - No alter strings for table : Product
10:29:05.825 [main] DEBUG org.hibernate.SQL - alter table order_table add constraint FKfx79vynhbbaokugk03ha1vye4 foreign key (idclient) references client (idclient)
10:29:05.843 [main] DEBUG org.hibernate.SQL - alter table orderitems add constraint FK42t1tplgy68d8h916ayhxt361 foreign key (idorder) references order_table (idorder)
10:29:05.856 [main] DEBUG org.hibernate.SQL - alter table orderitems add constraint FK7ueivg25n0r3oiq1c9hg73ut2 foreign key (idproduct) references Product (idproduct)
10:29:05.870 [main] DEBUG org.hibernate.engine.transaction.jta.platform.internal.JtaPlatformInitiator - No JtaPlatform was specified, checking resolver
10:29:05.871 [main] DEBUG org.hibernate.engine.transaction.jta.platform.internal.JtaPlatformResolverInitiator - No JtaPlatformResolver was specified, using default [org.hibernate.engine.transaction.jta.platform.internal.StandardJtaPlatformResolver]
10:29:05.879 [main] DEBUG org.hibernate.engine.transaction.jta.platform.internal.StandardJtaPlatformResolver - Could not resolve JtaPlatform, using default [org.hibernate.engine.transaction.jta.platform.internal.NoJtaPlatform]
10:29:05.881 [main] DEBUG org.hibernate.query.spi.NamedQueryRepository - Checking 0 named HQL queries
10:29:05.881 [main] DEBUG org.hibernate.query.spi.NamedQueryRepository - Checking 0 named SQL queries
10:29:05.883 [main] DEBUG org.hibernate.internal.SessionFactoryRegistry - Initializing SessionFactoryRegistry : org.hibernate.internal.SessionFactoryRegistry@21505815
10:29:05.883 [main] DEBUG org.hibernate.internal.SessionFactoryRegistry - Registering SessionFactory: fe2ab6d2-372e-4f7c-a2ee-987bb08a52fa (<unnamed>)
10:29:05.883 [main] DEBUG org.hibernate.internal.SessionFactoryRegistry - Not binding SessionFactory to JNDI, no JNDI name configured
10:29:05.883 [main] INFO org.springframework.orm.jpa.LocalContainerEntityManagerFactoryBean - Initialized JPA EntityManagerFactory for persistence unit 'default'
10:29:05.888 [main] DEBUG org.springframework.beans.factory.support.DefaultListableBeanFactory - Creating shared instance of singleton bean 'client'
10:29:05.890 [main] DEBUG org.springframework.beans.factory.support.DefaultListableBeanFactory - Creating shared instance of singleton bean 'order'
10:29:05.892 [main] DEBUG org.springframework.beans.factory.support.DefaultListableBeanFactory - Creating shared instance of singleton bean 'orderItem'
10:29:05.894 [main] DEBUG org.springframework.beans.factory.support.DefaultListableBeanFactory - Creating shared instance of singleton bean 'product'
10:29:05.896 [main] DEBUG org.springframework.beans.factory.support.DefaultListableBeanFactory - Creating shared instance of singleton bean 'clientServiceImpl'
10:29:05.898 [main] DEBUG org.springframework.beans.factory.support.DefaultListableBeanFactory - Creating shared instance of singleton bean 'clientRepository'
10:29:05.982 [main] DEBUG org.springframework.beans.factory.support.DefaultListableBeanFactory - Creating shared instance of singleton bean 'jpaMappingContext'
10:29:05.983 [main] DEBUG org.springframework.data.jpa.repository.config.JpaMetamodelMappingContextFactoryBean - Initializing JpaMetamodelMappingContext…
10:29:06.002 [main] DEBUG org.springframework.data.jpa.repository.config.JpaMetamodelMappingContextFactoryBean - Finished initializing JpaMetamodelMappingContext!
10:29:06.027 [main] DEBUG org.springframework.orm.jpa.SharedEntityManagerCreator$SharedEntityManagerInvocationHandler - Creating new EntityManager for shared EntityManager invocation
10:29:06.160 [main] DEBUG org.hibernate.stat.internal.StatisticsInitiator - Statistics initialized [enabled=false]
10:29:06.173 [main] DEBUG org.springframework.orm.jpa.SharedEntityManagerCreator$SharedEntityManagerInvocationHandler - Creating new EntityManager for shared EntityManager invocation
10:29:06.288 [main] DEBUG org.springframework.data.repository.core.support.RepositoryFactorySupport - Initializing repository instance for com.joseph.repository.ClientRepository…
10:29:06.314 [main] DEBUG org.springframework.orm.jpa.SharedEntityManagerCreator$SharedEntityManagerInvocationHandler - Creating new EntityManager for shared EntityManager invocation
10:29:06.391 [main] DEBUG org.springframework.orm.jpa.SharedEntityManagerCreator$SharedEntityManagerInvocationHandler - Creating new EntityManager for shared EntityManager invocation
10:29:06.406 [main] DEBUG org.springframework.data.repository.core.support.RepositoryFactorySupport - Finished creation of repository instance for com.joseph.repository.ClientRepository.
10:29:06.434 [main] DEBUG org.springframework.beans.factory.support.DefaultListableBeanFactory - Creating shared instance of singleton bean 'orderItemServiceImpl'
10:29:06.435 [main] DEBUG org.springframework.beans.factory.support.DefaultListableBeanFactory - Creating shared instance of singleton bean 'orderItemRepository'
10:29:06.441 [main] DEBUG org.springframework.orm.jpa.SharedEntityManagerCreator$SharedEntityManagerInvocationHandler - Creating new EntityManager for shared EntityManager invocation
10:29:06.443 [main] DEBUG org.springframework.data.repository.core.support.RepositoryFactorySupport - Initializing repository instance for com.joseph.repository.OrderItemRepository…
10:29:06.447 [main] DEBUG org.springframework.orm.jpa.SharedEntityManagerCreator$SharedEntityManagerInvocationHandler - Creating new EntityManager for shared EntityManager invocation
10:29:06.449 [main] DEBUG org.springframework.orm.jpa.SharedEntityManagerCreator$SharedEntityManagerInvocationHandler - Creating new EntityManager for shared EntityManager invocation
10:29:06.472 [main] DEBUG org.springframework.data.jpa.repository.query.JpaQueryFactory - Looking up query for method findByOrder
10:29:06.477 [main] DEBUG org.springframework.data.jpa.repository.query.NamedQuery - Looking up named query OrderItem.findByOrder
10:29:06.480 [main] DEBUG org.springframework.data.jpa.repository.query.NamedQuery - Did not find named query OrderItem.findByOrder
10:29:06.483 [main] DEBUG org.springframework.orm.jpa.SharedEntityManagerCreator$SharedEntityManagerInvocationHandler - Creating new EntityManager for shared EntityManager invocation
10:29:06.558 [main] DEBUG org.springframework.data.jpa.repository.query.JpaQueryFactory - Looking up query for method deleteByOrder
10:29:06.558 [main] DEBUG org.springframework.data.jpa.repository.query.NamedQuery - Looking up named query OrderItem.deleteByOrder
10:29:06.559 [main] DEBUG org.springframework.data.jpa.repository.query.NamedQuery - Did not find named query OrderItem.deleteByOrder
10:29:06.559 [main] DEBUG org.springframework.orm.jpa.SharedEntityManagerCreator$SharedEntityManagerInvocationHandler - Creating new EntityManager for shared EntityManager invocation
10:29:06.563 [main] DEBUG org.springframework.data.repository.core.support.RepositoryFactorySupport - Finished creation of repository instance for com.joseph.repository.OrderItemRepository.
10:29:06.565 [main] DEBUG org.springframework.beans.factory.support.DefaultListableBeanFactory - Creating shared instance of singleton bean 'orderServiceImpl'
10:29:06.567 [main] DEBUG org.springframework.beans.factory.support.DefaultListableBeanFactory - Creating shared instance of singleton bean 'orderRepository'
10:29:06.580 [main] DEBUG org.springframework.orm.jpa.SharedEntityManagerCreator$SharedEntityManagerInvocationHandler - Creating new EntityManager for shared EntityManager invocation
10:29:06.582 [main] DEBUG org.springframework.data.repository.core.support.RepositoryFactorySupport - Initializing repository instance for com.joseph.repository.OrderRepository…
10:29:06.585 [main] DEBUG org.springframework.orm.jpa.SharedEntityManagerCreator$SharedEntityManagerInvocationHandler - Creating new EntityManager for shared EntityManager invocation
10:29:06.587 [main] DEBUG org.springframework.orm.jpa.SharedEntityManagerCreator$SharedEntityManagerInvocationHandler - Creating new EntityManager for shared EntityManager invocation
10:29:06.612 [main] DEBUG org.springframework.data.jpa.repository.query.JpaQueryFactory - Looking up query for method getTotalOrdersBetweenDates
10:29:06.613 [main] DEBUG org.springframework.orm.jpa.SharedEntityManagerCreator$SharedEntityManagerInvocationHandler - Creating new EntityManager for shared EntityManager invocation
10:29:06.643 [main] DEBUG org.hibernate.hql.internal.QueryTranslatorFactoryInitiator - QueryTranslatorFactory : org.hibernate.hql.internal.ast.ASTQueryTranslatorFactory@3b95a6db
10:29:06.643 [main] INFO org.hibernate.hql.internal.QueryTranslatorFactoryInitiator - HHH000397: Using ASTQueryTranslatorFactory
10:29:06.692 [main] DEBUG org.hibernate.hql.internal.ast.QueryTranslatorImpl - parse() - HQL: SELECT NEW com.joseph.Model.rapportData(o.dateorder, SUM(o.totalorder)) FROM com.joseph.entity.Order o WHERE o.dateorder BETWEEN :startDate AND :endDate GROUP BY o.dateorder ORDER BY o.dateorder
10:29:06.699 [main] DEBUG org.hibernate.hql.internal.ast.HqlParser - weakKeywords() : new LT(1) token - ["Order",<108> previously: <41>,line=1,col=96,possibleID=true]
10:29:06.703 [main] DEBUG org.hibernate.hql.internal.ast.ErrorCounter - throwQueryException() : no errors
10:29:06.707 [main] DEBUG org.hibernate.hql.internal.ast.QueryTranslatorImpl - --- HQL AST ---
 \-[QUERY] Node: 'query'
    +-[SELECT_FROM] Node: 'SELECT_FROM'
    |  +-[FROM] Node: 'FROM'
    |  |  \-[RANGE] Node: 'RANGE'
    |  |     +-[DOT] Node: '.'
    |  |     |  +-[DOT] Node: '.'
    |  |     |  |  +-[DOT] Node: '.'
    |  |     |  |  |  +-[IDENT] Node: 'com'
    |  |     |  |  |  \-[IDENT] Node: 'joseph'
    |  |     |  |  \-[IDENT] Node: 'entity'
    |  |     |  \-[IDENT] Node: 'Order'
    |  |     \-[ALIAS] Node: 'o'
    |  \-[SELECT] Node: 'SELECT'
    |     \-[CONSTRUCTOR] Node: '('
    |        +-[DOT] Node: '.'
    |        |  +-[DOT] Node: '.'
    |        |  |  +-[DOT] Node: '.'
    |        |  |  |  +-[IDENT] Node: 'com'
    |        |  |  |  \-[IDENT] Node: 'joseph'
    |        |  |  \-[IDENT] Node: 'Model'
    |        |  \-[IDENT] Node: 'rapportData'
    |        +-[DOT] Node: '.'
    |        |  +-[IDENT] Node: 'o'
    |        |  \-[IDENT] Node: 'dateorder'
    |        \-[AGGREGATE] Node: 'SUM'
    |           \-[DOT] Node: '.'
    |              +-[IDENT] Node: 'o'
    |              \-[IDENT] Node: 'totalorder'
    +-[WHERE] Node: 'WHERE'
    |  \-[BETWEEN] Node: 'between'
    |     +-[DOT] Node: '.'
    |     |  +-[IDENT] Node: 'o'
    |     |  \-[IDENT] Node: 'dateorder'
    |     +-[COLON] Node: ':'
    |     |  \-[IDENT] Node: 'startDate'
    |     \-[COLON] Node: ':'
    |        \-[IDENT] Node: 'endDate'
    +-[GROUP] Node: 'GROUP'
    |  \-[DOT] Node: '.'
    |     +-[IDENT] Node: 'o'
    |     \-[IDENT] Node: 'dateorder'
    \-[ORDER] Node: 'ORDER'
       \-[DOT] Node: '.'
          +-[IDENT] Node: 'o'
          \-[IDENT] Node: 'dateorder'

10:29:06.754 [main] DEBUG org.hibernate.hql.internal.antlr.HqlSqlBaseWalker - select << begin [level=1, statement=select]
10:29:06.780 [main] DEBUG org.hibernate.hql.internal.ast.tree.FromElement - FromClause{level=1} : com.joseph.entity.Order (o) -> order0_
10:29:06.784 [main] DEBUG org.hibernate.hql.internal.ast.tree.FromReferenceNode - Resolved : o -> order0_.idorder
10:29:06.786 [main] DEBUG org.hibernate.hql.internal.ast.tree.DotNode - getDataType() : dateorder -> org.hibernate.type.LocalDateType@410954b
10:29:06.787 [main] DEBUG org.hibernate.hql.internal.ast.tree.FromReferenceNode - Resolved : o.dateorder -> order0_.dateorder
10:29:06.789 [main] DEBUG org.hibernate.hql.internal.ast.tree.FromReferenceNode - Resolved : o -> order0_.idorder
10:29:06.789 [main] DEBUG org.hibernate.hql.internal.ast.tree.DotNode - getDataType() : totalorder -> org.hibernate.type.DoubleType@11389053
10:29:06.789 [main] DEBUG org.hibernate.hql.internal.ast.tree.FromReferenceNode - Resolved : o.totalorder -> order0_.totalorder
10:29:06.792 [main] DEBUG org.hibernate.hql.internal.ast.tree.FromReferenceNode - Resolved : o -> order0_.idorder
10:29:06.792 [main] DEBUG org.hibernate.hql.internal.ast.tree.DotNode - getDataType() : dateorder -> org.hibernate.type.LocalDateType@410954b
10:29:06.792 [main] DEBUG org.hibernate.hql.internal.ast.tree.FromReferenceNode - Resolved : o.dateorder -> order0_.dateorder
10:29:06.795 [main] DEBUG org.hibernate.hql.internal.ast.tree.FromReferenceNode - Resolved : o -> order0_.idorder
10:29:06.795 [main] DEBUG org.hibernate.hql.internal.ast.tree.DotNode - getDataType() : dateorder -> org.hibernate.type.LocalDateType@410954b
10:29:06.796 [main] DEBUG org.hibernate.hql.internal.ast.tree.FromReferenceNode - Resolved : o.dateorder -> order0_.dateorder
10:29:06.797 [main] DEBUG org.hibernate.hql.internal.ast.tree.FromReferenceNode - Resolved : o -> order0_.idorder
10:29:06.797 [main] DEBUG org.hibernate.hql.internal.ast.tree.DotNode - getDataType() : dateorder -> org.hibernate.type.LocalDateType@410954b
10:29:06.797 [main] DEBUG org.hibernate.hql.internal.ast.tree.FromReferenceNode - Resolved : o.dateorder -> order0_.dateorder
10:29:06.797 [main] DEBUG org.hibernate.hql.internal.antlr.HqlSqlBaseWalker - select : finishing up [level=1, statement=select]
10:29:06.797 [main] DEBUG org.hibernate.hql.internal.ast.HqlSqlWalker - processQuery() :  ( SELECT ( {select clause} ( ( ( . ( . ( . com joseph ) Model ) rapportData ) ( order0_.dateorder order0_.idorder dateorder ) ( SUM ( order0_.totalorder order0_.idorder totalorder ) ) ) ) ( FromClause{level=1} order_table order0_ ) ( WHERE ( between ( order0_.dateorder order0_.idorder dateorder ) ? ? ) ) ( GROUP ( order0_.dateorder order0_.idorder dateorder ) ) ( ORDER ( order0_.dateorder order0_.idorder dateorder ) ) )
10:29:06.806 [main] DEBUG org.hibernate.hql.internal.ast.util.JoinProcessor - Using FROM fragment [order_table order0_]
10:29:06.806 [main] DEBUG org.hibernate.hql.internal.antlr.HqlSqlBaseWalker - select >> end [level=1, statement=select]
10:29:06.807 [main] DEBUG org.hibernate.hql.internal.ast.QueryTranslatorImpl - --- SQL AST ---
 \-[SELECT] QueryNode: 'SELECT'  querySpaces (order_table)
    +-[SELECT_CLAUSE] SelectClause: '{select clause}'
    |  \-[CONSTRUCTOR] ConstructorNode: '('
    |     +-[DOT] DotNode: '.' {propertyName=null,dereferenceType=UNKNOWN,getPropertyPath=null,path=com.joseph.Model.rapportData,no from element}
    |     |  +-[DOT] DotNode: '.' {propertyName=null,dereferenceType=UNKNOWN,getPropertyPath=null,path=com.joseph.Model,no from element}
    |     |  |  +-[DOT] DotNode: '.' {propertyName=null,dereferenceType=UNKNOWN,getPropertyPath=null,path=com.joseph,no from element}
    |     |  |  |  +-[IDENT] IdentNode: 'com' {originalText=com}
    |     |  |  |  \-[IDENT] IdentNode: 'joseph' {originalText=joseph}
    |     |  |  \-[IDENT] IdentNode: 'Model' {originalText=Model}
    |     |  \-[IDENT] IdentNode: 'rapportData' {originalText=rapportData}
    |     +-[DOT] DotNode: 'order0_.dateorder' {propertyName=dateorder,dereferenceType=PRIMITIVE,getPropertyPath=dateorder,path=o.dateorder,tableAlias=order0_,className=com.joseph.entity.Order,classAlias=o}
    |     |  +-[ALIAS_REF] IdentNode: 'order0_.idorder' {alias=o, className=com.joseph.entity.Order, tableAlias=order0_}
    |     |  \-[IDENT] IdentNode: 'dateorder' {originalText=dateorder}
    |     +-[SELECT_COLUMNS] SqlNode: ' as col_0_0_'
    |     +-[AGGREGATE] AggregateNode: 'SUM'
    |     |  \-[DOT] DotNode: 'order0_.totalorder' {propertyName=totalorder,dereferenceType=PRIMITIVE,getPropertyPath=totalorder,path=o.totalorder,tableAlias=order0_,className=com.joseph.entity.Order,classAlias=o}
    |     |     +-[ALIAS_REF] IdentNode: 'order0_.idorder' {alias=o, className=com.joseph.entity.Order, tableAlias=order0_}
    |     |     \-[IDENT] IdentNode: 'totalorder' {originalText=totalorder}
    |     \-[SELECT_COLUMNS] SqlNode: ' as col_1_0_'
    +-[FROM] FromClause: 'FROM' FromClause{level=1, fromElementCounter=1, fromElements=1, fromElementByClassAlias=[o], fromElementByTableAlias=[order0_], fromElementsByPath=[], collectionJoinFromElementsByPath=[], impliedElements=[]}
    |  \-[FROM_FRAGMENT] FromElement: 'order_table order0_' FromElement{explicit,not a collection join,not a fetch join,fetch non-lazy properties,classAlias=o,role=null,tableName=order_table,tableAlias=order0_,origin=null,columns={,className=com.joseph.entity.Order}}
    +-[WHERE] SqlNode: 'WHERE'
    |  \-[BETWEEN] BetweenOperatorNode: 'between'
    |     +-[DOT] DotNode: 'order0_.dateorder' {propertyName=dateorder,dereferenceType=PRIMITIVE,getPropertyPath=dateorder,path=o.dateorder,tableAlias=order0_,className=com.joseph.entity.Order,classAlias=o}
    |     |  +-[ALIAS_REF] IdentNode: 'order0_.idorder' {alias=o, className=com.joseph.entity.Order, tableAlias=order0_}
    |     |  \-[IDENT] IdentNode: 'dateorder' {originalText=dateorder}
    |     +-[NAMED_PARAM] ParameterNode: '?' {name=startDate, expectedType=org.hibernate.type.LocalDateType@410954b}
    |     \-[NAMED_PARAM] ParameterNode: '?' {name=endDate, expectedType=org.hibernate.type.LocalDateType@410954b}
    +-[GROUP] SqlNode: 'GROUP'
    |  \-[DOT] DotNode: 'order0_.dateorder' {propertyName=dateorder,dereferenceType=PRIMITIVE,getPropertyPath=dateorder,path=o.dateorder,tableAlias=order0_,className=com.joseph.entity.Order,classAlias=o}
    |     +-[ALIAS_REF] IdentNode: 'order0_.idorder' {alias=o, className=com.joseph.entity.Order, tableAlias=order0_}
    |     \-[IDENT] IdentNode: 'dateorder' {originalText=dateorder}
    \-[ORDER] OrderByClause: 'ORDER'
       \-[DOT] DotNode: 'order0_.dateorder' {propertyName=dateorder,dereferenceType=PRIMITIVE,getPropertyPath=dateorder,path=o.dateorder,tableAlias=order0_,className=com.joseph.entity.Order,classAlias=o}
          +-[ALIAS_REF] IdentNode: 'order0_.idorder' {alias=o, className=com.joseph.entity.Order, tableAlias=order0_}
          \-[IDENT] IdentNode: 'dateorder' {originalText=dateorder}

10:29:06.807 [main] DEBUG org.hibernate.hql.internal.ast.ErrorCounter - throwQueryException() : no errors
10:29:06.816 [main] DEBUG org.hibernate.hql.internal.ast.QueryTranslatorImpl - HQL: SELECT NEW com.joseph.Model.rapportData(o.dateorder, SUM(o.totalorder)) FROM com.joseph.entity.Order o WHERE o.dateorder BETWEEN :startDate AND :endDate GROUP BY o.dateorder ORDER BY o.dateorder
10:29:06.816 [main] DEBUG org.hibernate.hql.internal.ast.QueryTranslatorImpl - SQL: select order0_.dateorder as col_0_0_, sum(order0_.totalorder) as col_1_0_ from order_table order0_ where order0_.dateorder between ? and ? group by order0_.dateorder order by order0_.dateorder
10:29:06.816 [main] DEBUG org.hibernate.hql.internal.ast.ErrorCounter - throwQueryException() : no errors
10:29:06.831 [main] DEBUG org.springframework.data.repository.core.support.RepositoryFactorySupport - Finished creation of repository instance for com.joseph.repository.OrderRepository.
10:29:06.841 [main] DEBUG org.springframework.beans.factory.support.DefaultListableBeanFactory - Creating shared instance of singleton bean 'productServiceImpl'
10:29:06.844 [main] DEBUG org.springframework.beans.factory.support.DefaultListableBeanFactory - Creating shared instance of singleton bean 'productRepository'
10:29:06.851 [main] DEBUG org.springframework.orm.jpa.SharedEntityManagerCreator$SharedEntityManagerInvocationHandler - Creating new EntityManager for shared EntityManager invocation
10:29:06.852 [main] DEBUG org.springframework.data.repository.core.support.RepositoryFactorySupport - Initializing repository instance for com.joseph.repository.ProductRepository…
10:29:06.855 [main] DEBUG org.springframework.orm.jpa.SharedEntityManagerCreator$SharedEntityManagerInvocationHandler - Creating new EntityManager for shared EntityManager invocation
10:29:06.856 [main] DEBUG org.springframework.orm.jpa.SharedEntityManagerCreator$SharedEntityManagerInvocationHandler - Creating new EntityManager for shared EntityManager invocation
10:29:06.863 [main] DEBUG org.springframework.data.jpa.repository.query.JpaQueryFactory - Looking up query for method findByNameproduct
10:29:06.863 [main] DEBUG org.springframework.data.jpa.repository.query.NamedQuery - Looking up named query Product.findByNameproduct
10:29:06.863 [main] DEBUG org.springframework.data.jpa.repository.query.NamedQuery - Did not find named query Product.findByNameproduct
10:29:06.864 [main] DEBUG org.springframework.orm.jpa.SharedEntityManagerCreator$SharedEntityManagerInvocationHandler - Creating new EntityManager for shared EntityManager invocation
10:29:06.872 [main] DEBUG org.springframework.data.repository.core.support.RepositoryFactorySupport - Finished creation of repository instance for com.joseph.repository.ProductRepository.
10:29:06.884 [main] DEBUG org.springframework.beans.factory.support.DefaultListableBeanFactory - Creating shared instance of singleton bean 'clientController'
10:29:06.893 [main] DEBUG org.springframework.beans.factory.support.DefaultListableBeanFactory - Creating shared instance of singleton bean 'helloController'
10:29:06.895 [main] DEBUG org.springframework.beans.factory.support.DefaultListableBeanFactory - Creating shared instance of singleton bean 'orderController'
10:29:06.901 [main] DEBUG org.springframework.beans.factory.support.DefaultListableBeanFactory - Creating shared instance of singleton bean 'productController'
10:29:06.904 [main] DEBUG org.springframework.beans.factory.support.DefaultListableBeanFactory - Creating shared instance of singleton bean 'transactionManager'
10:29:06.906 [main] DEBUG org.springframework.beans.factory.support.DefaultListableBeanFactory - Autowiring by type from bean name 'transactionManager' via factory method to bean named 'entityManagerFactory'
10:29:06.936 [main] DEBUG org.springframework.test.context.cache.DefaultCacheAwareContextLoaderDelegate - Storing ApplicationContext [2089016471] in cache under key [[MergedContextConfiguration@66d18979 testClass = ClientServiceImplTest, locations = '{}', classes = '{class com.joseph.config.PersistenceJPAConfig}', contextInitializerClasses = '[]', activeProfiles = '{}', propertySourceLocations = '{}', propertySourceProperties = '{}', contextCustomizers = set[[empty]], contextLoader = 'org.springframework.test.context.support.DelegatingSmartContextLoader', parent = [null]]]
10:29:06.936 [main] DEBUG org.springframework.test.context.cache - Spring test ApplicationContext cache statistics: [DefaultContextCache@414f87a9 size = 1, maxSize = 32, parentContextCount = 0, hitCount = 0, missCount = 1]
10:29:06.940 [main] DEBUG org.springframework.test.context.cache.DefaultCacheAwareContextLoaderDelegate - Retrieved ApplicationContext [2089016471] from cache with key [[MergedContextConfiguration@66d18979 testClass = ClientServiceImplTest, locations = '{}', classes = '{class com.joseph.config.PersistenceJPAConfig}', contextInitializerClasses = '[]', activeProfiles = '{}', propertySourceLocations = '{}', propertySourceProperties = '{}', contextCustomizers = set[[empty]], contextLoader = 'org.springframework.test.context.support.DelegatingSmartContextLoader', parent = [null]]]
10:29:06.940 [main] DEBUG org.springframework.test.context.cache - Spring test ApplicationContext cache statistics: [DefaultContextCache@414f87a9 size = 1, maxSize = 32, parentContextCount = 0, hitCount = 1, missCount = 1]
10:29:06.956 [main] DEBUG org.springframework.test.context.support.AbstractDirtiesContextTestExecutionListener - Before test method: context [DefaultTestContext@6913c1fb testClass = ClientServiceImplTest, testInstance = com.joseph.service.Impl.ClientServiceImplTest@4e3958e7, testMethod = testDeleteClient@ClientServiceImplTest, testException = [null], mergedContextConfiguration = [MergedContextConfiguration@66d18979 testClass = ClientServiceImplTest, locations = '{}', classes = '{class com.joseph.config.PersistenceJPAConfig}', contextInitializerClasses = '[]', activeProfiles = '{}', propertySourceLocations = '{}', propertySourceProperties = '{}', contextCustomizers = set[[empty]], contextLoader = 'org.springframework.test.context.support.DelegatingSmartContextLoader', parent = [null]], attributes = map[[empty]]], class annotated with @DirtiesContext [false] with mode [null], method annotated with @DirtiesContext [false] with mode [null].
10:29:06.960 [main] DEBUG org.springframework.test.context.transaction.TransactionalTestExecutionListener - Explicit transaction definition [PROPAGATION_REQUIRED,ISOLATION_DEFAULT] found for test context [DefaultTestContext@6913c1fb testClass = ClientServiceImplTest, testInstance = com.joseph.service.Impl.ClientServiceImplTest@4e3958e7, testMethod = testDeleteClient@ClientServiceImplTest, testException = [null], mergedContextConfiguration = [MergedContextConfiguration@66d18979 testClass = ClientServiceImplTest, locations = '{}', classes = '{class com.joseph.config.PersistenceJPAConfig}', contextInitializerClasses = '[]', activeProfiles = '{}', propertySourceLocations = '{}', propertySourceProperties = '{}', contextCustomizers = set[[empty]], contextLoader = 'org.springframework.test.context.support.DelegatingSmartContextLoader', parent = [null]], attributes = map[[empty]]]
10:29:06.961 [main] DEBUG org.springframework.test.context.cache.DefaultCacheAwareContextLoaderDelegate - Retrieved ApplicationContext [2089016471] from cache with key [[MergedContextConfiguration@66d18979 testClass = ClientServiceImplTest, locations = '{}', classes = '{class com.joseph.config.PersistenceJPAConfig}', contextInitializerClasses = '[]', activeProfiles = '{}', propertySourceLocations = '{}', propertySourceProperties = '{}', contextCustomizers = set[[empty]], contextLoader = 'org.springframework.test.context.support.DelegatingSmartContextLoader', parent = [null]]]
10:29:06.961 [main] DEBUG org.springframework.test.context.cache - Spring test ApplicationContext cache statistics: [DefaultContextCache@414f87a9 size = 1, maxSize = 32, parentContextCount = 0, hitCount = 2, missCount = 1]
10:29:06.964 [main] DEBUG org.springframework.test.context.transaction.TransactionalTestExecutionListener - No method-level @Rollback override: using default rollback [true] for test context [DefaultTestContext@6913c1fb testClass = ClientServiceImplTest, testInstance = com.joseph.service.Impl.ClientServiceImplTest@4e3958e7, testMethod = testDeleteClient@ClientServiceImplTest, testException = [null], mergedContextConfiguration = [MergedContextConfiguration@66d18979 testClass = ClientServiceImplTest, locations = '{}', classes = '{class com.joseph.config.PersistenceJPAConfig}', contextInitializerClasses = '[]', activeProfiles = '{}', propertySourceLocations = '{}', propertySourceProperties = '{}', contextCustomizers = set[[empty]], contextLoader = 'org.springframework.test.context.support.DelegatingSmartContextLoader', parent = [null]], attributes = map[[empty]]].
10:29:06.966 [main] DEBUG org.springframework.orm.jpa.JpaTransactionManager - Creating new transaction with name [com.joseph.service.Impl.ClientServiceImplTest.testDeleteClient]: PROPAGATION_REQUIRED,ISOLATION_DEFAULT
10:29:06.966 [main] DEBUG org.springframework.orm.jpa.JpaTransactionManager - Opened new EntityManager [SessionImpl(PersistenceContext[entityKeys=[],collectionKeys=[]];ActionQueue[insertions=ExecutableList{size=0} updates=ExecutableList{size=0} deletions=ExecutableList{size=0} orphanRemovals=ExecutableList{size=0} collectionCreations=ExecutableList{size=0} collectionRemovals=ExecutableList{size=0} collectionUpdates=ExecutableList{size=0} collectionQueuedOps=ExecutableList{size=0} unresolvedInsertDependencies=null])] for JPA transaction
10:29:06.969 [main] DEBUG org.hibernate.engine.transaction.internal.TransactionImpl - begin
10:29:06.970 [main] DEBUG org.springframework.jdbc.datasource.DriverManagerDataSource - Creating new JDBC DriverManager Connection to [jdbc:mysql://localhost:3306/testcraftcore?useSSL=false&useTimezone=true&serverTimezone=UTC]
10:29:06.975 [main] DEBUG org.springframework.orm.jpa.JpaTransactionManager - Exposing JPA transaction as JDBC [org.springframework.orm.jpa.vendor.HibernateJpaDialect$HibernateConnectionHandle@7b5b5bfe]
10:29:06.976 [main] INFO org.springframework.test.context.transaction.TransactionContext - Began transaction (1) for test context [DefaultTestContext@6913c1fb testClass = ClientServiceImplTest, testInstance = com.joseph.service.Impl.ClientServiceImplTest@4e3958e7, testMethod = testDeleteClient@ClientServiceImplTest, testException = [null], mergedContextConfiguration = [MergedContextConfiguration@66d18979 testClass = ClientServiceImplTest, locations = '{}', classes = '{class com.joseph.config.PersistenceJPAConfig}', contextInitializerClasses = '[]', activeProfiles = '{}', propertySourceLocations = '{}', propertySourceProperties = '{}', contextCustomizers = set[[empty]], contextLoader = 'org.springframework.test.context.support.DelegatingSmartContextLoader', parent = [null]], attributes = map[[empty]]]; transaction manager [org.springframework.orm.jpa.JpaTransactionManager@7237f3c1]; rollback [true]
10:29:06.980 [main] DEBUG org.springframework.test.context.cache.DefaultCacheAwareContextLoaderDelegate - Retrieved ApplicationContext [2089016471] from cache with key [[MergedContextConfiguration@66d18979 testClass = ClientServiceImplTest, locations = '{}', classes = '{class com.joseph.config.PersistenceJPAConfig}', contextInitializerClasses = '[]', activeProfiles = '{}', propertySourceLocations = '{}', propertySourceProperties = '{}', contextCustomizers = set[[empty]], contextLoader = 'org.springframework.test.context.support.DelegatingSmartContextLoader', parent = [null]]]
10:29:06.980 [main] DEBUG org.springframework.test.context.cache - Spring test ApplicationContext cache statistics: [DefaultContextCache@414f87a9 size = 1, maxSize = 32, parentContextCount = 0, hitCount = 3, missCount = 1]
10:29:06.995 [main] DEBUG org.springframework.data.repository.core.support.TransactionalRepositoryProxyPostProcessor$CustomAnnotationTransactionAttributeSource - Adding transactional method 'deleteAll' with attribute: PROPAGATION_REQUIRED,ISOLATION_DEFAULT
10:29:06.998 [main] DEBUG org.springframework.orm.jpa.JpaTransactionManager - Found thread-bound EntityManager [SessionImpl(PersistenceContext[entityKeys=[],collectionKeys=[]];ActionQueue[insertions=ExecutableList{size=0} updates=ExecutableList{size=0} deletions=ExecutableList{size=0} orphanRemovals=ExecutableList{size=0} collectionCreations=ExecutableList{size=0} collectionRemovals=ExecutableList{size=0} collectionUpdates=ExecutableList{size=0} collectionQueuedOps=ExecutableList{size=0} unresolvedInsertDependencies=null])] for JPA transaction
10:29:06.998 [main] DEBUG org.springframework.orm.jpa.JpaTransactionManager - Participating in existing transaction
10:29:07.005 [main] DEBUG org.hibernate.query.criteria.internal.CriteriaQueryImpl - Rendered criteria query -> select generatedAlias0 from Client as generatedAlias0
10:29:07.008 [main] DEBUG org.hibernate.hql.internal.ast.QueryTranslatorImpl - parse() - HQL: select generatedAlias0 from com.joseph.entity.Client as generatedAlias0
10:29:07.010 [main] DEBUG org.hibernate.hql.internal.ast.ErrorCounter - throwQueryException() : no errors
10:29:07.010 [main] DEBUG org.hibernate.hql.internal.ast.QueryTranslatorImpl - --- HQL AST ---
 \-[QUERY] Node: 'query'
    \-[SELECT_FROM] Node: 'SELECT_FROM'
       +-[FROM] Node: 'from'
       |  \-[RANGE] Node: 'RANGE'
       |     +-[DOT] Node: '.'
       |     |  +-[DOT] Node: '.'
       |     |  |  +-[DOT] Node: '.'
       |     |  |  |  +-[IDENT] Node: 'com'
       |     |  |  |  \-[IDENT] Node: 'joseph'
       |     |  |  \-[IDENT] Node: 'entity'
       |     |  \-[IDENT] Node: 'Client'
       |     \-[ALIAS] Node: 'generatedAlias0'
       \-[SELECT] Node: 'select'
          \-[IDENT] Node: 'generatedAlias0'

10:29:07.011 [main] DEBUG org.hibernate.hql.internal.antlr.HqlSqlBaseWalker - select << begin [level=1, statement=select]
10:29:07.011 [main] DEBUG org.hibernate.hql.internal.ast.tree.FromElement - FromClause{level=1} : com.joseph.entity.Client (generatedAlias0) -> client0_
10:29:07.011 [main] DEBUG org.hibernate.hql.internal.ast.tree.FromReferenceNode - Resolved : generatedAlias0 -> client0_.idclient
10:29:07.011 [main] DEBUG org.hibernate.hql.internal.antlr.HqlSqlBaseWalker - select : finishing up [level=1, statement=select]
10:29:07.012 [main] DEBUG org.hibernate.hql.internal.ast.HqlSqlWalker - processQuery() :  ( SELECT ( {select clause} client0_.idclient ) ( FromClause{level=1} client client0_ ) )
10:29:07.019 [main] DEBUG org.hibernate.hql.internal.ast.util.JoinProcessor - Using FROM fragment [client client0_]
10:29:07.019 [main] DEBUG org.hibernate.hql.internal.antlr.HqlSqlBaseWalker - select >> end [level=1, statement=select]
10:29:07.020 [main] DEBUG org.hibernate.hql.internal.ast.QueryTranslatorImpl - --- SQL AST ---
 \-[SELECT] QueryNode: 'SELECT'  querySpaces (client)
    +-[SELECT_CLAUSE] SelectClause: '{select clause}'
    |  +-[ALIAS_REF] IdentNode: 'client0_.idclient as idclient1_0_' {alias=generatedAlias0, className=com.joseph.entity.Client, tableAlias=client0_}
    |  \-[SQL_TOKEN] SqlFragment: 'client0_.emailclient as emailcli2_0_, client0_.nameclient as nameclie3_0_'
    \-[FROM] FromClause: 'from' FromClause{level=1, fromElementCounter=1, fromElements=1, fromElementByClassAlias=[generatedAlias0], fromElementByTableAlias=[client0_], fromElementsByPath=[], collectionJoinFromElementsByPath=[], impliedElements=[]}
       \-[FROM_FRAGMENT] FromElement: 'client client0_' FromElement{explicit,not a collection join,not a fetch join,fetch non-lazy properties,classAlias=generatedAlias0,role=null,tableName=client,tableAlias=client0_,origin=null,columns={,className=com.joseph.entity.Client}}

10:29:07.020 [main] DEBUG org.hibernate.hql.internal.ast.ErrorCounter - throwQueryException() : no errors
10:29:07.021 [main] DEBUG org.hibernate.hql.internal.ast.QueryTranslatorImpl - HQL: select generatedAlias0 from com.joseph.entity.Client as generatedAlias0
10:29:07.021 [main] DEBUG org.hibernate.hql.internal.ast.QueryTranslatorImpl - SQL: select client0_.idclient as idclient1_0_, client0_.emailclient as emailcli2_0_, client0_.nameclient as nameclie3_0_ from client client0_
10:29:07.021 [main] DEBUG org.hibernate.hql.internal.ast.ErrorCounter - throwQueryException() : no errors
10:29:07.037 [main] DEBUG org.hibernate.SQL - select client0_.idclient as idclient1_0_, client0_.emailclient as emailcli2_0_, client0_.nameclient as nameclie3_0_ from client client0_
10:29:07.054 [main] DEBUG org.springframework.data.repository.core.support.TransactionalRepositoryProxyPostProcessor$CustomAnnotationTransactionAttributeSource - Adding transactional method 'save' with attribute: PROPAGATION_REQUIRED,ISOLATION_DEFAULT
10:29:07.054 [main] DEBUG org.springframework.orm.jpa.JpaTransactionManager - Found thread-bound EntityManager [SessionImpl(PersistenceContext[entityKeys=[],collectionKeys=[]];ActionQueue[insertions=ExecutableList{size=0} updates=ExecutableList{size=0} deletions=ExecutableList{size=0} orphanRemovals=ExecutableList{size=0} collectionCreations=ExecutableList{size=0} collectionRemovals=ExecutableList{size=0} collectionUpdates=ExecutableList{size=0} collectionQueuedOps=ExecutableList{size=0} unresolvedInsertDependencies=null])] for JPA transaction
10:29:07.054 [main] DEBUG org.springframework.orm.jpa.JpaTransactionManager - Participating in existing transaction
10:29:07.085 [main] DEBUG org.hibernate.engine.spi.ActionQueue - Executing identity-insert immediately
10:29:07.087 [main] DEBUG org.hibernate.SQL - insert into client (emailclient, nameclient) values (?, ?)
10:29:07.091 [main] DEBUG org.hibernate.id.IdentifierGeneratorHelper - Natively generated identity: 541
10:29:07.092 [main] DEBUG org.hibernate.resource.jdbc.internal.ResourceRegistryStandardImpl - HHH000387: ResultSet's statement was not registered
10:29:07.097 [main] DEBUG org.springframework.orm.jpa.JpaTransactionManager - Found thread-bound EntityManager [SessionImpl(PersistenceContext[entityKeys=[EntityKey[com.joseph.entity.Client#541]],collectionKeys=[]];ActionQueue[insertions=ExecutableList{size=0} updates=ExecutableList{size=0} deletions=ExecutableList{size=0} orphanRemovals=ExecutableList{size=0} collectionCreations=ExecutableList{size=0} collectionRemovals=ExecutableList{size=0} collectionUpdates=ExecutableList{size=0} collectionQueuedOps=ExecutableList{size=0} unresolvedInsertDependencies=null])] for JPA transaction
10:29:07.097 [main] DEBUG org.springframework.orm.jpa.JpaTransactionManager - Participating in existing transaction
10:29:07.097 [main] DEBUG org.hibernate.engine.spi.ActionQueue - Executing identity-insert immediately
10:29:07.097 [main] DEBUG org.hibernate.SQL - insert into client (emailclient, nameclient) values (?, ?)
10:29:07.099 [main] DEBUG org.hibernate.id.IdentifierGeneratorHelper - Natively generated identity: 542
10:29:07.099 [main] DEBUG org.hibernate.resource.jdbc.internal.ResourceRegistryStandardImpl - HHH000387: ResultSet's statement was not registered
10:29:07.099 [main] DEBUG org.springframework.orm.jpa.JpaTransactionManager - Found thread-bound EntityManager [SessionImpl(PersistenceContext[entityKeys=[EntityKey[com.joseph.entity.Client#542], EntityKey[com.joseph.entity.Client#541]],collectionKeys=[]];ActionQueue[insertions=ExecutableList{size=0} updates=ExecutableList{size=0} deletions=ExecutableList{size=0} orphanRemovals=ExecutableList{size=0} collectionCreations=ExecutableList{size=0} collectionRemovals=ExecutableList{size=0} collectionUpdates=ExecutableList{size=0} collectionQueuedOps=ExecutableList{size=0} unresolvedInsertDependencies=null])] for JPA transaction
10:29:07.099 [main] DEBUG org.springframework.orm.jpa.JpaTransactionManager - Participating in existing transaction
10:29:07.099 [main] DEBUG org.hibernate.engine.spi.ActionQueue - Executing identity-insert immediately
10:29:07.100 [main] DEBUG org.hibernate.SQL - insert into client (emailclient, nameclient) values (?, ?)
10:29:07.101 [main] DEBUG org.hibernate.id.IdentifierGeneratorHelper - Natively generated identity: 543
10:29:07.101 [main] DEBUG org.hibernate.resource.jdbc.internal.ResourceRegistryStandardImpl - HHH000387: ResultSet's statement was not registered
10:29:07.103 [main] DEBUG org.springframework.test.context.cache.DefaultCacheAwareContextLoaderDelegate - Retrieved ApplicationContext [2089016471] from cache with key [[MergedContextConfiguration@66d18979 testClass = ClientServiceImplTest, locations = '{}', classes = '{class com.joseph.config.PersistenceJPAConfig}', contextInitializerClasses = '[]', activeProfiles = '{}', propertySourceLocations = '{}', propertySourceProperties = '{}', contextCustomizers = set[[empty]], contextLoader = 'org.springframework.test.context.support.DelegatingSmartContextLoader', parent = [null]]]
10:29:07.103 [main] DEBUG org.springframework.test.context.cache - Spring test ApplicationContext cache statistics: [DefaultContextCache@414f87a9 size = 1, maxSize = 32, parentContextCount = 0, hitCount = 4, missCount = 1]
10:29:07.107 [main] DEBUG org.springframework.orm.jpa.JpaTransactionManager - Found thread-bound EntityManager [SessionImpl(PersistenceContext[entityKeys=[EntityKey[com.joseph.entity.Client#543], EntityKey[com.joseph.entity.Client#542], EntityKey[com.joseph.entity.Client#541]],collectionKeys=[]];ActionQueue[insertions=ExecutableList{size=0} updates=ExecutableList{size=0} deletions=ExecutableList{size=0} orphanRemovals=ExecutableList{size=0} collectionCreations=ExecutableList{size=0} collectionRemovals=ExecutableList{size=0} collectionUpdates=ExecutableList{size=0} collectionQueuedOps=ExecutableList{size=0} unresolvedInsertDependencies=null])] for JPA transaction
10:29:07.107 [main] DEBUG org.springframework.orm.jpa.JpaTransactionManager - Participating in existing transaction
10:29:07.120 [main] DEBUG org.springframework.data.repository.core.support.TransactionalRepositoryProxyPostProcessor$CustomAnnotationTransactionAttributeSource - Adding transactional method 'deleteById' with attribute: PROPAGATION_REQUIRED,ISOLATION_DEFAULT
10:29:07.121 [main] DEBUG org.springframework.orm.jpa.JpaTransactionManager - Found thread-bound EntityManager [SessionImpl(PersistenceContext[entityKeys=[EntityKey[com.joseph.entity.Client#543], EntityKey[com.joseph.entity.Client#542], EntityKey[com.joseph.entity.Client#541]],collectionKeys=[]];ActionQueue[insertions=ExecutableList{size=0} updates=ExecutableList{size=0} deletions=ExecutableList{size=0} orphanRemovals=ExecutableList{size=0} collectionCreations=ExecutableList{size=0} collectionRemovals=ExecutableList{size=0} collectionUpdates=ExecutableList{size=0} collectionQueuedOps=ExecutableList{size=0} unresolvedInsertDependencies=null])] for JPA transaction
10:29:07.121 [main] DEBUG org.springframework.orm.jpa.JpaTransactionManager - Participating in existing transaction
10:29:07.132 [main] DEBUG org.springframework.data.repository.core.support.TransactionalRepositoryProxyPostProcessor$CustomAnnotationTransactionAttributeSource - Adding transactional method 'findAll' with attribute: PROPAGATION_REQUIRED,ISOLATION_DEFAULT,readOnly
10:29:07.132 [main] DEBUG org.springframework.orm.jpa.JpaTransactionManager - Found thread-bound EntityManager [SessionImpl(PersistenceContext[entityKeys=[EntityKey[com.joseph.entity.Client#543], EntityKey[com.joseph.entity.Client#542], EntityKey[com.joseph.entity.Client#541]],collectionKeys=[]];ActionQueue[insertions=ExecutableList{size=0} updates=ExecutableList{size=0} deletions=ExecutableList{size=1} orphanRemovals=ExecutableList{size=0} collectionCreations=ExecutableList{size=0} collectionRemovals=ExecutableList{size=0} collectionUpdates=ExecutableList{size=0} collectionQueuedOps=ExecutableList{size=0} unresolvedInsertDependencies=null])] for JPA transaction
10:29:07.132 [main] DEBUG org.springframework.orm.jpa.JpaTransactionManager - Participating in existing transaction
10:29:07.133 [main] DEBUG org.hibernate.query.criteria.internal.CriteriaQueryImpl - Rendered criteria query -> select generatedAlias0 from Client as generatedAlias0
10:29:07.135 [main] DEBUG org.hibernate.event.internal.AbstractFlushingEventListener - Processing flush-time cascades
10:29:07.138 [main] DEBUG org.hibernate.event.internal.AbstractFlushingEventListener - Dirty checking collections
10:29:07.146 [main] DEBUG org.hibernate.engine.internal.Collections - Collection found: [com.joseph.entity.Client.orders#541], was: [<unreferenced>] (initialized)
10:29:07.147 [main] DEBUG org.hibernate.engine.internal.Collections - Collection found: [com.joseph.entity.Client.orders#542], was: [<unreferenced>] (initialized)
10:29:07.147 [main] DEBUG org.hibernate.engine.internal.Collections - Found collection with unloaded owner: [<unreferenced>]
10:29:07.148 [main] DEBUG org.hibernate.event.internal.AbstractFlushingEventListener - Flushed: 0 insertions, 0 updates, 1 deletions to 3 objects
10:29:07.148 [main] DEBUG org.hibernate.event.internal.AbstractFlushingEventListener - Flushed: 2 (re)creations, 0 updates, 0 removals to 3 collections
10:29:07.151 [main] DEBUG org.hibernate.internal.util.EntityPrinter - Listing entities:
10:29:07.152 [main] DEBUG org.hibernate.internal.util.EntityPrinter - com.joseph.entity.Client{nameclient=test, emailclient=test2@test.com, orders=[], idclient=543}
10:29:07.152 [main] DEBUG org.hibernate.internal.util.EntityPrinter - com.joseph.entity.Client{nameclient=test, emailclient=test1@test.com, orders=[], idclient=542}
10:29:07.152 [main] DEBUG org.hibernate.internal.util.EntityPrinter - com.joseph.entity.Client{nameclient=test, emailclient=test@test.com, orders=[], idclient=541}
10:29:07.152 [main] DEBUG org.hibernate.engine.spi.ActionQueue - Changes must be flushed to space: client
10:29:07.178 [main] DEBUG org.hibernate.SQL - delete from client where idclient=?
10:29:07.189 [main] DEBUG org.hibernate.SQL - select client0_.idclient as idclient1_0_, client0_.emailclient as emailcli2_0_, client0_.nameclient as nameclie3_0_ from client client0_
10:29:07.192 [main] DEBUG org.hibernate.loader.Loader - Result set row: 0
10:29:07.194 [main] DEBUG org.hibernate.loader.Loader - Result row: EntityKey[com.joseph.entity.Client#542]
10:29:07.194 [main] DEBUG org.hibernate.loader.Loader - Result set row: 1
10:29:07.194 [main] DEBUG org.hibernate.loader.Loader - Result row: EntityKey[com.joseph.entity.Client#541]
10:29:07.821 [main] DEBUG org.springframework.test.context.cache.DefaultCacheAwareContextLoaderDelegate - Retrieved ApplicationContext [2089016471] from cache with key [[MergedContextConfiguration@66d18979 testClass = ClientServiceImplTest, locations = '{}', classes = '{class com.joseph.config.PersistenceJPAConfig}', contextInitializerClasses = '[]', activeProfiles = '{}', propertySourceLocations = '{}', propertySourceProperties = '{}', contextCustomizers = set[[empty]], contextLoader = 'org.springframework.test.context.support.DelegatingSmartContextLoader', parent = [null]]]
10:29:07.821 [main] DEBUG org.springframework.test.context.cache - Spring test ApplicationContext cache statistics: [DefaultContextCache@414f87a9 size = 1, maxSize = 32, parentContextCount = 0, hitCount = 5, missCount = 1]
10:29:07.824 [main] DEBUG org.springframework.orm.jpa.JpaTransactionManager - Found thread-bound EntityManager [SessionImpl(PersistenceContext[entityKeys=[EntityKey[com.joseph.entity.Client#542], EntityKey[com.joseph.entity.Client#541]],collectionKeys=[CollectionKey[com.joseph.entity.Client.orders#541], CollectionKey[com.joseph.entity.Client.orders#542]]];ActionQueue[insertions=ExecutableList{size=0} updates=ExecutableList{size=0} deletions=ExecutableList{size=0} orphanRemovals=ExecutableList{size=0} collectionCreations=ExecutableList{size=0} collectionRemovals=ExecutableList{size=0} collectionUpdates=ExecutableList{size=0} collectionQueuedOps=ExecutableList{size=0} unresolvedInsertDependencies=null])] for JPA transaction
10:29:07.824 [main] DEBUG org.springframework.orm.jpa.JpaTransactionManager - Participating in existing transaction
10:29:07.825 [main] DEBUG org.hibernate.query.criteria.internal.CriteriaQueryImpl - Rendered criteria query -> select generatedAlias0 from Client as generatedAlias0
10:29:07.825 [main] DEBUG org.hibernate.event.internal.AbstractFlushingEventListener - Processing flush-time cascades
10:29:07.825 [main] DEBUG org.hibernate.event.internal.AbstractFlushingEventListener - Dirty checking collections
10:29:07.826 [main] DEBUG org.hibernate.engine.internal.Collections - Collection found: [com.joseph.entity.Client.orders#541], was: [com.joseph.entity.Client.orders#541] (initialized)
10:29:07.826 [main] DEBUG org.hibernate.engine.internal.Collections - Collection found: [com.joseph.entity.Client.orders#542], was: [com.joseph.entity.Client.orders#542] (initialized)
10:29:07.826 [main] DEBUG org.hibernate.event.internal.AbstractFlushingEventListener - Flushed: 0 insertions, 0 updates, 0 deletions to 2 objects
10:29:07.826 [main] DEBUG org.hibernate.event.internal.AbstractFlushingEventListener - Flushed: 0 (re)creations, 0 updates, 0 removals to 2 collections
10:29:07.826 [main] DEBUG org.hibernate.internal.util.EntityPrinter - Listing entities:
10:29:07.826 [main] DEBUG org.hibernate.internal.util.EntityPrinter - com.joseph.entity.Client{nameclient=test, emailclient=test1@test.com, orders=[], idclient=542}
10:29:07.826 [main] DEBUG org.hibernate.internal.util.EntityPrinter - com.joseph.entity.Client{nameclient=test, emailclient=test@test.com, orders=[], idclient=541}
10:29:07.827 [main] DEBUG org.hibernate.SQL - select client0_.idclient as idclient1_0_, client0_.emailclient as emailcli2_0_, client0_.nameclient as nameclie3_0_ from client client0_
10:29:07.828 [main] DEBUG org.hibernate.loader.Loader - Result set row: 0
10:29:07.829 [main] DEBUG org.hibernate.loader.Loader - Result row: EntityKey[com.joseph.entity.Client#542]
10:29:07.829 [main] DEBUG org.hibernate.loader.Loader - Result set row: 1
10:29:07.829 [main] DEBUG org.hibernate.loader.Loader - Result row: EntityKey[com.joseph.entity.Client#541]
10:29:07.832 [main] DEBUG org.springframework.test.context.cache.DefaultCacheAwareContextLoaderDelegate - Retrieved ApplicationContext [2089016471] from cache with key [[MergedContextConfiguration@66d18979 testClass = ClientServiceImplTest, locations = '{}', classes = '{class com.joseph.config.PersistenceJPAConfig}', contextInitializerClasses = '[]', activeProfiles = '{}', propertySourceLocations = '{}', propertySourceProperties = '{}', contextCustomizers = set[[empty]], contextLoader = 'org.springframework.test.context.support.DelegatingSmartContextLoader', parent = [null]]]
10:29:07.832 [main] DEBUG org.springframework.test.context.cache - Spring test ApplicationContext cache statistics: [DefaultContextCache@414f87a9 size = 1, maxSize = 32, parentContextCount = 0, hitCount = 6, missCount = 1]
10:29:07.833 [main] DEBUG org.springframework.orm.jpa.JpaTransactionManager - Initiating transaction rollback
10:29:07.833 [main] DEBUG org.springframework.orm.jpa.JpaTransactionManager - Rolling back JPA transaction on EntityManager [SessionImpl(PersistenceContext[entityKeys=[EntityKey[com.joseph.entity.Client#542], EntityKey[com.joseph.entity.Client#541]],collectionKeys=[CollectionKey[com.joseph.entity.Client.orders#541], CollectionKey[com.joseph.entity.Client.orders#542]]];ActionQueue[insertions=ExecutableList{size=0} updates=ExecutableList{size=0} deletions=ExecutableList{size=2} orphanRemovals=ExecutableList{size=0} collectionCreations=ExecutableList{size=0} collectionRemovals=ExecutableList{size=0} collectionUpdates=ExecutableList{size=0} collectionQueuedOps=ExecutableList{size=0} unresolvedInsertDependencies=null])]
10:29:07.834 [main] DEBUG org.hibernate.engine.transaction.internal.TransactionImpl - rolling back
10:29:07.836 [main] DEBUG org.springframework.orm.jpa.JpaTransactionManager - Closing JPA EntityManager [SessionImpl(PersistenceContext[entityKeys=[],collectionKeys=[]];ActionQueue[insertions=ExecutableList{size=0} updates=ExecutableList{size=0} deletions=ExecutableList{size=0} orphanRemovals=ExecutableList{size=0} collectionCreations=ExecutableList{size=0} collectionRemovals=ExecutableList{size=0} collectionUpdates=ExecutableList{size=0} collectionQueuedOps=ExecutableList{size=0} unresolvedInsertDependencies=null])] after transaction
10:29:07.836 [main] DEBUG org.hibernate.engine.jdbc.internal.JdbcCoordinatorImpl - HHH000420: Closing un-released batch
10:29:07.837 [main] INFO org.springframework.test.context.transaction.TransactionContext - Rolled back transaction for test: [DefaultTestContext@6913c1fb testClass = ClientServiceImplTest, testInstance = com.joseph.service.Impl.ClientServiceImplTest@4e3958e7, testMethod = testDeleteClient@ClientServiceImplTest, testException = [null], mergedContextConfiguration = [MergedContextConfiguration@66d18979 testClass = ClientServiceImplTest, locations = '{}', classes = '{class com.joseph.config.PersistenceJPAConfig}', contextInitializerClasses = '[]', activeProfiles = '{}', propertySourceLocations = '{}', propertySourceProperties = '{}', contextCustomizers = set[[empty]], contextLoader = 'org.springframework.test.context.support.DelegatingSmartContextLoader', parent = [null]], attributes = map[[empty]]]
10:29:07.838 [main] DEBUG org.springframework.test.context.support.AbstractDirtiesContextTestExecutionListener - After test method: context [DefaultTestContext@6913c1fb testClass = ClientServiceImplTest, testInstance = com.joseph.service.Impl.ClientServiceImplTest@4e3958e7, testMethod = testDeleteClient@ClientServiceImplTest, testException = [null], mergedContextConfiguration = [MergedContextConfiguration@66d18979 testClass = ClientServiceImplTest, locations = '{}', classes = '{class com.joseph.config.PersistenceJPAConfig}', contextInitializerClasses = '[]', activeProfiles = '{}', propertySourceLocations = '{}', propertySourceProperties = '{}', contextCustomizers = set[[empty]], contextLoader = 'org.springframework.test.context.support.DelegatingSmartContextLoader', parent = [null]], attributes = map[[empty]]], class annotated with @DirtiesContext [false] with mode [null], method annotated with @DirtiesContext [false] with mode [null].
]]></system-out>
  </testcase>
  <testcase name="testSaveClient" classname="com.joseph.service.Impl.ClientServiceImplTest" time="0.067">
    <system-out><![CDATA[10:29:07.854 [main] DEBUG org.springframework.test.context.support.DependencyInjectionTestExecutionListener - Performing dependency injection for test context [[DefaultTestContext@6913c1fb testClass = ClientServiceImplTest, testInstance = com.joseph.service.Impl.ClientServiceImplTest@6adc5b9c, testMethod = [null], testException = [null], mergedContextConfiguration = [MergedContextConfiguration@66d18979 testClass = ClientServiceImplTest, locations = '{}', classes = '{class com.joseph.config.PersistenceJPAConfig}', contextInitializerClasses = '[]', activeProfiles = '{}', propertySourceLocations = '{}', propertySourceProperties = '{}', contextCustomizers = set[[empty]], contextLoader = 'org.springframework.test.context.support.DelegatingSmartContextLoader', parent = [null]], attributes = map[[empty]]]].
10:29:07.854 [main] DEBUG org.springframework.test.context.cache.DefaultCacheAwareContextLoaderDelegate - Retrieved ApplicationContext [2089016471] from cache with key [[MergedContextConfiguration@66d18979 testClass = ClientServiceImplTest, locations = '{}', classes = '{class com.joseph.config.PersistenceJPAConfig}', contextInitializerClasses = '[]', activeProfiles = '{}', propertySourceLocations = '{}', propertySourceProperties = '{}', contextCustomizers = set[[empty]], contextLoader = 'org.springframework.test.context.support.DelegatingSmartContextLoader', parent = [null]]]
10:29:07.854 [main] DEBUG org.springframework.test.context.cache - Spring test ApplicationContext cache statistics: [DefaultContextCache@414f87a9 size = 1, maxSize = 32, parentContextCount = 0, hitCount = 7, missCount = 1]
10:29:07.855 [main] DEBUG org.springframework.test.context.cache.DefaultCacheAwareContextLoaderDelegate - Retrieved ApplicationContext [2089016471] from cache with key [[MergedContextConfiguration@66d18979 testClass = ClientServiceImplTest, locations = '{}', classes = '{class com.joseph.config.PersistenceJPAConfig}', contextInitializerClasses = '[]', activeProfiles = '{}', propertySourceLocations = '{}', propertySourceProperties = '{}', contextCustomizers = set[[empty]], contextLoader = 'org.springframework.test.context.support.DelegatingSmartContextLoader', parent = [null]]]
10:29:07.855 [main] DEBUG org.springframework.test.context.cache - Spring test ApplicationContext cache statistics: [DefaultContextCache@414f87a9 size = 1, maxSize = 32, parentContextCount = 0, hitCount = 8, missCount = 1]
10:29:07.857 [main] DEBUG org.springframework.test.context.support.AbstractDirtiesContextTestExecutionListener - Before test method: context [DefaultTestContext@6913c1fb testClass = ClientServiceImplTest, testInstance = com.joseph.service.Impl.ClientServiceImplTest@6adc5b9c, testMethod = testSaveClient@ClientServiceImplTest, testException = [null], mergedContextConfiguration = [MergedContextConfiguration@66d18979 testClass = ClientServiceImplTest, locations = '{}', classes = '{class com.joseph.config.PersistenceJPAConfig}', contextInitializerClasses = '[]', activeProfiles = '{}', propertySourceLocations = '{}', propertySourceProperties = '{}', contextCustomizers = set[[empty]], contextLoader = 'org.springframework.test.context.support.DelegatingSmartContextLoader', parent = [null]], attributes = map[[empty]]], class annotated with @DirtiesContext [false] with mode [null], method annotated with @DirtiesContext [false] with mode [null].
10:29:07.857 [main] DEBUG org.springframework.test.context.transaction.TransactionalTestExecutionListener - Explicit transaction definition [PROPAGATION_REQUIRED,ISOLATION_DEFAULT] found for test context [DefaultTestContext@6913c1fb testClass = ClientServiceImplTest, testInstance = com.joseph.service.Impl.ClientServiceImplTest@6adc5b9c, testMethod = testSaveClient@ClientServiceImplTest, testException = [null], mergedContextConfiguration = [MergedContextConfiguration@66d18979 testClass = ClientServiceImplTest, locations = '{}', classes = '{class com.joseph.config.PersistenceJPAConfig}', contextInitializerClasses = '[]', activeProfiles = '{}', propertySourceLocations = '{}', propertySourceProperties = '{}', contextCustomizers = set[[empty]], contextLoader = 'org.springframework.test.context.support.DelegatingSmartContextLoader', parent = [null]], attributes = map[[empty]]]
10:29:07.858 [main] DEBUG org.springframework.test.context.cache.DefaultCacheAwareContextLoaderDelegate - Retrieved ApplicationContext [2089016471] from cache with key [[MergedContextConfiguration@66d18979 testClass = ClientServiceImplTest, locations = '{}', classes = '{class com.joseph.config.PersistenceJPAConfig}', contextInitializerClasses = '[]', activeProfiles = '{}', propertySourceLocations = '{}', propertySourceProperties = '{}', contextCustomizers = set[[empty]], contextLoader = 'org.springframework.test.context.support.DelegatingSmartContextLoader', parent = [null]]]
10:29:07.858 [main] DEBUG org.springframework.test.context.cache - Spring test ApplicationContext cache statistics: [DefaultContextCache@414f87a9 size = 1, maxSize = 32, parentContextCount = 0, hitCount = 9, missCount = 1]
10:29:07.858 [main] DEBUG org.springframework.test.context.transaction.TransactionalTestExecutionListener - No method-level @Rollback override: using default rollback [true] for test context [DefaultTestContext@6913c1fb testClass = ClientServiceImplTest, testInstance = com.joseph.service.Impl.ClientServiceImplTest@6adc5b9c, testMethod = testSaveClient@ClientServiceImplTest, testException = [null], mergedContextConfiguration = [MergedContextConfiguration@66d18979 testClass = ClientServiceImplTest, locations = '{}', classes = '{class com.joseph.config.PersistenceJPAConfig}', contextInitializerClasses = '[]', activeProfiles = '{}', propertySourceLocations = '{}', propertySourceProperties = '{}', contextCustomizers = set[[empty]], contextLoader = 'org.springframework.test.context.support.DelegatingSmartContextLoader', parent = [null]], attributes = map[[empty]]].
10:29:07.858 [main] DEBUG org.springframework.orm.jpa.JpaTransactionManager - Creating new transaction with name [com.joseph.service.Impl.ClientServiceImplTest.testSaveClient]: PROPAGATION_REQUIRED,ISOLATION_DEFAULT
10:29:07.859 [main] DEBUG org.springframework.orm.jpa.JpaTransactionManager - Opened new EntityManager [SessionImpl(PersistenceContext[entityKeys=[],collectionKeys=[]];ActionQueue[insertions=ExecutableList{size=0} updates=ExecutableList{size=0} deletions=ExecutableList{size=0} orphanRemovals=ExecutableList{size=0} collectionCreations=ExecutableList{size=0} collectionRemovals=ExecutableList{size=0} collectionUpdates=ExecutableList{size=0} collectionQueuedOps=ExecutableList{size=0} unresolvedInsertDependencies=null])] for JPA transaction
10:29:07.859 [main] DEBUG org.hibernate.engine.transaction.internal.TransactionImpl - begin
10:29:07.859 [main] DEBUG org.springframework.jdbc.datasource.DriverManagerDataSource - Creating new JDBC DriverManager Connection to [jdbc:mysql://localhost:3306/testcraftcore?useSSL=false&useTimezone=true&serverTimezone=UTC]
10:29:07.864 [main] DEBUG org.springframework.orm.jpa.JpaTransactionManager - Exposing JPA transaction as JDBC [org.springframework.orm.jpa.vendor.HibernateJpaDialect$HibernateConnectionHandle@40709f9]
10:29:07.864 [main] INFO org.springframework.test.context.transaction.TransactionContext - Began transaction (1) for test context [DefaultTestContext@6913c1fb testClass = ClientServiceImplTest, testInstance = com.joseph.service.Impl.ClientServiceImplTest@6adc5b9c, testMethod = testSaveClient@ClientServiceImplTest, testException = [null], mergedContextConfiguration = [MergedContextConfiguration@66d18979 testClass = ClientServiceImplTest, locations = '{}', classes = '{class com.joseph.config.PersistenceJPAConfig}', contextInitializerClasses = '[]', activeProfiles = '{}', propertySourceLocations = '{}', propertySourceProperties = '{}', contextCustomizers = set[[empty]], contextLoader = 'org.springframework.test.context.support.DelegatingSmartContextLoader', parent = [null]], attributes = map[[empty]]]; transaction manager [org.springframework.orm.jpa.JpaTransactionManager@7237f3c1]; rollback [true]
10:29:07.865 [main] DEBUG org.springframework.test.context.cache.DefaultCacheAwareContextLoaderDelegate - Retrieved ApplicationContext [2089016471] from cache with key [[MergedContextConfiguration@66d18979 testClass = ClientServiceImplTest, locations = '{}', classes = '{class com.joseph.config.PersistenceJPAConfig}', contextInitializerClasses = '[]', activeProfiles = '{}', propertySourceLocations = '{}', propertySourceProperties = '{}', contextCustomizers = set[[empty]], contextLoader = 'org.springframework.test.context.support.DelegatingSmartContextLoader', parent = [null]]]
10:29:07.865 [main] DEBUG org.springframework.test.context.cache - Spring test ApplicationContext cache statistics: [DefaultContextCache@414f87a9 size = 1, maxSize = 32, parentContextCount = 0, hitCount = 10, missCount = 1]
10:29:07.865 [main] DEBUG org.springframework.orm.jpa.JpaTransactionManager - Found thread-bound EntityManager [SessionImpl(PersistenceContext[entityKeys=[],collectionKeys=[]];ActionQueue[insertions=ExecutableList{size=0} updates=ExecutableList{size=0} deletions=ExecutableList{size=0} orphanRemovals=ExecutableList{size=0} collectionCreations=ExecutableList{size=0} collectionRemovals=ExecutableList{size=0} collectionUpdates=ExecutableList{size=0} collectionQueuedOps=ExecutableList{size=0} unresolvedInsertDependencies=null])] for JPA transaction
10:29:07.865 [main] DEBUG org.springframework.orm.jpa.JpaTransactionManager - Participating in existing transaction
10:29:07.866 [main] DEBUG org.hibernate.query.criteria.internal.CriteriaQueryImpl - Rendered criteria query -> select generatedAlias0 from Client as generatedAlias0
10:29:07.866 [main] DEBUG org.hibernate.SQL - select client0_.idclient as idclient1_0_, client0_.emailclient as emailcli2_0_, client0_.nameclient as nameclie3_0_ from client client0_
10:29:07.868 [main] DEBUG org.hibernate.loader.Loader - Result set row: 0
10:29:07.868 [main] DEBUG org.hibernate.loader.Loader - Result row: EntityKey[com.joseph.entity.Client#542]
10:29:07.872 [main] DEBUG org.hibernate.loader.Loader - Result set row: 1
10:29:07.872 [main] DEBUG org.hibernate.loader.Loader - Result row: EntityKey[com.joseph.entity.Client#541]
10:29:07.872 [main] DEBUG org.hibernate.engine.internal.TwoPhaseLoad - Resolving associations for [com.joseph.entity.Client#542]
10:29:07.876 [main] DEBUG org.hibernate.engine.internal.TwoPhaseLoad - Done materializing entity [com.joseph.entity.Client#542]
10:29:07.876 [main] DEBUG org.hibernate.engine.internal.TwoPhaseLoad - Resolving associations for [com.joseph.entity.Client#541]
10:29:07.876 [main] DEBUG org.hibernate.engine.internal.TwoPhaseLoad - Done materializing entity [com.joseph.entity.Client#541]
10:29:07.880 [main] DEBUG org.hibernate.loader.collection.plan.AbstractLoadPlanBasedCollectionInitializer - Loading collection: [com.joseph.entity.Client.orders#542]
10:29:07.880 [main] DEBUG org.hibernate.SQL - select orders0_.idclient as idclient5_1_0_, orders0_.idorder as idorder1_1_0_, orders0_.idorder as idorder1_1_1_, orders0_.idclient as idclient5_1_1_, orders0_.dateorder as dateorde2_1_1_, orders0_.statusorder as statusor3_1_1_, orders0_.totalorder as totalord4_1_1_ from order_table orders0_ where orders0_.idclient=?
10:29:07.885 [main] DEBUG org.hibernate.loader.plan.exec.process.internal.ResultSetProcessorImpl - Preparing collection intializer : [com.joseph.entity.Client.orders#542]
10:29:07.890 [main] DEBUG org.hibernate.engine.loading.internal.CollectionLoadContext - 1 collections were found in result set for role: com.joseph.entity.Client.orders
10:29:07.890 [main] DEBUG org.hibernate.engine.loading.internal.CollectionLoadContext - Collection fully initialized: [com.joseph.entity.Client.orders#542]
10:29:07.890 [main] DEBUG org.hibernate.engine.loading.internal.CollectionLoadContext - 1 collections initialized for role: com.joseph.entity.Client.orders
10:29:07.891 [main] DEBUG org.hibernate.resource.jdbc.internal.ResourceRegistryStandardImpl - HHH000387: ResultSet's statement was not registered
10:29:07.891 [main] DEBUG org.hibernate.loader.collection.plan.AbstractLoadPlanBasedCollectionInitializer - Done loading collection
10:29:07.891 [main] DEBUG org.hibernate.loader.collection.plan.AbstractLoadPlanBasedCollectionInitializer - Loading collection: [com.joseph.entity.Client.orders#541]
10:29:07.891 [main] DEBUG org.hibernate.SQL - select orders0_.idclient as idclient5_1_0_, orders0_.idorder as idorder1_1_0_, orders0_.idorder as idorder1_1_1_, orders0_.idclient as idclient5_1_1_, orders0_.dateorder as dateorde2_1_1_, orders0_.statusorder as statusor3_1_1_, orders0_.totalorder as totalord4_1_1_ from order_table orders0_ where orders0_.idclient=?
10:29:07.893 [main] DEBUG org.hibernate.loader.plan.exec.process.internal.ResultSetProcessorImpl - Preparing collection intializer : [com.joseph.entity.Client.orders#541]
10:29:07.893 [main] DEBUG org.hibernate.engine.loading.internal.CollectionLoadContext - 1 collections were found in result set for role: com.joseph.entity.Client.orders
10:29:07.893 [main] DEBUG org.hibernate.engine.loading.internal.CollectionLoadContext - Collection fully initialized: [com.joseph.entity.Client.orders#541]
10:29:07.893 [main] DEBUG org.hibernate.engine.loading.internal.CollectionLoadContext - 1 collections initialized for role: com.joseph.entity.Client.orders
10:29:07.893 [main] DEBUG org.hibernate.resource.jdbc.internal.ResourceRegistryStandardImpl - HHH000387: ResultSet's statement was not registered
10:29:07.893 [main] DEBUG org.hibernate.loader.collection.plan.AbstractLoadPlanBasedCollectionInitializer - Done loading collection
10:29:07.894 [main] DEBUG org.springframework.orm.jpa.JpaTransactionManager - Found thread-bound EntityManager [SessionImpl(PersistenceContext[entityKeys=[EntityKey[com.joseph.entity.Client#542], EntityKey[com.joseph.entity.Client#541]],collectionKeys=[CollectionKey[com.joseph.entity.Client.orders#541], CollectionKey[com.joseph.entity.Client.orders#542]]];ActionQueue[insertions=ExecutableList{size=0} updates=ExecutableList{size=0} deletions=ExecutableList{size=2} orphanRemovals=ExecutableList{size=0} collectionCreations=ExecutableList{size=0} collectionRemovals=ExecutableList{size=0} collectionUpdates=ExecutableList{size=0} collectionQueuedOps=ExecutableList{size=0} unresolvedInsertDependencies=null])] for JPA transaction
10:29:07.894 [main] DEBUG org.springframework.orm.jpa.JpaTransactionManager - Participating in existing transaction
10:29:07.894 [main] DEBUG org.hibernate.engine.spi.ActionQueue - Executing identity-insert immediately
10:29:07.894 [main] DEBUG org.hibernate.SQL - insert into client (emailclient, nameclient) values (?, ?)
10:29:07.896 [main] DEBUG org.hibernate.id.IdentifierGeneratorHelper - Natively generated identity: 544
10:29:07.896 [main] DEBUG org.hibernate.resource.jdbc.internal.ResourceRegistryStandardImpl - HHH000387: ResultSet's statement was not registered
10:29:07.896 [main] DEBUG org.springframework.orm.jpa.JpaTransactionManager - Found thread-bound EntityManager [SessionImpl(PersistenceContext[entityKeys=[EntityKey[com.joseph.entity.Client#544], EntityKey[com.joseph.entity.Client#542], EntityKey[com.joseph.entity.Client#541]],collectionKeys=[CollectionKey[com.joseph.entity.Client.orders#541], CollectionKey[com.joseph.entity.Client.orders#542]]];ActionQueue[insertions=ExecutableList{size=0} updates=ExecutableList{size=0} deletions=ExecutableList{size=2} orphanRemovals=ExecutableList{size=0} collectionCreations=ExecutableList{size=0} collectionRemovals=ExecutableList{size=0} collectionUpdates=ExecutableList{size=0} collectionQueuedOps=ExecutableList{size=0} unresolvedInsertDependencies=null])] for JPA transaction
10:29:07.896 [main] DEBUG org.springframework.orm.jpa.JpaTransactionManager - Participating in existing transaction
10:29:07.897 [main] DEBUG org.hibernate.engine.spi.ActionQueue - Executing identity-insert immediately
10:29:07.897 [main] DEBUG org.hibernate.SQL - insert into client (emailclient, nameclient) values (?, ?)
10:29:07.898 [main] DEBUG org.hibernate.id.IdentifierGeneratorHelper - Natively generated identity: 545
10:29:07.898 [main] DEBUG org.hibernate.resource.jdbc.internal.ResourceRegistryStandardImpl - HHH000387: ResultSet's statement was not registered
10:29:07.898 [main] DEBUG org.springframework.orm.jpa.JpaTransactionManager - Found thread-bound EntityManager [SessionImpl(PersistenceContext[entityKeys=[EntityKey[com.joseph.entity.Client#544], EntityKey[com.joseph.entity.Client#545], EntityKey[com.joseph.entity.Client#542], EntityKey[com.joseph.entity.Client#541]],collectionKeys=[CollectionKey[com.joseph.entity.Client.orders#541], CollectionKey[com.joseph.entity.Client.orders#542]]];ActionQueue[insertions=ExecutableList{size=0} updates=ExecutableList{size=0} deletions=ExecutableList{size=2} orphanRemovals=ExecutableList{size=0} collectionCreations=ExecutableList{size=0} collectionRemovals=ExecutableList{size=0} collectionUpdates=ExecutableList{size=0} collectionQueuedOps=ExecutableList{size=0} unresolvedInsertDependencies=null])] for JPA transaction
10:29:07.899 [main] DEBUG org.springframework.orm.jpa.JpaTransactionManager - Participating in existing transaction
10:29:07.899 [main] DEBUG org.hibernate.engine.spi.ActionQueue - Executing identity-insert immediately
10:29:07.899 [main] DEBUG org.hibernate.SQL - insert into client (emailclient, nameclient) values (?, ?)
10:29:07.900 [main] DEBUG org.hibernate.id.IdentifierGeneratorHelper - Natively generated identity: 546
10:29:07.900 [main] DEBUG org.hibernate.resource.jdbc.internal.ResourceRegistryStandardImpl - HHH000387: ResultSet's statement was not registered
10:29:07.901 [main] DEBUG org.springframework.test.context.cache.DefaultCacheAwareContextLoaderDelegate - Retrieved ApplicationContext [2089016471] from cache with key [[MergedContextConfiguration@66d18979 testClass = ClientServiceImplTest, locations = '{}', classes = '{class com.joseph.config.PersistenceJPAConfig}', contextInitializerClasses = '[]', activeProfiles = '{}', propertySourceLocations = '{}', propertySourceProperties = '{}', contextCustomizers = set[[empty]], contextLoader = 'org.springframework.test.context.support.DelegatingSmartContextLoader', parent = [null]]]
10:29:07.901 [main] DEBUG org.springframework.test.context.cache - Spring test ApplicationContext cache statistics: [DefaultContextCache@414f87a9 size = 1, maxSize = 32, parentContextCount = 0, hitCount = 11, missCount = 1]
10:29:07.901 [main] DEBUG org.springframework.orm.jpa.JpaTransactionManager - Found thread-bound EntityManager [SessionImpl(PersistenceContext[entityKeys=[EntityKey[com.joseph.entity.Client#544], EntityKey[com.joseph.entity.Client#546], EntityKey[com.joseph.entity.Client#545], EntityKey[com.joseph.entity.Client#542], EntityKey[com.joseph.entity.Client#541]],collectionKeys=[CollectionKey[com.joseph.entity.Client.orders#541], CollectionKey[com.joseph.entity.Client.orders#542]]];ActionQueue[insertions=ExecutableList{size=0} updates=ExecutableList{size=0} deletions=ExecutableList{size=2} orphanRemovals=ExecutableList{size=0} collectionCreations=ExecutableList{size=0} collectionRemovals=ExecutableList{size=0} collectionUpdates=ExecutableList{size=0} collectionQueuedOps=ExecutableList{size=0} unresolvedInsertDependencies=null])] for JPA transaction
10:29:07.901 [main] DEBUG org.springframework.orm.jpa.JpaTransactionManager - Participating in existing transaction
10:29:07.902 [main] DEBUG org.springframework.orm.jpa.JpaTransactionManager - Found thread-bound EntityManager [SessionImpl(PersistenceContext[entityKeys=[EntityKey[com.joseph.entity.Client#544], EntityKey[com.joseph.entity.Client#546], EntityKey[com.joseph.entity.Client#545], EntityKey[com.joseph.entity.Client#542], EntityKey[com.joseph.entity.Client#541]],collectionKeys=[CollectionKey[com.joseph.entity.Client.orders#541], CollectionKey[com.joseph.entity.Client.orders#542]]];ActionQueue[insertions=ExecutableList{size=0} updates=ExecutableList{size=0} deletions=ExecutableList{size=2} orphanRemovals=ExecutableList{size=0} collectionCreations=ExecutableList{size=0} collectionRemovals=ExecutableList{size=0} collectionUpdates=ExecutableList{size=0} collectionQueuedOps=ExecutableList{size=0} unresolvedInsertDependencies=null])] for JPA transaction
10:29:07.902 [main] DEBUG org.springframework.orm.jpa.JpaTransactionManager - Participating in existing transaction
10:29:07.902 [main] DEBUG org.hibernate.engine.spi.ActionQueue - Executing identity-insert immediately
10:29:07.902 [main] DEBUG org.hibernate.SQL - insert into client (emailclient, nameclient) values (?, ?)
10:29:07.904 [main] DEBUG org.hibernate.id.IdentifierGeneratorHelper - Natively generated identity: 547
10:29:07.904 [main] DEBUG org.hibernate.resource.jdbc.internal.ResourceRegistryStandardImpl - HHH000387: ResultSet's statement was not registered
10:29:07.904 [main] DEBUG org.springframework.orm.jpa.JpaTransactionManager - Found thread-bound EntityManager [SessionImpl(PersistenceContext[entityKeys=[EntityKey[com.joseph.entity.Client#544], EntityKey[com.joseph.entity.Client#546], EntityKey[com.joseph.entity.Client#545], EntityKey[com.joseph.entity.Client#547], EntityKey[com.joseph.entity.Client#542], EntityKey[com.joseph.entity.Client#541]],collectionKeys=[CollectionKey[com.joseph.entity.Client.orders#541], CollectionKey[com.joseph.entity.Client.orders#542]]];ActionQueue[insertions=ExecutableList{size=0} updates=ExecutableList{size=0} deletions=ExecutableList{size=2} orphanRemovals=ExecutableList{size=0} collectionCreations=ExecutableList{size=0} collectionRemovals=ExecutableList{size=0} collectionUpdates=ExecutableList{size=0} collectionQueuedOps=ExecutableList{size=0} unresolvedInsertDependencies=null])] for JPA transaction
10:29:07.904 [main] DEBUG org.springframework.orm.jpa.JpaTransactionManager - Participating in existing transaction
10:29:07.905 [main] DEBUG org.hibernate.query.criteria.internal.CriteriaQueryImpl - Rendered criteria query -> select generatedAlias0 from Client as generatedAlias0
10:29:07.905 [main] DEBUG org.hibernate.event.internal.AbstractFlushingEventListener - Processing flush-time cascades
10:29:07.905 [main] DEBUG org.hibernate.event.internal.AbstractFlushingEventListener - Dirty checking collections
10:29:07.906 [main] DEBUG org.hibernate.engine.internal.Collections - Collection found: [com.joseph.entity.Client.orders#544], was: [<unreferenced>] (initialized)
10:29:07.906 [main] DEBUG org.hibernate.engine.internal.Collections - Collection found: [com.joseph.entity.Client.orders#545], was: [<unreferenced>] (initialized)
10:29:07.906 [main] DEBUG org.hibernate.engine.internal.Collections - Collection found: [com.joseph.entity.Client.orders#546], was: [<unreferenced>] (initialized)
10:29:07.906 [main] DEBUG org.hibernate.engine.internal.Collections - Collection found: [com.joseph.entity.Client.orders#547], was: [<unreferenced>] (initialized)
10:29:07.906 [main] DEBUG org.hibernate.engine.internal.Collections - Collection dereferenced: [com.joseph.entity.Client.orders#542]
10:29:07.906 [main] DEBUG org.hibernate.engine.internal.Collections - Collection dereferenced: [com.joseph.entity.Client.orders#541]
10:29:07.907 [main] DEBUG org.hibernate.event.internal.AbstractFlushingEventListener - Flushed: 0 insertions, 0 updates, 2 deletions to 6 objects
10:29:07.907 [main] DEBUG org.hibernate.event.internal.AbstractFlushingEventListener - Flushed: 4 (re)creations, 0 updates, 2 removals to 6 collections
10:29:07.907 [main] DEBUG org.hibernate.internal.util.EntityPrinter - Listing entities:
10:29:07.907 [main] DEBUG org.hibernate.internal.util.EntityPrinter - com.joseph.entity.Client{nameclient=test, emailclient=test@test.com, orders=[], idclient=544}
10:29:07.907 [main] DEBUG org.hibernate.internal.util.EntityPrinter - com.joseph.entity.Client{nameclient=test, emailclient=test2@test.com, orders=[], idclient=546}
10:29:07.907 [main] DEBUG org.hibernate.internal.util.EntityPrinter - com.joseph.entity.Client{nameclient=test, emailclient=test1@test.com, orders=[], idclient=545}
10:29:07.907 [main] DEBUG org.hibernate.internal.util.EntityPrinter - com.joseph.entity.Client{nameclient=test4, emailclient=test4@test.com, orders=[], idclient=547}
10:29:07.907 [main] DEBUG org.hibernate.internal.util.EntityPrinter - com.joseph.entity.Client{nameclient=test, emailclient=test1@test.com, orders=[], idclient=542}
10:29:07.908 [main] DEBUG org.hibernate.internal.util.EntityPrinter - com.joseph.entity.Client{nameclient=test, emailclient=test@test.com, orders=[], idclient=541}
10:29:07.908 [main] DEBUG org.hibernate.engine.spi.ActionQueue - Changes must be flushed to space: client
10:29:07.908 [main] DEBUG org.hibernate.SQL - delete from client where idclient=?
10:29:07.909 [main] DEBUG org.hibernate.SQL - delete from client where idclient=?
10:29:07.910 [main] DEBUG org.hibernate.SQL - select client0_.idclient as idclient1_0_, client0_.emailclient as emailcli2_0_, client0_.nameclient as nameclie3_0_ from client client0_
10:29:07.911 [main] DEBUG org.hibernate.loader.Loader - Result set row: 0
10:29:07.912 [main] DEBUG org.hibernate.loader.Loader - Result row: EntityKey[com.joseph.entity.Client#547]
10:29:07.912 [main] DEBUG org.hibernate.loader.Loader - Result set row: 1
10:29:07.912 [main] DEBUG org.hibernate.loader.Loader - Result row: EntityKey[com.joseph.entity.Client#546]
10:29:07.912 [main] DEBUG org.hibernate.loader.Loader - Result set row: 2
10:29:07.912 [main] DEBUG org.hibernate.loader.Loader - Result row: EntityKey[com.joseph.entity.Client#545]
10:29:07.912 [main] DEBUG org.hibernate.loader.Loader - Result set row: 3
10:29:07.912 [main] DEBUG org.hibernate.loader.Loader - Result row: EntityKey[com.joseph.entity.Client#544]
10:29:07.913 [main] DEBUG org.springframework.test.context.cache.DefaultCacheAwareContextLoaderDelegate - Retrieved ApplicationContext [2089016471] from cache with key [[MergedContextConfiguration@66d18979 testClass = ClientServiceImplTest, locations = '{}', classes = '{class com.joseph.config.PersistenceJPAConfig}', contextInitializerClasses = '[]', activeProfiles = '{}', propertySourceLocations = '{}', propertySourceProperties = '{}', contextCustomizers = set[[empty]], contextLoader = 'org.springframework.test.context.support.DelegatingSmartContextLoader', parent = [null]]]
10:29:07.913 [main] DEBUG org.springframework.test.context.cache - Spring test ApplicationContext cache statistics: [DefaultContextCache@414f87a9 size = 1, maxSize = 32, parentContextCount = 0, hitCount = 12, missCount = 1]
10:29:07.913 [main] DEBUG org.springframework.orm.jpa.JpaTransactionManager - Found thread-bound EntityManager [SessionImpl(PersistenceContext[entityKeys=[EntityKey[com.joseph.entity.Client#544], EntityKey[com.joseph.entity.Client#546], EntityKey[com.joseph.entity.Client#545], EntityKey[com.joseph.entity.Client#547]],collectionKeys=[CollectionKey[com.joseph.entity.Client.orders#544], CollectionKey[com.joseph.entity.Client.orders#545], CollectionKey[com.joseph.entity.Client.orders#546], CollectionKey[com.joseph.entity.Client.orders#547]]];ActionQueue[insertions=ExecutableList{size=0} updates=ExecutableList{size=0} deletions=ExecutableList{size=0} orphanRemovals=ExecutableList{size=0} collectionCreations=ExecutableList{size=0} collectionRemovals=ExecutableList{size=0} collectionUpdates=ExecutableList{size=0} collectionQueuedOps=ExecutableList{size=0} unresolvedInsertDependencies=null])] for JPA transaction
10:29:07.913 [main] DEBUG org.springframework.orm.jpa.JpaTransactionManager - Participating in existing transaction
10:29:07.914 [main] DEBUG org.hibernate.query.criteria.internal.CriteriaQueryImpl - Rendered criteria query -> select generatedAlias0 from Client as generatedAlias0
10:29:07.914 [main] DEBUG org.hibernate.event.internal.AbstractFlushingEventListener - Processing flush-time cascades
10:29:07.914 [main] DEBUG org.hibernate.event.internal.AbstractFlushingEventListener - Dirty checking collections
10:29:07.914 [main] DEBUG org.hibernate.engine.internal.Collections - Collection found: [com.joseph.entity.Client.orders#544], was: [com.joseph.entity.Client.orders#544] (initialized)
10:29:07.915 [main] DEBUG org.hibernate.engine.internal.Collections - Collection found: [com.joseph.entity.Client.orders#545], was: [com.joseph.entity.Client.orders#545] (initialized)
10:29:07.915 [main] DEBUG org.hibernate.engine.internal.Collections - Collection found: [com.joseph.entity.Client.orders#546], was: [com.joseph.entity.Client.orders#546] (initialized)
10:29:07.915 [main] DEBUG org.hibernate.engine.internal.Collections - Collection found: [com.joseph.entity.Client.orders#547], was: [com.joseph.entity.Client.orders#547] (initialized)
10:29:07.915 [main] DEBUG org.hibernate.event.internal.AbstractFlushingEventListener - Flushed: 0 insertions, 0 updates, 0 deletions to 4 objects
10:29:07.915 [main] DEBUG org.hibernate.event.internal.AbstractFlushingEventListener - Flushed: 0 (re)creations, 0 updates, 0 removals to 4 collections
10:29:07.915 [main] DEBUG org.hibernate.internal.util.EntityPrinter - Listing entities:
10:29:07.915 [main] DEBUG org.hibernate.internal.util.EntityPrinter - com.joseph.entity.Client{nameclient=test, emailclient=test@test.com, orders=[], idclient=544}
10:29:07.915 [main] DEBUG org.hibernate.internal.util.EntityPrinter - com.joseph.entity.Client{nameclient=test, emailclient=test2@test.com, orders=[], idclient=546}
10:29:07.915 [main] DEBUG org.hibernate.internal.util.EntityPrinter - com.joseph.entity.Client{nameclient=test, emailclient=test1@test.com, orders=[], idclient=545}
10:29:07.915 [main] DEBUG org.hibernate.internal.util.EntityPrinter - com.joseph.entity.Client{nameclient=test4, emailclient=test4@test.com, orders=[], idclient=547}
10:29:07.916 [main] DEBUG org.hibernate.SQL - select client0_.idclient as idclient1_0_, client0_.emailclient as emailcli2_0_, client0_.nameclient as nameclie3_0_ from client client0_
10:29:07.917 [main] DEBUG org.hibernate.loader.Loader - Result set row: 0
10:29:07.917 [main] DEBUG org.hibernate.loader.Loader - Result row: EntityKey[com.joseph.entity.Client#547]
10:29:07.917 [main] DEBUG org.hibernate.loader.Loader - Result set row: 1
10:29:07.917 [main] DEBUG org.hibernate.loader.Loader - Result row: EntityKey[com.joseph.entity.Client#546]
10:29:07.917 [main] DEBUG org.hibernate.loader.Loader - Result set row: 2
10:29:07.917 [main] DEBUG org.hibernate.loader.Loader - Result row: EntityKey[com.joseph.entity.Client#545]
10:29:07.917 [main] DEBUG org.hibernate.loader.Loader - Result set row: 3
10:29:07.917 [main] DEBUG org.hibernate.loader.Loader - Result row: EntityKey[com.joseph.entity.Client#544]
10:29:07.919 [main] DEBUG org.springframework.test.context.cache.DefaultCacheAwareContextLoaderDelegate - Retrieved ApplicationContext [2089016471] from cache with key [[MergedContextConfiguration@66d18979 testClass = ClientServiceImplTest, locations = '{}', classes = '{class com.joseph.config.PersistenceJPAConfig}', contextInitializerClasses = '[]', activeProfiles = '{}', propertySourceLocations = '{}', propertySourceProperties = '{}', contextCustomizers = set[[empty]], contextLoader = 'org.springframework.test.context.support.DelegatingSmartContextLoader', parent = [null]]]
10:29:07.919 [main] DEBUG org.springframework.test.context.cache - Spring test ApplicationContext cache statistics: [DefaultContextCache@414f87a9 size = 1, maxSize = 32, parentContextCount = 0, hitCount = 13, missCount = 1]
10:29:07.920 [main] DEBUG org.springframework.orm.jpa.JpaTransactionManager - Initiating transaction rollback
10:29:07.920 [main] DEBUG org.springframework.orm.jpa.JpaTransactionManager - Rolling back JPA transaction on EntityManager [SessionImpl(PersistenceContext[entityKeys=[EntityKey[com.joseph.entity.Client#544], EntityKey[com.joseph.entity.Client#546], EntityKey[com.joseph.entity.Client#545], EntityKey[com.joseph.entity.Client#547]],collectionKeys=[CollectionKey[com.joseph.entity.Client.orders#544], CollectionKey[com.joseph.entity.Client.orders#545], CollectionKey[com.joseph.entity.Client.orders#546], CollectionKey[com.joseph.entity.Client.orders#547]]];ActionQueue[insertions=ExecutableList{size=0} updates=ExecutableList{size=0} deletions=ExecutableList{size=4} orphanRemovals=ExecutableList{size=0} collectionCreations=ExecutableList{size=0} collectionRemovals=ExecutableList{size=0} collectionUpdates=ExecutableList{size=0} collectionQueuedOps=ExecutableList{size=0} unresolvedInsertDependencies=null])]
10:29:07.920 [main] DEBUG org.hibernate.engine.transaction.internal.TransactionImpl - rolling back
10:29:07.921 [main] DEBUG org.springframework.orm.jpa.JpaTransactionManager - Closing JPA EntityManager [SessionImpl(PersistenceContext[entityKeys=[],collectionKeys=[]];ActionQueue[insertions=ExecutableList{size=0} updates=ExecutableList{size=0} deletions=ExecutableList{size=0} orphanRemovals=ExecutableList{size=0} collectionCreations=ExecutableList{size=0} collectionRemovals=ExecutableList{size=0} collectionUpdates=ExecutableList{size=0} collectionQueuedOps=ExecutableList{size=0} unresolvedInsertDependencies=null])] after transaction
10:29:07.921 [main] DEBUG org.hibernate.engine.jdbc.internal.JdbcCoordinatorImpl - HHH000420: Closing un-released batch
10:29:07.922 [main] INFO org.springframework.test.context.transaction.TransactionContext - Rolled back transaction for test: [DefaultTestContext@6913c1fb testClass = ClientServiceImplTest, testInstance = com.joseph.service.Impl.ClientServiceImplTest@6adc5b9c, testMethod = testSaveClient@ClientServiceImplTest, testException = [null], mergedContextConfiguration = [MergedContextConfiguration@66d18979 testClass = ClientServiceImplTest, locations = '{}', classes = '{class com.joseph.config.PersistenceJPAConfig}', contextInitializerClasses = '[]', activeProfiles = '{}', propertySourceLocations = '{}', propertySourceProperties = '{}', contextCustomizers = set[[empty]], contextLoader = 'org.springframework.test.context.support.DelegatingSmartContextLoader', parent = [null]], attributes = map[[empty]]]
10:29:07.922 [main] DEBUG org.springframework.test.context.support.AbstractDirtiesContextTestExecutionListener - After test method: context [DefaultTestContext@6913c1fb testClass = ClientServiceImplTest, testInstance = com.joseph.service.Impl.ClientServiceImplTest@6adc5b9c, testMethod = testSaveClient@ClientServiceImplTest, testException = [null], mergedContextConfiguration = [MergedContextConfiguration@66d18979 testClass = ClientServiceImplTest, locations = '{}', classes = '{class com.joseph.config.PersistenceJPAConfig}', contextInitializerClasses = '[]', activeProfiles = '{}', propertySourceLocations = '{}', propertySourceProperties = '{}', contextCustomizers = set[[empty]], contextLoader = 'org.springframework.test.context.support.DelegatingSmartContextLoader', parent = [null]], attributes = map[[empty]]], class annotated with @DirtiesContext [false] with mode [null], method annotated with @DirtiesContext [false] with mode [null].
]]></system-out>
  </testcase>
  <testcase name="TestGetClients" classname="com.joseph.service.Impl.ClientServiceImplTest" time="0.044">
    <system-out><![CDATA[10:29:07.924 [main] DEBUG org.springframework.test.context.support.DependencyInjectionTestExecutionListener - Performing dependency injection for test context [[DefaultTestContext@6913c1fb testClass = ClientServiceImplTest, testInstance = com.joseph.service.Impl.ClientServiceImplTest@ea04cab, testMethod = [null], testException = [null], mergedContextConfiguration = [MergedContextConfiguration@66d18979 testClass = ClientServiceImplTest, locations = '{}', classes = '{class com.joseph.config.PersistenceJPAConfig}', contextInitializerClasses = '[]', activeProfiles = '{}', propertySourceLocations = '{}', propertySourceProperties = '{}', contextCustomizers = set[[empty]], contextLoader = 'org.springframework.test.context.support.DelegatingSmartContextLoader', parent = [null]], attributes = map[[empty]]]].
10:29:07.924 [main] DEBUG org.springframework.test.context.cache.DefaultCacheAwareContextLoaderDelegate - Retrieved ApplicationContext [2089016471] from cache with key [[MergedContextConfiguration@66d18979 testClass = ClientServiceImplTest, locations = '{}', classes = '{class com.joseph.config.PersistenceJPAConfig}', contextInitializerClasses = '[]', activeProfiles = '{}', propertySourceLocations = '{}', propertySourceProperties = '{}', contextCustomizers = set[[empty]], contextLoader = 'org.springframework.test.context.support.DelegatingSmartContextLoader', parent = [null]]]
10:29:07.924 [main] DEBUG org.springframework.test.context.cache - Spring test ApplicationContext cache statistics: [DefaultContextCache@414f87a9 size = 1, maxSize = 32, parentContextCount = 0, hitCount = 14, missCount = 1]
10:29:07.925 [main] DEBUG org.springframework.test.context.cache.DefaultCacheAwareContextLoaderDelegate - Retrieved ApplicationContext [2089016471] from cache with key [[MergedContextConfiguration@66d18979 testClass = ClientServiceImplTest, locations = '{}', classes = '{class com.joseph.config.PersistenceJPAConfig}', contextInitializerClasses = '[]', activeProfiles = '{}', propertySourceLocations = '{}', propertySourceProperties = '{}', contextCustomizers = set[[empty]], contextLoader = 'org.springframework.test.context.support.DelegatingSmartContextLoader', parent = [null]]]
10:29:07.925 [main] DEBUG org.springframework.test.context.cache - Spring test ApplicationContext cache statistics: [DefaultContextCache@414f87a9 size = 1, maxSize = 32, parentContextCount = 0, hitCount = 15, missCount = 1]
10:29:07.927 [main] DEBUG org.springframework.test.context.support.AbstractDirtiesContextTestExecutionListener - Before test method: context [DefaultTestContext@6913c1fb testClass = ClientServiceImplTest, testInstance = com.joseph.service.Impl.ClientServiceImplTest@ea04cab, testMethod = TestGetClients@ClientServiceImplTest, testException = [null], mergedContextConfiguration = [MergedContextConfiguration@66d18979 testClass = ClientServiceImplTest, locations = '{}', classes = '{class com.joseph.config.PersistenceJPAConfig}', contextInitializerClasses = '[]', activeProfiles = '{}', propertySourceLocations = '{}', propertySourceProperties = '{}', contextCustomizers = set[[empty]], contextLoader = 'org.springframework.test.context.support.DelegatingSmartContextLoader', parent = [null]], attributes = map[[empty]]], class annotated with @DirtiesContext [false] with mode [null], method annotated with @DirtiesContext [false] with mode [null].
10:29:07.927 [main] DEBUG org.springframework.test.context.transaction.TransactionalTestExecutionListener - Explicit transaction definition [PROPAGATION_REQUIRED,ISOLATION_DEFAULT] found for test context [DefaultTestContext@6913c1fb testClass = ClientServiceImplTest, testInstance = com.joseph.service.Impl.ClientServiceImplTest@ea04cab, testMethod = TestGetClients@ClientServiceImplTest, testException = [null], mergedContextConfiguration = [MergedContextConfiguration@66d18979 testClass = ClientServiceImplTest, locations = '{}', classes = '{class com.joseph.config.PersistenceJPAConfig}', contextInitializerClasses = '[]', activeProfiles = '{}', propertySourceLocations = '{}', propertySourceProperties = '{}', contextCustomizers = set[[empty]], contextLoader = 'org.springframework.test.context.support.DelegatingSmartContextLoader', parent = [null]], attributes = map[[empty]]]
10:29:07.927 [main] DEBUG org.springframework.test.context.cache.DefaultCacheAwareContextLoaderDelegate - Retrieved ApplicationContext [2089016471] from cache with key [[MergedContextConfiguration@66d18979 testClass = ClientServiceImplTest, locations = '{}', classes = '{class com.joseph.config.PersistenceJPAConfig}', contextInitializerClasses = '[]', activeProfiles = '{}', propertySourceLocations = '{}', propertySourceProperties = '{}', contextCustomizers = set[[empty]], contextLoader = 'org.springframework.test.context.support.DelegatingSmartContextLoader', parent = [null]]]
10:29:07.927 [main] DEBUG org.springframework.test.context.cache - Spring test ApplicationContext cache statistics: [DefaultContextCache@414f87a9 size = 1, maxSize = 32, parentContextCount = 0, hitCount = 16, missCount = 1]
10:29:07.928 [main] DEBUG org.springframework.test.context.transaction.TransactionalTestExecutionListener - No method-level @Rollback override: using default rollback [true] for test context [DefaultTestContext@6913c1fb testClass = ClientServiceImplTest, testInstance = com.joseph.service.Impl.ClientServiceImplTest@ea04cab, testMethod = TestGetClients@ClientServiceImplTest, testException = [null], mergedContextConfiguration = [MergedContextConfiguration@66d18979 testClass = ClientServiceImplTest, locations = '{}', classes = '{class com.joseph.config.PersistenceJPAConfig}', contextInitializerClasses = '[]', activeProfiles = '{}', propertySourceLocations = '{}', propertySourceProperties = '{}', contextCustomizers = set[[empty]], contextLoader = 'org.springframework.test.context.support.DelegatingSmartContextLoader', parent = [null]], attributes = map[[empty]]].
10:29:07.928 [main] DEBUG org.springframework.orm.jpa.JpaTransactionManager - Creating new transaction with name [com.joseph.service.Impl.ClientServiceImplTest.TestGetClients]: PROPAGATION_REQUIRED,ISOLATION_DEFAULT
10:29:07.928 [main] DEBUG org.springframework.orm.jpa.JpaTransactionManager - Opened new EntityManager [SessionImpl(PersistenceContext[entityKeys=[],collectionKeys=[]];ActionQueue[insertions=ExecutableList{size=0} updates=ExecutableList{size=0} deletions=ExecutableList{size=0} orphanRemovals=ExecutableList{size=0} collectionCreations=ExecutableList{size=0} collectionRemovals=ExecutableList{size=0} collectionUpdates=ExecutableList{size=0} collectionQueuedOps=ExecutableList{size=0} unresolvedInsertDependencies=null])] for JPA transaction
10:29:07.928 [main] DEBUG org.hibernate.engine.transaction.internal.TransactionImpl - begin
10:29:07.928 [main] DEBUG org.springframework.jdbc.datasource.DriverManagerDataSource - Creating new JDBC DriverManager Connection to [jdbc:mysql://localhost:3306/testcraftcore?useSSL=false&useTimezone=true&serverTimezone=UTC]
10:29:07.934 [main] DEBUG org.springframework.orm.jpa.JpaTransactionManager - Exposing JPA transaction as JDBC [org.springframework.orm.jpa.vendor.HibernateJpaDialect$HibernateConnectionHandle@5a90265a]
10:29:07.935 [main] INFO org.springframework.test.context.transaction.TransactionContext - Began transaction (1) for test context [DefaultTestContext@6913c1fb testClass = ClientServiceImplTest, testInstance = com.joseph.service.Impl.ClientServiceImplTest@ea04cab, testMethod = TestGetClients@ClientServiceImplTest, testException = [null], mergedContextConfiguration = [MergedContextConfiguration@66d18979 testClass = ClientServiceImplTest, locations = '{}', classes = '{class com.joseph.config.PersistenceJPAConfig}', contextInitializerClasses = '[]', activeProfiles = '{}', propertySourceLocations = '{}', propertySourceProperties = '{}', contextCustomizers = set[[empty]], contextLoader = 'org.springframework.test.context.support.DelegatingSmartContextLoader', parent = [null]], attributes = map[[empty]]]; transaction manager [org.springframework.orm.jpa.JpaTransactionManager@7237f3c1]; rollback [true]
10:29:07.935 [main] DEBUG org.springframework.test.context.cache.DefaultCacheAwareContextLoaderDelegate - Retrieved ApplicationContext [2089016471] from cache with key [[MergedContextConfiguration@66d18979 testClass = ClientServiceImplTest, locations = '{}', classes = '{class com.joseph.config.PersistenceJPAConfig}', contextInitializerClasses = '[]', activeProfiles = '{}', propertySourceLocations = '{}', propertySourceProperties = '{}', contextCustomizers = set[[empty]], contextLoader = 'org.springframework.test.context.support.DelegatingSmartContextLoader', parent = [null]]]
10:29:07.935 [main] DEBUG org.springframework.test.context.cache - Spring test ApplicationContext cache statistics: [DefaultContextCache@414f87a9 size = 1, maxSize = 32, parentContextCount = 0, hitCount = 17, missCount = 1]
10:29:07.936 [main] DEBUG org.springframework.orm.jpa.JpaTransactionManager - Found thread-bound EntityManager [SessionImpl(PersistenceContext[entityKeys=[],collectionKeys=[]];ActionQueue[insertions=ExecutableList{size=0} updates=ExecutableList{size=0} deletions=ExecutableList{size=0} orphanRemovals=ExecutableList{size=0} collectionCreations=ExecutableList{size=0} collectionRemovals=ExecutableList{size=0} collectionUpdates=ExecutableList{size=0} collectionQueuedOps=ExecutableList{size=0} unresolvedInsertDependencies=null])] for JPA transaction
10:29:07.936 [main] DEBUG org.springframework.orm.jpa.JpaTransactionManager - Participating in existing transaction
10:29:07.936 [main] DEBUG org.hibernate.query.criteria.internal.CriteriaQueryImpl - Rendered criteria query -> select generatedAlias0 from Client as generatedAlias0
10:29:07.936 [main] DEBUG org.hibernate.SQL - select client0_.idclient as idclient1_0_, client0_.emailclient as emailcli2_0_, client0_.nameclient as nameclie3_0_ from client client0_
10:29:07.937 [main] DEBUG org.hibernate.loader.Loader - Result set row: 0
10:29:07.937 [main] DEBUG org.hibernate.loader.Loader - Result row: EntityKey[com.joseph.entity.Client#547]
10:29:07.938 [main] DEBUG org.hibernate.loader.Loader - Result set row: 1
10:29:07.938 [main] DEBUG org.hibernate.loader.Loader - Result row: EntityKey[com.joseph.entity.Client#546]
10:29:07.938 [main] DEBUG org.hibernate.loader.Loader - Result set row: 2
10:29:07.938 [main] DEBUG org.hibernate.loader.Loader - Result row: EntityKey[com.joseph.entity.Client#545]
10:29:07.938 [main] DEBUG org.hibernate.loader.Loader - Result set row: 3
10:29:07.938 [main] DEBUG org.hibernate.loader.Loader - Result row: EntityKey[com.joseph.entity.Client#544]
10:29:07.938 [main] DEBUG org.hibernate.engine.internal.TwoPhaseLoad - Resolving associations for [com.joseph.entity.Client#547]
10:29:07.938 [main] DEBUG org.hibernate.engine.internal.TwoPhaseLoad - Done materializing entity [com.joseph.entity.Client#547]
10:29:07.938 [main] DEBUG org.hibernate.engine.internal.TwoPhaseLoad - Resolving associations for [com.joseph.entity.Client#546]
10:29:07.938 [main] DEBUG org.hibernate.engine.internal.TwoPhaseLoad - Done materializing entity [com.joseph.entity.Client#546]
10:29:07.938 [main] DEBUG org.hibernate.engine.internal.TwoPhaseLoad - Resolving associations for [com.joseph.entity.Client#545]
10:29:07.938 [main] DEBUG org.hibernate.engine.internal.TwoPhaseLoad - Done materializing entity [com.joseph.entity.Client#545]
10:29:07.938 [main] DEBUG org.hibernate.engine.internal.TwoPhaseLoad - Resolving associations for [com.joseph.entity.Client#544]
10:29:07.938 [main] DEBUG org.hibernate.engine.internal.TwoPhaseLoad - Done materializing entity [com.joseph.entity.Client#544]
10:29:07.939 [main] DEBUG org.hibernate.loader.collection.plan.AbstractLoadPlanBasedCollectionInitializer - Loading collection: [com.joseph.entity.Client.orders#547]
10:29:07.939 [main] DEBUG org.hibernate.SQL - select orders0_.idclient as idclient5_1_0_, orders0_.idorder as idorder1_1_0_, orders0_.idorder as idorder1_1_1_, orders0_.idclient as idclient5_1_1_, orders0_.dateorder as dateorde2_1_1_, orders0_.statusorder as statusor3_1_1_, orders0_.totalorder as totalord4_1_1_ from order_table orders0_ where orders0_.idclient=?
10:29:07.940 [main] DEBUG org.hibernate.loader.plan.exec.process.internal.ResultSetProcessorImpl - Preparing collection intializer : [com.joseph.entity.Client.orders#547]
10:29:07.940 [main] DEBUG org.hibernate.engine.loading.internal.CollectionLoadContext - 1 collections were found in result set for role: com.joseph.entity.Client.orders
10:29:07.940 [main] DEBUG org.hibernate.engine.loading.internal.CollectionLoadContext - Collection fully initialized: [com.joseph.entity.Client.orders#547]
10:29:07.940 [main] DEBUG org.hibernate.engine.loading.internal.CollectionLoadContext - 1 collections initialized for role: com.joseph.entity.Client.orders
10:29:07.941 [main] DEBUG org.hibernate.resource.jdbc.internal.ResourceRegistryStandardImpl - HHH000387: ResultSet's statement was not registered
10:29:07.941 [main] DEBUG org.hibernate.loader.collection.plan.AbstractLoadPlanBasedCollectionInitializer - Done loading collection
10:29:07.941 [main] DEBUG org.hibernate.loader.collection.plan.AbstractLoadPlanBasedCollectionInitializer - Loading collection: [com.joseph.entity.Client.orders#546]
10:29:07.941 [main] DEBUG org.hibernate.SQL - select orders0_.idclient as idclient5_1_0_, orders0_.idorder as idorder1_1_0_, orders0_.idorder as idorder1_1_1_, orders0_.idclient as idclient5_1_1_, orders0_.dateorder as dateorde2_1_1_, orders0_.statusorder as statusor3_1_1_, orders0_.totalorder as totalord4_1_1_ from order_table orders0_ where orders0_.idclient=?
10:29:07.942 [main] DEBUG org.hibernate.loader.plan.exec.process.internal.ResultSetProcessorImpl - Preparing collection intializer : [com.joseph.entity.Client.orders#546]
10:29:07.942 [main] DEBUG org.hibernate.engine.loading.internal.CollectionLoadContext - 1 collections were found in result set for role: com.joseph.entity.Client.orders
10:29:07.942 [main] DEBUG org.hibernate.engine.loading.internal.CollectionLoadContext - Collection fully initialized: [com.joseph.entity.Client.orders#546]
10:29:07.942 [main] DEBUG org.hibernate.engine.loading.internal.CollectionLoadContext - 1 collections initialized for role: com.joseph.entity.Client.orders
10:29:07.942 [main] DEBUG org.hibernate.resource.jdbc.internal.ResourceRegistryStandardImpl - HHH000387: ResultSet's statement was not registered
10:29:07.942 [main] DEBUG org.hibernate.loader.collection.plan.AbstractLoadPlanBasedCollectionInitializer - Done loading collection
10:29:07.943 [main] DEBUG org.hibernate.loader.collection.plan.AbstractLoadPlanBasedCollectionInitializer - Loading collection: [com.joseph.entity.Client.orders#545]
10:29:07.943 [main] DEBUG org.hibernate.SQL - select orders0_.idclient as idclient5_1_0_, orders0_.idorder as idorder1_1_0_, orders0_.idorder as idorder1_1_1_, orders0_.idclient as idclient5_1_1_, orders0_.dateorder as dateorde2_1_1_, orders0_.statusorder as statusor3_1_1_, orders0_.totalorder as totalord4_1_1_ from order_table orders0_ where orders0_.idclient=?
10:29:07.944 [main] DEBUG org.hibernate.loader.plan.exec.process.internal.ResultSetProcessorImpl - Preparing collection intializer : [com.joseph.entity.Client.orders#545]
10:29:07.944 [main] DEBUG org.hibernate.engine.loading.internal.CollectionLoadContext - 1 collections were found in result set for role: com.joseph.entity.Client.orders
10:29:07.944 [main] DEBUG org.hibernate.engine.loading.internal.CollectionLoadContext - Collection fully initialized: [com.joseph.entity.Client.orders#545]
10:29:07.944 [main] DEBUG org.hibernate.engine.loading.internal.CollectionLoadContext - 1 collections initialized for role: com.joseph.entity.Client.orders
10:29:07.944 [main] DEBUG org.hibernate.resource.jdbc.internal.ResourceRegistryStandardImpl - HHH000387: ResultSet's statement was not registered
10:29:07.944 [main] DEBUG org.hibernate.loader.collection.plan.AbstractLoadPlanBasedCollectionInitializer - Done loading collection
10:29:07.944 [main] DEBUG org.hibernate.loader.collection.plan.AbstractLoadPlanBasedCollectionInitializer - Loading collection: [com.joseph.entity.Client.orders#544]
10:29:07.944 [main] DEBUG org.hibernate.SQL - select orders0_.idclient as idclient5_1_0_, orders0_.idorder as idorder1_1_0_, orders0_.idorder as idorder1_1_1_, orders0_.idclient as idclient5_1_1_, orders0_.dateorder as dateorde2_1_1_, orders0_.statusorder as statusor3_1_1_, orders0_.totalorder as totalord4_1_1_ from order_table orders0_ where orders0_.idclient=?
10:29:07.946 [main] DEBUG org.hibernate.loader.plan.exec.process.internal.ResultSetProcessorImpl - Preparing collection intializer : [com.joseph.entity.Client.orders#544]
10:29:07.946 [main] DEBUG org.hibernate.engine.loading.internal.CollectionLoadContext - 1 collections were found in result set for role: com.joseph.entity.Client.orders
10:29:07.946 [main] DEBUG org.hibernate.engine.loading.internal.CollectionLoadContext - Collection fully initialized: [com.joseph.entity.Client.orders#544]
10:29:07.946 [main] DEBUG org.hibernate.engine.loading.internal.CollectionLoadContext - 1 collections initialized for role: com.joseph.entity.Client.orders
10:29:07.946 [main] DEBUG org.hibernate.resource.jdbc.internal.ResourceRegistryStandardImpl - HHH000387: ResultSet's statement was not registered
10:29:07.946 [main] DEBUG org.hibernate.loader.collection.plan.AbstractLoadPlanBasedCollectionInitializer - Done loading collection
10:29:07.947 [main] DEBUG org.springframework.orm.jpa.JpaTransactionManager - Found thread-bound EntityManager [SessionImpl(PersistenceContext[entityKeys=[EntityKey[com.joseph.entity.Client#544], EntityKey[com.joseph.entity.Client#546], EntityKey[com.joseph.entity.Client#545], EntityKey[com.joseph.entity.Client#547]],collectionKeys=[CollectionKey[com.joseph.entity.Client.orders#544], CollectionKey[com.joseph.entity.Client.orders#545], CollectionKey[com.joseph.entity.Client.orders#546], CollectionKey[com.joseph.entity.Client.orders#547]]];ActionQueue[insertions=ExecutableList{size=0} updates=ExecutableList{size=0} deletions=ExecutableList{size=4} orphanRemovals=ExecutableList{size=0} collectionCreations=ExecutableList{size=0} collectionRemovals=ExecutableList{size=0} collectionUpdates=ExecutableList{size=0} collectionQueuedOps=ExecutableList{size=0} unresolvedInsertDependencies=null])] for JPA transaction
10:29:07.947 [main] DEBUG org.springframework.orm.jpa.JpaTransactionManager - Participating in existing transaction
10:29:07.947 [main] DEBUG org.hibernate.engine.spi.ActionQueue - Executing identity-insert immediately
10:29:07.947 [main] DEBUG org.hibernate.SQL - insert into client (emailclient, nameclient) values (?, ?)
10:29:07.948 [main] DEBUG org.hibernate.id.IdentifierGeneratorHelper - Natively generated identity: 548
10:29:07.948 [main] DEBUG org.hibernate.resource.jdbc.internal.ResourceRegistryStandardImpl - HHH000387: ResultSet's statement was not registered
10:29:07.948 [main] DEBUG org.springframework.orm.jpa.JpaTransactionManager - Found thread-bound EntityManager [SessionImpl(PersistenceContext[entityKeys=[EntityKey[com.joseph.entity.Client#544], EntityKey[com.joseph.entity.Client#546], EntityKey[com.joseph.entity.Client#545], EntityKey[com.joseph.entity.Client#548], EntityKey[com.joseph.entity.Client#547]],collectionKeys=[CollectionKey[com.joseph.entity.Client.orders#544], CollectionKey[com.joseph.entity.Client.orders#545], CollectionKey[com.joseph.entity.Client.orders#546], CollectionKey[com.joseph.entity.Client.orders#547]]];ActionQueue[insertions=ExecutableList{size=0} updates=ExecutableList{size=0} deletions=ExecutableList{size=4} orphanRemovals=ExecutableList{size=0} collectionCreations=ExecutableList{size=0} collectionRemovals=ExecutableList{size=0} collectionUpdates=ExecutableList{size=0} collectionQueuedOps=ExecutableList{size=0} unresolvedInsertDependencies=null])] for JPA transaction
10:29:07.948 [main] DEBUG org.springframework.orm.jpa.JpaTransactionManager - Participating in existing transaction
10:29:07.949 [main] DEBUG org.hibernate.engine.spi.ActionQueue - Executing identity-insert immediately
10:29:07.949 [main] DEBUG org.hibernate.SQL - insert into client (emailclient, nameclient) values (?, ?)
10:29:07.949 [main] DEBUG org.hibernate.id.IdentifierGeneratorHelper - Natively generated identity: 549
10:29:07.950 [main] DEBUG org.hibernate.resource.jdbc.internal.ResourceRegistryStandardImpl - HHH000387: ResultSet's statement was not registered
10:29:07.950 [main] DEBUG org.springframework.orm.jpa.JpaTransactionManager - Found thread-bound EntityManager [SessionImpl(PersistenceContext[entityKeys=[EntityKey[com.joseph.entity.Client#544], EntityKey[com.joseph.entity.Client#546], EntityKey[com.joseph.entity.Client#545], EntityKey[com.joseph.entity.Client#548], EntityKey[com.joseph.entity.Client#547], EntityKey[com.joseph.entity.Client#549]],collectionKeys=[CollectionKey[com.joseph.entity.Client.orders#544], CollectionKey[com.joseph.entity.Client.orders#545], CollectionKey[com.joseph.entity.Client.orders#546], CollectionKey[com.joseph.entity.Client.orders#547]]];ActionQueue[insertions=ExecutableList{size=0} updates=ExecutableList{size=0} deletions=ExecutableList{size=4} orphanRemovals=ExecutableList{size=0} collectionCreations=ExecutableList{size=0} collectionRemovals=ExecutableList{size=0} collectionUpdates=ExecutableList{size=0} collectionQueuedOps=ExecutableList{size=0} unresolvedInsertDependencies=null])] for JPA transaction
10:29:07.950 [main] DEBUG org.springframework.orm.jpa.JpaTransactionManager - Participating in existing transaction
10:29:07.950 [main] DEBUG org.hibernate.engine.spi.ActionQueue - Executing identity-insert immediately
10:29:07.950 [main] DEBUG org.hibernate.SQL - insert into client (emailclient, nameclient) values (?, ?)
10:29:07.951 [main] DEBUG org.hibernate.id.IdentifierGeneratorHelper - Natively generated identity: 550
10:29:07.951 [main] DEBUG org.hibernate.resource.jdbc.internal.ResourceRegistryStandardImpl - HHH000387: ResultSet's statement was not registered
10:29:07.952 [main] DEBUG org.springframework.test.context.cache.DefaultCacheAwareContextLoaderDelegate - Retrieved ApplicationContext [2089016471] from cache with key [[MergedContextConfiguration@66d18979 testClass = ClientServiceImplTest, locations = '{}', classes = '{class com.joseph.config.PersistenceJPAConfig}', contextInitializerClasses = '[]', activeProfiles = '{}', propertySourceLocations = '{}', propertySourceProperties = '{}', contextCustomizers = set[[empty]], contextLoader = 'org.springframework.test.context.support.DelegatingSmartContextLoader', parent = [null]]]
10:29:07.952 [main] DEBUG org.springframework.test.context.cache - Spring test ApplicationContext cache statistics: [DefaultContextCache@414f87a9 size = 1, maxSize = 32, parentContextCount = 0, hitCount = 18, missCount = 1]
10:29:07.952 [main] DEBUG org.springframework.orm.jpa.JpaTransactionManager - Found thread-bound EntityManager [SessionImpl(PersistenceContext[entityKeys=[EntityKey[com.joseph.entity.Client#544], EntityKey[com.joseph.entity.Client#546], EntityKey[com.joseph.entity.Client#545], EntityKey[com.joseph.entity.Client#548], EntityKey[com.joseph.entity.Client#547], EntityKey[com.joseph.entity.Client#550], EntityKey[com.joseph.entity.Client#549]],collectionKeys=[CollectionKey[com.joseph.entity.Client.orders#544], CollectionKey[com.joseph.entity.Client.orders#545], CollectionKey[com.joseph.entity.Client.orders#546], CollectionKey[com.joseph.entity.Client.orders#547]]];ActionQueue[insertions=ExecutableList{size=0} updates=ExecutableList{size=0} deletions=ExecutableList{size=4} orphanRemovals=ExecutableList{size=0} collectionCreations=ExecutableList{size=0} collectionRemovals=ExecutableList{size=0} collectionUpdates=ExecutableList{size=0} collectionQueuedOps=ExecutableList{size=0} unresolvedInsertDependencies=null])] for JPA transaction
10:29:07.952 [main] DEBUG org.springframework.orm.jpa.JpaTransactionManager - Participating in existing transaction
10:29:07.952 [main] DEBUG org.springframework.orm.jpa.JpaTransactionManager - Found thread-bound EntityManager [SessionImpl(PersistenceContext[entityKeys=[EntityKey[com.joseph.entity.Client#544], EntityKey[com.joseph.entity.Client#546], EntityKey[com.joseph.entity.Client#545], EntityKey[com.joseph.entity.Client#548], EntityKey[com.joseph.entity.Client#547], EntityKey[com.joseph.entity.Client#550], EntityKey[com.joseph.entity.Client#549]],collectionKeys=[CollectionKey[com.joseph.entity.Client.orders#544], CollectionKey[com.joseph.entity.Client.orders#545], CollectionKey[com.joseph.entity.Client.orders#546], CollectionKey[com.joseph.entity.Client.orders#547]]];ActionQueue[insertions=ExecutableList{size=0} updates=ExecutableList{size=0} deletions=ExecutableList{size=4} orphanRemovals=ExecutableList{size=0} collectionCreations=ExecutableList{size=0} collectionRemovals=ExecutableList{size=0} collectionUpdates=ExecutableList{size=0} collectionQueuedOps=ExecutableList{size=0} unresolvedInsertDependencies=null])] for JPA transaction
10:29:07.952 [main] DEBUG org.springframework.orm.jpa.JpaTransactionManager - Participating in existing transaction
10:29:07.953 [main] DEBUG org.hibernate.query.criteria.internal.CriteriaQueryImpl - Rendered criteria query -> select generatedAlias0 from Client as generatedAlias0
10:29:07.953 [main] DEBUG org.hibernate.event.internal.AbstractFlushingEventListener - Processing flush-time cascades
10:29:07.953 [main] DEBUG org.hibernate.event.internal.AbstractFlushingEventListener - Dirty checking collections
10:29:07.953 [main] DEBUG org.hibernate.engine.internal.Collections - Collection found: [com.joseph.entity.Client.orders#548], was: [<unreferenced>] (initialized)
10:29:07.953 [main] DEBUG org.hibernate.engine.internal.Collections - Collection found: [com.joseph.entity.Client.orders#549], was: [<unreferenced>] (initialized)
10:29:07.953 [main] DEBUG org.hibernate.engine.internal.Collections - Collection found: [com.joseph.entity.Client.orders#550], was: [<unreferenced>] (initialized)
10:29:07.954 [main] DEBUG org.hibernate.engine.internal.Collections - Collection dereferenced: [com.joseph.entity.Client.orders#547]
10:29:07.954 [main] DEBUG org.hibernate.engine.internal.Collections - Collection dereferenced: [com.joseph.entity.Client.orders#546]
10:29:07.954 [main] DEBUG org.hibernate.engine.internal.Collections - Collection dereferenced: [com.joseph.entity.Client.orders#545]
10:29:07.954 [main] DEBUG org.hibernate.engine.internal.Collections - Collection dereferenced: [com.joseph.entity.Client.orders#544]
10:29:07.954 [main] DEBUG org.hibernate.event.internal.AbstractFlushingEventListener - Flushed: 0 insertions, 0 updates, 4 deletions to 7 objects
10:29:07.954 [main] DEBUG org.hibernate.event.internal.AbstractFlushingEventListener - Flushed: 3 (re)creations, 0 updates, 4 removals to 7 collections
10:29:07.954 [main] DEBUG org.hibernate.internal.util.EntityPrinter - Listing entities:
10:29:07.954 [main] DEBUG org.hibernate.internal.util.EntityPrinter - com.joseph.entity.Client{nameclient=test, emailclient=test@test.com, orders=[], idclient=544}
10:29:07.954 [main] DEBUG org.hibernate.internal.util.EntityPrinter - com.joseph.entity.Client{nameclient=test, emailclient=test2@test.com, orders=[], idclient=546}
10:29:07.954 [main] DEBUG org.hibernate.internal.util.EntityPrinter - com.joseph.entity.Client{nameclient=test, emailclient=test1@test.com, orders=[], idclient=545}
10:29:07.954 [main] DEBUG org.hibernate.internal.util.EntityPrinter - com.joseph.entity.Client{nameclient=test, emailclient=test@test.com, orders=[], idclient=548}
10:29:07.954 [main] DEBUG org.hibernate.internal.util.EntityPrinter - com.joseph.entity.Client{nameclient=test4, emailclient=test4@test.com, orders=[], idclient=547}
10:29:07.954 [main] DEBUG org.hibernate.internal.util.EntityPrinter - com.joseph.entity.Client{nameclient=test, emailclient=test2@test.com, orders=[], idclient=550}
10:29:07.954 [main] DEBUG org.hibernate.internal.util.EntityPrinter - com.joseph.entity.Client{nameclient=test, emailclient=test1@test.com, orders=[], idclient=549}
10:29:07.954 [main] DEBUG org.hibernate.engine.spi.ActionQueue - Changes must be flushed to space: client
10:29:07.955 [main] DEBUG org.hibernate.SQL - delete from client where idclient=?
10:29:07.956 [main] DEBUG org.hibernate.SQL - delete from client where idclient=?
10:29:07.956 [main] DEBUG org.hibernate.SQL - delete from client where idclient=?
10:29:07.957 [main] DEBUG org.hibernate.SQL - delete from client where idclient=?
10:29:07.958 [main] DEBUG org.hibernate.SQL - select client0_.idclient as idclient1_0_, client0_.emailclient as emailcli2_0_, client0_.nameclient as nameclie3_0_ from client client0_
10:29:07.959 [main] DEBUG org.hibernate.loader.Loader - Result set row: 0
10:29:07.959 [main] DEBUG org.hibernate.loader.Loader - Result row: EntityKey[com.joseph.entity.Client#550]
10:29:07.959 [main] DEBUG org.hibernate.loader.Loader - Result set row: 1
10:29:07.959 [main] DEBUG org.hibernate.loader.Loader - Result row: EntityKey[com.joseph.entity.Client#549]
10:29:07.959 [main] DEBUG org.hibernate.loader.Loader - Result set row: 2
10:29:07.959 [main] DEBUG org.hibernate.loader.Loader - Result row: EntityKey[com.joseph.entity.Client#548]
10:29:07.961 [main] DEBUG org.springframework.test.context.cache.DefaultCacheAwareContextLoaderDelegate - Retrieved ApplicationContext [2089016471] from cache with key [[MergedContextConfiguration@66d18979 testClass = ClientServiceImplTest, locations = '{}', classes = '{class com.joseph.config.PersistenceJPAConfig}', contextInitializerClasses = '[]', activeProfiles = '{}', propertySourceLocations = '{}', propertySourceProperties = '{}', contextCustomizers = set[[empty]], contextLoader = 'org.springframework.test.context.support.DelegatingSmartContextLoader', parent = [null]]]
10:29:07.962 [main] DEBUG org.springframework.test.context.cache - Spring test ApplicationContext cache statistics: [DefaultContextCache@414f87a9 size = 1, maxSize = 32, parentContextCount = 0, hitCount = 19, missCount = 1]
10:29:07.962 [main] DEBUG org.springframework.orm.jpa.JpaTransactionManager - Found thread-bound EntityManager [SessionImpl(PersistenceContext[entityKeys=[EntityKey[com.joseph.entity.Client#548], EntityKey[com.joseph.entity.Client#550], EntityKey[com.joseph.entity.Client#549]],collectionKeys=[CollectionKey[com.joseph.entity.Client.orders#548], CollectionKey[com.joseph.entity.Client.orders#549], CollectionKey[com.joseph.entity.Client.orders#550]]];ActionQueue[insertions=ExecutableList{size=0} updates=ExecutableList{size=0} deletions=ExecutableList{size=0} orphanRemovals=ExecutableList{size=0} collectionCreations=ExecutableList{size=0} collectionRemovals=ExecutableList{size=0} collectionUpdates=ExecutableList{size=0} collectionQueuedOps=ExecutableList{size=0} unresolvedInsertDependencies=null])] for JPA transaction
10:29:07.962 [main] DEBUG org.springframework.orm.jpa.JpaTransactionManager - Participating in existing transaction
10:29:07.962 [main] DEBUG org.hibernate.query.criteria.internal.CriteriaQueryImpl - Rendered criteria query -> select generatedAlias0 from Client as generatedAlias0
10:29:07.962 [main] DEBUG org.hibernate.event.internal.AbstractFlushingEventListener - Processing flush-time cascades
10:29:07.963 [main] DEBUG org.hibernate.event.internal.AbstractFlushingEventListener - Dirty checking collections
10:29:07.963 [main] DEBUG org.hibernate.engine.internal.Collections - Collection found: [com.joseph.entity.Client.orders#548], was: [com.joseph.entity.Client.orders#548] (initialized)
10:29:07.963 [main] DEBUG org.hibernate.engine.internal.Collections - Collection found: [com.joseph.entity.Client.orders#549], was: [com.joseph.entity.Client.orders#549] (initialized)
10:29:07.963 [main] DEBUG org.hibernate.engine.internal.Collections - Collection found: [com.joseph.entity.Client.orders#550], was: [com.joseph.entity.Client.orders#550] (initialized)
10:29:07.963 [main] DEBUG org.hibernate.event.internal.AbstractFlushingEventListener - Flushed: 0 insertions, 0 updates, 0 deletions to 3 objects
10:29:07.963 [main] DEBUG org.hibernate.event.internal.AbstractFlushingEventListener - Flushed: 0 (re)creations, 0 updates, 0 removals to 3 collections
10:29:07.963 [main] DEBUG org.hibernate.internal.util.EntityPrinter - Listing entities:
10:29:07.964 [main] DEBUG org.hibernate.internal.util.EntityPrinter - com.joseph.entity.Client{nameclient=test, emailclient=test@test.com, orders=[], idclient=548}
10:29:07.964 [main] DEBUG org.hibernate.internal.util.EntityPrinter - com.joseph.entity.Client{nameclient=test, emailclient=test2@test.com, orders=[], idclient=550}
10:29:07.964 [main] DEBUG org.hibernate.internal.util.EntityPrinter - com.joseph.entity.Client{nameclient=test, emailclient=test1@test.com, orders=[], idclient=549}
10:29:07.964 [main] DEBUG org.hibernate.SQL - select client0_.idclient as idclient1_0_, client0_.emailclient as emailcli2_0_, client0_.nameclient as nameclie3_0_ from client client0_
10:29:07.965 [main] DEBUG org.hibernate.loader.Loader - Result set row: 0
10:29:07.966 [main] DEBUG org.hibernate.loader.Loader - Result row: EntityKey[com.joseph.entity.Client#550]
10:29:07.966 [main] DEBUG org.hibernate.loader.Loader - Result set row: 1
10:29:07.966 [main] DEBUG org.hibernate.loader.Loader - Result row: EntityKey[com.joseph.entity.Client#549]
10:29:07.966 [main] DEBUG org.hibernate.loader.Loader - Result set row: 2
10:29:07.966 [main] DEBUG org.hibernate.loader.Loader - Result row: EntityKey[com.joseph.entity.Client#548]
10:29:07.968 [main] DEBUG org.springframework.test.context.cache.DefaultCacheAwareContextLoaderDelegate - Retrieved ApplicationContext [2089016471] from cache with key [[MergedContextConfiguration@66d18979 testClass = ClientServiceImplTest, locations = '{}', classes = '{class com.joseph.config.PersistenceJPAConfig}', contextInitializerClasses = '[]', activeProfiles = '{}', propertySourceLocations = '{}', propertySourceProperties = '{}', contextCustomizers = set[[empty]], contextLoader = 'org.springframework.test.context.support.DelegatingSmartContextLoader', parent = [null]]]
10:29:07.968 [main] DEBUG org.springframework.test.context.cache - Spring test ApplicationContext cache statistics: [DefaultContextCache@414f87a9 size = 1, maxSize = 32, parentContextCount = 0, hitCount = 20, missCount = 1]
10:29:07.968 [main] DEBUG org.springframework.orm.jpa.JpaTransactionManager - Initiating transaction rollback
10:29:07.968 [main] DEBUG org.springframework.orm.jpa.JpaTransactionManager - Rolling back JPA transaction on EntityManager [SessionImpl(PersistenceContext[entityKeys=[EntityKey[com.joseph.entity.Client#548], EntityKey[com.joseph.entity.Client#550], EntityKey[com.joseph.entity.Client#549]],collectionKeys=[CollectionKey[com.joseph.entity.Client.orders#548], CollectionKey[com.joseph.entity.Client.orders#549], CollectionKey[com.joseph.entity.Client.orders#550]]];ActionQueue[insertions=ExecutableList{size=0} updates=ExecutableList{size=0} deletions=ExecutableList{size=3} orphanRemovals=ExecutableList{size=0} collectionCreations=ExecutableList{size=0} collectionRemovals=ExecutableList{size=0} collectionUpdates=ExecutableList{size=0} collectionQueuedOps=ExecutableList{size=0} unresolvedInsertDependencies=null])]
10:29:07.968 [main] DEBUG org.hibernate.engine.transaction.internal.TransactionImpl - rolling back
10:29:07.969 [main] DEBUG org.springframework.orm.jpa.JpaTransactionManager - Closing JPA EntityManager [SessionImpl(PersistenceContext[entityKeys=[],collectionKeys=[]];ActionQueue[insertions=ExecutableList{size=0} updates=ExecutableList{size=0} deletions=ExecutableList{size=0} orphanRemovals=ExecutableList{size=0} collectionCreations=ExecutableList{size=0} collectionRemovals=ExecutableList{size=0} collectionUpdates=ExecutableList{size=0} collectionQueuedOps=ExecutableList{size=0} unresolvedInsertDependencies=null])] after transaction
10:29:07.969 [main] DEBUG org.hibernate.engine.jdbc.internal.JdbcCoordinatorImpl - HHH000420: Closing un-released batch
10:29:07.970 [main] INFO org.springframework.test.context.transaction.TransactionContext - Rolled back transaction for test: [DefaultTestContext@6913c1fb testClass = ClientServiceImplTest, testInstance = com.joseph.service.Impl.ClientServiceImplTest@ea04cab, testMethod = TestGetClients@ClientServiceImplTest, testException = [null], mergedContextConfiguration = [MergedContextConfiguration@66d18979 testClass = ClientServiceImplTest, locations = '{}', classes = '{class com.joseph.config.PersistenceJPAConfig}', contextInitializerClasses = '[]', activeProfiles = '{}', propertySourceLocations = '{}', propertySourceProperties = '{}', contextCustomizers = set[[empty]], contextLoader = 'org.springframework.test.context.support.DelegatingSmartContextLoader', parent = [null]], attributes = map[[empty]]]
10:29:07.970 [main] DEBUG org.springframework.test.context.support.AbstractDirtiesContextTestExecutionListener - After test method: context [DefaultTestContext@6913c1fb testClass = ClientServiceImplTest, testInstance = com.joseph.service.Impl.ClientServiceImplTest@ea04cab, testMethod = TestGetClients@ClientServiceImplTest, testException = [null], mergedContextConfiguration = [MergedContextConfiguration@66d18979 testClass = ClientServiceImplTest, locations = '{}', classes = '{class com.joseph.config.PersistenceJPAConfig}', contextInitializerClasses = '[]', activeProfiles = '{}', propertySourceLocations = '{}', propertySourceProperties = '{}', contextCustomizers = set[[empty]], contextLoader = 'org.springframework.test.context.support.DelegatingSmartContextLoader', parent = [null]], attributes = map[[empty]]], class annotated with @DirtiesContext [false] with mode [null], method annotated with @DirtiesContext [false] with mode [null].
]]></system-out>
  </testcase>
  <testcase name="TestGetClient" classname="com.joseph.service.Impl.ClientServiceImplTest" time="0.039">
    <system-out><![CDATA[10:29:07.972 [main] DEBUG org.springframework.test.context.support.DependencyInjectionTestExecutionListener - Performing dependency injection for test context [[DefaultTestContext@6913c1fb testClass = ClientServiceImplTest, testInstance = com.joseph.service.Impl.ClientServiceImplTest@26865482, testMethod = [null], testException = [null], mergedContextConfiguration = [MergedContextConfiguration@66d18979 testClass = ClientServiceImplTest, locations = '{}', classes = '{class com.joseph.config.PersistenceJPAConfig}', contextInitializerClasses = '[]', activeProfiles = '{}', propertySourceLocations = '{}', propertySourceProperties = '{}', contextCustomizers = set[[empty]], contextLoader = 'org.springframework.test.context.support.DelegatingSmartContextLoader', parent = [null]], attributes = map[[empty]]]].
10:29:07.972 [main] DEBUG org.springframework.test.context.cache.DefaultCacheAwareContextLoaderDelegate - Retrieved ApplicationContext [2089016471] from cache with key [[MergedContextConfiguration@66d18979 testClass = ClientServiceImplTest, locations = '{}', classes = '{class com.joseph.config.PersistenceJPAConfig}', contextInitializerClasses = '[]', activeProfiles = '{}', propertySourceLocations = '{}', propertySourceProperties = '{}', contextCustomizers = set[[empty]], contextLoader = 'org.springframework.test.context.support.DelegatingSmartContextLoader', parent = [null]]]
10:29:07.972 [main] DEBUG org.springframework.test.context.cache - Spring test ApplicationContext cache statistics: [DefaultContextCache@414f87a9 size = 1, maxSize = 32, parentContextCount = 0, hitCount = 21, missCount = 1]
10:29:07.973 [main] DEBUG org.springframework.test.context.cache.DefaultCacheAwareContextLoaderDelegate - Retrieved ApplicationContext [2089016471] from cache with key [[MergedContextConfiguration@66d18979 testClass = ClientServiceImplTest, locations = '{}', classes = '{class com.joseph.config.PersistenceJPAConfig}', contextInitializerClasses = '[]', activeProfiles = '{}', propertySourceLocations = '{}', propertySourceProperties = '{}', contextCustomizers = set[[empty]], contextLoader = 'org.springframework.test.context.support.DelegatingSmartContextLoader', parent = [null]]]
10:29:07.973 [main] DEBUG org.springframework.test.context.cache - Spring test ApplicationContext cache statistics: [DefaultContextCache@414f87a9 size = 1, maxSize = 32, parentContextCount = 0, hitCount = 22, missCount = 1]
10:29:07.975 [main] DEBUG org.springframework.test.context.support.AbstractDirtiesContextTestExecutionListener - Before test method: context [DefaultTestContext@6913c1fb testClass = ClientServiceImplTest, testInstance = com.joseph.service.Impl.ClientServiceImplTest@26865482, testMethod = TestGetClient@ClientServiceImplTest, testException = [null], mergedContextConfiguration = [MergedContextConfiguration@66d18979 testClass = ClientServiceImplTest, locations = '{}', classes = '{class com.joseph.config.PersistenceJPAConfig}', contextInitializerClasses = '[]', activeProfiles = '{}', propertySourceLocations = '{}', propertySourceProperties = '{}', contextCustomizers = set[[empty]], contextLoader = 'org.springframework.test.context.support.DelegatingSmartContextLoader', parent = [null]], attributes = map[[empty]]], class annotated with @DirtiesContext [false] with mode [null], method annotated with @DirtiesContext [false] with mode [null].
10:29:07.976 [main] DEBUG org.springframework.test.context.transaction.TransactionalTestExecutionListener - Explicit transaction definition [PROPAGATION_REQUIRED,ISOLATION_DEFAULT] found for test context [DefaultTestContext@6913c1fb testClass = ClientServiceImplTest, testInstance = com.joseph.service.Impl.ClientServiceImplTest@26865482, testMethod = TestGetClient@ClientServiceImplTest, testException = [null], mergedContextConfiguration = [MergedContextConfiguration@66d18979 testClass = ClientServiceImplTest, locations = '{}', classes = '{class com.joseph.config.PersistenceJPAConfig}', contextInitializerClasses = '[]', activeProfiles = '{}', propertySourceLocations = '{}', propertySourceProperties = '{}', contextCustomizers = set[[empty]], contextLoader = 'org.springframework.test.context.support.DelegatingSmartContextLoader', parent = [null]], attributes = map[[empty]]]
10:29:07.976 [main] DEBUG org.springframework.test.context.cache.DefaultCacheAwareContextLoaderDelegate - Retrieved ApplicationContext [2089016471] from cache with key [[MergedContextConfiguration@66d18979 testClass = ClientServiceImplTest, locations = '{}', classes = '{class com.joseph.config.PersistenceJPAConfig}', contextInitializerClasses = '[]', activeProfiles = '{}', propertySourceLocations = '{}', propertySourceProperties = '{}', contextCustomizers = set[[empty]], contextLoader = 'org.springframework.test.context.support.DelegatingSmartContextLoader', parent = [null]]]
10:29:07.976 [main] DEBUG org.springframework.test.context.cache - Spring test ApplicationContext cache statistics: [DefaultContextCache@414f87a9 size = 1, maxSize = 32, parentContextCount = 0, hitCount = 23, missCount = 1]
10:29:07.976 [main] DEBUG org.springframework.test.context.transaction.TransactionalTestExecutionListener - No method-level @Rollback override: using default rollback [true] for test context [DefaultTestContext@6913c1fb testClass = ClientServiceImplTest, testInstance = com.joseph.service.Impl.ClientServiceImplTest@26865482, testMethod = TestGetClient@ClientServiceImplTest, testException = [null], mergedContextConfiguration = [MergedContextConfiguration@66d18979 testClass = ClientServiceImplTest, locations = '{}', classes = '{class com.joseph.config.PersistenceJPAConfig}', contextInitializerClasses = '[]', activeProfiles = '{}', propertySourceLocations = '{}', propertySourceProperties = '{}', contextCustomizers = set[[empty]], contextLoader = 'org.springframework.test.context.support.DelegatingSmartContextLoader', parent = [null]], attributes = map[[empty]]].
10:29:07.977 [main] DEBUG org.springframework.orm.jpa.JpaTransactionManager - Creating new transaction with name [com.joseph.service.Impl.ClientServiceImplTest.TestGetClient]: PROPAGATION_REQUIRED,ISOLATION_DEFAULT
10:29:07.977 [main] DEBUG org.springframework.orm.jpa.JpaTransactionManager - Opened new EntityManager [SessionImpl(PersistenceContext[entityKeys=[],collectionKeys=[]];ActionQueue[insertions=ExecutableList{size=0} updates=ExecutableList{size=0} deletions=ExecutableList{size=0} orphanRemovals=ExecutableList{size=0} collectionCreations=ExecutableList{size=0} collectionRemovals=ExecutableList{size=0} collectionUpdates=ExecutableList{size=0} collectionQueuedOps=ExecutableList{size=0} unresolvedInsertDependencies=null])] for JPA transaction
10:29:07.977 [main] DEBUG org.hibernate.engine.transaction.internal.TransactionImpl - begin
10:29:07.978 [main] DEBUG org.springframework.jdbc.datasource.DriverManagerDataSource - Creating new JDBC DriverManager Connection to [jdbc:mysql://localhost:3306/testcraftcore?useSSL=false&useTimezone=true&serverTimezone=UTC]
10:29:07.983 [main] DEBUG org.springframework.orm.jpa.JpaTransactionManager - Exposing JPA transaction as JDBC [org.springframework.orm.jpa.vendor.HibernateJpaDialect$HibernateConnectionHandle@c1050f2]
10:29:07.983 [main] INFO org.springframework.test.context.transaction.TransactionContext - Began transaction (1) for test context [DefaultTestContext@6913c1fb testClass = ClientServiceImplTest, testInstance = com.joseph.service.Impl.ClientServiceImplTest@26865482, testMethod = TestGetClient@ClientServiceImplTest, testException = [null], mergedContextConfiguration = [MergedContextConfiguration@66d18979 testClass = ClientServiceImplTest, locations = '{}', classes = '{class com.joseph.config.PersistenceJPAConfig}', contextInitializerClasses = '[]', activeProfiles = '{}', propertySourceLocations = '{}', propertySourceProperties = '{}', contextCustomizers = set[[empty]], contextLoader = 'org.springframework.test.context.support.DelegatingSmartContextLoader', parent = [null]], attributes = map[[empty]]]; transaction manager [org.springframework.orm.jpa.JpaTransactionManager@7237f3c1]; rollback [true]
10:29:07.983 [main] DEBUG org.springframework.test.context.cache.DefaultCacheAwareContextLoaderDelegate - Retrieved ApplicationContext [2089016471] from cache with key [[MergedContextConfiguration@66d18979 testClass = ClientServiceImplTest, locations = '{}', classes = '{class com.joseph.config.PersistenceJPAConfig}', contextInitializerClasses = '[]', activeProfiles = '{}', propertySourceLocations = '{}', propertySourceProperties = '{}', contextCustomizers = set[[empty]], contextLoader = 'org.springframework.test.context.support.DelegatingSmartContextLoader', parent = [null]]]
10:29:07.983 [main] DEBUG org.springframework.test.context.cache - Spring test ApplicationContext cache statistics: [DefaultContextCache@414f87a9 size = 1, maxSize = 32, parentContextCount = 0, hitCount = 24, missCount = 1]
10:29:07.984 [main] DEBUG org.springframework.orm.jpa.JpaTransactionManager - Found thread-bound EntityManager [SessionImpl(PersistenceContext[entityKeys=[],collectionKeys=[]];ActionQueue[insertions=ExecutableList{size=0} updates=ExecutableList{size=0} deletions=ExecutableList{size=0} orphanRemovals=ExecutableList{size=0} collectionCreations=ExecutableList{size=0} collectionRemovals=ExecutableList{size=0} collectionUpdates=ExecutableList{size=0} collectionQueuedOps=ExecutableList{size=0} unresolvedInsertDependencies=null])] for JPA transaction
10:29:07.984 [main] DEBUG org.springframework.orm.jpa.JpaTransactionManager - Participating in existing transaction
10:29:07.984 [main] DEBUG org.hibernate.query.criteria.internal.CriteriaQueryImpl - Rendered criteria query -> select generatedAlias0 from Client as generatedAlias0
10:29:07.985 [main] DEBUG org.hibernate.SQL - select client0_.idclient as idclient1_0_, client0_.emailclient as emailcli2_0_, client0_.nameclient as nameclie3_0_ from client client0_
10:29:07.986 [main] DEBUG org.hibernate.loader.Loader - Result set row: 0
10:29:07.986 [main] DEBUG org.hibernate.loader.Loader - Result row: EntityKey[com.joseph.entity.Client#550]
10:29:07.986 [main] DEBUG org.hibernate.loader.Loader - Result set row: 1
10:29:07.986 [main] DEBUG org.hibernate.loader.Loader - Result row: EntityKey[com.joseph.entity.Client#549]
10:29:07.987 [main] DEBUG org.hibernate.loader.Loader - Result set row: 2
10:29:07.987 [main] DEBUG org.hibernate.loader.Loader - Result row: EntityKey[com.joseph.entity.Client#548]
10:29:07.987 [main] DEBUG org.hibernate.engine.internal.TwoPhaseLoad - Resolving associations for [com.joseph.entity.Client#550]
10:29:07.987 [main] DEBUG org.hibernate.engine.internal.TwoPhaseLoad - Done materializing entity [com.joseph.entity.Client#550]
10:29:07.987 [main] DEBUG org.hibernate.engine.internal.TwoPhaseLoad - Resolving associations for [com.joseph.entity.Client#549]
10:29:07.987 [main] DEBUG org.hibernate.engine.internal.TwoPhaseLoad - Done materializing entity [com.joseph.entity.Client#549]
10:29:07.987 [main] DEBUG org.hibernate.engine.internal.TwoPhaseLoad - Resolving associations for [com.joseph.entity.Client#548]
10:29:07.987 [main] DEBUG org.hibernate.engine.internal.TwoPhaseLoad - Done materializing entity [com.joseph.entity.Client#548]
10:29:07.987 [main] DEBUG org.hibernate.loader.collection.plan.AbstractLoadPlanBasedCollectionInitializer - Loading collection: [com.joseph.entity.Client.orders#550]
10:29:07.987 [main] DEBUG org.hibernate.SQL - select orders0_.idclient as idclient5_1_0_, orders0_.idorder as idorder1_1_0_, orders0_.idorder as idorder1_1_1_, orders0_.idclient as idclient5_1_1_, orders0_.dateorder as dateorde2_1_1_, orders0_.statusorder as statusor3_1_1_, orders0_.totalorder as totalord4_1_1_ from order_table orders0_ where orders0_.idclient=?
10:29:07.989 [main] DEBUG org.hibernate.loader.plan.exec.process.internal.ResultSetProcessorImpl - Preparing collection intializer : [com.joseph.entity.Client.orders#550]
10:29:07.989 [main] DEBUG org.hibernate.engine.loading.internal.CollectionLoadContext - 1 collections were found in result set for role: com.joseph.entity.Client.orders
10:29:07.989 [main] DEBUG org.hibernate.engine.loading.internal.CollectionLoadContext - Collection fully initialized: [com.joseph.entity.Client.orders#550]
10:29:07.989 [main] DEBUG org.hibernate.engine.loading.internal.CollectionLoadContext - 1 collections initialized for role: com.joseph.entity.Client.orders
10:29:07.989 [main] DEBUG org.hibernate.resource.jdbc.internal.ResourceRegistryStandardImpl - HHH000387: ResultSet's statement was not registered
10:29:07.989 [main] DEBUG org.hibernate.loader.collection.plan.AbstractLoadPlanBasedCollectionInitializer - Done loading collection
10:29:07.989 [main] DEBUG org.hibernate.loader.collection.plan.AbstractLoadPlanBasedCollectionInitializer - Loading collection: [com.joseph.entity.Client.orders#549]
10:29:07.989 [main] DEBUG org.hibernate.SQL - select orders0_.idclient as idclient5_1_0_, orders0_.idorder as idorder1_1_0_, orders0_.idorder as idorder1_1_1_, orders0_.idclient as idclient5_1_1_, orders0_.dateorder as dateorde2_1_1_, orders0_.statusorder as statusor3_1_1_, orders0_.totalorder as totalord4_1_1_ from order_table orders0_ where orders0_.idclient=?
10:29:07.990 [main] DEBUG org.hibernate.loader.plan.exec.process.internal.ResultSetProcessorImpl - Preparing collection intializer : [com.joseph.entity.Client.orders#549]
10:29:07.990 [main] DEBUG org.hibernate.engine.loading.internal.CollectionLoadContext - 1 collections were found in result set for role: com.joseph.entity.Client.orders
10:29:07.991 [main] DEBUG org.hibernate.engine.loading.internal.CollectionLoadContext - Collection fully initialized: [com.joseph.entity.Client.orders#549]
10:29:07.991 [main] DEBUG org.hibernate.engine.loading.internal.CollectionLoadContext - 1 collections initialized for role: com.joseph.entity.Client.orders
10:29:07.991 [main] DEBUG org.hibernate.resource.jdbc.internal.ResourceRegistryStandardImpl - HHH000387: ResultSet's statement was not registered
10:29:07.991 [main] DEBUG org.hibernate.loader.collection.plan.AbstractLoadPlanBasedCollectionInitializer - Done loading collection
10:29:07.991 [main] DEBUG org.hibernate.loader.collection.plan.AbstractLoadPlanBasedCollectionInitializer - Loading collection: [com.joseph.entity.Client.orders#548]
10:29:07.991 [main] DEBUG org.hibernate.SQL - select orders0_.idclient as idclient5_1_0_, orders0_.idorder as idorder1_1_0_, orders0_.idorder as idorder1_1_1_, orders0_.idclient as idclient5_1_1_, orders0_.dateorder as dateorde2_1_1_, orders0_.statusorder as statusor3_1_1_, orders0_.totalorder as totalord4_1_1_ from order_table orders0_ where orders0_.idclient=?
10:29:07.992 [main] DEBUG org.hibernate.loader.plan.exec.process.internal.ResultSetProcessorImpl - Preparing collection intializer : [com.joseph.entity.Client.orders#548]
10:29:07.992 [main] DEBUG org.hibernate.engine.loading.internal.CollectionLoadContext - 1 collections were found in result set for role: com.joseph.entity.Client.orders
10:29:07.992 [main] DEBUG org.hibernate.engine.loading.internal.CollectionLoadContext - Collection fully initialized: [com.joseph.entity.Client.orders#548]
10:29:07.992 [main] DEBUG org.hibernate.engine.loading.internal.CollectionLoadContext - 1 collections initialized for role: com.joseph.entity.Client.orders
10:29:07.992 [main] DEBUG org.hibernate.resource.jdbc.internal.ResourceRegistryStandardImpl - HHH000387: ResultSet's statement was not registered
10:29:07.992 [main] DEBUG org.hibernate.loader.collection.plan.AbstractLoadPlanBasedCollectionInitializer - Done loading collection
10:29:07.993 [main] DEBUG org.springframework.orm.jpa.JpaTransactionManager - Found thread-bound EntityManager [SessionImpl(PersistenceContext[entityKeys=[EntityKey[com.joseph.entity.Client#548], EntityKey[com.joseph.entity.Client#550], EntityKey[com.joseph.entity.Client#549]],collectionKeys=[CollectionKey[com.joseph.entity.Client.orders#548], CollectionKey[com.joseph.entity.Client.orders#549], CollectionKey[com.joseph.entity.Client.orders#550]]];ActionQueue[insertions=ExecutableList{size=0} updates=ExecutableList{size=0} deletions=ExecutableList{size=3} orphanRemovals=ExecutableList{size=0} collectionCreations=ExecutableList{size=0} collectionRemovals=ExecutableList{size=0} collectionUpdates=ExecutableList{size=0} collectionQueuedOps=ExecutableList{size=0} unresolvedInsertDependencies=null])] for JPA transaction
10:29:07.993 [main] DEBUG org.springframework.orm.jpa.JpaTransactionManager - Participating in existing transaction
10:29:07.993 [main] DEBUG org.hibernate.engine.spi.ActionQueue - Executing identity-insert immediately
10:29:07.993 [main] DEBUG org.hibernate.SQL - insert into client (emailclient, nameclient) values (?, ?)
10:29:07.994 [main] DEBUG org.hibernate.id.IdentifierGeneratorHelper - Natively generated identity: 551
10:29:07.994 [main] DEBUG org.hibernate.resource.jdbc.internal.ResourceRegistryStandardImpl - HHH000387: ResultSet's statement was not registered
10:29:07.995 [main] DEBUG org.springframework.orm.jpa.JpaTransactionManager - Found thread-bound EntityManager [SessionImpl(PersistenceContext[entityKeys=[EntityKey[com.joseph.entity.Client#551], EntityKey[com.joseph.entity.Client#548], EntityKey[com.joseph.entity.Client#550], EntityKey[com.joseph.entity.Client#549]],collectionKeys=[CollectionKey[com.joseph.entity.Client.orders#548], CollectionKey[com.joseph.entity.Client.orders#549], CollectionKey[com.joseph.entity.Client.orders#550]]];ActionQueue[insertions=ExecutableList{size=0} updates=ExecutableList{size=0} deletions=ExecutableList{size=3} orphanRemovals=ExecutableList{size=0} collectionCreations=ExecutableList{size=0} collectionRemovals=ExecutableList{size=0} collectionUpdates=ExecutableList{size=0} collectionQueuedOps=ExecutableList{size=0} unresolvedInsertDependencies=null])] for JPA transaction
10:29:07.995 [main] DEBUG org.springframework.orm.jpa.JpaTransactionManager - Participating in existing transaction
10:29:07.995 [main] DEBUG org.hibernate.engine.spi.ActionQueue - Executing identity-insert immediately
10:29:07.995 [main] DEBUG org.hibernate.SQL - insert into client (emailclient, nameclient) values (?, ?)
10:29:07.996 [main] DEBUG org.hibernate.id.IdentifierGeneratorHelper - Natively generated identity: 552
10:29:07.996 [main] DEBUG org.hibernate.resource.jdbc.internal.ResourceRegistryStandardImpl - HHH000387: ResultSet's statement was not registered
10:29:07.996 [main] DEBUG org.springframework.orm.jpa.JpaTransactionManager - Found thread-bound EntityManager [SessionImpl(PersistenceContext[entityKeys=[EntityKey[com.joseph.entity.Client#552], EntityKey[com.joseph.entity.Client#551], EntityKey[com.joseph.entity.Client#548], EntityKey[com.joseph.entity.Client#550], EntityKey[com.joseph.entity.Client#549]],collectionKeys=[CollectionKey[com.joseph.entity.Client.orders#548], CollectionKey[com.joseph.entity.Client.orders#549], CollectionKey[com.joseph.entity.Client.orders#550]]];ActionQueue[insertions=ExecutableList{size=0} updates=ExecutableList{size=0} deletions=ExecutableList{size=3} orphanRemovals=ExecutableList{size=0} collectionCreations=ExecutableList{size=0} collectionRemovals=ExecutableList{size=0} collectionUpdates=ExecutableList{size=0} collectionQueuedOps=ExecutableList{size=0} unresolvedInsertDependencies=null])] for JPA transaction
10:29:07.996 [main] DEBUG org.springframework.orm.jpa.JpaTransactionManager - Participating in existing transaction
10:29:07.997 [main] DEBUG org.hibernate.engine.spi.ActionQueue - Executing identity-insert immediately
10:29:07.997 [main] DEBUG org.hibernate.SQL - insert into client (emailclient, nameclient) values (?, ?)
10:29:07.997 [main] DEBUG org.hibernate.id.IdentifierGeneratorHelper - Natively generated identity: 553
10:29:07.997 [main] DEBUG org.hibernate.resource.jdbc.internal.ResourceRegistryStandardImpl - HHH000387: ResultSet's statement was not registered
10:29:07.998 [main] DEBUG org.springframework.test.context.cache.DefaultCacheAwareContextLoaderDelegate - Retrieved ApplicationContext [2089016471] from cache with key [[MergedContextConfiguration@66d18979 testClass = ClientServiceImplTest, locations = '{}', classes = '{class com.joseph.config.PersistenceJPAConfig}', contextInitializerClasses = '[]', activeProfiles = '{}', propertySourceLocations = '{}', propertySourceProperties = '{}', contextCustomizers = set[[empty]], contextLoader = 'org.springframework.test.context.support.DelegatingSmartContextLoader', parent = [null]]]
10:29:07.998 [main] DEBUG org.springframework.test.context.cache - Spring test ApplicationContext cache statistics: [DefaultContextCache@414f87a9 size = 1, maxSize = 32, parentContextCount = 0, hitCount = 25, missCount = 1]
10:29:07.998 [main] DEBUG org.springframework.orm.jpa.JpaTransactionManager - Found thread-bound EntityManager [SessionImpl(PersistenceContext[entityKeys=[EntityKey[com.joseph.entity.Client#552], EntityKey[com.joseph.entity.Client#551], EntityKey[com.joseph.entity.Client#553], EntityKey[com.joseph.entity.Client#548], EntityKey[com.joseph.entity.Client#550], EntityKey[com.joseph.entity.Client#549]],collectionKeys=[CollectionKey[com.joseph.entity.Client.orders#548], CollectionKey[com.joseph.entity.Client.orders#549], CollectionKey[com.joseph.entity.Client.orders#550]]];ActionQueue[insertions=ExecutableList{size=0} updates=ExecutableList{size=0} deletions=ExecutableList{size=3} orphanRemovals=ExecutableList{size=0} collectionCreations=ExecutableList{size=0} collectionRemovals=ExecutableList{size=0} collectionUpdates=ExecutableList{size=0} collectionQueuedOps=ExecutableList{size=0} unresolvedInsertDependencies=null])] for JPA transaction
10:29:07.998 [main] DEBUG org.springframework.orm.jpa.JpaTransactionManager - Participating in existing transaction
10:29:07.999 [main] DEBUG org.hibernate.query.criteria.internal.CriteriaQueryImpl - Rendered criteria query -> select generatedAlias0 from Client as generatedAlias0
10:29:07.999 [main] DEBUG org.hibernate.event.internal.AbstractFlushingEventListener - Processing flush-time cascades
10:29:07.999 [main] DEBUG org.hibernate.event.internal.AbstractFlushingEventListener - Dirty checking collections
10:29:07.999 [main] DEBUG org.hibernate.engine.internal.Collections - Collection found: [com.joseph.entity.Client.orders#551], was: [<unreferenced>] (initialized)
10:29:07.999 [main] DEBUG org.hibernate.engine.internal.Collections - Collection found: [com.joseph.entity.Client.orders#552], was: [<unreferenced>] (initialized)
10:29:07.999 [main] DEBUG org.hibernate.engine.internal.Collections - Collection found: [com.joseph.entity.Client.orders#553], was: [<unreferenced>] (initialized)
10:29:07.999 [main] DEBUG org.hibernate.engine.internal.Collections - Collection dereferenced: [com.joseph.entity.Client.orders#550]
10:29:07.999 [main] DEBUG org.hibernate.engine.internal.Collections - Collection dereferenced: [com.joseph.entity.Client.orders#549]
10:29:07.999 [main] DEBUG org.hibernate.engine.internal.Collections - Collection dereferenced: [com.joseph.entity.Client.orders#548]
10:29:08.000 [main] DEBUG org.hibernate.event.internal.AbstractFlushingEventListener - Flushed: 0 insertions, 0 updates, 3 deletions to 6 objects
10:29:08.000 [main] DEBUG org.hibernate.event.internal.AbstractFlushingEventListener - Flushed: 3 (re)creations, 0 updates, 3 removals to 6 collections
10:29:08.000 [main] DEBUG org.hibernate.internal.util.EntityPrinter - Listing entities:
10:29:08.000 [main] DEBUG org.hibernate.internal.util.EntityPrinter - com.joseph.entity.Client{nameclient=test, emailclient=test1@test.com, orders=[], idclient=552}
10:29:08.000 [main] DEBUG org.hibernate.internal.util.EntityPrinter - com.joseph.entity.Client{nameclient=test, emailclient=test@test.com, orders=[], idclient=551}
10:29:08.000 [main] DEBUG org.hibernate.internal.util.EntityPrinter - com.joseph.entity.Client{nameclient=test, emailclient=test2@test.com, orders=[], idclient=553}
10:29:08.000 [main] DEBUG org.hibernate.internal.util.EntityPrinter - com.joseph.entity.Client{nameclient=test, emailclient=test@test.com, orders=[], idclient=548}
10:29:08.000 [main] DEBUG org.hibernate.internal.util.EntityPrinter - com.joseph.entity.Client{nameclient=test, emailclient=test2@test.com, orders=[], idclient=550}
10:29:08.000 [main] DEBUG org.hibernate.internal.util.EntityPrinter - com.joseph.entity.Client{nameclient=test, emailclient=test1@test.com, orders=[], idclient=549}
10:29:08.000 [main] DEBUG org.hibernate.engine.spi.ActionQueue - Changes must be flushed to space: client
10:29:08.000 [main] DEBUG org.hibernate.SQL - delete from client where idclient=?
10:29:08.001 [main] DEBUG org.hibernate.SQL - delete from client where idclient=?
10:29:08.002 [main] DEBUG org.hibernate.SQL - delete from client where idclient=?
10:29:08.003 [main] DEBUG org.hibernate.SQL - select client0_.idclient as idclient1_0_, client0_.emailclient as emailcli2_0_, client0_.nameclient as nameclie3_0_ from client client0_
10:29:08.004 [main] DEBUG org.hibernate.loader.Loader - Result set row: 0
10:29:08.005 [main] DEBUG org.hibernate.loader.Loader - Result row: EntityKey[com.joseph.entity.Client#553]
10:29:08.005 [main] DEBUG org.hibernate.loader.Loader - Result set row: 1
10:29:08.005 [main] DEBUG org.hibernate.loader.Loader - Result row: EntityKey[com.joseph.entity.Client#552]
10:29:08.005 [main] DEBUG org.hibernate.loader.Loader - Result set row: 2
10:29:08.005 [main] DEBUG org.hibernate.loader.Loader - Result row: EntityKey[com.joseph.entity.Client#551]
10:29:08.005 [main] DEBUG org.springframework.orm.jpa.JpaTransactionManager - Found thread-bound EntityManager [SessionImpl(PersistenceContext[entityKeys=[EntityKey[com.joseph.entity.Client#552], EntityKey[com.joseph.entity.Client#551], EntityKey[com.joseph.entity.Client#553]],collectionKeys=[CollectionKey[com.joseph.entity.Client.orders#552], CollectionKey[com.joseph.entity.Client.orders#553], CollectionKey[com.joseph.entity.Client.orders#551]]];ActionQueue[insertions=ExecutableList{size=0} updates=ExecutableList{size=0} deletions=ExecutableList{size=0} orphanRemovals=ExecutableList{size=0} collectionCreations=ExecutableList{size=0} collectionRemovals=ExecutableList{size=0} collectionUpdates=ExecutableList{size=0} collectionQueuedOps=ExecutableList{size=0} unresolvedInsertDependencies=null])] for JPA transaction
10:29:08.005 [main] DEBUG org.springframework.orm.jpa.JpaTransactionManager - Participating in existing transaction
10:29:08.006 [main] DEBUG org.springframework.data.repository.core.support.TransactionalRepositoryProxyPostProcessor$CustomAnnotationTransactionAttributeSource - Adding transactional method 'findById' with attribute: PROPAGATION_REQUIRED,ISOLATION_DEFAULT,readOnly
10:29:08.006 [main] DEBUG org.springframework.orm.jpa.JpaTransactionManager - Found thread-bound EntityManager [SessionImpl(PersistenceContext[entityKeys=[EntityKey[com.joseph.entity.Client#552], EntityKey[com.joseph.entity.Client#551], EntityKey[com.joseph.entity.Client#553]],collectionKeys=[CollectionKey[com.joseph.entity.Client.orders#552], CollectionKey[com.joseph.entity.Client.orders#553], CollectionKey[com.joseph.entity.Client.orders#551]]];ActionQueue[insertions=ExecutableList{size=0} updates=ExecutableList{size=0} deletions=ExecutableList{size=0} orphanRemovals=ExecutableList{size=0} collectionCreations=ExecutableList{size=0} collectionRemovals=ExecutableList{size=0} collectionUpdates=ExecutableList{size=0} collectionQueuedOps=ExecutableList{size=0} unresolvedInsertDependencies=null])] for JPA transaction
10:29:08.006 [main] DEBUG org.springframework.orm.jpa.JpaTransactionManager - Participating in existing transaction
10:29:08.007 [main] DEBUG org.springframework.test.context.cache.DefaultCacheAwareContextLoaderDelegate - Retrieved ApplicationContext [2089016471] from cache with key [[MergedContextConfiguration@66d18979 testClass = ClientServiceImplTest, locations = '{}', classes = '{class com.joseph.config.PersistenceJPAConfig}', contextInitializerClasses = '[]', activeProfiles = '{}', propertySourceLocations = '{}', propertySourceProperties = '{}', contextCustomizers = set[[empty]], contextLoader = 'org.springframework.test.context.support.DelegatingSmartContextLoader', parent = [null]]]
10:29:08.007 [main] DEBUG org.springframework.test.context.cache - Spring test ApplicationContext cache statistics: [DefaultContextCache@414f87a9 size = 1, maxSize = 32, parentContextCount = 0, hitCount = 26, missCount = 1]
10:29:08.007 [main] DEBUG org.springframework.orm.jpa.JpaTransactionManager - Found thread-bound EntityManager [SessionImpl(PersistenceContext[entityKeys=[EntityKey[com.joseph.entity.Client#552], EntityKey[com.joseph.entity.Client#551], EntityKey[com.joseph.entity.Client#553]],collectionKeys=[CollectionKey[com.joseph.entity.Client.orders#552], CollectionKey[com.joseph.entity.Client.orders#553], CollectionKey[com.joseph.entity.Client.orders#551]]];ActionQueue[insertions=ExecutableList{size=0} updates=ExecutableList{size=0} deletions=ExecutableList{size=0} orphanRemovals=ExecutableList{size=0} collectionCreations=ExecutableList{size=0} collectionRemovals=ExecutableList{size=0} collectionUpdates=ExecutableList{size=0} collectionQueuedOps=ExecutableList{size=0} unresolvedInsertDependencies=null])] for JPA transaction
10:29:08.007 [main] DEBUG org.springframework.orm.jpa.JpaTransactionManager - Participating in existing transaction
10:29:08.007 [main] DEBUG org.hibernate.query.criteria.internal.CriteriaQueryImpl - Rendered criteria query -> select generatedAlias0 from Client as generatedAlias0
10:29:08.008 [main] DEBUG org.hibernate.event.internal.AbstractFlushingEventListener - Processing flush-time cascades
10:29:08.008 [main] DEBUG org.hibernate.event.internal.AbstractFlushingEventListener - Dirty checking collections
10:29:08.008 [main] DEBUG org.hibernate.engine.internal.Collections - Collection found: [com.joseph.entity.Client.orders#551], was: [com.joseph.entity.Client.orders#551] (initialized)
10:29:08.008 [main] DEBUG org.hibernate.engine.internal.Collections - Collection found: [com.joseph.entity.Client.orders#552], was: [com.joseph.entity.Client.orders#552] (initialized)
10:29:08.008 [main] DEBUG org.hibernate.engine.internal.Collections - Collection found: [com.joseph.entity.Client.orders#553], was: [com.joseph.entity.Client.orders#553] (initialized)
10:29:08.008 [main] DEBUG org.hibernate.event.internal.AbstractFlushingEventListener - Flushed: 0 insertions, 0 updates, 0 deletions to 3 objects
10:29:08.008 [main] DEBUG org.hibernate.event.internal.AbstractFlushingEventListener - Flushed: 0 (re)creations, 0 updates, 0 removals to 3 collections
10:29:08.008 [main] DEBUG org.hibernate.internal.util.EntityPrinter - Listing entities:
10:29:08.008 [main] DEBUG org.hibernate.internal.util.EntityPrinter - com.joseph.entity.Client{nameclient=test, emailclient=test1@test.com, orders=[], idclient=552}
10:29:08.008 [main] DEBUG org.hibernate.internal.util.EntityPrinter - com.joseph.entity.Client{nameclient=test, emailclient=test@test.com, orders=[], idclient=551}
10:29:08.008 [main] DEBUG org.hibernate.internal.util.EntityPrinter - com.joseph.entity.Client{nameclient=test, emailclient=test2@test.com, orders=[], idclient=553}
10:29:08.008 [main] DEBUG org.hibernate.SQL - select client0_.idclient as idclient1_0_, client0_.emailclient as emailcli2_0_, client0_.nameclient as nameclie3_0_ from client client0_
10:29:08.009 [main] DEBUG org.hibernate.loader.Loader - Result set row: 0
10:29:08.010 [main] DEBUG org.hibernate.loader.Loader - Result row: EntityKey[com.joseph.entity.Client#553]
10:29:08.010 [main] DEBUG org.hibernate.loader.Loader - Result set row: 1
10:29:08.010 [main] DEBUG org.hibernate.loader.Loader - Result row: EntityKey[com.joseph.entity.Client#552]
10:29:08.010 [main] DEBUG org.hibernate.loader.Loader - Result set row: 2
10:29:08.010 [main] DEBUG org.hibernate.loader.Loader - Result row: EntityKey[com.joseph.entity.Client#551]
10:29:08.011 [main] DEBUG org.springframework.test.context.cache.DefaultCacheAwareContextLoaderDelegate - Retrieved ApplicationContext [2089016471] from cache with key [[MergedContextConfiguration@66d18979 testClass = ClientServiceImplTest, locations = '{}', classes = '{class com.joseph.config.PersistenceJPAConfig}', contextInitializerClasses = '[]', activeProfiles = '{}', propertySourceLocations = '{}', propertySourceProperties = '{}', contextCustomizers = set[[empty]], contextLoader = 'org.springframework.test.context.support.DelegatingSmartContextLoader', parent = [null]]]
10:29:08.011 [main] DEBUG org.springframework.test.context.cache - Spring test ApplicationContext cache statistics: [DefaultContextCache@414f87a9 size = 1, maxSize = 32, parentContextCount = 0, hitCount = 27, missCount = 1]
10:29:08.011 [main] DEBUG org.springframework.orm.jpa.JpaTransactionManager - Initiating transaction rollback
10:29:08.011 [main] DEBUG org.springframework.orm.jpa.JpaTransactionManager - Rolling back JPA transaction on EntityManager [SessionImpl(PersistenceContext[entityKeys=[EntityKey[com.joseph.entity.Client#552], EntityKey[com.joseph.entity.Client#551], EntityKey[com.joseph.entity.Client#553]],collectionKeys=[CollectionKey[com.joseph.entity.Client.orders#552], CollectionKey[com.joseph.entity.Client.orders#553], CollectionKey[com.joseph.entity.Client.orders#551]]];ActionQueue[insertions=ExecutableList{size=0} updates=ExecutableList{size=0} deletions=ExecutableList{size=3} orphanRemovals=ExecutableList{size=0} collectionCreations=ExecutableList{size=0} collectionRemovals=ExecutableList{size=0} collectionUpdates=ExecutableList{size=0} collectionQueuedOps=ExecutableList{size=0} unresolvedInsertDependencies=null])]
10:29:08.011 [main] DEBUG org.hibernate.engine.transaction.internal.TransactionImpl - rolling back
10:29:08.012 [main] DEBUG org.springframework.orm.jpa.JpaTransactionManager - Closing JPA EntityManager [SessionImpl(PersistenceContext[entityKeys=[],collectionKeys=[]];ActionQueue[insertions=ExecutableList{size=0} updates=ExecutableList{size=0} deletions=ExecutableList{size=0} orphanRemovals=ExecutableList{size=0} collectionCreations=ExecutableList{size=0} collectionRemovals=ExecutableList{size=0} collectionUpdates=ExecutableList{size=0} collectionQueuedOps=ExecutableList{size=0} unresolvedInsertDependencies=null])] after transaction
10:29:08.012 [main] DEBUG org.hibernate.engine.jdbc.internal.JdbcCoordinatorImpl - HHH000420: Closing un-released batch
10:29:08.013 [main] INFO org.springframework.test.context.transaction.TransactionContext - Rolled back transaction for test: [DefaultTestContext@6913c1fb testClass = ClientServiceImplTest, testInstance = com.joseph.service.Impl.ClientServiceImplTest@26865482, testMethod = TestGetClient@ClientServiceImplTest, testException = [null], mergedContextConfiguration = [MergedContextConfiguration@66d18979 testClass = ClientServiceImplTest, locations = '{}', classes = '{class com.joseph.config.PersistenceJPAConfig}', contextInitializerClasses = '[]', activeProfiles = '{}', propertySourceLocations = '{}', propertySourceProperties = '{}', contextCustomizers = set[[empty]], contextLoader = 'org.springframework.test.context.support.DelegatingSmartContextLoader', parent = [null]], attributes = map[[empty]]]
10:29:08.013 [main] DEBUG org.springframework.test.context.support.AbstractDirtiesContextTestExecutionListener - After test method: context [DefaultTestContext@6913c1fb testClass = ClientServiceImplTest, testInstance = com.joseph.service.Impl.ClientServiceImplTest@26865482, testMethod = TestGetClient@ClientServiceImplTest, testException = [null], mergedContextConfiguration = [MergedContextConfiguration@66d18979 testClass = ClientServiceImplTest, locations = '{}', classes = '{class com.joseph.config.PersistenceJPAConfig}', contextInitializerClasses = '[]', activeProfiles = '{}', propertySourceLocations = '{}', propertySourceProperties = '{}', contextCustomizers = set[[empty]], contextLoader = 'org.springframework.test.context.support.DelegatingSmartContextLoader', parent = [null]], attributes = map[[empty]]], class annotated with @DirtiesContext [false] with mode [null], method annotated with @DirtiesContext [false] with mode [null].
]]></system-out>
  </testcase>
  <testcase name="saveClientWithParameterizedData(String, String)[1]" classname="com.joseph.service.Impl.ClientServiceImplTest$parameterizedAndRepetedTest" time="0.159">
    <system-out><![CDATA[10:29:08.016 [main] DEBUG org.springframework.test.context.BootstrapUtils - Instantiating CacheAwareContextLoaderDelegate from class [org.springframework.test.context.cache.DefaultCacheAwareContextLoaderDelegate]
10:29:08.016 [main] DEBUG org.springframework.test.context.BootstrapUtils - Instantiating BootstrapContext using constructor [public org.springframework.test.context.support.DefaultBootstrapContext(java.lang.Class,org.springframework.test.context.CacheAwareContextLoaderDelegate)]
10:29:08.016 [main] DEBUG org.springframework.test.context.BootstrapUtils - Instantiating TestContextBootstrapper for test class [com.joseph.service.Impl.ClientServiceImplTest$parameterizedAndRepetedTest] from class [org.springframework.test.context.support.DefaultTestContextBootstrapper]
10:29:08.018 [main] DEBUG org.springframework.test.context.support.AbstractDelegatingSmartContextLoader - Delegating to AnnotationConfigContextLoader to process context configuration [ContextConfigurationAttributes@abad89c declaringClass = 'com.joseph.service.Impl.ClientServiceImplTest$parameterizedAndRepetedTest', classes = '{class com.joseph.config.PersistenceJPAConfig}', locations = '{}', inheritLocations = true, initializers = '{}', inheritInitializers = true, name = [null], contextLoaderClass = 'org.springframework.test.context.ContextLoader'].
10:29:08.019 [main] DEBUG org.springframework.test.context.support.ActiveProfilesUtils - Could not find an 'annotation declaring class' for annotation type [org.springframework.test.context.ActiveProfiles] and class [com.joseph.service.Impl.ClientServiceImplTest$parameterizedAndRepetedTest]
10:29:08.019 [main] DEBUG org.springframework.test.context.support.DefaultTestContextBootstrapper - @TestExecutionListeners is not present for class [com.joseph.service.Impl.ClientServiceImplTest$parameterizedAndRepetedTest]: using defaults.
10:29:08.019 [main] INFO org.springframework.test.context.support.DefaultTestContextBootstrapper - Loaded default TestExecutionListener class names from location [META-INF/spring.factories]: [org.springframework.test.context.web.ServletTestExecutionListener, org.springframework.test.context.support.DirtiesContextBeforeModesTestExecutionListener, org.springframework.test.context.support.DependencyInjectionTestExecutionListener, org.springframework.test.context.support.DirtiesContextTestExecutionListener, org.springframework.test.context.transaction.TransactionalTestExecutionListener, org.springframework.test.context.jdbc.SqlScriptsTestExecutionListener, org.springframework.test.context.event.EventPublishingTestExecutionListener]
10:29:08.019 [main] INFO org.springframework.test.context.support.DefaultTestContextBootstrapper - Using TestExecutionListeners: [org.springframework.test.context.web.ServletTestExecutionListener@602f8f94, org.springframework.test.context.support.DirtiesContextBeforeModesTestExecutionListener@42507640, org.springframework.test.context.support.DependencyInjectionTestExecutionListener@4dfe8b37, org.springframework.test.context.support.DirtiesContextTestExecutionListener@11dcd42c, org.springframework.test.context.transaction.TransactionalTestExecutionListener@d13baac, org.springframework.test.context.jdbc.SqlScriptsTestExecutionListener@4c302f38, org.springframework.test.context.event.EventPublishingTestExecutionListener@75aea2ba]
10:29:08.019 [main] DEBUG org.springframework.test.context.support.AbstractDirtiesContextTestExecutionListener - Before test class: context [DefaultTestContext@2a47597 testClass = ClientServiceImplTest.parameterizedAndRepetedTest, testInstance = [null], testMethod = [null], testException = [null], mergedContextConfiguration = [MergedContextConfiguration@12f279b5 testClass = ClientServiceImplTest.parameterizedAndRepetedTest, locations = '{}', classes = '{class com.joseph.config.PersistenceJPAConfig}', contextInitializerClasses = '[]', activeProfiles = '{}', propertySourceLocations = '{}', propertySourceProperties = '{}', contextCustomizers = set[[empty]], contextLoader = 'org.springframework.test.context.support.DelegatingSmartContextLoader', parent = [null]], attributes = map[[empty]]], class annotated with @DirtiesContext [false] with mode [null].
10:29:08.019 [main] DEBUG org.springframework.test.context.cache.DefaultCacheAwareContextLoaderDelegate - Retrieved ApplicationContext [2089016471] from cache with key [[MergedContextConfiguration@12f279b5 testClass = ClientServiceImplTest.parameterizedAndRepetedTest, locations = '{}', classes = '{class com.joseph.config.PersistenceJPAConfig}', contextInitializerClasses = '[]', activeProfiles = '{}', propertySourceLocations = '{}', propertySourceProperties = '{}', contextCustomizers = set[[empty]], contextLoader = 'org.springframework.test.context.support.DelegatingSmartContextLoader', parent = [null]]]
10:29:08.019 [main] DEBUG org.springframework.test.context.cache - Spring test ApplicationContext cache statistics: [DefaultContextCache@414f87a9 size = 1, maxSize = 32, parentContextCount = 0, hitCount = 28, missCount = 1]
10:29:08.110 [main] DEBUG org.springframework.test.context.support.DependencyInjectionTestExecutionListener - Performing dependency injection for test context [[DefaultTestContext@6913c1fb testClass = ClientServiceImplTest, testInstance = com.joseph.service.Impl.ClientServiceImplTest@2d5a1588, testMethod = [null], testException = [null], mergedContextConfiguration = [MergedContextConfiguration@66d18979 testClass = ClientServiceImplTest, locations = '{}', classes = '{class com.joseph.config.PersistenceJPAConfig}', contextInitializerClasses = '[]', activeProfiles = '{}', propertySourceLocations = '{}', propertySourceProperties = '{}', contextCustomizers = set[[empty]], contextLoader = 'org.springframework.test.context.support.DelegatingSmartContextLoader', parent = [null]], attributes = map[[empty]]]].
10:29:08.111 [main] DEBUG org.springframework.test.context.cache.DefaultCacheAwareContextLoaderDelegate - Retrieved ApplicationContext [2089016471] from cache with key [[MergedContextConfiguration@66d18979 testClass = ClientServiceImplTest, locations = '{}', classes = '{class com.joseph.config.PersistenceJPAConfig}', contextInitializerClasses = '[]', activeProfiles = '{}', propertySourceLocations = '{}', propertySourceProperties = '{}', contextCustomizers = set[[empty]], contextLoader = 'org.springframework.test.context.support.DelegatingSmartContextLoader', parent = [null]]]
10:29:08.111 [main] DEBUG org.springframework.test.context.cache - Spring test ApplicationContext cache statistics: [DefaultContextCache@414f87a9 size = 1, maxSize = 32, parentContextCount = 0, hitCount = 29, missCount = 1]
10:29:08.111 [main] DEBUG org.springframework.test.context.cache.DefaultCacheAwareContextLoaderDelegate - Retrieved ApplicationContext [2089016471] from cache with key [[MergedContextConfiguration@66d18979 testClass = ClientServiceImplTest, locations = '{}', classes = '{class com.joseph.config.PersistenceJPAConfig}', contextInitializerClasses = '[]', activeProfiles = '{}', propertySourceLocations = '{}', propertySourceProperties = '{}', contextCustomizers = set[[empty]], contextLoader = 'org.springframework.test.context.support.DelegatingSmartContextLoader', parent = [null]]]
10:29:08.111 [main] DEBUG org.springframework.test.context.cache - Spring test ApplicationContext cache statistics: [DefaultContextCache@414f87a9 size = 1, maxSize = 32, parentContextCount = 0, hitCount = 30, missCount = 1]
10:29:08.112 [main] DEBUG org.springframework.test.context.support.DependencyInjectionTestExecutionListener - Performing dependency injection for test context [[DefaultTestContext@2a47597 testClass = ClientServiceImplTest.parameterizedAndRepetedTest, testInstance = com.joseph.service.Impl.ClientServiceImplTest$parameterizedAndRepetedTest@4f116ca2, testMethod = [null], testException = [null], mergedContextConfiguration = [MergedContextConfiguration@12f279b5 testClass = ClientServiceImplTest.parameterizedAndRepetedTest, locations = '{}', classes = '{class com.joseph.config.PersistenceJPAConfig}', contextInitializerClasses = '[]', activeProfiles = '{}', propertySourceLocations = '{}', propertySourceProperties = '{}', contextCustomizers = set[[empty]], contextLoader = 'org.springframework.test.context.support.DelegatingSmartContextLoader', parent = [null]], attributes = map[[empty]]]].
10:29:08.112 [main] DEBUG org.springframework.test.context.cache.DefaultCacheAwareContextLoaderDelegate - Retrieved ApplicationContext [2089016471] from cache with key [[MergedContextConfiguration@12f279b5 testClass = ClientServiceImplTest.parameterizedAndRepetedTest, locations = '{}', classes = '{class com.joseph.config.PersistenceJPAConfig}', contextInitializerClasses = '[]', activeProfiles = '{}', propertySourceLocations = '{}', propertySourceProperties = '{}', contextCustomizers = set[[empty]], contextLoader = 'org.springframework.test.context.support.DelegatingSmartContextLoader', parent = [null]]]
10:29:08.112 [main] DEBUG org.springframework.test.context.cache - Spring test ApplicationContext cache statistics: [DefaultContextCache@414f87a9 size = 1, maxSize = 32, parentContextCount = 0, hitCount = 31, missCount = 1]
10:29:08.112 [main] DEBUG org.springframework.test.context.cache.DefaultCacheAwareContextLoaderDelegate - Retrieved ApplicationContext [2089016471] from cache with key [[MergedContextConfiguration@12f279b5 testClass = ClientServiceImplTest.parameterizedAndRepetedTest, locations = '{}', classes = '{class com.joseph.config.PersistenceJPAConfig}', contextInitializerClasses = '[]', activeProfiles = '{}', propertySourceLocations = '{}', propertySourceProperties = '{}', contextCustomizers = set[[empty]], contextLoader = 'org.springframework.test.context.support.DelegatingSmartContextLoader', parent = [null]]]
10:29:08.112 [main] DEBUG org.springframework.test.context.cache - Spring test ApplicationContext cache statistics: [DefaultContextCache@414f87a9 size = 1, maxSize = 32, parentContextCount = 0, hitCount = 32, missCount = 1]
10:29:08.115 [main] DEBUG org.springframework.test.context.support.AbstractDirtiesContextTestExecutionListener - Before test method: context [DefaultTestContext@2a47597 testClass = ClientServiceImplTest.parameterizedAndRepetedTest, testInstance = com.joseph.service.Impl.ClientServiceImplTest$parameterizedAndRepetedTest@4f116ca2, testMethod = saveClientWithParameterizedData@ClientServiceImplTest.parameterizedAndRepetedTest, testException = [null], mergedContextConfiguration = [MergedContextConfiguration@12f279b5 testClass = ClientServiceImplTest.parameterizedAndRepetedTest, locations = '{}', classes = '{class com.joseph.config.PersistenceJPAConfig}', contextInitializerClasses = '[]', activeProfiles = '{}', propertySourceLocations = '{}', propertySourceProperties = '{}', contextCustomizers = set[[empty]], contextLoader = 'org.springframework.test.context.support.DelegatingSmartContextLoader', parent = [null]], attributes = map[[empty]]], class annotated with @DirtiesContext [false] with mode [null], method annotated with @DirtiesContext [false] with mode [null].
10:29:08.116 [main] DEBUG org.springframework.test.context.cache.DefaultCacheAwareContextLoaderDelegate - Retrieved ApplicationContext [2089016471] from cache with key [[MergedContextConfiguration@12f279b5 testClass = ClientServiceImplTest.parameterizedAndRepetedTest, locations = '{}', classes = '{class com.joseph.config.PersistenceJPAConfig}', contextInitializerClasses = '[]', activeProfiles = '{}', propertySourceLocations = '{}', propertySourceProperties = '{}', contextCustomizers = set[[empty]], contextLoader = 'org.springframework.test.context.support.DelegatingSmartContextLoader', parent = [null]]]
10:29:08.116 [main] DEBUG org.springframework.test.context.cache - Spring test ApplicationContext cache statistics: [DefaultContextCache@414f87a9 size = 1, maxSize = 32, parentContextCount = 0, hitCount = 33, missCount = 1]
10:29:08.117 [main] DEBUG org.springframework.orm.jpa.JpaTransactionManager - Creating new transaction with name [org.springframework.data.jpa.repository.support.SimpleJpaRepository.deleteAll]: PROPAGATION_REQUIRED,ISOLATION_DEFAULT
10:29:08.118 [main] DEBUG org.springframework.orm.jpa.JpaTransactionManager - Opened new EntityManager [SessionImpl(PersistenceContext[entityKeys=[],collectionKeys=[]];ActionQueue[insertions=ExecutableList{size=0} updates=ExecutableList{size=0} deletions=ExecutableList{size=0} orphanRemovals=ExecutableList{size=0} collectionCreations=ExecutableList{size=0} collectionRemovals=ExecutableList{size=0} collectionUpdates=ExecutableList{size=0} collectionQueuedOps=ExecutableList{size=0} unresolvedInsertDependencies=null])] for JPA transaction
10:29:08.118 [main] DEBUG org.hibernate.engine.transaction.internal.TransactionImpl - begin
10:29:08.118 [main] DEBUG org.springframework.jdbc.datasource.DriverManagerDataSource - Creating new JDBC DriverManager Connection to [jdbc:mysql://localhost:3306/testcraftcore?useSSL=false&useTimezone=true&serverTimezone=UTC]
10:29:08.121 [main] DEBUG org.springframework.orm.jpa.JpaTransactionManager - Exposing JPA transaction as JDBC [org.springframework.orm.jpa.vendor.HibernateJpaDialect$HibernateConnectionHandle@193bb809]
10:29:08.122 [main] DEBUG org.hibernate.query.criteria.internal.CriteriaQueryImpl - Rendered criteria query -> select generatedAlias0 from Client as generatedAlias0
10:29:08.122 [main] DEBUG org.hibernate.SQL - select client0_.idclient as idclient1_0_, client0_.emailclient as emailcli2_0_, client0_.nameclient as nameclie3_0_ from client client0_
10:29:08.123 [main] DEBUG org.hibernate.loader.Loader - Result set row: 0
10:29:08.123 [main] DEBUG org.hibernate.loader.Loader - Result row: EntityKey[com.joseph.entity.Client#553]
10:29:08.123 [main] DEBUG org.hibernate.loader.Loader - Result set row: 1
10:29:08.123 [main] DEBUG org.hibernate.loader.Loader - Result row: EntityKey[com.joseph.entity.Client#552]
10:29:08.124 [main] DEBUG org.hibernate.loader.Loader - Result set row: 2
10:29:08.124 [main] DEBUG org.hibernate.loader.Loader - Result row: EntityKey[com.joseph.entity.Client#551]
10:29:08.124 [main] DEBUG org.hibernate.engine.internal.TwoPhaseLoad - Resolving associations for [com.joseph.entity.Client#553]
10:29:08.124 [main] DEBUG org.hibernate.engine.internal.TwoPhaseLoad - Done materializing entity [com.joseph.entity.Client#553]
10:29:08.124 [main] DEBUG org.hibernate.engine.internal.TwoPhaseLoad - Resolving associations for [com.joseph.entity.Client#552]
10:29:08.124 [main] DEBUG org.hibernate.engine.internal.TwoPhaseLoad - Done materializing entity [com.joseph.entity.Client#552]
10:29:08.124 [main] DEBUG org.hibernate.engine.internal.TwoPhaseLoad - Resolving associations for [com.joseph.entity.Client#551]
10:29:08.124 [main] DEBUG org.hibernate.engine.internal.TwoPhaseLoad - Done materializing entity [com.joseph.entity.Client#551]
10:29:08.124 [main] DEBUG org.hibernate.loader.collection.plan.AbstractLoadPlanBasedCollectionInitializer - Loading collection: [com.joseph.entity.Client.orders#553]
10:29:08.124 [main] DEBUG org.hibernate.SQL - select orders0_.idclient as idclient5_1_0_, orders0_.idorder as idorder1_1_0_, orders0_.idorder as idorder1_1_1_, orders0_.idclient as idclient5_1_1_, orders0_.dateorder as dateorde2_1_1_, orders0_.statusorder as statusor3_1_1_, orders0_.totalorder as totalord4_1_1_ from order_table orders0_ where orders0_.idclient=?
10:29:08.126 [main] DEBUG org.hibernate.loader.plan.exec.process.internal.ResultSetProcessorImpl - Preparing collection intializer : [com.joseph.entity.Client.orders#553]
10:29:08.126 [main] DEBUG org.hibernate.engine.loading.internal.CollectionLoadContext - 1 collections were found in result set for role: com.joseph.entity.Client.orders
10:29:08.126 [main] DEBUG org.hibernate.engine.loading.internal.CollectionLoadContext - Collection fully initialized: [com.joseph.entity.Client.orders#553]
10:29:08.126 [main] DEBUG org.hibernate.engine.loading.internal.CollectionLoadContext - 1 collections initialized for role: com.joseph.entity.Client.orders
10:29:08.126 [main] DEBUG org.hibernate.resource.jdbc.internal.ResourceRegistryStandardImpl - HHH000387: ResultSet's statement was not registered
10:29:08.126 [main] DEBUG org.hibernate.loader.collection.plan.AbstractLoadPlanBasedCollectionInitializer - Done loading collection
10:29:08.127 [main] DEBUG org.hibernate.loader.collection.plan.AbstractLoadPlanBasedCollectionInitializer - Loading collection: [com.joseph.entity.Client.orders#552]
10:29:08.127 [main] DEBUG org.hibernate.SQL - select orders0_.idclient as idclient5_1_0_, orders0_.idorder as idorder1_1_0_, orders0_.idorder as idorder1_1_1_, orders0_.idclient as idclient5_1_1_, orders0_.dateorder as dateorde2_1_1_, orders0_.statusorder as statusor3_1_1_, orders0_.totalorder as totalord4_1_1_ from order_table orders0_ where orders0_.idclient=?
10:29:08.128 [main] DEBUG org.hibernate.loader.plan.exec.process.internal.ResultSetProcessorImpl - Preparing collection intializer : [com.joseph.entity.Client.orders#552]
10:29:08.128 [main] DEBUG org.hibernate.engine.loading.internal.CollectionLoadContext - 1 collections were found in result set for role: com.joseph.entity.Client.orders
10:29:08.128 [main] DEBUG org.hibernate.engine.loading.internal.CollectionLoadContext - Collection fully initialized: [com.joseph.entity.Client.orders#552]
10:29:08.128 [main] DEBUG org.hibernate.engine.loading.internal.CollectionLoadContext - 1 collections initialized for role: com.joseph.entity.Client.orders
10:29:08.128 [main] DEBUG org.hibernate.resource.jdbc.internal.ResourceRegistryStandardImpl - HHH000387: ResultSet's statement was not registered
10:29:08.128 [main] DEBUG org.hibernate.loader.collection.plan.AbstractLoadPlanBasedCollectionInitializer - Done loading collection
10:29:08.129 [main] DEBUG org.hibernate.loader.collection.plan.AbstractLoadPlanBasedCollectionInitializer - Loading collection: [com.joseph.entity.Client.orders#551]
10:29:08.129 [main] DEBUG org.hibernate.SQL - select orders0_.idclient as idclient5_1_0_, orders0_.idorder as idorder1_1_0_, orders0_.idorder as idorder1_1_1_, orders0_.idclient as idclient5_1_1_, orders0_.dateorder as dateorde2_1_1_, orders0_.statusorder as statusor3_1_1_, orders0_.totalorder as totalord4_1_1_ from order_table orders0_ where orders0_.idclient=?
10:29:08.131 [main] DEBUG org.hibernate.loader.plan.exec.process.internal.ResultSetProcessorImpl - Preparing collection intializer : [com.joseph.entity.Client.orders#551]
10:29:08.131 [main] DEBUG org.hibernate.engine.loading.internal.CollectionLoadContext - 1 collections were found in result set for role: com.joseph.entity.Client.orders
10:29:08.131 [main] DEBUG org.hibernate.engine.loading.internal.CollectionLoadContext - Collection fully initialized: [com.joseph.entity.Client.orders#551]
10:29:08.131 [main] DEBUG org.hibernate.engine.loading.internal.CollectionLoadContext - 1 collections initialized for role: com.joseph.entity.Client.orders
10:29:08.131 [main] DEBUG org.hibernate.resource.jdbc.internal.ResourceRegistryStandardImpl - HHH000387: ResultSet's statement was not registered
10:29:08.131 [main] DEBUG org.hibernate.loader.collection.plan.AbstractLoadPlanBasedCollectionInitializer - Done loading collection
10:29:08.132 [main] DEBUG org.springframework.orm.jpa.JpaTransactionManager - Initiating transaction commit
10:29:08.132 [main] DEBUG org.springframework.orm.jpa.JpaTransactionManager - Committing JPA transaction on EntityManager [SessionImpl(PersistenceContext[entityKeys=[EntityKey[com.joseph.entity.Client#552], EntityKey[com.joseph.entity.Client#551], EntityKey[com.joseph.entity.Client#553]],collectionKeys=[CollectionKey[com.joseph.entity.Client.orders#552], CollectionKey[com.joseph.entity.Client.orders#553], CollectionKey[com.joseph.entity.Client.orders#551]]];ActionQueue[insertions=ExecutableList{size=0} updates=ExecutableList{size=0} deletions=ExecutableList{size=3} orphanRemovals=ExecutableList{size=0} collectionCreations=ExecutableList{size=0} collectionRemovals=ExecutableList{size=0} collectionUpdates=ExecutableList{size=0} collectionQueuedOps=ExecutableList{size=0} unresolvedInsertDependencies=null])]
10:29:08.132 [main] DEBUG org.hibernate.engine.transaction.internal.TransactionImpl - committing
10:29:08.132 [main] DEBUG org.hibernate.event.internal.AbstractFlushingEventListener - Processing flush-time cascades
10:29:08.132 [main] DEBUG org.hibernate.event.internal.AbstractFlushingEventListener - Dirty checking collections
10:29:08.133 [main] DEBUG org.hibernate.engine.internal.Collections - Collection dereferenced: [com.joseph.entity.Client.orders#553]
10:29:08.133 [main] DEBUG org.hibernate.engine.internal.Collections - Collection dereferenced: [com.joseph.entity.Client.orders#552]
10:29:08.133 [main] DEBUG org.hibernate.engine.internal.Collections - Collection dereferenced: [com.joseph.entity.Client.orders#551]
10:29:08.133 [main] DEBUG org.hibernate.event.internal.AbstractFlushingEventListener - Flushed: 0 insertions, 0 updates, 3 deletions to 3 objects
10:29:08.133 [main] DEBUG org.hibernate.event.internal.AbstractFlushingEventListener - Flushed: 0 (re)creations, 0 updates, 3 removals to 3 collections
10:29:08.133 [main] DEBUG org.hibernate.internal.util.EntityPrinter - Listing entities:
10:29:08.133 [main] DEBUG org.hibernate.internal.util.EntityPrinter - com.joseph.entity.Client{nameclient=test, emailclient=test1@test.com, orders=[], idclient=552}
10:29:08.133 [main] DEBUG org.hibernate.internal.util.EntityPrinter - com.joseph.entity.Client{nameclient=test, emailclient=test@test.com, orders=[], idclient=551}
10:29:08.133 [main] DEBUG org.hibernate.internal.util.EntityPrinter - com.joseph.entity.Client{nameclient=test, emailclient=test2@test.com, orders=[], idclient=553}
10:29:08.133 [main] DEBUG org.hibernate.SQL - delete from client where idclient=?
10:29:08.135 [main] DEBUG org.hibernate.SQL - delete from client where idclient=?
10:29:08.136 [main] DEBUG org.hibernate.SQL - delete from client where idclient=?
10:29:08.138 [main] DEBUG org.springframework.orm.jpa.JpaTransactionManager - Closing JPA EntityManager [SessionImpl(PersistenceContext[entityKeys=[],collectionKeys=[]];ActionQueue[insertions=ExecutableList{size=0} updates=ExecutableList{size=0} deletions=ExecutableList{size=0} orphanRemovals=ExecutableList{size=0} collectionCreations=ExecutableList{size=0} collectionRemovals=ExecutableList{size=0} collectionUpdates=ExecutableList{size=0} collectionQueuedOps=ExecutableList{size=0} unresolvedInsertDependencies=null])] after transaction
10:29:08.139 [main] DEBUG org.hibernate.engine.jdbc.internal.JdbcCoordinatorImpl - HHH000420: Closing un-released batch
10:29:08.139 [main] DEBUG org.springframework.orm.jpa.JpaTransactionManager - Creating new transaction with name [org.springframework.data.jpa.repository.support.SimpleJpaRepository.save]: PROPAGATION_REQUIRED,ISOLATION_DEFAULT
10:29:08.140 [main] DEBUG org.springframework.orm.jpa.JpaTransactionManager - Opened new EntityManager [SessionImpl(PersistenceContext[entityKeys=[],collectionKeys=[]];ActionQueue[insertions=ExecutableList{size=0} updates=ExecutableList{size=0} deletions=ExecutableList{size=0} orphanRemovals=ExecutableList{size=0} collectionCreations=ExecutableList{size=0} collectionRemovals=ExecutableList{size=0} collectionUpdates=ExecutableList{size=0} collectionQueuedOps=ExecutableList{size=0} unresolvedInsertDependencies=null])] for JPA transaction
10:29:08.140 [main] DEBUG org.hibernate.engine.transaction.internal.TransactionImpl - begin
10:29:08.140 [main] DEBUG org.springframework.jdbc.datasource.DriverManagerDataSource - Creating new JDBC DriverManager Connection to [jdbc:mysql://localhost:3306/testcraftcore?useSSL=false&useTimezone=true&serverTimezone=UTC]
10:29:08.145 [main] DEBUG org.springframework.orm.jpa.JpaTransactionManager - Exposing JPA transaction as JDBC [org.springframework.orm.jpa.vendor.HibernateJpaDialect$HibernateConnectionHandle@131a7516]
10:29:08.146 [main] DEBUG org.hibernate.engine.spi.ActionQueue - Executing identity-insert immediately
10:29:08.146 [main] DEBUG org.hibernate.SQL - insert into client (emailclient, nameclient) values (?, ?)
10:29:08.147 [main] DEBUG org.hibernate.id.IdentifierGeneratorHelper - Natively generated identity: 554
10:29:08.147 [main] DEBUG org.hibernate.resource.jdbc.internal.ResourceRegistryStandardImpl - HHH000387: ResultSet's statement was not registered
10:29:08.147 [main] DEBUG org.springframework.orm.jpa.JpaTransactionManager - Initiating transaction commit
10:29:08.148 [main] DEBUG org.springframework.orm.jpa.JpaTransactionManager - Committing JPA transaction on EntityManager [SessionImpl(PersistenceContext[entityKeys=[EntityKey[com.joseph.entity.Client#554]],collectionKeys=[]];ActionQueue[insertions=ExecutableList{size=0} updates=ExecutableList{size=0} deletions=ExecutableList{size=0} orphanRemovals=ExecutableList{size=0} collectionCreations=ExecutableList{size=0} collectionRemovals=ExecutableList{size=0} collectionUpdates=ExecutableList{size=0} collectionQueuedOps=ExecutableList{size=0} unresolvedInsertDependencies=null])]
10:29:08.148 [main] DEBUG org.hibernate.engine.transaction.internal.TransactionImpl - committing
10:29:08.148 [main] DEBUG org.hibernate.event.internal.AbstractFlushingEventListener - Processing flush-time cascades
10:29:08.148 [main] DEBUG org.hibernate.event.internal.AbstractFlushingEventListener - Dirty checking collections
10:29:08.148 [main] DEBUG org.hibernate.engine.internal.Collections - Collection found: [com.joseph.entity.Client.orders#554], was: [<unreferenced>] (initialized)
10:29:08.148 [main] DEBUG org.hibernate.event.internal.AbstractFlushingEventListener - Flushed: 0 insertions, 0 updates, 0 deletions to 1 objects
10:29:08.148 [main] DEBUG org.hibernate.event.internal.AbstractFlushingEventListener - Flushed: 1 (re)creations, 0 updates, 0 removals to 1 collections
10:29:08.148 [main] DEBUG org.hibernate.internal.util.EntityPrinter - Listing entities:
10:29:08.148 [main] DEBUG org.hibernate.internal.util.EntityPrinter - com.joseph.entity.Client{nameclient=test, emailclient=test@test.com, orders=[], idclient=554}
10:29:08.150 [main] DEBUG org.springframework.orm.jpa.JpaTransactionManager - Closing JPA EntityManager [SessionImpl(PersistenceContext[entityKeys=[EntityKey[com.joseph.entity.Client#554]],collectionKeys=[CollectionKey[com.joseph.entity.Client.orders#554]]];ActionQueue[insertions=ExecutableList{size=0} updates=ExecutableList{size=0} deletions=ExecutableList{size=0} orphanRemovals=ExecutableList{size=0} collectionCreations=ExecutableList{size=0} collectionRemovals=ExecutableList{size=0} collectionUpdates=ExecutableList{size=0} collectionQueuedOps=ExecutableList{size=0} unresolvedInsertDependencies=null])] after transaction
10:29:08.150 [main] DEBUG org.springframework.orm.jpa.JpaTransactionManager - Creating new transaction with name [org.springframework.data.jpa.repository.support.SimpleJpaRepository.save]: PROPAGATION_REQUIRED,ISOLATION_DEFAULT
10:29:08.151 [main] DEBUG org.springframework.orm.jpa.JpaTransactionManager - Opened new EntityManager [SessionImpl(PersistenceContext[entityKeys=[],collectionKeys=[]];ActionQueue[insertions=ExecutableList{size=0} updates=ExecutableList{size=0} deletions=ExecutableList{size=0} orphanRemovals=ExecutableList{size=0} collectionCreations=ExecutableList{size=0} collectionRemovals=ExecutableList{size=0} collectionUpdates=ExecutableList{size=0} collectionQueuedOps=ExecutableList{size=0} unresolvedInsertDependencies=null])] for JPA transaction
10:29:08.151 [main] DEBUG org.hibernate.engine.transaction.internal.TransactionImpl - begin
10:29:08.151 [main] DEBUG org.springframework.jdbc.datasource.DriverManagerDataSource - Creating new JDBC DriverManager Connection to [jdbc:mysql://localhost:3306/testcraftcore?useSSL=false&useTimezone=true&serverTimezone=UTC]
10:29:08.163 [main] DEBUG org.springframework.orm.jpa.JpaTransactionManager - Exposing JPA transaction as JDBC [org.springframework.orm.jpa.vendor.HibernateJpaDialect$HibernateConnectionHandle@1f736d00]
10:29:08.163 [main] DEBUG org.hibernate.engine.spi.ActionQueue - Executing identity-insert immediately
10:29:08.163 [main] DEBUG org.hibernate.SQL - insert into client (emailclient, nameclient) values (?, ?)
10:29:08.164 [main] DEBUG org.hibernate.id.IdentifierGeneratorHelper - Natively generated identity: 555
10:29:08.164 [main] DEBUG org.hibernate.resource.jdbc.internal.ResourceRegistryStandardImpl - HHH000387: ResultSet's statement was not registered
10:29:08.165 [main] DEBUG org.springframework.orm.jpa.JpaTransactionManager - Initiating transaction commit
10:29:08.165 [main] DEBUG org.springframework.orm.jpa.JpaTransactionManager - Committing JPA transaction on EntityManager [SessionImpl(PersistenceContext[entityKeys=[EntityKey[com.joseph.entity.Client#555]],collectionKeys=[]];ActionQueue[insertions=ExecutableList{size=0} updates=ExecutableList{size=0} deletions=ExecutableList{size=0} orphanRemovals=ExecutableList{size=0} collectionCreations=ExecutableList{size=0} collectionRemovals=ExecutableList{size=0} collectionUpdates=ExecutableList{size=0} collectionQueuedOps=ExecutableList{size=0} unresolvedInsertDependencies=null])]
10:29:08.165 [main] DEBUG org.hibernate.engine.transaction.internal.TransactionImpl - committing
10:29:08.165 [main] DEBUG org.hibernate.event.internal.AbstractFlushingEventListener - Processing flush-time cascades
10:29:08.165 [main] DEBUG org.hibernate.event.internal.AbstractFlushingEventListener - Dirty checking collections
10:29:08.165 [main] DEBUG org.hibernate.engine.internal.Collections - Collection found: [com.joseph.entity.Client.orders#555], was: [<unreferenced>] (initialized)
10:29:08.165 [main] DEBUG org.hibernate.event.internal.AbstractFlushingEventListener - Flushed: 0 insertions, 0 updates, 0 deletions to 1 objects
10:29:08.165 [main] DEBUG org.hibernate.event.internal.AbstractFlushingEventListener - Flushed: 1 (re)creations, 0 updates, 0 removals to 1 collections
10:29:08.165 [main] DEBUG org.hibernate.internal.util.EntityPrinter - Listing entities:
10:29:08.165 [main] DEBUG org.hibernate.internal.util.EntityPrinter - com.joseph.entity.Client{nameclient=test, emailclient=test1@test.com, orders=[], idclient=555}
10:29:08.167 [main] DEBUG org.springframework.orm.jpa.JpaTransactionManager - Closing JPA EntityManager [SessionImpl(PersistenceContext[entityKeys=[EntityKey[com.joseph.entity.Client#555]],collectionKeys=[CollectionKey[com.joseph.entity.Client.orders#555]]];ActionQueue[insertions=ExecutableList{size=0} updates=ExecutableList{size=0} deletions=ExecutableList{size=0} orphanRemovals=ExecutableList{size=0} collectionCreations=ExecutableList{size=0} collectionRemovals=ExecutableList{size=0} collectionUpdates=ExecutableList{size=0} collectionQueuedOps=ExecutableList{size=0} unresolvedInsertDependencies=null])] after transaction
10:29:08.167 [main] DEBUG org.springframework.orm.jpa.JpaTransactionManager - Creating new transaction with name [org.springframework.data.jpa.repository.support.SimpleJpaRepository.save]: PROPAGATION_REQUIRED,ISOLATION_DEFAULT
10:29:08.168 [main] DEBUG org.springframework.orm.jpa.JpaTransactionManager - Opened new EntityManager [SessionImpl(PersistenceContext[entityKeys=[],collectionKeys=[]];ActionQueue[insertions=ExecutableList{size=0} updates=ExecutableList{size=0} deletions=ExecutableList{size=0} orphanRemovals=ExecutableList{size=0} collectionCreations=ExecutableList{size=0} collectionRemovals=ExecutableList{size=0} collectionUpdates=ExecutableList{size=0} collectionQueuedOps=ExecutableList{size=0} unresolvedInsertDependencies=null])] for JPA transaction
10:29:08.168 [main] DEBUG org.hibernate.engine.transaction.internal.TransactionImpl - begin
10:29:08.168 [main] DEBUG org.springframework.jdbc.datasource.DriverManagerDataSource - Creating new JDBC DriverManager Connection to [jdbc:mysql://localhost:3306/testcraftcore?useSSL=false&useTimezone=true&serverTimezone=UTC]
10:29:08.171 [main] DEBUG org.springframework.orm.jpa.JpaTransactionManager - Exposing JPA transaction as JDBC [org.springframework.orm.jpa.vendor.HibernateJpaDialect$HibernateConnectionHandle@3c770db4]
10:29:08.172 [main] DEBUG org.hibernate.engine.spi.ActionQueue - Executing identity-insert immediately
10:29:08.172 [main] DEBUG org.hibernate.SQL - insert into client (emailclient, nameclient) values (?, ?)
10:29:08.173 [main] DEBUG org.hibernate.id.IdentifierGeneratorHelper - Natively generated identity: 556
10:29:08.173 [main] DEBUG org.hibernate.resource.jdbc.internal.ResourceRegistryStandardImpl - HHH000387: ResultSet's statement was not registered
10:29:08.173 [main] DEBUG org.springframework.orm.jpa.JpaTransactionManager - Initiating transaction commit
10:29:08.173 [main] DEBUG org.springframework.orm.jpa.JpaTransactionManager - Committing JPA transaction on EntityManager [SessionImpl(PersistenceContext[entityKeys=[EntityKey[com.joseph.entity.Client#556]],collectionKeys=[]];ActionQueue[insertions=ExecutableList{size=0} updates=ExecutableList{size=0} deletions=ExecutableList{size=0} orphanRemovals=ExecutableList{size=0} collectionCreations=ExecutableList{size=0} collectionRemovals=ExecutableList{size=0} collectionUpdates=ExecutableList{size=0} collectionQueuedOps=ExecutableList{size=0} unresolvedInsertDependencies=null])]
10:29:08.173 [main] DEBUG org.hibernate.engine.transaction.internal.TransactionImpl - committing
10:29:08.173 [main] DEBUG org.hibernate.event.internal.AbstractFlushingEventListener - Processing flush-time cascades
10:29:08.173 [main] DEBUG org.hibernate.event.internal.AbstractFlushingEventListener - Dirty checking collections
10:29:08.174 [main] DEBUG org.hibernate.engine.internal.Collections - Collection found: [com.joseph.entity.Client.orders#556], was: [<unreferenced>] (initialized)
10:29:08.174 [main] DEBUG org.hibernate.event.internal.AbstractFlushingEventListener - Flushed: 0 insertions, 0 updates, 0 deletions to 1 objects
10:29:08.174 [main] DEBUG org.hibernate.event.internal.AbstractFlushingEventListener - Flushed: 1 (re)creations, 0 updates, 0 removals to 1 collections
10:29:08.174 [main] DEBUG org.hibernate.internal.util.EntityPrinter - Listing entities:
10:29:08.174 [main] DEBUG org.hibernate.internal.util.EntityPrinter - com.joseph.entity.Client{nameclient=test, emailclient=test2@test.com, orders=[], idclient=556}
10:29:08.175 [main] DEBUG org.springframework.orm.jpa.JpaTransactionManager - Closing JPA EntityManager [SessionImpl(PersistenceContext[entityKeys=[EntityKey[com.joseph.entity.Client#556]],collectionKeys=[CollectionKey[com.joseph.entity.Client.orders#556]]];ActionQueue[insertions=ExecutableList{size=0} updates=ExecutableList{size=0} deletions=ExecutableList{size=0} orphanRemovals=ExecutableList{size=0} collectionCreations=ExecutableList{size=0} collectionRemovals=ExecutableList{size=0} collectionUpdates=ExecutableList{size=0} collectionQueuedOps=ExecutableList{size=0} unresolvedInsertDependencies=null])] after transaction
10:29:08.175 [main] DEBUG org.springframework.test.context.cache.DefaultCacheAwareContextLoaderDelegate - Retrieved ApplicationContext [2089016471] from cache with key [[MergedContextConfiguration@12f279b5 testClass = ClientServiceImplTest.parameterizedAndRepetedTest, locations = '{}', classes = '{class com.joseph.config.PersistenceJPAConfig}', contextInitializerClasses = '[]', activeProfiles = '{}', propertySourceLocations = '{}', propertySourceProperties = '{}', contextCustomizers = set[[empty]], contextLoader = 'org.springframework.test.context.support.DelegatingSmartContextLoader', parent = [null]]]
10:29:08.175 [main] DEBUG org.springframework.test.context.cache - Spring test ApplicationContext cache statistics: [DefaultContextCache@414f87a9 size = 1, maxSize = 32, parentContextCount = 0, hitCount = 34, missCount = 1]
10:29:08.204 [main] DEBUG org.springframework.orm.jpa.JpaTransactionManager - Creating new transaction with name [com.joseph.service.Impl.ClientServiceImpl.saveClient]: PROPAGATION_REQUIRED,ISOLATION_DEFAULT
10:29:08.204 [main] DEBUG org.springframework.orm.jpa.JpaTransactionManager - Opened new EntityManager [SessionImpl(PersistenceContext[entityKeys=[],collectionKeys=[]];ActionQueue[insertions=ExecutableList{size=0} updates=ExecutableList{size=0} deletions=ExecutableList{size=0} orphanRemovals=ExecutableList{size=0} collectionCreations=ExecutableList{size=0} collectionRemovals=ExecutableList{size=0} collectionUpdates=ExecutableList{size=0} collectionQueuedOps=ExecutableList{size=0} unresolvedInsertDependencies=null])] for JPA transaction
10:29:08.204 [main] DEBUG org.hibernate.engine.transaction.internal.TransactionImpl - begin
10:29:08.204 [main] DEBUG org.springframework.jdbc.datasource.DriverManagerDataSource - Creating new JDBC DriverManager Connection to [jdbc:mysql://localhost:3306/testcraftcore?useSSL=false&useTimezone=true&serverTimezone=UTC]
10:29:08.209 [main] DEBUG org.springframework.orm.jpa.JpaTransactionManager - Exposing JPA transaction as JDBC [org.springframework.orm.jpa.vendor.HibernateJpaDialect$HibernateConnectionHandle@77b3752b]
10:29:08.209 [main] DEBUG org.springframework.orm.jpa.JpaTransactionManager - Found thread-bound EntityManager [SessionImpl(PersistenceContext[entityKeys=[],collectionKeys=[]];ActionQueue[insertions=ExecutableList{size=0} updates=ExecutableList{size=0} deletions=ExecutableList{size=0} orphanRemovals=ExecutableList{size=0} collectionCreations=ExecutableList{size=0} collectionRemovals=ExecutableList{size=0} collectionUpdates=ExecutableList{size=0} collectionQueuedOps=ExecutableList{size=0} unresolvedInsertDependencies=null])] for JPA transaction
10:29:08.209 [main] DEBUG org.springframework.orm.jpa.JpaTransactionManager - Participating in existing transaction
10:29:08.212 [main] DEBUG org.hibernate.event.internal.DefaultMergeEventListener - EntityCopyObserver strategy: disallow
10:29:08.215 [main] DEBUG org.hibernate.loader.Loader - Loading entity: [com.joseph.entity.Client#556]
10:29:08.215 [main] DEBUG org.hibernate.SQL - select client0_.idclient as idclient1_0_1_, client0_.emailclient as emailcli2_0_1_, client0_.nameclient as nameclie3_0_1_, orders1_.idclient as idclient5_1_3_, orders1_.idorder as idorder1_1_3_, orders1_.idorder as idorder1_1_0_, orders1_.idclient as idclient5_1_0_, orders1_.dateorder as dateorde2_1_0_, orders1_.statusorder as statusor3_1_0_, orders1_.totalorder as totalord4_1_0_ from client client0_ left outer join order_table orders1_ on client0_.idclient=orders1_.idclient where client0_.idclient=?
10:29:08.217 [main] DEBUG org.hibernate.loader.Loader - Result set row: 0
10:29:08.218 [main] DEBUG org.hibernate.loader.Loader - Result row: null, EntityKey[com.joseph.entity.Client#556]
10:29:08.218 [main] DEBUG org.hibernate.loader.Loader - Result set contains (possibly empty) collection: [com.joseph.entity.Client.orders#556]
10:29:08.218 [main] DEBUG org.hibernate.engine.internal.TwoPhaseLoad - Resolving associations for [com.joseph.entity.Client#556]
10:29:08.218 [main] DEBUG org.hibernate.engine.internal.TwoPhaseLoad - Done materializing entity [com.joseph.entity.Client#556]
10:29:08.218 [main] DEBUG org.hibernate.engine.loading.internal.CollectionLoadContext - 1 collections were found in result set for role: com.joseph.entity.Client.orders
10:29:08.219 [main] DEBUG org.hibernate.engine.loading.internal.CollectionLoadContext - Collection fully initialized: [com.joseph.entity.Client.orders#556]
10:29:08.219 [main] DEBUG org.hibernate.engine.loading.internal.CollectionLoadContext - 1 collections initialized for role: com.joseph.entity.Client.orders
10:29:08.219 [main] DEBUG org.hibernate.loader.Loader - Done entity load
10:29:08.219 [main] DEBUG org.hibernate.engine.spi.CollectionEntry - Reset storedSnapshot to {} for CollectionEntry[com.joseph.entity.Client.orders#556]
10:29:08.219 [main] DEBUG org.springframework.orm.jpa.JpaTransactionManager - Initiating transaction commit
10:29:08.219 [main] DEBUG org.springframework.orm.jpa.JpaTransactionManager - Committing JPA transaction on EntityManager [SessionImpl(PersistenceContext[entityKeys=[EntityKey[com.joseph.entity.Client#556]],collectionKeys=[CollectionKey[com.joseph.entity.Client.orders#556]]];ActionQueue[insertions=ExecutableList{size=0} updates=ExecutableList{size=0} deletions=ExecutableList{size=0} orphanRemovals=ExecutableList{size=0} collectionCreations=ExecutableList{size=0} collectionRemovals=ExecutableList{size=0} collectionUpdates=ExecutableList{size=0} collectionQueuedOps=ExecutableList{size=0} unresolvedInsertDependencies=null])]
10:29:08.219 [main] DEBUG org.hibernate.engine.transaction.internal.TransactionImpl - committing
10:29:08.219 [main] DEBUG org.hibernate.event.internal.AbstractFlushingEventListener - Processing flush-time cascades
10:29:08.220 [main] DEBUG org.hibernate.event.internal.AbstractFlushingEventListener - Dirty checking collections
10:29:08.221 [main] DEBUG org.hibernate.engine.internal.Collections - Collection found: [com.joseph.entity.Client.orders#556], was: [com.joseph.entity.Client.orders#556] (initialized)
10:29:08.221 [main] DEBUG org.hibernate.event.internal.AbstractFlushingEventListener - Flushed: 0 insertions, 1 updates, 0 deletions to 1 objects
10:29:08.221 [main] DEBUG org.hibernate.event.internal.AbstractFlushingEventListener - Flushed: 0 (re)creations, 0 updates, 0 removals to 1 collections
10:29:08.221 [main] DEBUG org.hibernate.internal.util.EntityPrinter - Listing entities:
10:29:08.221 [main] DEBUG org.hibernate.internal.util.EntityPrinter - com.joseph.entity.Client{nameclient=client1Test, emailclient=test@test.com, orders=[], idclient=556}
10:29:08.221 [main] DEBUG org.hibernate.SQL - update client set emailclient=?, nameclient=? where idclient=?
10:29:08.224 [main] DEBUG org.springframework.orm.jpa.JpaTransactionManager - Closing JPA EntityManager [SessionImpl(PersistenceContext[entityKeys=[EntityKey[com.joseph.entity.Client#556]],collectionKeys=[CollectionKey[com.joseph.entity.Client.orders#556]]];ActionQueue[insertions=ExecutableList{size=0} updates=ExecutableList{size=0} deletions=ExecutableList{size=0} orphanRemovals=ExecutableList{size=0} collectionCreations=ExecutableList{size=0} collectionRemovals=ExecutableList{size=0} collectionUpdates=ExecutableList{size=0} collectionQueuedOps=ExecutableList{size=0} unresolvedInsertDependencies=null])] after transaction
10:29:08.225 [main] DEBUG org.springframework.orm.jpa.JpaTransactionManager - Creating new transaction with name [org.springframework.data.jpa.repository.support.SimpleJpaRepository.findAll]: PROPAGATION_REQUIRED,ISOLATION_DEFAULT,readOnly
10:29:08.225 [main] DEBUG org.springframework.orm.jpa.JpaTransactionManager - Opened new EntityManager [SessionImpl(PersistenceContext[entityKeys=[],collectionKeys=[]];ActionQueue[insertions=ExecutableList{size=0} updates=ExecutableList{size=0} deletions=ExecutableList{size=0} orphanRemovals=ExecutableList{size=0} collectionCreations=ExecutableList{size=0} collectionRemovals=ExecutableList{size=0} collectionUpdates=ExecutableList{size=0} collectionQueuedOps=ExecutableList{size=0} unresolvedInsertDependencies=null])] for JPA transaction
10:29:08.227 [main] DEBUG org.springframework.jdbc.datasource.DriverManagerDataSource - Creating new JDBC DriverManager Connection to [jdbc:mysql://localhost:3306/testcraftcore?useSSL=false&useTimezone=true&serverTimezone=UTC]
10:29:08.235 [main] DEBUG org.springframework.jdbc.datasource.DataSourceUtils - Setting JDBC Connection [com.mysql.cj.jdbc.ConnectionImpl@543d5863] read-only
10:29:08.235 [main] DEBUG org.hibernate.engine.transaction.internal.TransactionImpl - begin
10:29:08.236 [main] DEBUG org.springframework.orm.jpa.JpaTransactionManager - Exposing JPA transaction as JDBC [org.springframework.orm.jpa.vendor.HibernateJpaDialect$HibernateConnectionHandle@35dece42]
10:29:08.236 [main] DEBUG org.hibernate.query.criteria.internal.CriteriaQueryImpl - Rendered criteria query -> select generatedAlias0 from Client as generatedAlias0
10:29:08.237 [main] DEBUG org.hibernate.SQL - select client0_.idclient as idclient1_0_, client0_.emailclient as emailcli2_0_, client0_.nameclient as nameclie3_0_ from client client0_
10:29:08.238 [main] DEBUG org.hibernate.loader.Loader - Result set row: 0
10:29:08.238 [main] DEBUG org.hibernate.loader.Loader - Result row: EntityKey[com.joseph.entity.Client#554]
10:29:08.239 [main] DEBUG org.hibernate.loader.Loader - Result set row: 1
10:29:08.239 [main] DEBUG org.hibernate.loader.Loader - Result row: EntityKey[com.joseph.entity.Client#555]
10:29:08.239 [main] DEBUG org.hibernate.loader.Loader - Result set row: 2
10:29:08.239 [main] DEBUG org.hibernate.loader.Loader - Result row: EntityKey[com.joseph.entity.Client#556]
10:29:08.239 [main] DEBUG org.hibernate.engine.internal.TwoPhaseLoad - Resolving associations for [com.joseph.entity.Client#554]
10:29:08.240 [main] DEBUG org.hibernate.engine.internal.TwoPhaseLoad - Done materializing entity [com.joseph.entity.Client#554]
10:29:08.240 [main] DEBUG org.hibernate.engine.internal.TwoPhaseLoad - Resolving associations for [com.joseph.entity.Client#555]
10:29:08.240 [main] DEBUG org.hibernate.engine.internal.TwoPhaseLoad - Done materializing entity [com.joseph.entity.Client#555]
10:29:08.240 [main] DEBUG org.hibernate.engine.internal.TwoPhaseLoad - Resolving associations for [com.joseph.entity.Client#556]
10:29:08.240 [main] DEBUG org.hibernate.engine.internal.TwoPhaseLoad - Done materializing entity [com.joseph.entity.Client#556]
10:29:08.240 [main] DEBUG org.springframework.orm.jpa.JpaTransactionManager - Initiating transaction commit
10:29:08.240 [main] DEBUG org.springframework.orm.jpa.JpaTransactionManager - Committing JPA transaction on EntityManager [SessionImpl(PersistenceContext[entityKeys=[EntityKey[com.joseph.entity.Client#554], EntityKey[com.joseph.entity.Client#556], EntityKey[com.joseph.entity.Client#555]],collectionKeys=[CollectionKey[com.joseph.entity.Client.orders#554], CollectionKey[com.joseph.entity.Client.orders#555], CollectionKey[com.joseph.entity.Client.orders#556]]];ActionQueue[insertions=ExecutableList{size=0} updates=ExecutableList{size=0} deletions=ExecutableList{size=0} orphanRemovals=ExecutableList{size=0} collectionCreations=ExecutableList{size=0} collectionRemovals=ExecutableList{size=0} collectionUpdates=ExecutableList{size=0} collectionQueuedOps=ExecutableList{size=0} unresolvedInsertDependencies=null])]
10:29:08.240 [main] DEBUG org.hibernate.engine.transaction.internal.TransactionImpl - committing
10:29:08.241 [main] DEBUG org.springframework.jdbc.datasource.DataSourceUtils - Resetting read-only flag of JDBC Connection [com.mysql.cj.jdbc.ConnectionImpl@543d5863]
10:29:08.241 [main] DEBUG org.springframework.orm.jpa.JpaTransactionManager - Closing JPA EntityManager [SessionImpl(PersistenceContext[entityKeys=[EntityKey[com.joseph.entity.Client#554], EntityKey[com.joseph.entity.Client#556], EntityKey[com.joseph.entity.Client#555]],collectionKeys=[CollectionKey[com.joseph.entity.Client.orders#554], CollectionKey[com.joseph.entity.Client.orders#555], CollectionKey[com.joseph.entity.Client.orders#556]]];ActionQueue[insertions=ExecutableList{size=0} updates=ExecutableList{size=0} deletions=ExecutableList{size=0} orphanRemovals=ExecutableList{size=0} collectionCreations=ExecutableList{size=0} collectionRemovals=ExecutableList{size=0} collectionUpdates=ExecutableList{size=0} collectionQueuedOps=ExecutableList{size=0} unresolvedInsertDependencies=null])] after transaction
10:29:08.245 [main] DEBUG org.springframework.test.context.cache.DefaultCacheAwareContextLoaderDelegate - Retrieved ApplicationContext [2089016471] from cache with key [[MergedContextConfiguration@12f279b5 testClass = ClientServiceImplTest.parameterizedAndRepetedTest, locations = '{}', classes = '{class com.joseph.config.PersistenceJPAConfig}', contextInitializerClasses = '[]', activeProfiles = '{}', propertySourceLocations = '{}', propertySourceProperties = '{}', contextCustomizers = set[[empty]], contextLoader = 'org.springframework.test.context.support.DelegatingSmartContextLoader', parent = [null]]]
10:29:08.245 [main] DEBUG org.springframework.test.context.cache - Spring test ApplicationContext cache statistics: [DefaultContextCache@414f87a9 size = 1, maxSize = 32, parentContextCount = 0, hitCount = 35, missCount = 1]
10:29:08.245 [main] DEBUG org.springframework.orm.jpa.JpaTransactionManager - Creating new transaction with name [org.springframework.data.jpa.repository.support.SimpleJpaRepository.deleteAll]: PROPAGATION_REQUIRED,ISOLATION_DEFAULT
10:29:08.245 [main] DEBUG org.springframework.orm.jpa.JpaTransactionManager - Opened new EntityManager [SessionImpl(PersistenceContext[entityKeys=[],collectionKeys=[]];ActionQueue[insertions=ExecutableList{size=0} updates=ExecutableList{size=0} deletions=ExecutableList{size=0} orphanRemovals=ExecutableList{size=0} collectionCreations=ExecutableList{size=0} collectionRemovals=ExecutableList{size=0} collectionUpdates=ExecutableList{size=0} collectionQueuedOps=ExecutableList{size=0} unresolvedInsertDependencies=null])] for JPA transaction
10:29:08.246 [main] DEBUG org.hibernate.engine.transaction.internal.TransactionImpl - begin
10:29:08.246 [main] DEBUG org.springframework.jdbc.datasource.DriverManagerDataSource - Creating new JDBC DriverManager Connection to [jdbc:mysql://localhost:3306/testcraftcore?useSSL=false&useTimezone=true&serverTimezone=UTC]
10:29:08.251 [main] DEBUG org.springframework.orm.jpa.JpaTransactionManager - Exposing JPA transaction as JDBC [org.springframework.orm.jpa.vendor.HibernateJpaDialect$HibernateConnectionHandle@35650279]
10:29:08.252 [main] DEBUG org.hibernate.query.criteria.internal.CriteriaQueryImpl - Rendered criteria query -> select generatedAlias0 from Client as generatedAlias0
10:29:08.252 [main] DEBUG org.hibernate.SQL - select client0_.idclient as idclient1_0_, client0_.emailclient as emailcli2_0_, client0_.nameclient as nameclie3_0_ from client client0_
10:29:08.253 [main] DEBUG org.hibernate.loader.Loader - Result set row: 0
10:29:08.254 [main] DEBUG org.hibernate.loader.Loader - Result row: EntityKey[com.joseph.entity.Client#554]
10:29:08.254 [main] DEBUG org.hibernate.loader.Loader - Result set row: 1
10:29:08.254 [main] DEBUG org.hibernate.loader.Loader - Result row: EntityKey[com.joseph.entity.Client#555]
10:29:08.254 [main] DEBUG org.hibernate.loader.Loader - Result set row: 2
10:29:08.254 [main] DEBUG org.hibernate.loader.Loader - Result row: EntityKey[com.joseph.entity.Client#556]
10:29:08.254 [main] DEBUG org.hibernate.engine.internal.TwoPhaseLoad - Resolving associations for [com.joseph.entity.Client#554]
10:29:08.255 [main] DEBUG org.hibernate.engine.internal.TwoPhaseLoad - Done materializing entity [com.joseph.entity.Client#554]
10:29:08.255 [main] DEBUG org.hibernate.engine.internal.TwoPhaseLoad - Resolving associations for [com.joseph.entity.Client#555]
10:29:08.255 [main] DEBUG org.hibernate.engine.internal.TwoPhaseLoad - Done materializing entity [com.joseph.entity.Client#555]
10:29:08.255 [main] DEBUG org.hibernate.engine.internal.TwoPhaseLoad - Resolving associations for [com.joseph.entity.Client#556]
10:29:08.255 [main] DEBUG org.hibernate.engine.internal.TwoPhaseLoad - Done materializing entity [com.joseph.entity.Client#556]
10:29:08.255 [main] DEBUG org.hibernate.loader.collection.plan.AbstractLoadPlanBasedCollectionInitializer - Loading collection: [com.joseph.entity.Client.orders#554]
10:29:08.255 [main] DEBUG org.hibernate.SQL - select orders0_.idclient as idclient5_1_0_, orders0_.idorder as idorder1_1_0_, orders0_.idorder as idorder1_1_1_, orders0_.idclient as idclient5_1_1_, orders0_.dateorder as dateorde2_1_1_, orders0_.statusorder as statusor3_1_1_, orders0_.totalorder as totalord4_1_1_ from order_table orders0_ where orders0_.idclient=?
10:29:08.257 [main] DEBUG org.hibernate.loader.plan.exec.process.internal.ResultSetProcessorImpl - Preparing collection intializer : [com.joseph.entity.Client.orders#554]
10:29:08.257 [main] DEBUG org.hibernate.engine.loading.internal.CollectionLoadContext - 1 collections were found in result set for role: com.joseph.entity.Client.orders
10:29:08.257 [main] DEBUG org.hibernate.engine.loading.internal.CollectionLoadContext - Collection fully initialized: [com.joseph.entity.Client.orders#554]
10:29:08.258 [main] DEBUG org.hibernate.engine.loading.internal.CollectionLoadContext - 1 collections initialized for role: com.joseph.entity.Client.orders
10:29:08.258 [main] DEBUG org.hibernate.resource.jdbc.internal.ResourceRegistryStandardImpl - HHH000387: ResultSet's statement was not registered
10:29:08.258 [main] DEBUG org.hibernate.loader.collection.plan.AbstractLoadPlanBasedCollectionInitializer - Done loading collection
10:29:08.258 [main] DEBUG org.hibernate.loader.collection.plan.AbstractLoadPlanBasedCollectionInitializer - Loading collection: [com.joseph.entity.Client.orders#555]
10:29:08.258 [main] DEBUG org.hibernate.SQL - select orders0_.idclient as idclient5_1_0_, orders0_.idorder as idorder1_1_0_, orders0_.idorder as idorder1_1_1_, orders0_.idclient as idclient5_1_1_, orders0_.dateorder as dateorde2_1_1_, orders0_.statusorder as statusor3_1_1_, orders0_.totalorder as totalord4_1_1_ from order_table orders0_ where orders0_.idclient=?
10:29:08.260 [main] DEBUG org.hibernate.loader.plan.exec.process.internal.ResultSetProcessorImpl - Preparing collection intializer : [com.joseph.entity.Client.orders#555]
10:29:08.260 [main] DEBUG org.hibernate.engine.loading.internal.CollectionLoadContext - 1 collections were found in result set for role: com.joseph.entity.Client.orders
10:29:08.260 [main] DEBUG org.hibernate.engine.loading.internal.CollectionLoadContext - Collection fully initialized: [com.joseph.entity.Client.orders#555]
10:29:08.260 [main] DEBUG org.hibernate.engine.loading.internal.CollectionLoadContext - 1 collections initialized for role: com.joseph.entity.Client.orders
10:29:08.260 [main] DEBUG org.hibernate.resource.jdbc.internal.ResourceRegistryStandardImpl - HHH000387: ResultSet's statement was not registered
10:29:08.260 [main] DEBUG org.hibernate.loader.collection.plan.AbstractLoadPlanBasedCollectionInitializer - Done loading collection
10:29:08.261 [main] DEBUG org.hibernate.loader.collection.plan.AbstractLoadPlanBasedCollectionInitializer - Loading collection: [com.joseph.entity.Client.orders#556]
10:29:08.261 [main] DEBUG org.hibernate.SQL - select orders0_.idclient as idclient5_1_0_, orders0_.idorder as idorder1_1_0_, orders0_.idorder as idorder1_1_1_, orders0_.idclient as idclient5_1_1_, orders0_.dateorder as dateorde2_1_1_, orders0_.statusorder as statusor3_1_1_, orders0_.totalorder as totalord4_1_1_ from order_table orders0_ where orders0_.idclient=?
10:29:08.262 [main] DEBUG org.hibernate.loader.plan.exec.process.internal.ResultSetProcessorImpl - Preparing collection intializer : [com.joseph.entity.Client.orders#556]
10:29:08.262 [main] DEBUG org.hibernate.engine.loading.internal.CollectionLoadContext - 1 collections were found in result set for role: com.joseph.entity.Client.orders
10:29:08.262 [main] DEBUG org.hibernate.engine.loading.internal.CollectionLoadContext - Collection fully initialized: [com.joseph.entity.Client.orders#556]
10:29:08.263 [main] DEBUG org.hibernate.engine.loading.internal.CollectionLoadContext - 1 collections initialized for role: com.joseph.entity.Client.orders
10:29:08.263 [main] DEBUG org.hibernate.resource.jdbc.internal.ResourceRegistryStandardImpl - HHH000387: ResultSet's statement was not registered
10:29:08.263 [main] DEBUG org.hibernate.loader.collection.plan.AbstractLoadPlanBasedCollectionInitializer - Done loading collection
10:29:08.263 [main] DEBUG org.springframework.orm.jpa.JpaTransactionManager - Initiating transaction commit
10:29:08.263 [main] DEBUG org.springframework.orm.jpa.JpaTransactionManager - Committing JPA transaction on EntityManager [SessionImpl(PersistenceContext[entityKeys=[EntityKey[com.joseph.entity.Client#554], EntityKey[com.joseph.entity.Client#556], EntityKey[com.joseph.entity.Client#555]],collectionKeys=[CollectionKey[com.joseph.entity.Client.orders#554], CollectionKey[com.joseph.entity.Client.orders#555], CollectionKey[com.joseph.entity.Client.orders#556]]];ActionQueue[insertions=ExecutableList{size=0} updates=ExecutableList{size=0} deletions=ExecutableList{size=3} orphanRemovals=ExecutableList{size=0} collectionCreations=ExecutableList{size=0} collectionRemovals=ExecutableList{size=0} collectionUpdates=ExecutableList{size=0} collectionQueuedOps=ExecutableList{size=0} unresolvedInsertDependencies=null])]
10:29:08.263 [main] DEBUG org.hibernate.engine.transaction.internal.TransactionImpl - committing
10:29:08.263 [main] DEBUG org.hibernate.event.internal.AbstractFlushingEventListener - Processing flush-time cascades
10:29:08.263 [main] DEBUG org.hibernate.event.internal.AbstractFlushingEventListener - Dirty checking collections
10:29:08.263 [main] DEBUG org.hibernate.engine.internal.Collections - Collection dereferenced: [com.joseph.entity.Client.orders#554]
10:29:08.263 [main] DEBUG org.hibernate.engine.internal.Collections - Collection dereferenced: [com.joseph.entity.Client.orders#555]
10:29:08.264 [main] DEBUG org.hibernate.engine.internal.Collections - Collection dereferenced: [com.joseph.entity.Client.orders#556]
10:29:08.264 [main] DEBUG org.hibernate.event.internal.AbstractFlushingEventListener - Flushed: 0 insertions, 0 updates, 3 deletions to 3 objects
10:29:08.264 [main] DEBUG org.hibernate.event.internal.AbstractFlushingEventListener - Flushed: 0 (re)creations, 0 updates, 3 removals to 3 collections
10:29:08.264 [main] DEBUG org.hibernate.internal.util.EntityPrinter - Listing entities:
10:29:08.264 [main] DEBUG org.hibernate.internal.util.EntityPrinter - com.joseph.entity.Client{nameclient=test, emailclient=test@test.com, orders=[], idclient=554}
10:29:08.264 [main] DEBUG org.hibernate.internal.util.EntityPrinter - com.joseph.entity.Client{nameclient=client1Test, emailclient=test@test.com, orders=[], idclient=556}
10:29:08.264 [main] DEBUG org.hibernate.internal.util.EntityPrinter - com.joseph.entity.Client{nameclient=test, emailclient=test1@test.com, orders=[], idclient=555}
10:29:08.264 [main] DEBUG org.hibernate.SQL - delete from client where idclient=?
10:29:08.265 [main] DEBUG org.hibernate.SQL - delete from client where idclient=?
10:29:08.266 [main] DEBUG org.hibernate.SQL - delete from client where idclient=?
10:29:08.268 [main] DEBUG org.springframework.orm.jpa.JpaTransactionManager - Closing JPA EntityManager [SessionImpl(PersistenceContext[entityKeys=[],collectionKeys=[]];ActionQueue[insertions=ExecutableList{size=0} updates=ExecutableList{size=0} deletions=ExecutableList{size=0} orphanRemovals=ExecutableList{size=0} collectionCreations=ExecutableList{size=0} collectionRemovals=ExecutableList{size=0} collectionUpdates=ExecutableList{size=0} collectionQueuedOps=ExecutableList{size=0} unresolvedInsertDependencies=null])] after transaction
10:29:08.268 [main] DEBUG org.hibernate.engine.jdbc.internal.JdbcCoordinatorImpl - HHH000420: Closing un-released batch
10:29:08.269 [main] DEBUG org.springframework.test.context.cache.DefaultCacheAwareContextLoaderDelegate - Retrieved ApplicationContext [2089016471] from cache with key [[MergedContextConfiguration@12f279b5 testClass = ClientServiceImplTest.parameterizedAndRepetedTest, locations = '{}', classes = '{class com.joseph.config.PersistenceJPAConfig}', contextInitializerClasses = '[]', activeProfiles = '{}', propertySourceLocations = '{}', propertySourceProperties = '{}', contextCustomizers = set[[empty]], contextLoader = 'org.springframework.test.context.support.DelegatingSmartContextLoader', parent = [null]]]
10:29:08.269 [main] DEBUG org.springframework.test.context.cache - Spring test ApplicationContext cache statistics: [DefaultContextCache@414f87a9 size = 1, maxSize = 32, parentContextCount = 0, hitCount = 36, missCount = 1]
10:29:08.270 [main] DEBUG org.springframework.test.context.support.AbstractDirtiesContextTestExecutionListener - After test method: context [DefaultTestContext@2a47597 testClass = ClientServiceImplTest.parameterizedAndRepetedTest, testInstance = com.joseph.service.Impl.ClientServiceImplTest$parameterizedAndRepetedTest@4f116ca2, testMethod = saveClientWithParameterizedData@ClientServiceImplTest.parameterizedAndRepetedTest, testException = [null], mergedContextConfiguration = [MergedContextConfiguration@12f279b5 testClass = ClientServiceImplTest.parameterizedAndRepetedTest, locations = '{}', classes = '{class com.joseph.config.PersistenceJPAConfig}', contextInitializerClasses = '[]', activeProfiles = '{}', propertySourceLocations = '{}', propertySourceProperties = '{}', contextCustomizers = set[[empty]], contextLoader = 'org.springframework.test.context.support.DelegatingSmartContextLoader', parent = [null]], attributes = map[[empty]]], class annotated with @DirtiesContext [false] with mode [null], method annotated with @DirtiesContext [false] with mode [null].
]]></system-out>
  </testcase>
  <testcase name="saveClientWithParameterizedData(String, String)[2]" classname="com.joseph.service.Impl.ClientServiceImplTest$parameterizedAndRepetedTest" time="0.08">
    <system-out><![CDATA[10:29:08.275 [main] DEBUG org.springframework.test.context.support.DependencyInjectionTestExecutionListener - Performing dependency injection for test context [[DefaultTestContext@6913c1fb testClass = ClientServiceImplTest, testInstance = com.joseph.service.Impl.ClientServiceImplTest@61191222, testMethod = [null], testException = [null], mergedContextConfiguration = [MergedContextConfiguration@66d18979 testClass = ClientServiceImplTest, locations = '{}', classes = '{class com.joseph.config.PersistenceJPAConfig}', contextInitializerClasses = '[]', activeProfiles = '{}', propertySourceLocations = '{}', propertySourceProperties = '{}', contextCustomizers = set[[empty]], contextLoader = 'org.springframework.test.context.support.DelegatingSmartContextLoader', parent = [null]], attributes = map[[empty]]]].
10:29:08.275 [main] DEBUG org.springframework.test.context.cache.DefaultCacheAwareContextLoaderDelegate - Retrieved ApplicationContext [2089016471] from cache with key [[MergedContextConfiguration@66d18979 testClass = ClientServiceImplTest, locations = '{}', classes = '{class com.joseph.config.PersistenceJPAConfig}', contextInitializerClasses = '[]', activeProfiles = '{}', propertySourceLocations = '{}', propertySourceProperties = '{}', contextCustomizers = set[[empty]], contextLoader = 'org.springframework.test.context.support.DelegatingSmartContextLoader', parent = [null]]]
10:29:08.275 [main] DEBUG org.springframework.test.context.cache - Spring test ApplicationContext cache statistics: [DefaultContextCache@414f87a9 size = 1, maxSize = 32, parentContextCount = 0, hitCount = 37, missCount = 1]
10:29:08.276 [main] DEBUG org.springframework.test.context.cache.DefaultCacheAwareContextLoaderDelegate - Retrieved ApplicationContext [2089016471] from cache with key [[MergedContextConfiguration@66d18979 testClass = ClientServiceImplTest, locations = '{}', classes = '{class com.joseph.config.PersistenceJPAConfig}', contextInitializerClasses = '[]', activeProfiles = '{}', propertySourceLocations = '{}', propertySourceProperties = '{}', contextCustomizers = set[[empty]], contextLoader = 'org.springframework.test.context.support.DelegatingSmartContextLoader', parent = [null]]]
10:29:08.276 [main] DEBUG org.springframework.test.context.cache - Spring test ApplicationContext cache statistics: [DefaultContextCache@414f87a9 size = 1, maxSize = 32, parentContextCount = 0, hitCount = 38, missCount = 1]
10:29:08.276 [main] DEBUG org.springframework.test.context.support.DependencyInjectionTestExecutionListener - Performing dependency injection for test context [[DefaultTestContext@2a47597 testClass = ClientServiceImplTest.parameterizedAndRepetedTest, testInstance = com.joseph.service.Impl.ClientServiceImplTest$parameterizedAndRepetedTest@58833798, testMethod = [null], testException = [null], mergedContextConfiguration = [MergedContextConfiguration@12f279b5 testClass = ClientServiceImplTest.parameterizedAndRepetedTest, locations = '{}', classes = '{class com.joseph.config.PersistenceJPAConfig}', contextInitializerClasses = '[]', activeProfiles = '{}', propertySourceLocations = '{}', propertySourceProperties = '{}', contextCustomizers = set[[empty]], contextLoader = 'org.springframework.test.context.support.DelegatingSmartContextLoader', parent = [null]], attributes = map[[empty]]]].
10:29:08.277 [main] DEBUG org.springframework.test.context.cache.DefaultCacheAwareContextLoaderDelegate - Retrieved ApplicationContext [2089016471] from cache with key [[MergedContextConfiguration@12f279b5 testClass = ClientServiceImplTest.parameterizedAndRepetedTest, locations = '{}', classes = '{class com.joseph.config.PersistenceJPAConfig}', contextInitializerClasses = '[]', activeProfiles = '{}', propertySourceLocations = '{}', propertySourceProperties = '{}', contextCustomizers = set[[empty]], contextLoader = 'org.springframework.test.context.support.DelegatingSmartContextLoader', parent = [null]]]
10:29:08.277 [main] DEBUG org.springframework.test.context.cache - Spring test ApplicationContext cache statistics: [DefaultContextCache@414f87a9 size = 1, maxSize = 32, parentContextCount = 0, hitCount = 39, missCount = 1]
10:29:08.277 [main] DEBUG org.springframework.test.context.cache.DefaultCacheAwareContextLoaderDelegate - Retrieved ApplicationContext [2089016471] from cache with key [[MergedContextConfiguration@12f279b5 testClass = ClientServiceImplTest.parameterizedAndRepetedTest, locations = '{}', classes = '{class com.joseph.config.PersistenceJPAConfig}', contextInitializerClasses = '[]', activeProfiles = '{}', propertySourceLocations = '{}', propertySourceProperties = '{}', contextCustomizers = set[[empty]], contextLoader = 'org.springframework.test.context.support.DelegatingSmartContextLoader', parent = [null]]]
10:29:08.277 [main] DEBUG org.springframework.test.context.cache - Spring test ApplicationContext cache statistics: [DefaultContextCache@414f87a9 size = 1, maxSize = 32, parentContextCount = 0, hitCount = 40, missCount = 1]
10:29:08.279 [main] DEBUG org.springframework.test.context.support.AbstractDirtiesContextTestExecutionListener - Before test method: context [DefaultTestContext@2a47597 testClass = ClientServiceImplTest.parameterizedAndRepetedTest, testInstance = com.joseph.service.Impl.ClientServiceImplTest$parameterizedAndRepetedTest@58833798, testMethod = saveClientWithParameterizedData@ClientServiceImplTest.parameterizedAndRepetedTest, testException = [null], mergedContextConfiguration = [MergedContextConfiguration@12f279b5 testClass = ClientServiceImplTest.parameterizedAndRepetedTest, locations = '{}', classes = '{class com.joseph.config.PersistenceJPAConfig}', contextInitializerClasses = '[]', activeProfiles = '{}', propertySourceLocations = '{}', propertySourceProperties = '{}', contextCustomizers = set[[empty]], contextLoader = 'org.springframework.test.context.support.DelegatingSmartContextLoader', parent = [null]], attributes = map[[empty]]], class annotated with @DirtiesContext [false] with mode [null], method annotated with @DirtiesContext [false] with mode [null].
10:29:08.280 [main] DEBUG org.springframework.test.context.cache.DefaultCacheAwareContextLoaderDelegate - Retrieved ApplicationContext [2089016471] from cache with key [[MergedContextConfiguration@12f279b5 testClass = ClientServiceImplTest.parameterizedAndRepetedTest, locations = '{}', classes = '{class com.joseph.config.PersistenceJPAConfig}', contextInitializerClasses = '[]', activeProfiles = '{}', propertySourceLocations = '{}', propertySourceProperties = '{}', contextCustomizers = set[[empty]], contextLoader = 'org.springframework.test.context.support.DelegatingSmartContextLoader', parent = [null]]]
10:29:08.280 [main] DEBUG org.springframework.test.context.cache - Spring test ApplicationContext cache statistics: [DefaultContextCache@414f87a9 size = 1, maxSize = 32, parentContextCount = 0, hitCount = 41, missCount = 1]
10:29:08.281 [main] DEBUG org.springframework.orm.jpa.JpaTransactionManager - Creating new transaction with name [org.springframework.data.jpa.repository.support.SimpleJpaRepository.deleteAll]: PROPAGATION_REQUIRED,ISOLATION_DEFAULT
10:29:08.281 [main] DEBUG org.springframework.orm.jpa.JpaTransactionManager - Opened new EntityManager [SessionImpl(PersistenceContext[entityKeys=[],collectionKeys=[]];ActionQueue[insertions=ExecutableList{size=0} updates=ExecutableList{size=0} deletions=ExecutableList{size=0} orphanRemovals=ExecutableList{size=0} collectionCreations=ExecutableList{size=0} collectionRemovals=ExecutableList{size=0} collectionUpdates=ExecutableList{size=0} collectionQueuedOps=ExecutableList{size=0} unresolvedInsertDependencies=null])] for JPA transaction
10:29:08.281 [main] DEBUG org.hibernate.engine.transaction.internal.TransactionImpl - begin
10:29:08.281 [main] DEBUG org.springframework.jdbc.datasource.DriverManagerDataSource - Creating new JDBC DriverManager Connection to [jdbc:mysql://localhost:3306/testcraftcore?useSSL=false&useTimezone=true&serverTimezone=UTC]
10:29:08.286 [main] DEBUG org.springframework.orm.jpa.JpaTransactionManager - Exposing JPA transaction as JDBC [org.springframework.orm.jpa.vendor.HibernateJpaDialect$HibernateConnectionHandle@4d464510]
10:29:08.287 [main] DEBUG org.hibernate.query.criteria.internal.CriteriaQueryImpl - Rendered criteria query -> select generatedAlias0 from Client as generatedAlias0
10:29:08.287 [main] DEBUG org.hibernate.SQL - select client0_.idclient as idclient1_0_, client0_.emailclient as emailcli2_0_, client0_.nameclient as nameclie3_0_ from client client0_
10:29:08.288 [main] DEBUG org.springframework.orm.jpa.JpaTransactionManager - Initiating transaction commit
10:29:08.289 [main] DEBUG org.springframework.orm.jpa.JpaTransactionManager - Committing JPA transaction on EntityManager [SessionImpl(PersistenceContext[entityKeys=[],collectionKeys=[]];ActionQueue[insertions=ExecutableList{size=0} updates=ExecutableList{size=0} deletions=ExecutableList{size=0} orphanRemovals=ExecutableList{size=0} collectionCreations=ExecutableList{size=0} collectionRemovals=ExecutableList{size=0} collectionUpdates=ExecutableList{size=0} collectionQueuedOps=ExecutableList{size=0} unresolvedInsertDependencies=null])]
10:29:08.289 [main] DEBUG org.hibernate.engine.transaction.internal.TransactionImpl - committing
10:29:08.289 [main] DEBUG org.springframework.orm.jpa.JpaTransactionManager - Closing JPA EntityManager [SessionImpl(PersistenceContext[entityKeys=[],collectionKeys=[]];ActionQueue[insertions=ExecutableList{size=0} updates=ExecutableList{size=0} deletions=ExecutableList{size=0} orphanRemovals=ExecutableList{size=0} collectionCreations=ExecutableList{size=0} collectionRemovals=ExecutableList{size=0} collectionUpdates=ExecutableList{size=0} collectionQueuedOps=ExecutableList{size=0} unresolvedInsertDependencies=null])] after transaction
10:29:08.290 [main] DEBUG org.springframework.orm.jpa.JpaTransactionManager - Creating new transaction with name [org.springframework.data.jpa.repository.support.SimpleJpaRepository.save]: PROPAGATION_REQUIRED,ISOLATION_DEFAULT
10:29:08.290 [main] DEBUG org.springframework.orm.jpa.JpaTransactionManager - Opened new EntityManager [SessionImpl(PersistenceContext[entityKeys=[],collectionKeys=[]];ActionQueue[insertions=ExecutableList{size=0} updates=ExecutableList{size=0} deletions=ExecutableList{size=0} orphanRemovals=ExecutableList{size=0} collectionCreations=ExecutableList{size=0} collectionRemovals=ExecutableList{size=0} collectionUpdates=ExecutableList{size=0} collectionQueuedOps=ExecutableList{size=0} unresolvedInsertDependencies=null])] for JPA transaction
10:29:08.290 [main] DEBUG org.hibernate.engine.transaction.internal.TransactionImpl - begin
10:29:08.290 [main] DEBUG org.springframework.jdbc.datasource.DriverManagerDataSource - Creating new JDBC DriverManager Connection to [jdbc:mysql://localhost:3306/testcraftcore?useSSL=false&useTimezone=true&serverTimezone=UTC]
10:29:08.294 [main] DEBUG org.springframework.orm.jpa.JpaTransactionManager - Exposing JPA transaction as JDBC [org.springframework.orm.jpa.vendor.HibernateJpaDialect$HibernateConnectionHandle@77724cbe]
10:29:08.295 [main] DEBUG org.hibernate.engine.spi.ActionQueue - Executing identity-insert immediately
10:29:08.295 [main] DEBUG org.hibernate.SQL - insert into client (emailclient, nameclient) values (?, ?)
10:29:08.296 [main] DEBUG org.hibernate.id.IdentifierGeneratorHelper - Natively generated identity: 557
10:29:08.296 [main] DEBUG org.hibernate.resource.jdbc.internal.ResourceRegistryStandardImpl - HHH000387: ResultSet's statement was not registered
10:29:08.296 [main] DEBUG org.springframework.orm.jpa.JpaTransactionManager - Initiating transaction commit
10:29:08.296 [main] DEBUG org.springframework.orm.jpa.JpaTransactionManager - Committing JPA transaction on EntityManager [SessionImpl(PersistenceContext[entityKeys=[EntityKey[com.joseph.entity.Client#557]],collectionKeys=[]];ActionQueue[insertions=ExecutableList{size=0} updates=ExecutableList{size=0} deletions=ExecutableList{size=0} orphanRemovals=ExecutableList{size=0} collectionCreations=ExecutableList{size=0} collectionRemovals=ExecutableList{size=0} collectionUpdates=ExecutableList{size=0} collectionQueuedOps=ExecutableList{size=0} unresolvedInsertDependencies=null])]
10:29:08.296 [main] DEBUG org.hibernate.engine.transaction.internal.TransactionImpl - committing
10:29:08.296 [main] DEBUG org.hibernate.event.internal.AbstractFlushingEventListener - Processing flush-time cascades
10:29:08.296 [main] DEBUG org.hibernate.event.internal.AbstractFlushingEventListener - Dirty checking collections
10:29:08.296 [main] DEBUG org.hibernate.engine.internal.Collections - Collection found: [com.joseph.entity.Client.orders#557], was: [<unreferenced>] (initialized)
10:29:08.297 [main] DEBUG org.hibernate.event.internal.AbstractFlushingEventListener - Flushed: 0 insertions, 0 updates, 0 deletions to 1 objects
10:29:08.297 [main] DEBUG org.hibernate.event.internal.AbstractFlushingEventListener - Flushed: 1 (re)creations, 0 updates, 0 removals to 1 collections
10:29:08.297 [main] DEBUG org.hibernate.internal.util.EntityPrinter - Listing entities:
10:29:08.297 [main] DEBUG org.hibernate.internal.util.EntityPrinter - com.joseph.entity.Client{nameclient=test, emailclient=test@test.com, orders=[], idclient=557}
10:29:08.297 [main] DEBUG org.springframework.orm.jpa.JpaTransactionManager - Closing JPA EntityManager [SessionImpl(PersistenceContext[entityKeys=[EntityKey[com.joseph.entity.Client#557]],collectionKeys=[CollectionKey[com.joseph.entity.Client.orders#557]]];ActionQueue[insertions=ExecutableList{size=0} updates=ExecutableList{size=0} deletions=ExecutableList{size=0} orphanRemovals=ExecutableList{size=0} collectionCreations=ExecutableList{size=0} collectionRemovals=ExecutableList{size=0} collectionUpdates=ExecutableList{size=0} collectionQueuedOps=ExecutableList{size=0} unresolvedInsertDependencies=null])] after transaction
10:29:08.298 [main] DEBUG org.springframework.orm.jpa.JpaTransactionManager - Creating new transaction with name [org.springframework.data.jpa.repository.support.SimpleJpaRepository.save]: PROPAGATION_REQUIRED,ISOLATION_DEFAULT
10:29:08.298 [main] DEBUG org.springframework.orm.jpa.JpaTransactionManager - Opened new EntityManager [SessionImpl(PersistenceContext[entityKeys=[],collectionKeys=[]];ActionQueue[insertions=ExecutableList{size=0} updates=ExecutableList{size=0} deletions=ExecutableList{size=0} orphanRemovals=ExecutableList{size=0} collectionCreations=ExecutableList{size=0} collectionRemovals=ExecutableList{size=0} collectionUpdates=ExecutableList{size=0} collectionQueuedOps=ExecutableList{size=0} unresolvedInsertDependencies=null])] for JPA transaction
10:29:08.298 [main] DEBUG org.hibernate.engine.transaction.internal.TransactionImpl - begin
10:29:08.298 [main] DEBUG org.springframework.jdbc.datasource.DriverManagerDataSource - Creating new JDBC DriverManager Connection to [jdbc:mysql://localhost:3306/testcraftcore?useSSL=false&useTimezone=true&serverTimezone=UTC]
10:29:08.303 [main] DEBUG org.springframework.orm.jpa.JpaTransactionManager - Exposing JPA transaction as JDBC [org.springframework.orm.jpa.vendor.HibernateJpaDialect$HibernateConnectionHandle@661d6bb6]
10:29:08.303 [main] DEBUG org.hibernate.engine.spi.ActionQueue - Executing identity-insert immediately
10:29:08.303 [main] DEBUG org.hibernate.SQL - insert into client (emailclient, nameclient) values (?, ?)
10:29:08.304 [main] DEBUG org.hibernate.id.IdentifierGeneratorHelper - Natively generated identity: 558
10:29:08.304 [main] DEBUG org.hibernate.resource.jdbc.internal.ResourceRegistryStandardImpl - HHH000387: ResultSet's statement was not registered
10:29:08.304 [main] DEBUG org.springframework.orm.jpa.JpaTransactionManager - Initiating transaction commit
10:29:08.304 [main] DEBUG org.springframework.orm.jpa.JpaTransactionManager - Committing JPA transaction on EntityManager [SessionImpl(PersistenceContext[entityKeys=[EntityKey[com.joseph.entity.Client#558]],collectionKeys=[]];ActionQueue[insertions=ExecutableList{size=0} updates=ExecutableList{size=0} deletions=ExecutableList{size=0} orphanRemovals=ExecutableList{size=0} collectionCreations=ExecutableList{size=0} collectionRemovals=ExecutableList{size=0} collectionUpdates=ExecutableList{size=0} collectionQueuedOps=ExecutableList{size=0} unresolvedInsertDependencies=null])]
10:29:08.304 [main] DEBUG org.hibernate.engine.transaction.internal.TransactionImpl - committing
10:29:08.305 [main] DEBUG org.hibernate.event.internal.AbstractFlushingEventListener - Processing flush-time cascades
10:29:08.305 [main] DEBUG org.hibernate.event.internal.AbstractFlushingEventListener - Dirty checking collections
10:29:08.305 [main] DEBUG org.hibernate.engine.internal.Collections - Collection found: [com.joseph.entity.Client.orders#558], was: [<unreferenced>] (initialized)
10:29:08.305 [main] DEBUG org.hibernate.event.internal.AbstractFlushingEventListener - Flushed: 0 insertions, 0 updates, 0 deletions to 1 objects
10:29:08.305 [main] DEBUG org.hibernate.event.internal.AbstractFlushingEventListener - Flushed: 1 (re)creations, 0 updates, 0 removals to 1 collections
10:29:08.305 [main] DEBUG org.hibernate.internal.util.EntityPrinter - Listing entities:
10:29:08.305 [main] DEBUG org.hibernate.internal.util.EntityPrinter - com.joseph.entity.Client{nameclient=test, emailclient=test1@test.com, orders=[], idclient=558}
10:29:08.306 [main] DEBUG org.springframework.orm.jpa.JpaTransactionManager - Closing JPA EntityManager [SessionImpl(PersistenceContext[entityKeys=[EntityKey[com.joseph.entity.Client#558]],collectionKeys=[CollectionKey[com.joseph.entity.Client.orders#558]]];ActionQueue[insertions=ExecutableList{size=0} updates=ExecutableList{size=0} deletions=ExecutableList{size=0} orphanRemovals=ExecutableList{size=0} collectionCreations=ExecutableList{size=0} collectionRemovals=ExecutableList{size=0} collectionUpdates=ExecutableList{size=0} collectionQueuedOps=ExecutableList{size=0} unresolvedInsertDependencies=null])] after transaction
10:29:08.306 [main] DEBUG org.springframework.orm.jpa.JpaTransactionManager - Creating new transaction with name [org.springframework.data.jpa.repository.support.SimpleJpaRepository.save]: PROPAGATION_REQUIRED,ISOLATION_DEFAULT
10:29:08.307 [main] DEBUG org.springframework.orm.jpa.JpaTransactionManager - Opened new EntityManager [SessionImpl(PersistenceContext[entityKeys=[],collectionKeys=[]];ActionQueue[insertions=ExecutableList{size=0} updates=ExecutableList{size=0} deletions=ExecutableList{size=0} orphanRemovals=ExecutableList{size=0} collectionCreations=ExecutableList{size=0} collectionRemovals=ExecutableList{size=0} collectionUpdates=ExecutableList{size=0} collectionQueuedOps=ExecutableList{size=0} unresolvedInsertDependencies=null])] for JPA transaction
10:29:08.307 [main] DEBUG org.hibernate.engine.transaction.internal.TransactionImpl - begin
10:29:08.307 [main] DEBUG org.springframework.jdbc.datasource.DriverManagerDataSource - Creating new JDBC DriverManager Connection to [jdbc:mysql://localhost:3306/testcraftcore?useSSL=false&useTimezone=true&serverTimezone=UTC]
10:29:08.311 [main] DEBUG org.springframework.orm.jpa.JpaTransactionManager - Exposing JPA transaction as JDBC [org.springframework.orm.jpa.vendor.HibernateJpaDialect$HibernateConnectionHandle@12417468]
10:29:08.311 [main] DEBUG org.hibernate.engine.spi.ActionQueue - Executing identity-insert immediately
10:29:08.311 [main] DEBUG org.hibernate.SQL - insert into client (emailclient, nameclient) values (?, ?)
10:29:08.312 [main] DEBUG org.hibernate.id.IdentifierGeneratorHelper - Natively generated identity: 559
10:29:08.312 [main] DEBUG org.hibernate.resource.jdbc.internal.ResourceRegistryStandardImpl - HHH000387: ResultSet's statement was not registered
10:29:08.312 [main] DEBUG org.springframework.orm.jpa.JpaTransactionManager - Initiating transaction commit
10:29:08.312 [main] DEBUG org.springframework.orm.jpa.JpaTransactionManager - Committing JPA transaction on EntityManager [SessionImpl(PersistenceContext[entityKeys=[EntityKey[com.joseph.entity.Client#559]],collectionKeys=[]];ActionQueue[insertions=ExecutableList{size=0} updates=ExecutableList{size=0} deletions=ExecutableList{size=0} orphanRemovals=ExecutableList{size=0} collectionCreations=ExecutableList{size=0} collectionRemovals=ExecutableList{size=0} collectionUpdates=ExecutableList{size=0} collectionQueuedOps=ExecutableList{size=0} unresolvedInsertDependencies=null])]
10:29:08.313 [main] DEBUG org.hibernate.engine.transaction.internal.TransactionImpl - committing
10:29:08.313 [main] DEBUG org.hibernate.event.internal.AbstractFlushingEventListener - Processing flush-time cascades
10:29:08.313 [main] DEBUG org.hibernate.event.internal.AbstractFlushingEventListener - Dirty checking collections
10:29:08.313 [main] DEBUG org.hibernate.engine.internal.Collections - Collection found: [com.joseph.entity.Client.orders#559], was: [<unreferenced>] (initialized)
10:29:08.313 [main] DEBUG org.hibernate.event.internal.AbstractFlushingEventListener - Flushed: 0 insertions, 0 updates, 0 deletions to 1 objects
10:29:08.313 [main] DEBUG org.hibernate.event.internal.AbstractFlushingEventListener - Flushed: 1 (re)creations, 0 updates, 0 removals to 1 collections
10:29:08.313 [main] DEBUG org.hibernate.internal.util.EntityPrinter - Listing entities:
10:29:08.313 [main] DEBUG org.hibernate.internal.util.EntityPrinter - com.joseph.entity.Client{nameclient=test, emailclient=test2@test.com, orders=[], idclient=559}
10:29:08.314 [main] DEBUG org.springframework.orm.jpa.JpaTransactionManager - Closing JPA EntityManager [SessionImpl(PersistenceContext[entityKeys=[EntityKey[com.joseph.entity.Client#559]],collectionKeys=[CollectionKey[com.joseph.entity.Client.orders#559]]];ActionQueue[insertions=ExecutableList{size=0} updates=ExecutableList{size=0} deletions=ExecutableList{size=0} orphanRemovals=ExecutableList{size=0} collectionCreations=ExecutableList{size=0} collectionRemovals=ExecutableList{size=0} collectionUpdates=ExecutableList{size=0} collectionQueuedOps=ExecutableList{size=0} unresolvedInsertDependencies=null])] after transaction
10:29:08.315 [main] DEBUG org.springframework.test.context.cache.DefaultCacheAwareContextLoaderDelegate - Retrieved ApplicationContext [2089016471] from cache with key [[MergedContextConfiguration@12f279b5 testClass = ClientServiceImplTest.parameterizedAndRepetedTest, locations = '{}', classes = '{class com.joseph.config.PersistenceJPAConfig}', contextInitializerClasses = '[]', activeProfiles = '{}', propertySourceLocations = '{}', propertySourceProperties = '{}', contextCustomizers = set[[empty]], contextLoader = 'org.springframework.test.context.support.DelegatingSmartContextLoader', parent = [null]]]
10:29:08.315 [main] DEBUG org.springframework.test.context.cache - Spring test ApplicationContext cache statistics: [DefaultContextCache@414f87a9 size = 1, maxSize = 32, parentContextCount = 0, hitCount = 42, missCount = 1]
10:29:08.316 [main] DEBUG org.springframework.orm.jpa.JpaTransactionManager - Creating new transaction with name [com.joseph.service.Impl.ClientServiceImpl.saveClient]: PROPAGATION_REQUIRED,ISOLATION_DEFAULT
10:29:08.316 [main] DEBUG org.springframework.orm.jpa.JpaTransactionManager - Opened new EntityManager [SessionImpl(PersistenceContext[entityKeys=[],collectionKeys=[]];ActionQueue[insertions=ExecutableList{size=0} updates=ExecutableList{size=0} deletions=ExecutableList{size=0} orphanRemovals=ExecutableList{size=0} collectionCreations=ExecutableList{size=0} collectionRemovals=ExecutableList{size=0} collectionUpdates=ExecutableList{size=0} collectionQueuedOps=ExecutableList{size=0} unresolvedInsertDependencies=null])] for JPA transaction
10:29:08.316 [main] DEBUG org.hibernate.engine.transaction.internal.TransactionImpl - begin
10:29:08.316 [main] DEBUG org.springframework.jdbc.datasource.DriverManagerDataSource - Creating new JDBC DriverManager Connection to [jdbc:mysql://localhost:3306/testcraftcore?useSSL=false&useTimezone=true&serverTimezone=UTC]
10:29:08.320 [main] DEBUG org.springframework.orm.jpa.JpaTransactionManager - Exposing JPA transaction as JDBC [org.springframework.orm.jpa.vendor.HibernateJpaDialect$HibernateConnectionHandle@28cd2c2]
10:29:08.320 [main] DEBUG org.springframework.orm.jpa.JpaTransactionManager - Found thread-bound EntityManager [SessionImpl(PersistenceContext[entityKeys=[],collectionKeys=[]];ActionQueue[insertions=ExecutableList{size=0} updates=ExecutableList{size=0} deletions=ExecutableList{size=0} orphanRemovals=ExecutableList{size=0} collectionCreations=ExecutableList{size=0} collectionRemovals=ExecutableList{size=0} collectionUpdates=ExecutableList{size=0} collectionQueuedOps=ExecutableList{size=0} unresolvedInsertDependencies=null])] for JPA transaction
10:29:08.320 [main] DEBUG org.springframework.orm.jpa.JpaTransactionManager - Participating in existing transaction
10:29:08.321 [main] DEBUG org.hibernate.loader.Loader - Loading entity: [com.joseph.entity.Client#559]
10:29:08.321 [main] DEBUG org.hibernate.SQL - select client0_.idclient as idclient1_0_1_, client0_.emailclient as emailcli2_0_1_, client0_.nameclient as nameclie3_0_1_, orders1_.idclient as idclient5_1_3_, orders1_.idorder as idorder1_1_3_, orders1_.idorder as idorder1_1_0_, orders1_.idclient as idclient5_1_0_, orders1_.dateorder as dateorde2_1_0_, orders1_.statusorder as statusor3_1_0_, orders1_.totalorder as totalord4_1_0_ from client client0_ left outer join order_table orders1_ on client0_.idclient=orders1_.idclient where client0_.idclient=?
10:29:08.322 [main] DEBUG org.hibernate.loader.Loader - Result set row: 0
10:29:08.322 [main] DEBUG org.hibernate.loader.Loader - Result row: null, EntityKey[com.joseph.entity.Client#559]
10:29:08.322 [main] DEBUG org.hibernate.loader.Loader - Result set contains (possibly empty) collection: [com.joseph.entity.Client.orders#559]
10:29:08.323 [main] DEBUG org.hibernate.engine.internal.TwoPhaseLoad - Resolving associations for [com.joseph.entity.Client#559]
10:29:08.323 [main] DEBUG org.hibernate.engine.internal.TwoPhaseLoad - Done materializing entity [com.joseph.entity.Client#559]
10:29:08.323 [main] DEBUG org.hibernate.engine.loading.internal.CollectionLoadContext - 1 collections were found in result set for role: com.joseph.entity.Client.orders
10:29:08.323 [main] DEBUG org.hibernate.engine.loading.internal.CollectionLoadContext - Collection fully initialized: [com.joseph.entity.Client.orders#559]
10:29:08.323 [main] DEBUG org.hibernate.engine.loading.internal.CollectionLoadContext - 1 collections initialized for role: com.joseph.entity.Client.orders
10:29:08.323 [main] DEBUG org.hibernate.loader.Loader - Done entity load
10:29:08.323 [main] DEBUG org.hibernate.engine.spi.CollectionEntry - Reset storedSnapshot to {} for CollectionEntry[com.joseph.entity.Client.orders#559]
10:29:08.323 [main] DEBUG org.springframework.orm.jpa.JpaTransactionManager - Initiating transaction commit
10:29:08.323 [main] DEBUG org.springframework.orm.jpa.JpaTransactionManager - Committing JPA transaction on EntityManager [SessionImpl(PersistenceContext[entityKeys=[EntityKey[com.joseph.entity.Client#559]],collectionKeys=[CollectionKey[com.joseph.entity.Client.orders#559]]];ActionQueue[insertions=ExecutableList{size=0} updates=ExecutableList{size=0} deletions=ExecutableList{size=0} orphanRemovals=ExecutableList{size=0} collectionCreations=ExecutableList{size=0} collectionRemovals=ExecutableList{size=0} collectionUpdates=ExecutableList{size=0} collectionQueuedOps=ExecutableList{size=0} unresolvedInsertDependencies=null])]
10:29:08.323 [main] DEBUG org.hibernate.engine.transaction.internal.TransactionImpl - committing
10:29:08.323 [main] DEBUG org.hibernate.event.internal.AbstractFlushingEventListener - Processing flush-time cascades
10:29:08.324 [main] DEBUG org.hibernate.event.internal.AbstractFlushingEventListener - Dirty checking collections
10:29:08.324 [main] DEBUG org.hibernate.engine.internal.Collections - Collection found: [com.joseph.entity.Client.orders#559], was: [com.joseph.entity.Client.orders#559] (initialized)
10:29:08.324 [main] DEBUG org.hibernate.event.internal.AbstractFlushingEventListener - Flushed: 0 insertions, 1 updates, 0 deletions to 1 objects
10:29:08.324 [main] DEBUG org.hibernate.event.internal.AbstractFlushingEventListener - Flushed: 0 (re)creations, 0 updates, 0 removals to 1 collections
10:29:08.324 [main] DEBUG org.hibernate.internal.util.EntityPrinter - Listing entities:
10:29:08.324 [main] DEBUG org.hibernate.internal.util.EntityPrinter - com.joseph.entity.Client{nameclient=client2Test, emailclient=test@test.com, orders=[], idclient=559}
10:29:08.324 [main] DEBUG org.hibernate.SQL - update client set emailclient=?, nameclient=? where idclient=?
10:29:08.326 [main] DEBUG org.springframework.orm.jpa.JpaTransactionManager - Closing JPA EntityManager [SessionImpl(PersistenceContext[entityKeys=[EntityKey[com.joseph.entity.Client#559]],collectionKeys=[CollectionKey[com.joseph.entity.Client.orders#559]]];ActionQueue[insertions=ExecutableList{size=0} updates=ExecutableList{size=0} deletions=ExecutableList{size=0} orphanRemovals=ExecutableList{size=0} collectionCreations=ExecutableList{size=0} collectionRemovals=ExecutableList{size=0} collectionUpdates=ExecutableList{size=0} collectionQueuedOps=ExecutableList{size=0} unresolvedInsertDependencies=null])] after transaction
10:29:08.326 [main] DEBUG org.springframework.orm.jpa.JpaTransactionManager - Creating new transaction with name [org.springframework.data.jpa.repository.support.SimpleJpaRepository.findAll]: PROPAGATION_REQUIRED,ISOLATION_DEFAULT,readOnly
10:29:08.326 [main] DEBUG org.springframework.orm.jpa.JpaTransactionManager - Opened new EntityManager [SessionImpl(PersistenceContext[entityKeys=[],collectionKeys=[]];ActionQueue[insertions=ExecutableList{size=0} updates=ExecutableList{size=0} deletions=ExecutableList{size=0} orphanRemovals=ExecutableList{size=0} collectionCreations=ExecutableList{size=0} collectionRemovals=ExecutableList{size=0} collectionUpdates=ExecutableList{size=0} collectionQueuedOps=ExecutableList{size=0} unresolvedInsertDependencies=null])] for JPA transaction
10:29:08.326 [main] DEBUG org.springframework.jdbc.datasource.DriverManagerDataSource - Creating new JDBC DriverManager Connection to [jdbc:mysql://localhost:3306/testcraftcore?useSSL=false&useTimezone=true&serverTimezone=UTC]
10:29:08.330 [main] DEBUG org.springframework.jdbc.datasource.DataSourceUtils - Setting JDBC Connection [com.mysql.cj.jdbc.ConnectionImpl@902fdbe] read-only
10:29:08.331 [main] DEBUG org.hibernate.engine.transaction.internal.TransactionImpl - begin
10:29:08.331 [main] DEBUG org.springframework.orm.jpa.JpaTransactionManager - Exposing JPA transaction as JDBC [org.springframework.orm.jpa.vendor.HibernateJpaDialect$HibernateConnectionHandle@796d33eb]
10:29:08.331 [main] DEBUG org.hibernate.query.criteria.internal.CriteriaQueryImpl - Rendered criteria query -> select generatedAlias0 from Client as generatedAlias0
10:29:08.332 [main] DEBUG org.hibernate.SQL - select client0_.idclient as idclient1_0_, client0_.emailclient as emailcli2_0_, client0_.nameclient as nameclie3_0_ from client client0_
10:29:08.333 [main] DEBUG org.hibernate.loader.Loader - Result set row: 0
10:29:08.333 [main] DEBUG org.hibernate.loader.Loader - Result row: EntityKey[com.joseph.entity.Client#559]
10:29:08.333 [main] DEBUG org.hibernate.loader.Loader - Result set row: 1
10:29:08.333 [main] DEBUG org.hibernate.loader.Loader - Result row: EntityKey[com.joseph.entity.Client#558]
10:29:08.333 [main] DEBUG org.hibernate.loader.Loader - Result set row: 2
10:29:08.333 [main] DEBUG org.hibernate.loader.Loader - Result row: EntityKey[com.joseph.entity.Client#557]
10:29:08.333 [main] DEBUG org.hibernate.engine.internal.TwoPhaseLoad - Resolving associations for [com.joseph.entity.Client#559]
10:29:08.334 [main] DEBUG org.hibernate.engine.internal.TwoPhaseLoad - Done materializing entity [com.joseph.entity.Client#559]
10:29:08.334 [main] DEBUG org.hibernate.engine.internal.TwoPhaseLoad - Resolving associations for [com.joseph.entity.Client#558]
10:29:08.334 [main] DEBUG org.hibernate.engine.internal.TwoPhaseLoad - Done materializing entity [com.joseph.entity.Client#558]
10:29:08.334 [main] DEBUG org.hibernate.engine.internal.TwoPhaseLoad - Resolving associations for [com.joseph.entity.Client#557]
10:29:08.334 [main] DEBUG org.hibernate.engine.internal.TwoPhaseLoad - Done materializing entity [com.joseph.entity.Client#557]
10:29:08.334 [main] DEBUG org.springframework.orm.jpa.JpaTransactionManager - Initiating transaction commit
10:29:08.334 [main] DEBUG org.springframework.orm.jpa.JpaTransactionManager - Committing JPA transaction on EntityManager [SessionImpl(PersistenceContext[entityKeys=[EntityKey[com.joseph.entity.Client#559], EntityKey[com.joseph.entity.Client#558], EntityKey[com.joseph.entity.Client#557]],collectionKeys=[CollectionKey[com.joseph.entity.Client.orders#557], CollectionKey[com.joseph.entity.Client.orders#558], CollectionKey[com.joseph.entity.Client.orders#559]]];ActionQueue[insertions=ExecutableList{size=0} updates=ExecutableList{size=0} deletions=ExecutableList{size=0} orphanRemovals=ExecutableList{size=0} collectionCreations=ExecutableList{size=0} collectionRemovals=ExecutableList{size=0} collectionUpdates=ExecutableList{size=0} collectionQueuedOps=ExecutableList{size=0} unresolvedInsertDependencies=null])]
10:29:08.334 [main] DEBUG org.hibernate.engine.transaction.internal.TransactionImpl - committing
10:29:08.335 [main] DEBUG org.springframework.jdbc.datasource.DataSourceUtils - Resetting read-only flag of JDBC Connection [com.mysql.cj.jdbc.ConnectionImpl@902fdbe]
10:29:08.335 [main] DEBUG org.springframework.orm.jpa.JpaTransactionManager - Closing JPA EntityManager [SessionImpl(PersistenceContext[entityKeys=[EntityKey[com.joseph.entity.Client#559], EntityKey[com.joseph.entity.Client#558], EntityKey[com.joseph.entity.Client#557]],collectionKeys=[CollectionKey[com.joseph.entity.Client.orders#557], CollectionKey[com.joseph.entity.Client.orders#558], CollectionKey[com.joseph.entity.Client.orders#559]]];ActionQueue[insertions=ExecutableList{size=0} updates=ExecutableList{size=0} deletions=ExecutableList{size=0} orphanRemovals=ExecutableList{size=0} collectionCreations=ExecutableList{size=0} collectionRemovals=ExecutableList{size=0} collectionUpdates=ExecutableList{size=0} collectionQueuedOps=ExecutableList{size=0} unresolvedInsertDependencies=null])] after transaction
10:29:08.336 [main] DEBUG org.springframework.test.context.cache.DefaultCacheAwareContextLoaderDelegate - Retrieved ApplicationContext [2089016471] from cache with key [[MergedContextConfiguration@12f279b5 testClass = ClientServiceImplTest.parameterizedAndRepetedTest, locations = '{}', classes = '{class com.joseph.config.PersistenceJPAConfig}', contextInitializerClasses = '[]', activeProfiles = '{}', propertySourceLocations = '{}', propertySourceProperties = '{}', contextCustomizers = set[[empty]], contextLoader = 'org.springframework.test.context.support.DelegatingSmartContextLoader', parent = [null]]]
10:29:08.337 [main] DEBUG org.springframework.test.context.cache - Spring test ApplicationContext cache statistics: [DefaultContextCache@414f87a9 size = 1, maxSize = 32, parentContextCount = 0, hitCount = 43, missCount = 1]
10:29:08.337 [main] DEBUG org.springframework.orm.jpa.JpaTransactionManager - Creating new transaction with name [org.springframework.data.jpa.repository.support.SimpleJpaRepository.deleteAll]: PROPAGATION_REQUIRED,ISOLATION_DEFAULT
10:29:08.337 [main] DEBUG org.springframework.orm.jpa.JpaTransactionManager - Opened new EntityManager [SessionImpl(PersistenceContext[entityKeys=[],collectionKeys=[]];ActionQueue[insertions=ExecutableList{size=0} updates=ExecutableList{size=0} deletions=ExecutableList{size=0} orphanRemovals=ExecutableList{size=0} collectionCreations=ExecutableList{size=0} collectionRemovals=ExecutableList{size=0} collectionUpdates=ExecutableList{size=0} collectionQueuedOps=ExecutableList{size=0} unresolvedInsertDependencies=null])] for JPA transaction
10:29:08.338 [main] DEBUG org.hibernate.engine.transaction.internal.TransactionImpl - begin
10:29:08.338 [main] DEBUG org.springframework.jdbc.datasource.DriverManagerDataSource - Creating new JDBC DriverManager Connection to [jdbc:mysql://localhost:3306/testcraftcore?useSSL=false&useTimezone=true&serverTimezone=UTC]
10:29:08.342 [main] DEBUG org.springframework.orm.jpa.JpaTransactionManager - Exposing JPA transaction as JDBC [org.springframework.orm.jpa.vendor.HibernateJpaDialect$HibernateConnectionHandle@6af5b246]
10:29:08.342 [main] DEBUG org.hibernate.query.criteria.internal.CriteriaQueryImpl - Rendered criteria query -> select generatedAlias0 from Client as generatedAlias0
10:29:08.342 [main] DEBUG org.hibernate.SQL - select client0_.idclient as idclient1_0_, client0_.emailclient as emailcli2_0_, client0_.nameclient as nameclie3_0_ from client client0_
10:29:08.343 [main] DEBUG org.hibernate.loader.Loader - Result set row: 0
10:29:08.343 [main] DEBUG org.hibernate.loader.Loader - Result row: EntityKey[com.joseph.entity.Client#559]
10:29:08.343 [main] DEBUG org.hibernate.loader.Loader - Result set row: 1
10:29:08.344 [main] DEBUG org.hibernate.loader.Loader - Result row: EntityKey[com.joseph.entity.Client#558]
10:29:08.344 [main] DEBUG org.hibernate.loader.Loader - Result set row: 2
10:29:08.344 [main] DEBUG org.hibernate.loader.Loader - Result row: EntityKey[com.joseph.entity.Client#557]
10:29:08.344 [main] DEBUG org.hibernate.engine.internal.TwoPhaseLoad - Resolving associations for [com.joseph.entity.Client#559]
10:29:08.344 [main] DEBUG org.hibernate.engine.internal.TwoPhaseLoad - Done materializing entity [com.joseph.entity.Client#559]
10:29:08.344 [main] DEBUG org.hibernate.engine.internal.TwoPhaseLoad - Resolving associations for [com.joseph.entity.Client#558]
10:29:08.344 [main] DEBUG org.hibernate.engine.internal.TwoPhaseLoad - Done materializing entity [com.joseph.entity.Client#558]
10:29:08.344 [main] DEBUG org.hibernate.engine.internal.TwoPhaseLoad - Resolving associations for [com.joseph.entity.Client#557]
10:29:08.344 [main] DEBUG org.hibernate.engine.internal.TwoPhaseLoad - Done materializing entity [com.joseph.entity.Client#557]
10:29:08.345 [main] DEBUG org.hibernate.loader.collection.plan.AbstractLoadPlanBasedCollectionInitializer - Loading collection: [com.joseph.entity.Client.orders#559]
10:29:08.345 [main] DEBUG org.hibernate.SQL - select orders0_.idclient as idclient5_1_0_, orders0_.idorder as idorder1_1_0_, orders0_.idorder as idorder1_1_1_, orders0_.idclient as idclient5_1_1_, orders0_.dateorder as dateorde2_1_1_, orders0_.statusorder as statusor3_1_1_, orders0_.totalorder as totalord4_1_1_ from order_table orders0_ where orders0_.idclient=?
10:29:08.346 [main] DEBUG org.hibernate.loader.plan.exec.process.internal.ResultSetProcessorImpl - Preparing collection intializer : [com.joseph.entity.Client.orders#559]
10:29:08.346 [main] DEBUG org.hibernate.engine.loading.internal.CollectionLoadContext - 1 collections were found in result set for role: com.joseph.entity.Client.orders
10:29:08.346 [main] DEBUG org.hibernate.engine.loading.internal.CollectionLoadContext - Collection fully initialized: [com.joseph.entity.Client.orders#559]
10:29:08.346 [main] DEBUG org.hibernate.engine.loading.internal.CollectionLoadContext - 1 collections initialized for role: com.joseph.entity.Client.orders
10:29:08.346 [main] DEBUG org.hibernate.resource.jdbc.internal.ResourceRegistryStandardImpl - HHH000387: ResultSet's statement was not registered
10:29:08.347 [main] DEBUG org.hibernate.loader.collection.plan.AbstractLoadPlanBasedCollectionInitializer - Done loading collection
10:29:08.347 [main] DEBUG org.hibernate.loader.collection.plan.AbstractLoadPlanBasedCollectionInitializer - Loading collection: [com.joseph.entity.Client.orders#558]
10:29:08.347 [main] DEBUG org.hibernate.SQL - select orders0_.idclient as idclient5_1_0_, orders0_.idorder as idorder1_1_0_, orders0_.idorder as idorder1_1_1_, orders0_.idclient as idclient5_1_1_, orders0_.dateorder as dateorde2_1_1_, orders0_.statusorder as statusor3_1_1_, orders0_.totalorder as totalord4_1_1_ from order_table orders0_ where orders0_.idclient=?
10:29:08.348 [main] DEBUG org.hibernate.loader.plan.exec.process.internal.ResultSetProcessorImpl - Preparing collection intializer : [com.joseph.entity.Client.orders#558]
10:29:08.348 [main] DEBUG org.hibernate.engine.loading.internal.CollectionLoadContext - 1 collections were found in result set for role: com.joseph.entity.Client.orders
10:29:08.349 [main] DEBUG org.hibernate.engine.loading.internal.CollectionLoadContext - Collection fully initialized: [com.joseph.entity.Client.orders#558]
10:29:08.349 [main] DEBUG org.hibernate.engine.loading.internal.CollectionLoadContext - 1 collections initialized for role: com.joseph.entity.Client.orders
10:29:08.349 [main] DEBUG org.hibernate.resource.jdbc.internal.ResourceRegistryStandardImpl - HHH000387: ResultSet's statement was not registered
10:29:08.349 [main] DEBUG org.hibernate.loader.collection.plan.AbstractLoadPlanBasedCollectionInitializer - Done loading collection
10:29:08.349 [main] DEBUG org.hibernate.loader.collection.plan.AbstractLoadPlanBasedCollectionInitializer - Loading collection: [com.joseph.entity.Client.orders#557]
10:29:08.349 [main] DEBUG org.hibernate.SQL - select orders0_.idclient as idclient5_1_0_, orders0_.idorder as idorder1_1_0_, orders0_.idorder as idorder1_1_1_, orders0_.idclient as idclient5_1_1_, orders0_.dateorder as dateorde2_1_1_, orders0_.statusorder as statusor3_1_1_, orders0_.totalorder as totalord4_1_1_ from order_table orders0_ where orders0_.idclient=?
10:29:08.350 [main] DEBUG org.hibernate.loader.plan.exec.process.internal.ResultSetProcessorImpl - Preparing collection intializer : [com.joseph.entity.Client.orders#557]
10:29:08.350 [main] DEBUG org.hibernate.engine.loading.internal.CollectionLoadContext - 1 collections were found in result set for role: com.joseph.entity.Client.orders
10:29:08.350 [main] DEBUG org.hibernate.engine.loading.internal.CollectionLoadContext - Collection fully initialized: [com.joseph.entity.Client.orders#557]
10:29:08.350 [main] DEBUG org.hibernate.engine.loading.internal.CollectionLoadContext - 1 collections initialized for role: com.joseph.entity.Client.orders
10:29:08.350 [main] DEBUG org.hibernate.resource.jdbc.internal.ResourceRegistryStandardImpl - HHH000387: ResultSet's statement was not registered
10:29:08.351 [main] DEBUG org.hibernate.loader.collection.plan.AbstractLoadPlanBasedCollectionInitializer - Done loading collection
10:29:08.351 [main] DEBUG org.springframework.orm.jpa.JpaTransactionManager - Initiating transaction commit
10:29:08.351 [main] DEBUG org.springframework.orm.jpa.JpaTransactionManager - Committing JPA transaction on EntityManager [SessionImpl(PersistenceContext[entityKeys=[EntityKey[com.joseph.entity.Client#559], EntityKey[com.joseph.entity.Client#558], EntityKey[com.joseph.entity.Client#557]],collectionKeys=[CollectionKey[com.joseph.entity.Client.orders#557], CollectionKey[com.joseph.entity.Client.orders#558], CollectionKey[com.joseph.entity.Client.orders#559]]];ActionQueue[insertions=ExecutableList{size=0} updates=ExecutableList{size=0} deletions=ExecutableList{size=3} orphanRemovals=ExecutableList{size=0} collectionCreations=ExecutableList{size=0} collectionRemovals=ExecutableList{size=0} collectionUpdates=ExecutableList{size=0} collectionQueuedOps=ExecutableList{size=0} unresolvedInsertDependencies=null])]
10:29:08.351 [main] DEBUG org.hibernate.engine.transaction.internal.TransactionImpl - committing
10:29:08.351 [main] DEBUG org.hibernate.event.internal.AbstractFlushingEventListener - Processing flush-time cascades
10:29:08.351 [main] DEBUG org.hibernate.event.internal.AbstractFlushingEventListener - Dirty checking collections
10:29:08.351 [main] DEBUG org.hibernate.engine.internal.Collections - Collection dereferenced: [com.joseph.entity.Client.orders#559]
10:29:08.351 [main] DEBUG org.hibernate.engine.internal.Collections - Collection dereferenced: [com.joseph.entity.Client.orders#558]
10:29:08.351 [main] DEBUG org.hibernate.engine.internal.Collections - Collection dereferenced: [com.joseph.entity.Client.orders#557]
10:29:08.352 [main] DEBUG org.hibernate.event.internal.AbstractFlushingEventListener - Flushed: 0 insertions, 0 updates, 3 deletions to 3 objects
10:29:08.352 [main] DEBUG org.hibernate.event.internal.AbstractFlushingEventListener - Flushed: 0 (re)creations, 0 updates, 3 removals to 3 collections
10:29:08.352 [main] DEBUG org.hibernate.internal.util.EntityPrinter - Listing entities:
10:29:08.352 [main] DEBUG org.hibernate.internal.util.EntityPrinter - com.joseph.entity.Client{nameclient=client2Test, emailclient=test@test.com, orders=[], idclient=559}
10:29:08.352 [main] DEBUG org.hibernate.internal.util.EntityPrinter - com.joseph.entity.Client{nameclient=test, emailclient=test1@test.com, orders=[], idclient=558}
10:29:08.352 [main] DEBUG org.hibernate.internal.util.EntityPrinter - com.joseph.entity.Client{nameclient=test, emailclient=test@test.com, orders=[], idclient=557}
10:29:08.352 [main] DEBUG org.hibernate.SQL - delete from client where idclient=?
10:29:08.353 [main] DEBUG org.hibernate.SQL - delete from client where idclient=?
10:29:08.354 [main] DEBUG org.hibernate.SQL - delete from client where idclient=?
10:29:08.356 [main] DEBUG org.springframework.orm.jpa.JpaTransactionManager - Closing JPA EntityManager [SessionImpl(PersistenceContext[entityKeys=[],collectionKeys=[]];ActionQueue[insertions=ExecutableList{size=0} updates=ExecutableList{size=0} deletions=ExecutableList{size=0} orphanRemovals=ExecutableList{size=0} collectionCreations=ExecutableList{size=0} collectionRemovals=ExecutableList{size=0} collectionUpdates=ExecutableList{size=0} collectionQueuedOps=ExecutableList{size=0} unresolvedInsertDependencies=null])] after transaction
10:29:08.356 [main] DEBUG org.hibernate.engine.jdbc.internal.JdbcCoordinatorImpl - HHH000420: Closing un-released batch
10:29:08.357 [main] DEBUG org.springframework.test.context.cache.DefaultCacheAwareContextLoaderDelegate - Retrieved ApplicationContext [2089016471] from cache with key [[MergedContextConfiguration@12f279b5 testClass = ClientServiceImplTest.parameterizedAndRepetedTest, locations = '{}', classes = '{class com.joseph.config.PersistenceJPAConfig}', contextInitializerClasses = '[]', activeProfiles = '{}', propertySourceLocations = '{}', propertySourceProperties = '{}', contextCustomizers = set[[empty]], contextLoader = 'org.springframework.test.context.support.DelegatingSmartContextLoader', parent = [null]]]
10:29:08.357 [main] DEBUG org.springframework.test.context.cache - Spring test ApplicationContext cache statistics: [DefaultContextCache@414f87a9 size = 1, maxSize = 32, parentContextCount = 0, hitCount = 44, missCount = 1]
10:29:08.357 [main] DEBUG org.springframework.test.context.support.AbstractDirtiesContextTestExecutionListener - After test method: context [DefaultTestContext@2a47597 testClass = ClientServiceImplTest.parameterizedAndRepetedTest, testInstance = com.joseph.service.Impl.ClientServiceImplTest$parameterizedAndRepetedTest@58833798, testMethod = saveClientWithParameterizedData@ClientServiceImplTest.parameterizedAndRepetedTest, testException = [null], mergedContextConfiguration = [MergedContextConfiguration@12f279b5 testClass = ClientServiceImplTest.parameterizedAndRepetedTest, locations = '{}', classes = '{class com.joseph.config.PersistenceJPAConfig}', contextInitializerClasses = '[]', activeProfiles = '{}', propertySourceLocations = '{}', propertySourceProperties = '{}', contextCustomizers = set[[empty]], contextLoader = 'org.springframework.test.context.support.DelegatingSmartContextLoader', parent = [null]], attributes = map[[empty]]], class annotated with @DirtiesContext [false] with mode [null], method annotated with @DirtiesContext [false] with mode [null].
]]></system-out>
  </testcase>
  <testcase name="saveClientWithParameterizedData(String, String)[3]" classname="com.joseph.service.Impl.ClientServiceImplTest$parameterizedAndRepetedTest" time="0.084">
    <system-out><![CDATA[10:29:08.361 [main] DEBUG org.springframework.test.context.support.DependencyInjectionTestExecutionListener - Performing dependency injection for test context [[DefaultTestContext@6913c1fb testClass = ClientServiceImplTest, testInstance = com.joseph.service.Impl.ClientServiceImplTest@63a9c661, testMethod = [null], testException = [null], mergedContextConfiguration = [MergedContextConfiguration@66d18979 testClass = ClientServiceImplTest, locations = '{}', classes = '{class com.joseph.config.PersistenceJPAConfig}', contextInitializerClasses = '[]', activeProfiles = '{}', propertySourceLocations = '{}', propertySourceProperties = '{}', contextCustomizers = set[[empty]], contextLoader = 'org.springframework.test.context.support.DelegatingSmartContextLoader', parent = [null]], attributes = map[[empty]]]].
10:29:08.361 [main] DEBUG org.springframework.test.context.cache.DefaultCacheAwareContextLoaderDelegate - Retrieved ApplicationContext [2089016471] from cache with key [[MergedContextConfiguration@66d18979 testClass = ClientServiceImplTest, locations = '{}', classes = '{class com.joseph.config.PersistenceJPAConfig}', contextInitializerClasses = '[]', activeProfiles = '{}', propertySourceLocations = '{}', propertySourceProperties = '{}', contextCustomizers = set[[empty]], contextLoader = 'org.springframework.test.context.support.DelegatingSmartContextLoader', parent = [null]]]
10:29:08.361 [main] DEBUG org.springframework.test.context.cache - Spring test ApplicationContext cache statistics: [DefaultContextCache@414f87a9 size = 1, maxSize = 32, parentContextCount = 0, hitCount = 45, missCount = 1]
10:29:08.362 [main] DEBUG org.springframework.test.context.cache.DefaultCacheAwareContextLoaderDelegate - Retrieved ApplicationContext [2089016471] from cache with key [[MergedContextConfiguration@66d18979 testClass = ClientServiceImplTest, locations = '{}', classes = '{class com.joseph.config.PersistenceJPAConfig}', contextInitializerClasses = '[]', activeProfiles = '{}', propertySourceLocations = '{}', propertySourceProperties = '{}', contextCustomizers = set[[empty]], contextLoader = 'org.springframework.test.context.support.DelegatingSmartContextLoader', parent = [null]]]
10:29:08.363 [main] DEBUG org.springframework.test.context.cache - Spring test ApplicationContext cache statistics: [DefaultContextCache@414f87a9 size = 1, maxSize = 32, parentContextCount = 0, hitCount = 46, missCount = 1]
10:29:08.364 [main] DEBUG org.springframework.test.context.support.DependencyInjectionTestExecutionListener - Performing dependency injection for test context [[DefaultTestContext@2a47597 testClass = ClientServiceImplTest.parameterizedAndRepetedTest, testInstance = com.joseph.service.Impl.ClientServiceImplTest$parameterizedAndRepetedTest@4b425577, testMethod = [null], testException = [null], mergedContextConfiguration = [MergedContextConfiguration@12f279b5 testClass = ClientServiceImplTest.parameterizedAndRepetedTest, locations = '{}', classes = '{class com.joseph.config.PersistenceJPAConfig}', contextInitializerClasses = '[]', activeProfiles = '{}', propertySourceLocations = '{}', propertySourceProperties = '{}', contextCustomizers = set[[empty]], contextLoader = 'org.springframework.test.context.support.DelegatingSmartContextLoader', parent = [null]], attributes = map[[empty]]]].
10:29:08.364 [main] DEBUG org.springframework.test.context.cache.DefaultCacheAwareContextLoaderDelegate - Retrieved ApplicationContext [2089016471] from cache with key [[MergedContextConfiguration@12f279b5 testClass = ClientServiceImplTest.parameterizedAndRepetedTest, locations = '{}', classes = '{class com.joseph.config.PersistenceJPAConfig}', contextInitializerClasses = '[]', activeProfiles = '{}', propertySourceLocations = '{}', propertySourceProperties = '{}', contextCustomizers = set[[empty]], contextLoader = 'org.springframework.test.context.support.DelegatingSmartContextLoader', parent = [null]]]
10:29:08.364 [main] DEBUG org.springframework.test.context.cache - Spring test ApplicationContext cache statistics: [DefaultContextCache@414f87a9 size = 1, maxSize = 32, parentContextCount = 0, hitCount = 47, missCount = 1]
10:29:08.365 [main] DEBUG org.springframework.test.context.cache.DefaultCacheAwareContextLoaderDelegate - Retrieved ApplicationContext [2089016471] from cache with key [[MergedContextConfiguration@12f279b5 testClass = ClientServiceImplTest.parameterizedAndRepetedTest, locations = '{}', classes = '{class com.joseph.config.PersistenceJPAConfig}', contextInitializerClasses = '[]', activeProfiles = '{}', propertySourceLocations = '{}', propertySourceProperties = '{}', contextCustomizers = set[[empty]], contextLoader = 'org.springframework.test.context.support.DelegatingSmartContextLoader', parent = [null]]]
10:29:08.365 [main] DEBUG org.springframework.test.context.cache - Spring test ApplicationContext cache statistics: [DefaultContextCache@414f87a9 size = 1, maxSize = 32, parentContextCount = 0, hitCount = 48, missCount = 1]
10:29:08.367 [main] DEBUG org.springframework.test.context.support.AbstractDirtiesContextTestExecutionListener - Before test method: context [DefaultTestContext@2a47597 testClass = ClientServiceImplTest.parameterizedAndRepetedTest, testInstance = com.joseph.service.Impl.ClientServiceImplTest$parameterizedAndRepetedTest@4b425577, testMethod = saveClientWithParameterizedData@ClientServiceImplTest.parameterizedAndRepetedTest, testException = [null], mergedContextConfiguration = [MergedContextConfiguration@12f279b5 testClass = ClientServiceImplTest.parameterizedAndRepetedTest, locations = '{}', classes = '{class com.joseph.config.PersistenceJPAConfig}', contextInitializerClasses = '[]', activeProfiles = '{}', propertySourceLocations = '{}', propertySourceProperties = '{}', contextCustomizers = set[[empty]], contextLoader = 'org.springframework.test.context.support.DelegatingSmartContextLoader', parent = [null]], attributes = map[[empty]]], class annotated with @DirtiesContext [false] with mode [null], method annotated with @DirtiesContext [false] with mode [null].
10:29:08.368 [main] DEBUG org.springframework.test.context.cache.DefaultCacheAwareContextLoaderDelegate - Retrieved ApplicationContext [2089016471] from cache with key [[MergedContextConfiguration@12f279b5 testClass = ClientServiceImplTest.parameterizedAndRepetedTest, locations = '{}', classes = '{class com.joseph.config.PersistenceJPAConfig}', contextInitializerClasses = '[]', activeProfiles = '{}', propertySourceLocations = '{}', propertySourceProperties = '{}', contextCustomizers = set[[empty]], contextLoader = 'org.springframework.test.context.support.DelegatingSmartContextLoader', parent = [null]]]
10:29:08.368 [main] DEBUG org.springframework.test.context.cache - Spring test ApplicationContext cache statistics: [DefaultContextCache@414f87a9 size = 1, maxSize = 32, parentContextCount = 0, hitCount = 49, missCount = 1]
10:29:08.368 [main] DEBUG org.springframework.orm.jpa.JpaTransactionManager - Creating new transaction with name [org.springframework.data.jpa.repository.support.SimpleJpaRepository.deleteAll]: PROPAGATION_REQUIRED,ISOLATION_DEFAULT
10:29:08.369 [main] DEBUG org.springframework.orm.jpa.JpaTransactionManager - Opened new EntityManager [SessionImpl(PersistenceContext[entityKeys=[],collectionKeys=[]];ActionQueue[insertions=ExecutableList{size=0} updates=ExecutableList{size=0} deletions=ExecutableList{size=0} orphanRemovals=ExecutableList{size=0} collectionCreations=ExecutableList{size=0} collectionRemovals=ExecutableList{size=0} collectionUpdates=ExecutableList{size=0} collectionQueuedOps=ExecutableList{size=0} unresolvedInsertDependencies=null])] for JPA transaction
10:29:08.369 [main] DEBUG org.hibernate.engine.transaction.internal.TransactionImpl - begin
10:29:08.369 [main] DEBUG org.springframework.jdbc.datasource.DriverManagerDataSource - Creating new JDBC DriverManager Connection to [jdbc:mysql://localhost:3306/testcraftcore?useSSL=false&useTimezone=true&serverTimezone=UTC]
10:29:08.373 [main] DEBUG org.springframework.orm.jpa.JpaTransactionManager - Exposing JPA transaction as JDBC [org.springframework.orm.jpa.vendor.HibernateJpaDialect$HibernateConnectionHandle@3bb9ca38]
10:29:08.374 [main] DEBUG org.hibernate.query.criteria.internal.CriteriaQueryImpl - Rendered criteria query -> select generatedAlias0 from Client as generatedAlias0
10:29:08.374 [main] DEBUG org.hibernate.SQL - select client0_.idclient as idclient1_0_, client0_.emailclient as emailcli2_0_, client0_.nameclient as nameclie3_0_ from client client0_
10:29:08.376 [main] DEBUG org.springframework.orm.jpa.JpaTransactionManager - Initiating transaction commit
10:29:08.376 [main] DEBUG org.springframework.orm.jpa.JpaTransactionManager - Committing JPA transaction on EntityManager [SessionImpl(PersistenceContext[entityKeys=[],collectionKeys=[]];ActionQueue[insertions=ExecutableList{size=0} updates=ExecutableList{size=0} deletions=ExecutableList{size=0} orphanRemovals=ExecutableList{size=0} collectionCreations=ExecutableList{size=0} collectionRemovals=ExecutableList{size=0} collectionUpdates=ExecutableList{size=0} collectionQueuedOps=ExecutableList{size=0} unresolvedInsertDependencies=null])]
10:29:08.376 [main] DEBUG org.hibernate.engine.transaction.internal.TransactionImpl - committing
10:29:08.377 [main] DEBUG org.springframework.orm.jpa.JpaTransactionManager - Closing JPA EntityManager [SessionImpl(PersistenceContext[entityKeys=[],collectionKeys=[]];ActionQueue[insertions=ExecutableList{size=0} updates=ExecutableList{size=0} deletions=ExecutableList{size=0} orphanRemovals=ExecutableList{size=0} collectionCreations=ExecutableList{size=0} collectionRemovals=ExecutableList{size=0} collectionUpdates=ExecutableList{size=0} collectionQueuedOps=ExecutableList{size=0} unresolvedInsertDependencies=null])] after transaction
10:29:08.377 [main] DEBUG org.springframework.orm.jpa.JpaTransactionManager - Creating new transaction with name [org.springframework.data.jpa.repository.support.SimpleJpaRepository.save]: PROPAGATION_REQUIRED,ISOLATION_DEFAULT
10:29:08.377 [main] DEBUG org.springframework.orm.jpa.JpaTransactionManager - Opened new EntityManager [SessionImpl(PersistenceContext[entityKeys=[],collectionKeys=[]];ActionQueue[insertions=ExecutableList{size=0} updates=ExecutableList{size=0} deletions=ExecutableList{size=0} orphanRemovals=ExecutableList{size=0} collectionCreations=ExecutableList{size=0} collectionRemovals=ExecutableList{size=0} collectionUpdates=ExecutableList{size=0} collectionQueuedOps=ExecutableList{size=0} unresolvedInsertDependencies=null])] for JPA transaction
10:29:08.377 [main] DEBUG org.hibernate.engine.transaction.internal.TransactionImpl - begin
10:29:08.377 [main] DEBUG org.springframework.jdbc.datasource.DriverManagerDataSource - Creating new JDBC DriverManager Connection to [jdbc:mysql://localhost:3306/testcraftcore?useSSL=false&useTimezone=true&serverTimezone=UTC]
10:29:08.382 [main] DEBUG org.springframework.orm.jpa.JpaTransactionManager - Exposing JPA transaction as JDBC [org.springframework.orm.jpa.vendor.HibernateJpaDialect$HibernateConnectionHandle@21e45a6f]
10:29:08.382 [main] DEBUG org.hibernate.engine.spi.ActionQueue - Executing identity-insert immediately
10:29:08.382 [main] DEBUG org.hibernate.SQL - insert into client (emailclient, nameclient) values (?, ?)
10:29:08.384 [main] DEBUG org.hibernate.id.IdentifierGeneratorHelper - Natively generated identity: 560
10:29:08.384 [main] DEBUG org.hibernate.resource.jdbc.internal.ResourceRegistryStandardImpl - HHH000387: ResultSet's statement was not registered
10:29:08.384 [main] DEBUG org.springframework.orm.jpa.JpaTransactionManager - Initiating transaction commit
10:29:08.384 [main] DEBUG org.springframework.orm.jpa.JpaTransactionManager - Committing JPA transaction on EntityManager [SessionImpl(PersistenceContext[entityKeys=[EntityKey[com.joseph.entity.Client#560]],collectionKeys=[]];ActionQueue[insertions=ExecutableList{size=0} updates=ExecutableList{size=0} deletions=ExecutableList{size=0} orphanRemovals=ExecutableList{size=0} collectionCreations=ExecutableList{size=0} collectionRemovals=ExecutableList{size=0} collectionUpdates=ExecutableList{size=0} collectionQueuedOps=ExecutableList{size=0} unresolvedInsertDependencies=null])]
10:29:08.384 [main] DEBUG org.hibernate.engine.transaction.internal.TransactionImpl - committing
10:29:08.384 [main] DEBUG org.hibernate.event.internal.AbstractFlushingEventListener - Processing flush-time cascades
10:29:08.384 [main] DEBUG org.hibernate.event.internal.AbstractFlushingEventListener - Dirty checking collections
10:29:08.385 [main] DEBUG org.hibernate.engine.internal.Collections - Collection found: [com.joseph.entity.Client.orders#560], was: [<unreferenced>] (initialized)
10:29:08.385 [main] DEBUG org.hibernate.event.internal.AbstractFlushingEventListener - Flushed: 0 insertions, 0 updates, 0 deletions to 1 objects
10:29:08.385 [main] DEBUG org.hibernate.event.internal.AbstractFlushingEventListener - Flushed: 1 (re)creations, 0 updates, 0 removals to 1 collections
10:29:08.385 [main] DEBUG org.hibernate.internal.util.EntityPrinter - Listing entities:
10:29:08.385 [main] DEBUG org.hibernate.internal.util.EntityPrinter - com.joseph.entity.Client{nameclient=test, emailclient=test@test.com, orders=[], idclient=560}
10:29:08.386 [main] DEBUG org.springframework.orm.jpa.JpaTransactionManager - Closing JPA EntityManager [SessionImpl(PersistenceContext[entityKeys=[EntityKey[com.joseph.entity.Client#560]],collectionKeys=[CollectionKey[com.joseph.entity.Client.orders#560]]];ActionQueue[insertions=ExecutableList{size=0} updates=ExecutableList{size=0} deletions=ExecutableList{size=0} orphanRemovals=ExecutableList{size=0} collectionCreations=ExecutableList{size=0} collectionRemovals=ExecutableList{size=0} collectionUpdates=ExecutableList{size=0} collectionQueuedOps=ExecutableList{size=0} unresolvedInsertDependencies=null])] after transaction
10:29:08.386 [main] DEBUG org.springframework.orm.jpa.JpaTransactionManager - Creating new transaction with name [org.springframework.data.jpa.repository.support.SimpleJpaRepository.save]: PROPAGATION_REQUIRED,ISOLATION_DEFAULT
10:29:08.387 [main] DEBUG org.springframework.orm.jpa.JpaTransactionManager - Opened new EntityManager [SessionImpl(PersistenceContext[entityKeys=[],collectionKeys=[]];ActionQueue[insertions=ExecutableList{size=0} updates=ExecutableList{size=0} deletions=ExecutableList{size=0} orphanRemovals=ExecutableList{size=0} collectionCreations=ExecutableList{size=0} collectionRemovals=ExecutableList{size=0} collectionUpdates=ExecutableList{size=0} collectionQueuedOps=ExecutableList{size=0} unresolvedInsertDependencies=null])] for JPA transaction
10:29:08.387 [main] DEBUG org.hibernate.engine.transaction.internal.TransactionImpl - begin
10:29:08.387 [main] DEBUG org.springframework.jdbc.datasource.DriverManagerDataSource - Creating new JDBC DriverManager Connection to [jdbc:mysql://localhost:3306/testcraftcore?useSSL=false&useTimezone=true&serverTimezone=UTC]
10:29:08.391 [main] DEBUG org.springframework.orm.jpa.JpaTransactionManager - Exposing JPA transaction as JDBC [org.springframework.orm.jpa.vendor.HibernateJpaDialect$HibernateConnectionHandle@7fdd43cd]
10:29:08.391 [main] DEBUG org.hibernate.engine.spi.ActionQueue - Executing identity-insert immediately
10:29:08.391 [main] DEBUG org.hibernate.SQL - insert into client (emailclient, nameclient) values (?, ?)
10:29:08.392 [main] DEBUG org.hibernate.id.IdentifierGeneratorHelper - Natively generated identity: 561
10:29:08.393 [main] DEBUG org.hibernate.resource.jdbc.internal.ResourceRegistryStandardImpl - HHH000387: ResultSet's statement was not registered
10:29:08.393 [main] DEBUG org.springframework.orm.jpa.JpaTransactionManager - Initiating transaction commit
10:29:08.393 [main] DEBUG org.springframework.orm.jpa.JpaTransactionManager - Committing JPA transaction on EntityManager [SessionImpl(PersistenceContext[entityKeys=[EntityKey[com.joseph.entity.Client#561]],collectionKeys=[]];ActionQueue[insertions=ExecutableList{size=0} updates=ExecutableList{size=0} deletions=ExecutableList{size=0} orphanRemovals=ExecutableList{size=0} collectionCreations=ExecutableList{size=0} collectionRemovals=ExecutableList{size=0} collectionUpdates=ExecutableList{size=0} collectionQueuedOps=ExecutableList{size=0} unresolvedInsertDependencies=null])]
10:29:08.393 [main] DEBUG org.hibernate.engine.transaction.internal.TransactionImpl - committing
10:29:08.393 [main] DEBUG org.hibernate.event.internal.AbstractFlushingEventListener - Processing flush-time cascades
10:29:08.393 [main] DEBUG org.hibernate.event.internal.AbstractFlushingEventListener - Dirty checking collections
10:29:08.393 [main] DEBUG org.hibernate.engine.internal.Collections - Collection found: [com.joseph.entity.Client.orders#561], was: [<unreferenced>] (initialized)
10:29:08.393 [main] DEBUG org.hibernate.event.internal.AbstractFlushingEventListener - Flushed: 0 insertions, 0 updates, 0 deletions to 1 objects
10:29:08.393 [main] DEBUG org.hibernate.event.internal.AbstractFlushingEventListener - Flushed: 1 (re)creations, 0 updates, 0 removals to 1 collections
10:29:08.393 [main] DEBUG org.hibernate.internal.util.EntityPrinter - Listing entities:
10:29:08.393 [main] DEBUG org.hibernate.internal.util.EntityPrinter - com.joseph.entity.Client{nameclient=test, emailclient=test1@test.com, orders=[], idclient=561}
10:29:08.395 [main] DEBUG org.springframework.orm.jpa.JpaTransactionManager - Closing JPA EntityManager [SessionImpl(PersistenceContext[entityKeys=[EntityKey[com.joseph.entity.Client#561]],collectionKeys=[CollectionKey[com.joseph.entity.Client.orders#561]]];ActionQueue[insertions=ExecutableList{size=0} updates=ExecutableList{size=0} deletions=ExecutableList{size=0} orphanRemovals=ExecutableList{size=0} collectionCreations=ExecutableList{size=0} collectionRemovals=ExecutableList{size=0} collectionUpdates=ExecutableList{size=0} collectionQueuedOps=ExecutableList{size=0} unresolvedInsertDependencies=null])] after transaction
10:29:08.397 [main] DEBUG org.springframework.orm.jpa.JpaTransactionManager - Creating new transaction with name [org.springframework.data.jpa.repository.support.SimpleJpaRepository.save]: PROPAGATION_REQUIRED,ISOLATION_DEFAULT
10:29:08.397 [main] DEBUG org.springframework.orm.jpa.JpaTransactionManager - Opened new EntityManager [SessionImpl(PersistenceContext[entityKeys=[],collectionKeys=[]];ActionQueue[insertions=ExecutableList{size=0} updates=ExecutableList{size=0} deletions=ExecutableList{size=0} orphanRemovals=ExecutableList{size=0} collectionCreations=ExecutableList{size=0} collectionRemovals=ExecutableList{size=0} collectionUpdates=ExecutableList{size=0} collectionQueuedOps=ExecutableList{size=0} unresolvedInsertDependencies=null])] for JPA transaction
10:29:08.397 [main] DEBUG org.hibernate.engine.transaction.internal.TransactionImpl - begin
10:29:08.397 [main] DEBUG org.springframework.jdbc.datasource.DriverManagerDataSource - Creating new JDBC DriverManager Connection to [jdbc:mysql://localhost:3306/testcraftcore?useSSL=false&useTimezone=true&serverTimezone=UTC]
10:29:08.401 [main] DEBUG org.springframework.orm.jpa.JpaTransactionManager - Exposing JPA transaction as JDBC [org.springframework.orm.jpa.vendor.HibernateJpaDialect$HibernateConnectionHandle@51d0ec6f]
10:29:08.402 [main] DEBUG org.hibernate.engine.spi.ActionQueue - Executing identity-insert immediately
10:29:08.402 [main] DEBUG org.hibernate.SQL - insert into client (emailclient, nameclient) values (?, ?)
10:29:08.403 [main] DEBUG org.hibernate.id.IdentifierGeneratorHelper - Natively generated identity: 562
10:29:08.403 [main] DEBUG org.hibernate.resource.jdbc.internal.ResourceRegistryStandardImpl - HHH000387: ResultSet's statement was not registered
10:29:08.403 [main] DEBUG org.springframework.orm.jpa.JpaTransactionManager - Initiating transaction commit
10:29:08.403 [main] DEBUG org.springframework.orm.jpa.JpaTransactionManager - Committing JPA transaction on EntityManager [SessionImpl(PersistenceContext[entityKeys=[EntityKey[com.joseph.entity.Client#562]],collectionKeys=[]];ActionQueue[insertions=ExecutableList{size=0} updates=ExecutableList{size=0} deletions=ExecutableList{size=0} orphanRemovals=ExecutableList{size=0} collectionCreations=ExecutableList{size=0} collectionRemovals=ExecutableList{size=0} collectionUpdates=ExecutableList{size=0} collectionQueuedOps=ExecutableList{size=0} unresolvedInsertDependencies=null])]
10:29:08.403 [main] DEBUG org.hibernate.engine.transaction.internal.TransactionImpl - committing
10:29:08.403 [main] DEBUG org.hibernate.event.internal.AbstractFlushingEventListener - Processing flush-time cascades
10:29:08.403 [main] DEBUG org.hibernate.event.internal.AbstractFlushingEventListener - Dirty checking collections
10:29:08.403 [main] DEBUG org.hibernate.engine.internal.Collections - Collection found: [com.joseph.entity.Client.orders#562], was: [<unreferenced>] (initialized)
10:29:08.403 [main] DEBUG org.hibernate.event.internal.AbstractFlushingEventListener - Flushed: 0 insertions, 0 updates, 0 deletions to 1 objects
10:29:08.403 [main] DEBUG org.hibernate.event.internal.AbstractFlushingEventListener - Flushed: 1 (re)creations, 0 updates, 0 removals to 1 collections
10:29:08.403 [main] DEBUG org.hibernate.internal.util.EntityPrinter - Listing entities:
10:29:08.403 [main] DEBUG org.hibernate.internal.util.EntityPrinter - com.joseph.entity.Client{nameclient=test, emailclient=test2@test.com, orders=[], idclient=562}
10:29:08.404 [main] DEBUG org.springframework.orm.jpa.JpaTransactionManager - Closing JPA EntityManager [SessionImpl(PersistenceContext[entityKeys=[EntityKey[com.joseph.entity.Client#562]],collectionKeys=[CollectionKey[com.joseph.entity.Client.orders#562]]];ActionQueue[insertions=ExecutableList{size=0} updates=ExecutableList{size=0} deletions=ExecutableList{size=0} orphanRemovals=ExecutableList{size=0} collectionCreations=ExecutableList{size=0} collectionRemovals=ExecutableList{size=0} collectionUpdates=ExecutableList{size=0} collectionQueuedOps=ExecutableList{size=0} unresolvedInsertDependencies=null])] after transaction
10:29:08.405 [main] DEBUG org.springframework.test.context.cache.DefaultCacheAwareContextLoaderDelegate - Retrieved ApplicationContext [2089016471] from cache with key [[MergedContextConfiguration@12f279b5 testClass = ClientServiceImplTest.parameterizedAndRepetedTest, locations = '{}', classes = '{class com.joseph.config.PersistenceJPAConfig}', contextInitializerClasses = '[]', activeProfiles = '{}', propertySourceLocations = '{}', propertySourceProperties = '{}', contextCustomizers = set[[empty]], contextLoader = 'org.springframework.test.context.support.DelegatingSmartContextLoader', parent = [null]]]
10:29:08.405 [main] DEBUG org.springframework.test.context.cache - Spring test ApplicationContext cache statistics: [DefaultContextCache@414f87a9 size = 1, maxSize = 32, parentContextCount = 0, hitCount = 50, missCount = 1]
10:29:08.405 [main] DEBUG org.springframework.orm.jpa.JpaTransactionManager - Creating new transaction with name [com.joseph.service.Impl.ClientServiceImpl.saveClient]: PROPAGATION_REQUIRED,ISOLATION_DEFAULT
10:29:08.406 [main] DEBUG org.springframework.orm.jpa.JpaTransactionManager - Opened new EntityManager [SessionImpl(PersistenceContext[entityKeys=[],collectionKeys=[]];ActionQueue[insertions=ExecutableList{size=0} updates=ExecutableList{size=0} deletions=ExecutableList{size=0} orphanRemovals=ExecutableList{size=0} collectionCreations=ExecutableList{size=0} collectionRemovals=ExecutableList{size=0} collectionUpdates=ExecutableList{size=0} collectionQueuedOps=ExecutableList{size=0} unresolvedInsertDependencies=null])] for JPA transaction
10:29:08.406 [main] DEBUG org.hibernate.engine.transaction.internal.TransactionImpl - begin
10:29:08.406 [main] DEBUG org.springframework.jdbc.datasource.DriverManagerDataSource - Creating new JDBC DriverManager Connection to [jdbc:mysql://localhost:3306/testcraftcore?useSSL=false&useTimezone=true&serverTimezone=UTC]
10:29:08.409 [main] DEBUG org.springframework.orm.jpa.JpaTransactionManager - Exposing JPA transaction as JDBC [org.springframework.orm.jpa.vendor.HibernateJpaDialect$HibernateConnectionHandle@64ae105d]
10:29:08.410 [main] DEBUG org.springframework.orm.jpa.JpaTransactionManager - Found thread-bound EntityManager [SessionImpl(PersistenceContext[entityKeys=[],collectionKeys=[]];ActionQueue[insertions=ExecutableList{size=0} updates=ExecutableList{size=0} deletions=ExecutableList{size=0} orphanRemovals=ExecutableList{size=0} collectionCreations=ExecutableList{size=0} collectionRemovals=ExecutableList{size=0} collectionUpdates=ExecutableList{size=0} collectionQueuedOps=ExecutableList{size=0} unresolvedInsertDependencies=null])] for JPA transaction
10:29:08.410 [main] DEBUG org.springframework.orm.jpa.JpaTransactionManager - Participating in existing transaction
10:29:08.410 [main] DEBUG org.hibernate.loader.Loader - Loading entity: [com.joseph.entity.Client#562]
10:29:08.410 [main] DEBUG org.hibernate.SQL - select client0_.idclient as idclient1_0_1_, client0_.emailclient as emailcli2_0_1_, client0_.nameclient as nameclie3_0_1_, orders1_.idclient as idclient5_1_3_, orders1_.idorder as idorder1_1_3_, orders1_.idorder as idorder1_1_0_, orders1_.idclient as idclient5_1_0_, orders1_.dateorder as dateorde2_1_0_, orders1_.statusorder as statusor3_1_0_, orders1_.totalorder as totalord4_1_0_ from client client0_ left outer join order_table orders1_ on client0_.idclient=orders1_.idclient where client0_.idclient=?
10:29:08.412 [main] DEBUG org.hibernate.loader.Loader - Result set row: 0
10:29:08.412 [main] DEBUG org.hibernate.loader.Loader - Result row: null, EntityKey[com.joseph.entity.Client#562]
10:29:08.413 [main] DEBUG org.hibernate.loader.Loader - Result set contains (possibly empty) collection: [com.joseph.entity.Client.orders#562]
10:29:08.413 [main] DEBUG org.hibernate.engine.internal.TwoPhaseLoad - Resolving associations for [com.joseph.entity.Client#562]
10:29:08.413 [main] DEBUG org.hibernate.engine.internal.TwoPhaseLoad - Done materializing entity [com.joseph.entity.Client#562]
10:29:08.413 [main] DEBUG org.hibernate.engine.loading.internal.CollectionLoadContext - 1 collections were found in result set for role: com.joseph.entity.Client.orders
10:29:08.413 [main] DEBUG org.hibernate.engine.loading.internal.CollectionLoadContext - Collection fully initialized: [com.joseph.entity.Client.orders#562]
10:29:08.413 [main] DEBUG org.hibernate.engine.loading.internal.CollectionLoadContext - 1 collections initialized for role: com.joseph.entity.Client.orders
10:29:08.413 [main] DEBUG org.hibernate.loader.Loader - Done entity load
10:29:08.413 [main] DEBUG org.hibernate.engine.spi.CollectionEntry - Reset storedSnapshot to {} for CollectionEntry[com.joseph.entity.Client.orders#562]
10:29:08.413 [main] DEBUG org.springframework.orm.jpa.JpaTransactionManager - Initiating transaction commit
10:29:08.414 [main] DEBUG org.springframework.orm.jpa.JpaTransactionManager - Committing JPA transaction on EntityManager [SessionImpl(PersistenceContext[entityKeys=[EntityKey[com.joseph.entity.Client#562]],collectionKeys=[CollectionKey[com.joseph.entity.Client.orders#562]]];ActionQueue[insertions=ExecutableList{size=0} updates=ExecutableList{size=0} deletions=ExecutableList{size=0} orphanRemovals=ExecutableList{size=0} collectionCreations=ExecutableList{size=0} collectionRemovals=ExecutableList{size=0} collectionUpdates=ExecutableList{size=0} collectionQueuedOps=ExecutableList{size=0} unresolvedInsertDependencies=null])]
10:29:08.414 [main] DEBUG org.hibernate.engine.transaction.internal.TransactionImpl - committing
10:29:08.414 [main] DEBUG org.hibernate.event.internal.AbstractFlushingEventListener - Processing flush-time cascades
10:29:08.414 [main] DEBUG org.hibernate.event.internal.AbstractFlushingEventListener - Dirty checking collections
10:29:08.414 [main] DEBUG org.hibernate.engine.internal.Collections - Collection found: [com.joseph.entity.Client.orders#562], was: [com.joseph.entity.Client.orders#562] (initialized)
10:29:08.414 [main] DEBUG org.hibernate.event.internal.AbstractFlushingEventListener - Flushed: 0 insertions, 1 updates, 0 deletions to 1 objects
10:29:08.414 [main] DEBUG org.hibernate.event.internal.AbstractFlushingEventListener - Flushed: 0 (re)creations, 0 updates, 0 removals to 1 collections
10:29:08.414 [main] DEBUG org.hibernate.internal.util.EntityPrinter - Listing entities:
10:29:08.414 [main] DEBUG org.hibernate.internal.util.EntityPrinter - com.joseph.entity.Client{nameclient=client3Test, emailclient=test@test.com, orders=[], idclient=562}
10:29:08.414 [main] DEBUG org.hibernate.SQL - update client set emailclient=?, nameclient=? where idclient=?
10:29:08.416 [main] DEBUG org.springframework.orm.jpa.JpaTransactionManager - Closing JPA EntityManager [SessionImpl(PersistenceContext[entityKeys=[EntityKey[com.joseph.entity.Client#562]],collectionKeys=[CollectionKey[com.joseph.entity.Client.orders#562]]];ActionQueue[insertions=ExecutableList{size=0} updates=ExecutableList{size=0} deletions=ExecutableList{size=0} orphanRemovals=ExecutableList{size=0} collectionCreations=ExecutableList{size=0} collectionRemovals=ExecutableList{size=0} collectionUpdates=ExecutableList{size=0} collectionQueuedOps=ExecutableList{size=0} unresolvedInsertDependencies=null])] after transaction
10:29:08.417 [main] DEBUG org.springframework.orm.jpa.JpaTransactionManager - Creating new transaction with name [org.springframework.data.jpa.repository.support.SimpleJpaRepository.findAll]: PROPAGATION_REQUIRED,ISOLATION_DEFAULT,readOnly
10:29:08.417 [main] DEBUG org.springframework.orm.jpa.JpaTransactionManager - Opened new EntityManager [SessionImpl(PersistenceContext[entityKeys=[],collectionKeys=[]];ActionQueue[insertions=ExecutableList{size=0} updates=ExecutableList{size=0} deletions=ExecutableList{size=0} orphanRemovals=ExecutableList{size=0} collectionCreations=ExecutableList{size=0} collectionRemovals=ExecutableList{size=0} collectionUpdates=ExecutableList{size=0} collectionQueuedOps=ExecutableList{size=0} unresolvedInsertDependencies=null])] for JPA transaction
10:29:08.417 [main] DEBUG org.springframework.jdbc.datasource.DriverManagerDataSource - Creating new JDBC DriverManager Connection to [jdbc:mysql://localhost:3306/testcraftcore?useSSL=false&useTimezone=true&serverTimezone=UTC]
10:29:08.421 [main] DEBUG org.springframework.jdbc.datasource.DataSourceUtils - Setting JDBC Connection [com.mysql.cj.jdbc.ConnectionImpl@52f6900a] read-only
10:29:08.421 [main] DEBUG org.hibernate.engine.transaction.internal.TransactionImpl - begin
10:29:08.422 [main] DEBUG org.springframework.orm.jpa.JpaTransactionManager - Exposing JPA transaction as JDBC [org.springframework.orm.jpa.vendor.HibernateJpaDialect$HibernateConnectionHandle@7bbcf6f0]
10:29:08.422 [main] DEBUG org.hibernate.query.criteria.internal.CriteriaQueryImpl - Rendered criteria query -> select generatedAlias0 from Client as generatedAlias0
10:29:08.422 [main] DEBUG org.hibernate.SQL - select client0_.idclient as idclient1_0_, client0_.emailclient as emailcli2_0_, client0_.nameclient as nameclie3_0_ from client client0_
10:29:08.423 [main] DEBUG org.hibernate.loader.Loader - Result set row: 0
10:29:08.424 [main] DEBUG org.hibernate.loader.Loader - Result row: EntityKey[com.joseph.entity.Client#562]
10:29:08.424 [main] DEBUG org.hibernate.loader.Loader - Result set row: 1
10:29:08.424 [main] DEBUG org.hibernate.loader.Loader - Result row: EntityKey[com.joseph.entity.Client#561]
10:29:08.424 [main] DEBUG org.hibernate.loader.Loader - Result set row: 2
10:29:08.424 [main] DEBUG org.hibernate.loader.Loader - Result row: EntityKey[com.joseph.entity.Client#560]
10:29:08.425 [main] DEBUG org.hibernate.engine.internal.TwoPhaseLoad - Resolving associations for [com.joseph.entity.Client#562]
10:29:08.425 [main] DEBUG org.hibernate.engine.internal.TwoPhaseLoad - Done materializing entity [com.joseph.entity.Client#562]
10:29:08.425 [main] DEBUG org.hibernate.engine.internal.TwoPhaseLoad - Resolving associations for [com.joseph.entity.Client#561]
10:29:08.425 [main] DEBUG org.hibernate.engine.internal.TwoPhaseLoad - Done materializing entity [com.joseph.entity.Client#561]
10:29:08.425 [main] DEBUG org.hibernate.engine.internal.TwoPhaseLoad - Resolving associations for [com.joseph.entity.Client#560]
10:29:08.425 [main] DEBUG org.hibernate.engine.internal.TwoPhaseLoad - Done materializing entity [com.joseph.entity.Client#560]
10:29:08.425 [main] DEBUG org.springframework.orm.jpa.JpaTransactionManager - Initiating transaction commit
10:29:08.425 [main] DEBUG org.springframework.orm.jpa.JpaTransactionManager - Committing JPA transaction on EntityManager [SessionImpl(PersistenceContext[entityKeys=[EntityKey[com.joseph.entity.Client#560], EntityKey[com.joseph.entity.Client#562], EntityKey[com.joseph.entity.Client#561]],collectionKeys=[CollectionKey[com.joseph.entity.Client.orders#560], CollectionKey[com.joseph.entity.Client.orders#561], CollectionKey[com.joseph.entity.Client.orders#562]]];ActionQueue[insertions=ExecutableList{size=0} updates=ExecutableList{size=0} deletions=ExecutableList{size=0} orphanRemovals=ExecutableList{size=0} collectionCreations=ExecutableList{size=0} collectionRemovals=ExecutableList{size=0} collectionUpdates=ExecutableList{size=0} collectionQueuedOps=ExecutableList{size=0} unresolvedInsertDependencies=null])]
10:29:08.425 [main] DEBUG org.hibernate.engine.transaction.internal.TransactionImpl - committing
10:29:08.426 [main] DEBUG org.springframework.jdbc.datasource.DataSourceUtils - Resetting read-only flag of JDBC Connection [com.mysql.cj.jdbc.ConnectionImpl@52f6900a]
10:29:08.426 [main] DEBUG org.springframework.orm.jpa.JpaTransactionManager - Closing JPA EntityManager [SessionImpl(PersistenceContext[entityKeys=[EntityKey[com.joseph.entity.Client#560], EntityKey[com.joseph.entity.Client#562], EntityKey[com.joseph.entity.Client#561]],collectionKeys=[CollectionKey[com.joseph.entity.Client.orders#560], CollectionKey[com.joseph.entity.Client.orders#561], CollectionKey[com.joseph.entity.Client.orders#562]]];ActionQueue[insertions=ExecutableList{size=0} updates=ExecutableList{size=0} deletions=ExecutableList{size=0} orphanRemovals=ExecutableList{size=0} collectionCreations=ExecutableList{size=0} collectionRemovals=ExecutableList{size=0} collectionUpdates=ExecutableList{size=0} collectionQueuedOps=ExecutableList{size=0} unresolvedInsertDependencies=null])] after transaction
10:29:08.427 [main] DEBUG org.springframework.test.context.cache.DefaultCacheAwareContextLoaderDelegate - Retrieved ApplicationContext [2089016471] from cache with key [[MergedContextConfiguration@12f279b5 testClass = ClientServiceImplTest.parameterizedAndRepetedTest, locations = '{}', classes = '{class com.joseph.config.PersistenceJPAConfig}', contextInitializerClasses = '[]', activeProfiles = '{}', propertySourceLocations = '{}', propertySourceProperties = '{}', contextCustomizers = set[[empty]], contextLoader = 'org.springframework.test.context.support.DelegatingSmartContextLoader', parent = [null]]]
10:29:08.427 [main] DEBUG org.springframework.test.context.cache - Spring test ApplicationContext cache statistics: [DefaultContextCache@414f87a9 size = 1, maxSize = 32, parentContextCount = 0, hitCount = 51, missCount = 1]
10:29:08.428 [main] DEBUG org.springframework.orm.jpa.JpaTransactionManager - Creating new transaction with name [org.springframework.data.jpa.repository.support.SimpleJpaRepository.deleteAll]: PROPAGATION_REQUIRED,ISOLATION_DEFAULT
10:29:08.428 [main] DEBUG org.springframework.orm.jpa.JpaTransactionManager - Opened new EntityManager [SessionImpl(PersistenceContext[entityKeys=[],collectionKeys=[]];ActionQueue[insertions=ExecutableList{size=0} updates=ExecutableList{size=0} deletions=ExecutableList{size=0} orphanRemovals=ExecutableList{size=0} collectionCreations=ExecutableList{size=0} collectionRemovals=ExecutableList{size=0} collectionUpdates=ExecutableList{size=0} collectionQueuedOps=ExecutableList{size=0} unresolvedInsertDependencies=null])] for JPA transaction
10:29:08.428 [main] DEBUG org.hibernate.engine.transaction.internal.TransactionImpl - begin
10:29:08.428 [main] DEBUG org.springframework.jdbc.datasource.DriverManagerDataSource - Creating new JDBC DriverManager Connection to [jdbc:mysql://localhost:3306/testcraftcore?useSSL=false&useTimezone=true&serverTimezone=UTC]
10:29:08.432 [main] DEBUG org.springframework.orm.jpa.JpaTransactionManager - Exposing JPA transaction as JDBC [org.springframework.orm.jpa.vendor.HibernateJpaDialect$HibernateConnectionHandle@42e4e589]
10:29:08.432 [main] DEBUG org.hibernate.query.criteria.internal.CriteriaQueryImpl - Rendered criteria query -> select generatedAlias0 from Client as generatedAlias0
10:29:08.433 [main] DEBUG org.hibernate.SQL - select client0_.idclient as idclient1_0_, client0_.emailclient as emailcli2_0_, client0_.nameclient as nameclie3_0_ from client client0_
10:29:08.434 [main] DEBUG org.hibernate.loader.Loader - Result set row: 0
10:29:08.434 [main] DEBUG org.hibernate.loader.Loader - Result row: EntityKey[com.joseph.entity.Client#562]
10:29:08.434 [main] DEBUG org.hibernate.loader.Loader - Result set row: 1
10:29:08.434 [main] DEBUG org.hibernate.loader.Loader - Result row: EntityKey[com.joseph.entity.Client#561]
10:29:08.434 [main] DEBUG org.hibernate.loader.Loader - Result set row: 2
10:29:08.435 [main] DEBUG org.hibernate.loader.Loader - Result row: EntityKey[com.joseph.entity.Client#560]
10:29:08.435 [main] DEBUG org.hibernate.engine.internal.TwoPhaseLoad - Resolving associations for [com.joseph.entity.Client#562]
10:29:08.435 [main] DEBUG org.hibernate.engine.internal.TwoPhaseLoad - Done materializing entity [com.joseph.entity.Client#562]
10:29:08.435 [main] DEBUG org.hibernate.engine.internal.TwoPhaseLoad - Resolving associations for [com.joseph.entity.Client#561]
10:29:08.435 [main] DEBUG org.hibernate.engine.internal.TwoPhaseLoad - Done materializing entity [com.joseph.entity.Client#561]
10:29:08.435 [main] DEBUG org.hibernate.engine.internal.TwoPhaseLoad - Resolving associations for [com.joseph.entity.Client#560]
10:29:08.435 [main] DEBUG org.hibernate.engine.internal.TwoPhaseLoad - Done materializing entity [com.joseph.entity.Client#560]
10:29:08.436 [main] DEBUG org.hibernate.loader.collection.plan.AbstractLoadPlanBasedCollectionInitializer - Loading collection: [com.joseph.entity.Client.orders#562]
10:29:08.436 [main] DEBUG org.hibernate.SQL - select orders0_.idclient as idclient5_1_0_, orders0_.idorder as idorder1_1_0_, orders0_.idorder as idorder1_1_1_, orders0_.idclient as idclient5_1_1_, orders0_.dateorder as dateorde2_1_1_, orders0_.statusorder as statusor3_1_1_, orders0_.totalorder as totalord4_1_1_ from order_table orders0_ where orders0_.idclient=?
10:29:08.437 [main] DEBUG org.hibernate.loader.plan.exec.process.internal.ResultSetProcessorImpl - Preparing collection intializer : [com.joseph.entity.Client.orders#562]
10:29:08.437 [main] DEBUG org.hibernate.engine.loading.internal.CollectionLoadContext - 1 collections were found in result set for role: com.joseph.entity.Client.orders
10:29:08.437 [main] DEBUG org.hibernate.engine.loading.internal.CollectionLoadContext - Collection fully initialized: [com.joseph.entity.Client.orders#562]
10:29:08.437 [main] DEBUG org.hibernate.engine.loading.internal.CollectionLoadContext - 1 collections initialized for role: com.joseph.entity.Client.orders
10:29:08.437 [main] DEBUG org.hibernate.resource.jdbc.internal.ResourceRegistryStandardImpl - HHH000387: ResultSet's statement was not registered
10:29:08.437 [main] DEBUG org.hibernate.loader.collection.plan.AbstractLoadPlanBasedCollectionInitializer - Done loading collection
10:29:08.438 [main] DEBUG org.hibernate.loader.collection.plan.AbstractLoadPlanBasedCollectionInitializer - Loading collection: [com.joseph.entity.Client.orders#561]
10:29:08.438 [main] DEBUG org.hibernate.SQL - select orders0_.idclient as idclient5_1_0_, orders0_.idorder as idorder1_1_0_, orders0_.idorder as idorder1_1_1_, orders0_.idclient as idclient5_1_1_, orders0_.dateorder as dateorde2_1_1_, orders0_.statusorder as statusor3_1_1_, orders0_.totalorder as totalord4_1_1_ from order_table orders0_ where orders0_.idclient=?
10:29:08.439 [main] DEBUG org.hibernate.loader.plan.exec.process.internal.ResultSetProcessorImpl - Preparing collection intializer : [com.joseph.entity.Client.orders#561]
10:29:08.439 [main] DEBUG org.hibernate.engine.loading.internal.CollectionLoadContext - 1 collections were found in result set for role: com.joseph.entity.Client.orders
10:29:08.439 [main] DEBUG org.hibernate.engine.loading.internal.CollectionLoadContext - Collection fully initialized: [com.joseph.entity.Client.orders#561]
10:29:08.439 [main] DEBUG org.hibernate.engine.loading.internal.CollectionLoadContext - 1 collections initialized for role: com.joseph.entity.Client.orders
10:29:08.439 [main] DEBUG org.hibernate.resource.jdbc.internal.ResourceRegistryStandardImpl - HHH000387: ResultSet's statement was not registered
10:29:08.439 [main] DEBUG org.hibernate.loader.collection.plan.AbstractLoadPlanBasedCollectionInitializer - Done loading collection
10:29:08.439 [main] DEBUG org.hibernate.loader.collection.plan.AbstractLoadPlanBasedCollectionInitializer - Loading collection: [com.joseph.entity.Client.orders#560]
10:29:08.439 [main] DEBUG org.hibernate.SQL - select orders0_.idclient as idclient5_1_0_, orders0_.idorder as idorder1_1_0_, orders0_.idorder as idorder1_1_1_, orders0_.idclient as idclient5_1_1_, orders0_.dateorder as dateorde2_1_1_, orders0_.statusorder as statusor3_1_1_, orders0_.totalorder as totalord4_1_1_ from order_table orders0_ where orders0_.idclient=?
10:29:08.441 [main] DEBUG org.hibernate.loader.plan.exec.process.internal.ResultSetProcessorImpl - Preparing collection intializer : [com.joseph.entity.Client.orders#560]
10:29:08.441 [main] DEBUG org.hibernate.engine.loading.internal.CollectionLoadContext - 1 collections were found in result set for role: com.joseph.entity.Client.orders
10:29:08.441 [main] DEBUG org.hibernate.engine.loading.internal.CollectionLoadContext - Collection fully initialized: [com.joseph.entity.Client.orders#560]
10:29:08.441 [main] DEBUG org.hibernate.engine.loading.internal.CollectionLoadContext - 1 collections initialized for role: com.joseph.entity.Client.orders
10:29:08.441 [main] DEBUG org.hibernate.resource.jdbc.internal.ResourceRegistryStandardImpl - HHH000387: ResultSet's statement was not registered
10:29:08.441 [main] DEBUG org.hibernate.loader.collection.plan.AbstractLoadPlanBasedCollectionInitializer - Done loading collection
10:29:08.441 [main] DEBUG org.springframework.orm.jpa.JpaTransactionManager - Initiating transaction commit
10:29:08.441 [main] DEBUG org.springframework.orm.jpa.JpaTransactionManager - Committing JPA transaction on EntityManager [SessionImpl(PersistenceContext[entityKeys=[EntityKey[com.joseph.entity.Client#560], EntityKey[com.joseph.entity.Client#562], EntityKey[com.joseph.entity.Client#561]],collectionKeys=[CollectionKey[com.joseph.entity.Client.orders#560], CollectionKey[com.joseph.entity.Client.orders#561], CollectionKey[com.joseph.entity.Client.orders#562]]];ActionQueue[insertions=ExecutableList{size=0} updates=ExecutableList{size=0} deletions=ExecutableList{size=3} orphanRemovals=ExecutableList{size=0} collectionCreations=ExecutableList{size=0} collectionRemovals=ExecutableList{size=0} collectionUpdates=ExecutableList{size=0} collectionQueuedOps=ExecutableList{size=0} unresolvedInsertDependencies=null])]
10:29:08.441 [main] DEBUG org.hibernate.engine.transaction.internal.TransactionImpl - committing
10:29:08.442 [main] DEBUG org.hibernate.event.internal.AbstractFlushingEventListener - Processing flush-time cascades
10:29:08.442 [main] DEBUG org.hibernate.event.internal.AbstractFlushingEventListener - Dirty checking collections
10:29:08.442 [main] DEBUG org.hibernate.engine.internal.Collections - Collection dereferenced: [com.joseph.entity.Client.orders#562]
10:29:08.442 [main] DEBUG org.hibernate.engine.internal.Collections - Collection dereferenced: [com.joseph.entity.Client.orders#561]
10:29:08.442 [main] DEBUG org.hibernate.engine.internal.Collections - Collection dereferenced: [com.joseph.entity.Client.orders#560]
10:29:08.442 [main] DEBUG org.hibernate.event.internal.AbstractFlushingEventListener - Flushed: 0 insertions, 0 updates, 3 deletions to 3 objects
10:29:08.442 [main] DEBUG org.hibernate.event.internal.AbstractFlushingEventListener - Flushed: 0 (re)creations, 0 updates, 3 removals to 3 collections
10:29:08.442 [main] DEBUG org.hibernate.internal.util.EntityPrinter - Listing entities:
10:29:08.442 [main] DEBUG org.hibernate.internal.util.EntityPrinter - com.joseph.entity.Client{nameclient=test, emailclient=test@test.com, orders=[], idclient=560}
10:29:08.442 [main] DEBUG org.hibernate.internal.util.EntityPrinter - com.joseph.entity.Client{nameclient=client3Test, emailclient=test@test.com, orders=[], idclient=562}
10:29:08.442 [main] DEBUG org.hibernate.internal.util.EntityPrinter - com.joseph.entity.Client{nameclient=test, emailclient=test1@test.com, orders=[], idclient=561}
10:29:08.443 [main] DEBUG org.hibernate.SQL - delete from client where idclient=?
10:29:08.444 [main] DEBUG org.hibernate.SQL - delete from client where idclient=?
10:29:08.445 [main] DEBUG org.hibernate.SQL - delete from client where idclient=?
10:29:08.448 [main] DEBUG org.springframework.orm.jpa.JpaTransactionManager - Closing JPA EntityManager [SessionImpl(PersistenceContext[entityKeys=[],collectionKeys=[]];ActionQueue[insertions=ExecutableList{size=0} updates=ExecutableList{size=0} deletions=ExecutableList{size=0} orphanRemovals=ExecutableList{size=0} collectionCreations=ExecutableList{size=0} collectionRemovals=ExecutableList{size=0} collectionUpdates=ExecutableList{size=0} collectionQueuedOps=ExecutableList{size=0} unresolvedInsertDependencies=null])] after transaction
10:29:08.448 [main] DEBUG org.hibernate.engine.jdbc.internal.JdbcCoordinatorImpl - HHH000420: Closing un-released batch
10:29:08.449 [main] DEBUG org.springframework.test.context.cache.DefaultCacheAwareContextLoaderDelegate - Retrieved ApplicationContext [2089016471] from cache with key [[MergedContextConfiguration@12f279b5 testClass = ClientServiceImplTest.parameterizedAndRepetedTest, locations = '{}', classes = '{class com.joseph.config.PersistenceJPAConfig}', contextInitializerClasses = '[]', activeProfiles = '{}', propertySourceLocations = '{}', propertySourceProperties = '{}', contextCustomizers = set[[empty]], contextLoader = 'org.springframework.test.context.support.DelegatingSmartContextLoader', parent = [null]]]
10:29:08.449 [main] DEBUG org.springframework.test.context.cache - Spring test ApplicationContext cache statistics: [DefaultContextCache@414f87a9 size = 1, maxSize = 32, parentContextCount = 0, hitCount = 52, missCount = 1]
10:29:08.449 [main] DEBUG org.springframework.test.context.support.AbstractDirtiesContextTestExecutionListener - After test method: context [DefaultTestContext@2a47597 testClass = ClientServiceImplTest.parameterizedAndRepetedTest, testInstance = com.joseph.service.Impl.ClientServiceImplTest$parameterizedAndRepetedTest@4b425577, testMethod = saveClientWithParameterizedData@ClientServiceImplTest.parameterizedAndRepetedTest, testException = [null], mergedContextConfiguration = [MergedContextConfiguration@12f279b5 testClass = ClientServiceImplTest.parameterizedAndRepetedTest, locations = '{}', classes = '{class com.joseph.config.PersistenceJPAConfig}', contextInitializerClasses = '[]', activeProfiles = '{}', propertySourceLocations = '{}', propertySourceProperties = '{}', contextCustomizers = set[[empty]], contextLoader = 'org.springframework.test.context.support.DelegatingSmartContextLoader', parent = [null]], attributes = map[[empty]]], class annotated with @DirtiesContext [false] with mode [null], method annotated with @DirtiesContext [false] with mode [null].
]]></system-out>
  </testcase>
</testsuite>