<?xml version="1.0" encoding="UTF-8"?>
<testsuite xmlns:xsi="http://www.w3.org/2001/XMLSchema-instance" xsi:noNamespaceSchemaLocation="https://maven.apache.org/surefire/maven-surefire-plugin/xsd/surefire-test-report-3.0.xsd" version="3.0" name="com.joseph.service.Impl.OrderServiceImplTest" time="0.859" tests="0" errors="0" skipped="0" failures="0">
  <properties>
    <property name="sun.desktop" value="windows"/>
    <property name="awt.toolkit" value="sun.awt.windows.WToolkit"/>
    <property name="file.encoding.pkg" value="sun.io"/>
    <property name="java.specification.version" value="1.8"/>
    <property name="sun.cpu.isalist" value="amd64"/>
    <property name="sun.jnu.encoding" value="Cp1252"/>
    <property name="java.class.path" value="C:\Users\yassinjouao\Desktop\backup\target\test-classes;C:\Users\yassinjouao\Desktop\backup\target\classes;C:\Users\yassinjouao\.m2\repository\com\fasterxml\jackson\core\jackson-databind\2.13.0\jackson-databind-2.13.0.jar;C:\Users\yassinjouao\.m2\repository\com\fasterxml\jackson\core\jackson-core\2.13.0\jackson-core-2.13.0.jar;C:\Users\yassinjouao\.m2\repository\com\fasterxml\jackson\core\jackson-annotations\2.13.0\jackson-annotations-2.13.0.jar;C:\Users\yassinjouao\.m2\repository\org\apache\poi\poi-ooxml\3.11\poi-ooxml-3.11.jar;C:\Users\yassinjouao\.m2\repository\org\apache\poi\poi\3.11\poi-3.11.jar;C:\Users\yassinjouao\.m2\repository\commons-codec\commons-codec\1.9\commons-codec-1.9.jar;C:\Users\yassinjouao\.m2\repository\org\apache\poi\poi-ooxml-schemas\3.11\poi-ooxml-schemas-3.11.jar;C:\Users\yassinjouao\.m2\repository\org\apache\xmlbeans\xmlbeans\2.6.0\xmlbeans-2.6.0.jar;C:\Users\yassinjouao\.m2\repository\stax\stax-api\1.0.1\stax-api-1.0.1.jar;C:\Users\yassinjouao\.m2\repository\org\springframework\spring-webmvc\5.2.22.RELEASE\spring-webmvc-5.2.22.RELEASE.jar;C:\Users\yassinjouao\.m2\repository\org\springframework\spring-aop\5.2.22.RELEASE\spring-aop-5.2.22.RELEASE.jar;C:\Users\yassinjouao\.m2\repository\org\springframework\spring-beans\5.2.22.RELEASE\spring-beans-5.2.22.RELEASE.jar;C:\Users\yassinjouao\.m2\repository\org\springframework\spring-context\5.2.22.RELEASE\spring-context-5.2.22.RELEASE.jar;C:\Users\yassinjouao\.m2\repository\org\springframework\spring-core\5.2.22.RELEASE\spring-core-5.2.22.RELEASE.jar;C:\Users\yassinjouao\.m2\repository\org\springframework\spring-jcl\5.2.22.RELEASE\spring-jcl-5.2.22.RELEASE.jar;C:\Users\yassinjouao\.m2\repository\org\springframework\spring-expression\5.2.22.RELEASE\spring-expression-5.2.22.RELEASE.jar;C:\Users\yassinjouao\.m2\repository\org\springframework\spring-web\5.2.22.RELEASE\spring-web-5.2.22.RELEASE.jar;C:\Users\yassinjouao\.m2\repository\org\thymeleaf\thymeleaf-spring5\3.0.15.RELEASE\thymeleaf-spring5-3.0.15.RELEASE.jar;C:\Users\yassinjouao\.m2\repository\org\thymeleaf\thymeleaf\3.0.15.RELEASE\thymeleaf-3.0.15.RELEASE.jar;C:\Users\yassinjouao\.m2\repository\org\attoparser\attoparser\2.0.5.RELEASE\attoparser-2.0.5.RELEASE.jar;C:\Users\yassinjouao\.m2\repository\org\unbescape\unbescape\1.1.6.RELEASE\unbescape-1.1.6.RELEASE.jar;C:\Users\yassinjouao\.m2\repository\org\webjars\bootstrap\5.2.0\bootstrap-5.2.0.jar;C:\Users\yassinjouao\.m2\repository\jakarta\servlet\jakarta.servlet-api\4.0.4\jakarta.servlet-api-4.0.4.jar;C:\Users\yassinjouao\.m2\repository\org\springframework\spring-test\5.2.22.RELEASE\spring-test-5.2.22.RELEASE.jar;C:\Users\yassinjouao\.m2\repository\org\slf4j\slf4j-api\1.7.32\slf4j-api-1.7.32.jar;C:\Users\yassinjouao\.m2\repository\ch\qos\logback\logback-classic\1.2.6\logback-classic-1.2.6.jar;C:\Users\yassinjouao\.m2\repository\ch\qos\logback\logback-core\1.2.6\logback-core-1.2.6.jar;C:\Users\yassinjouao\.m2\repository\org\junit\jupiter\junit-jupiter-api\5.9.0\junit-jupiter-api-5.9.0.jar;C:\Users\yassinjouao\.m2\repository\org\opentest4j\opentest4j\1.2.0\opentest4j-1.2.0.jar;C:\Users\yassinjouao\.m2\repository\org\junit\platform\junit-platform-commons\1.9.0\junit-platform-commons-1.9.0.jar;C:\Users\yassinjouao\.m2\repository\org\apiguardian\apiguardian-api\1.1.2\apiguardian-api-1.1.2.jar;C:\Users\yassinjouao\.m2\repository\org\junit\jupiter\junit-jupiter-params\5.10.0\junit-jupiter-params-5.10.0.jar;C:\Users\yassinjouao\.m2\repository\org\junit\jupiter\junit-jupiter-engine\5.9.0\junit-jupiter-engine-5.9.0.jar;C:\Users\yassinjouao\.m2\repository\org\junit\platform\junit-platform-engine\1.9.0\junit-platform-engine-1.9.0.jar;C:\Users\yassinjouao\.m2\repository\org\hamcrest\hamcrest-core\2.2\hamcrest-core-2.2.jar;C:\Users\yassinjouao\.m2\repository\org\hamcrest\hamcrest\2.2\hamcrest-2.2.jar;C:\Users\yassinjouao\.m2\repository\com\mysql\mysql-connector-j\8.0.31\mysql-connector-j-8.0.31.jar;C:\Users\yassinjouao\.m2\repository\com\google\protobuf\protobuf-java\3.19.4\protobuf-java-3.19.4.jar;C:\Users\yassinjouao\.m2\repository\org\springframework\spring-orm\5.2.22.RELEASE\spring-orm-5.2.22.RELEASE.jar;C:\Users\yassinjouao\.m2\repository\org\springframework\spring-jdbc\5.2.22.RELEASE\spring-jdbc-5.2.22.RELEASE.jar;C:\Users\yassinjouao\.m2\repository\org\springframework\spring-tx\5.2.22.RELEASE\spring-tx-5.2.22.RELEASE.jar;C:\Users\yassinjouao\.m2\repository\org\hibernate\hibernate-entitymanager\5.2.17.Final\hibernate-entitymanager-5.2.17.Final.jar;C:\Users\yassinjouao\.m2\repository\org\jboss\logging\jboss-logging\3.3.1.Final\jboss-logging-3.3.1.Final.jar;C:\Users\yassinjouao\.m2\repository\org\hibernate\hibernate-core\5.2.17.Final\hibernate-core-5.2.17.Final.jar;C:\Users\yassinjouao\.m2\repository\antlr\antlr\2.7.7\antlr-2.7.7.jar;C:\Users\yassinjouao\.m2\repository\org\jboss\jandex\2.0.3.Final\jandex-2.0.3.Final.jar;C:\Users\yassinjouao\.m2\repository\dom4j\dom4j\1.6.1\dom4j-1.6.1.jar;C:\Users\yassinjouao\.m2\repository\org\hibernate\common\hibernate-commons-annotations\5.0.1.Final\hibernate-commons-annotations-5.0.1.Final.jar;C:\Users\yassinjouao\.m2\repository\org\hibernate\javax\persistence\hibernate-jpa-2.1-api\1.0.0.Final\hibernate-jpa-2.1-api-1.0.0.Final.jar;C:\Users\yassinjouao\.m2\repository\org\javassist\javassist\3.22.0-GA\javassist-3.22.0-GA.jar;C:\Users\yassinjouao\.m2\repository\net\bytebuddy\byte-buddy\1.6.14\byte-buddy-1.6.14.jar;C:\Users\yassinjouao\.m2\repository\org\jboss\spec\javax\transaction\jboss-transaction-api_1.2_spec\1.0.1.Final\jboss-transaction-api_1.2_spec-1.0.1.Final.jar;C:\Users\yassinjouao\.m2\repository\org\hibernate\hibernate-validator\5.4.1.Final\hibernate-validator-5.4.1.Final.jar;C:\Users\yassinjouao\.m2\repository\javax\validation\validation-api\1.1.0.Final\validation-api-1.1.0.Final.jar;C:\Users\yassinjouao\.m2\repository\com\fasterxml\classmate\1.3.1\classmate-1.3.1.jar;C:\Users\yassinjouao\.m2\repository\org\springframework\data\spring-data-jpa\2.1.0.RELEASE\spring-data-jpa-2.1.0.RELEASE.jar;C:\Users\yassinjouao\.m2\repository\org\springframework\data\spring-data-commons\2.1.0.RELEASE\spring-data-commons-2.1.0.RELEASE.jar;C:\Users\yassinjouao\.m2\repository\org\aspectj\aspectjrt\1.9.1\aspectjrt-1.9.1.jar;C:\Users\yassinjouao\.m2\repository\com\h2database\h2\2.1.214\h2-2.1.214.jar;"/>
    <property name="java.vm.vendor" value="Oracle Corporation"/>
    <property name="sun.arch.data.model" value="64"/>
    <property name="user.variant" value=""/>
    <property name="java.vendor.url" value="http://java.oracle.com/"/>
    <property name="user.timezone" value="Africa/Casablanca"/>
    <property name="java.vm.specification.version" value="1.8"/>
    <property name="os.name" value="Windows 10"/>
    <property name="user.country" value="US"/>
    <property name="sun.java.launcher" value="SUN_STANDARD"/>
    <property name="sun.boot.library.path" value="C:\Program Files\Java\jdk-1.8\jre\bin"/>
    <property name="sun.java.command" value="C:\Users\yassinjouao\AppData\Local\Temp\surefire9048561224659287692\surefirebooter-20240105102859982_3.jar C:\Users\yassinjouao\AppData\Local\Temp\surefire9048561224659287692 2024-01-05T10-28-55_009-jvmRun1 surefire-20240105102859982_1tmp surefire_0-20240105102859982_2tmp"/>
    <property name="surefire.test.class.path" value="C:\Users\yassinjouao\Desktop\backup\target\test-classes;C:\Users\yassinjouao\Desktop\backup\target\classes;C:\Users\yassinjouao\.m2\repository\com\fasterxml\jackson\core\jackson-databind\2.13.0\jackson-databind-2.13.0.jar;C:\Users\yassinjouao\.m2\repository\com\fasterxml\jackson\core\jackson-core\2.13.0\jackson-core-2.13.0.jar;C:\Users\yassinjouao\.m2\repository\com\fasterxml\jackson\core\jackson-annotations\2.13.0\jackson-annotations-2.13.0.jar;C:\Users\yassinjouao\.m2\repository\org\apache\poi\poi-ooxml\3.11\poi-ooxml-3.11.jar;C:\Users\yassinjouao\.m2\repository\org\apache\poi\poi\3.11\poi-3.11.jar;C:\Users\yassinjouao\.m2\repository\commons-codec\commons-codec\1.9\commons-codec-1.9.jar;C:\Users\yassinjouao\.m2\repository\org\apache\poi\poi-ooxml-schemas\3.11\poi-ooxml-schemas-3.11.jar;C:\Users\yassinjouao\.m2\repository\org\apache\xmlbeans\xmlbeans\2.6.0\xmlbeans-2.6.0.jar;C:\Users\yassinjouao\.m2\repository\stax\stax-api\1.0.1\stax-api-1.0.1.jar;C:\Users\yassinjouao\.m2\repository\org\springframework\spring-webmvc\5.2.22.RELEASE\spring-webmvc-5.2.22.RELEASE.jar;C:\Users\yassinjouao\.m2\repository\org\springframework\spring-aop\5.2.22.RELEASE\spring-aop-5.2.22.RELEASE.jar;C:\Users\yassinjouao\.m2\repository\org\springframework\spring-beans\5.2.22.RELEASE\spring-beans-5.2.22.RELEASE.jar;C:\Users\yassinjouao\.m2\repository\org\springframework\spring-context\5.2.22.RELEASE\spring-context-5.2.22.RELEASE.jar;C:\Users\yassinjouao\.m2\repository\org\springframework\spring-core\5.2.22.RELEASE\spring-core-5.2.22.RELEASE.jar;C:\Users\yassinjouao\.m2\repository\org\springframework\spring-jcl\5.2.22.RELEASE\spring-jcl-5.2.22.RELEASE.jar;C:\Users\yassinjouao\.m2\repository\org\springframework\spring-expression\5.2.22.RELEASE\spring-expression-5.2.22.RELEASE.jar;C:\Users\yassinjouao\.m2\repository\org\springframework\spring-web\5.2.22.RELEASE\spring-web-5.2.22.RELEASE.jar;C:\Users\yassinjouao\.m2\repository\org\thymeleaf\thymeleaf-spring5\3.0.15.RELEASE\thymeleaf-spring5-3.0.15.RELEASE.jar;C:\Users\yassinjouao\.m2\repository\org\thymeleaf\thymeleaf\3.0.15.RELEASE\thymeleaf-3.0.15.RELEASE.jar;C:\Users\yassinjouao\.m2\repository\org\attoparser\attoparser\2.0.5.RELEASE\attoparser-2.0.5.RELEASE.jar;C:\Users\yassinjouao\.m2\repository\org\unbescape\unbescape\1.1.6.RELEASE\unbescape-1.1.6.RELEASE.jar;C:\Users\yassinjouao\.m2\repository\org\webjars\bootstrap\5.2.0\bootstrap-5.2.0.jar;C:\Users\yassinjouao\.m2\repository\jakarta\servlet\jakarta.servlet-api\4.0.4\jakarta.servlet-api-4.0.4.jar;C:\Users\yassinjouao\.m2\repository\org\springframework\spring-test\5.2.22.RELEASE\spring-test-5.2.22.RELEASE.jar;C:\Users\yassinjouao\.m2\repository\org\slf4j\slf4j-api\1.7.32\slf4j-api-1.7.32.jar;C:\Users\yassinjouao\.m2\repository\ch\qos\logback\logback-classic\1.2.6\logback-classic-1.2.6.jar;C:\Users\yassinjouao\.m2\repository\ch\qos\logback\logback-core\1.2.6\logback-core-1.2.6.jar;C:\Users\yassinjouao\.m2\repository\org\junit\jupiter\junit-jupiter-api\5.9.0\junit-jupiter-api-5.9.0.jar;C:\Users\yassinjouao\.m2\repository\org\opentest4j\opentest4j\1.2.0\opentest4j-1.2.0.jar;C:\Users\yassinjouao\.m2\repository\org\junit\platform\junit-platform-commons\1.9.0\junit-platform-commons-1.9.0.jar;C:\Users\yassinjouao\.m2\repository\org\apiguardian\apiguardian-api\1.1.2\apiguardian-api-1.1.2.jar;C:\Users\yassinjouao\.m2\repository\org\junit\jupiter\junit-jupiter-params\5.10.0\junit-jupiter-params-5.10.0.jar;C:\Users\yassinjouao\.m2\repository\org\junit\jupiter\junit-jupiter-engine\5.9.0\junit-jupiter-engine-5.9.0.jar;C:\Users\yassinjouao\.m2\repository\org\junit\platform\junit-platform-engine\1.9.0\junit-platform-engine-1.9.0.jar;C:\Users\yassinjouao\.m2\repository\org\hamcrest\hamcrest-core\2.2\hamcrest-core-2.2.jar;C:\Users\yassinjouao\.m2\repository\org\hamcrest\hamcrest\2.2\hamcrest-2.2.jar;C:\Users\yassinjouao\.m2\repository\com\mysql\mysql-connector-j\8.0.31\mysql-connector-j-8.0.31.jar;C:\Users\yassinjouao\.m2\repository\com\google\protobuf\protobuf-java\3.19.4\protobuf-java-3.19.4.jar;C:\Users\yassinjouao\.m2\repository\org\springframework\spring-orm\5.2.22.RELEASE\spring-orm-5.2.22.RELEASE.jar;C:\Users\yassinjouao\.m2\repository\org\springframework\spring-jdbc\5.2.22.RELEASE\spring-jdbc-5.2.22.RELEASE.jar;C:\Users\yassinjouao\.m2\repository\org\springframework\spring-tx\5.2.22.RELEASE\spring-tx-5.2.22.RELEASE.jar;C:\Users\yassinjouao\.m2\repository\org\hibernate\hibernate-entitymanager\5.2.17.Final\hibernate-entitymanager-5.2.17.Final.jar;C:\Users\yassinjouao\.m2\repository\org\jboss\logging\jboss-logging\3.3.1.Final\jboss-logging-3.3.1.Final.jar;C:\Users\yassinjouao\.m2\repository\org\hibernate\hibernate-core\5.2.17.Final\hibernate-core-5.2.17.Final.jar;C:\Users\yassinjouao\.m2\repository\antlr\antlr\2.7.7\antlr-2.7.7.jar;C:\Users\yassinjouao\.m2\repository\org\jboss\jandex\2.0.3.Final\jandex-2.0.3.Final.jar;C:\Users\yassinjouao\.m2\repository\dom4j\dom4j\1.6.1\dom4j-1.6.1.jar;C:\Users\yassinjouao\.m2\repository\org\hibernate\common\hibernate-commons-annotations\5.0.1.Final\hibernate-commons-annotations-5.0.1.Final.jar;C:\Users\yassinjouao\.m2\repository\org\hibernate\javax\persistence\hibernate-jpa-2.1-api\1.0.0.Final\hibernate-jpa-2.1-api-1.0.0.Final.jar;C:\Users\yassinjouao\.m2\repository\org\javassist\javassist\3.22.0-GA\javassist-3.22.0-GA.jar;C:\Users\yassinjouao\.m2\repository\net\bytebuddy\byte-buddy\1.6.14\byte-buddy-1.6.14.jar;C:\Users\yassinjouao\.m2\repository\org\jboss\spec\javax\transaction\jboss-transaction-api_1.2_spec\1.0.1.Final\jboss-transaction-api_1.2_spec-1.0.1.Final.jar;C:\Users\yassinjouao\.m2\repository\org\hibernate\hibernate-validator\5.4.1.Final\hibernate-validator-5.4.1.Final.jar;C:\Users\yassinjouao\.m2\repository\javax\validation\validation-api\1.1.0.Final\validation-api-1.1.0.Final.jar;C:\Users\yassinjouao\.m2\repository\com\fasterxml\classmate\1.3.1\classmate-1.3.1.jar;C:\Users\yassinjouao\.m2\repository\org\springframework\data\spring-data-jpa\2.1.0.RELEASE\spring-data-jpa-2.1.0.RELEASE.jar;C:\Users\yassinjouao\.m2\repository\org\springframework\data\spring-data-commons\2.1.0.RELEASE\spring-data-commons-2.1.0.RELEASE.jar;C:\Users\yassinjouao\.m2\repository\org\aspectj\aspectjrt\1.9.1\aspectjrt-1.9.1.jar;C:\Users\yassinjouao\.m2\repository\com\h2database\h2\2.1.214\h2-2.1.214.jar;"/>
    <property name="sun.cpu.endian" value="little"/>
    <property name="user.home" value="C:\Users\yassinjouao"/>
    <property name="user.language" value="en"/>
    <property name="java.specification.vendor" value="Oracle Corporation"/>
    <property name="java.home" value="C:\Program Files\Java\jdk-1.8\jre"/>
    <property name="basedir" value="C:\Users\yassinjouao\Desktop\backup"/>
    <property name="file.separator" value="\"/>
    <property name="line.separator" value="&#10;"/>
    <property name="java.vm.specification.vendor" value="Oracle Corporation"/>
    <property name="java.specification.name" value="Java Platform API Specification"/>
    <property name="java.awt.graphicsenv" value="sun.awt.Win32GraphicsEnvironment"/>
    <property name="surefire.real.class.path" value="C:\Users\yassinjouao\AppData\Local\Temp\surefire9048561224659287692\surefirebooter-20240105102859982_3.jar"/>
    <property name="sun.boot.class.path" value="C:\Program Files\Java\jdk-1.8\jre\lib\resources.jar;C:\Program Files\Java\jdk-1.8\jre\lib\rt.jar;C:\Program Files\Java\jdk-1.8\jre\lib\jsse.jar;C:\Program Files\Java\jdk-1.8\jre\lib\jce.jar;C:\Program Files\Java\jdk-1.8\jre\lib\charsets.jar;C:\Program Files\Java\jdk-1.8\jre\lib\jfr.jar;C:\Program Files\Java\jdk-1.8\jre\classes"/>
    <property name="user.script" value=""/>
    <property name="sun.management.compiler" value="HotSpot 64-Bit Tiered Compilers"/>
    <property name="java.runtime.version" value="1.8.0_391-b13"/>
    <property name="user.name" value="yassinjouao"/>
    <property name="path.separator" value=";"/>
    <property name="os.version" value="10.0"/>
    <property name="java.endorsed.dirs" value="C:\Program Files\Java\jdk-1.8\jre\lib\endorsed"/>
    <property name="java.runtime.name" value="Java(TM) SE Runtime Environment"/>
    <property name="file.encoding" value="Cp1252"/>
    <property name="java.vm.name" value="Java HotSpot(TM) 64-Bit Server VM"/>
    <property name="localRepository" value="C:\Users\yassinjouao\.m2\repository"/>
    <property name="java.vendor.url.bug" value="http://bugreport.sun.com/bugreport/"/>
    <property name="java.io.tmpdir" value="C:\Users\YASSIN~1\AppData\Local\Temp\"/>
    <property name="java.version" value="1.8.0_391"/>
    <property name="user.dir" value="C:\Users\yassinjouao\Desktop\backup"/>
    <property name="os.arch" value="amd64"/>
    <property name="java.vm.specification.name" value="Java Virtual Machine Specification"/>
    <property name="java.awt.printerjob" value="sun.awt.windows.WPrinterJob"/>
    <property name="sun.os.patch.level" value=""/>
    <property name="java.library.path" value="C:\Program Files\Java\jdk-1.8\jre\bin;C:\WINDOWS\Sun\Java\bin;C:\WINDOWS\system32;C:\WINDOWS;C:\Users\yassinjouao\bin;C:\Program Files\Git\mingw64\bin;C:\Program Files\Git\usr\local\bin;C:\Program Files\Git\usr\bin;C:\Program Files\Git\usr\bin;C:\Program Files\Git\mingw64\bin;C:\Program Files\Git\usr\bin;C:\Users\yassinjouao\bin;C:\Program Files\Java\jdk-1.8\bin;C:\WINDOWS\system32;C:\WINDOWS;C:\WINDOWS\System32\Wbem;C:\WINDOWS\System32\WindowsPowerShell\v1.0;C:\WINDOWS\System32\OpenSSH;C:\Program Files\Git\cmd;C:\Program Files\nodejs;C:\Program Files\apache-maven-3.9.6\bin;C:\Program Files\Cloudflare\Cloudflare WARP;C:\Users\yassinjouao\AppData\Local\Microsoft\WindowsApps;C:\Users\yassinjouao\AppData\Local\Programs\Microsoft VS Code\bin;C:\Users\yassinjouao\go\bin;C:\Users\yassinjouao\AppData\Roaming\npm;C:\Program Files\mongosh;C:\Program Files\JetBrains\IntelliJ IDEA Community Edition 2023.3\bin;C:\Program Files\JetBrains\IntelliJ IDEA 2023.3.2\bin;C:\Users\yassinjouao\AppData\Local\JetBrains\Toolbox\scripts;C:\Program Files\Git\usr\bin\vendor_perl;C:\Program Files\Git\usr\bin\core_perl;."/>
    <property name="java.vm.info" value="mixed mode"/>
    <property name="java.vendor" value="Oracle Corporation"/>
    <property name="java.vm.version" value="25.391-b13"/>
    <property name="java.specification.maintenance.version" value="5"/>
    <property name="java.ext.dirs" value="C:\Program Files\Java\jdk-1.8\jre\lib\ext;C:\WINDOWS\Sun\Java\lib\ext"/>
    <property name="sun.io.unicode.encoding" value="UnicodeLittle"/>
    <property name="java.class.version" value="52.0"/>
  </properties>
</testsuite>